<?xml version="1.0" encoding="UTF-8"?>
<coverage generated="1624483298270" clover="3.2.0">
  <project timestamp="1624483298270" name="All files">
    <metrics statements="3471" coveredstatements="1211" conditionals="2265" coveredconditionals="463" methods="493" coveredmethods="226" elements="6229" coveredelements="1900" complexity="0" loc="3471" ncloc="3471" packages="10" files="27" classes="27"/>
    <package name="lib">
      <metrics statements="11" coveredstatements="11" conditionals="0" coveredconditionals="0" methods="1" coveredmethods="1"/>
      <file name="index.js" path="/Users/fabianrios/Workspace/metalshub/html-eslint/packages/parser/lib/index.js">
        <metrics statements="9" coveredstatements="9" conditionals="0" coveredconditionals="0" methods="1" coveredmethods="1"/>
        <line num="1" count="2" type="stmt"/>
        <line num="2" count="2" type="stmt"/>
        <line num="3" count="2" type="stmt"/>
        <line num="5" count="2" type="stmt"/>
        <line num="6" count="8" type="stmt"/>
        <line num="7" count="8" type="stmt"/>
        <line num="8" count="8" type="stmt"/>
        <line num="9" count="8" type="stmt"/>
        <line num="10" count="8" type="stmt"/>
      </file>
      <file name="visitor-keys.js" path="/Users/fabianrios/Workspace/metalshub/html-eslint/packages/parser/lib/visitor-keys.js">
        <metrics statements="2" coveredstatements="2" conditionals="0" coveredconditionals="0" methods="0" coveredmethods="0"/>
        <line num="1" count="2" type="stmt"/>
        <line num="9" count="2" type="stmt"/>
      </file>
    </package>
    <package name="lib.common">
      <metrics statements="131" coveredstatements="68" conditionals="98" coveredconditionals="14" methods="19" coveredmethods="4"/>
      <file name="doctype.js" path="/Users/fabianrios/Workspace/metalshub/html-eslint/packages/parser/lib/common/doctype.js">
        <metrics statements="46" coveredstatements="19" conditionals="34" coveredconditionals="7" methods="5" coveredmethods="2"/>
        <line num="3" count="2" type="stmt"/>
        <line num="6" count="2" type="stmt"/>
        <line num="7" count="2" type="stmt"/>
        <line num="9" count="2" type="stmt"/>
        <line num="11" count="2" type="stmt"/>
        <line num="69" count="2" type="stmt"/>
        <line num="73" count="2" type="stmt"/>
        <line num="78" count="2" type="stmt"/>
        <line num="83" count="2" type="stmt"/>
        <line num="89" count="0" type="cond" truecount="0" falsecount="2"/>
        <line num="91" count="0" type="stmt"/>
        <line num="95" count="0" type="stmt"/>
        <line num="96" count="0" type="cond" truecount="0" falsecount="2"/>
        <line num="97" count="0" type="stmt"/>
        <line num="101" count="0" type="stmt"/>
        <line num="105" count="2" type="stmt"/>
        <line num="106" count="2" type="stmt"/>
        <line num="113" count="2" type="stmt"/>
        <line num="114" count="2" type="cond" truecount="1" falsecount="1"/>
        <line num="115" count="0" type="stmt"/>
        <line num="118" count="2" type="stmt"/>
        <line num="120" count="2" type="cond" truecount="2" falsecount="2"/>
        <line num="121" count="0" type="stmt"/>
        <line num="124" count="2" type="stmt"/>
        <line num="126" count="2" type="cond" truecount="1" falsecount="1"/>
        <line num="127" count="0" type="stmt"/>
        <line num="129" count="0" type="cond" truecount="0" falsecount="2"/>
        <line num="130" count="0" type="stmt"/>
        <line num="134" count="0" type="cond" truecount="0" falsecount="2"/>
        <line num="138" count="0" type="cond" truecount="0" falsecount="2"/>
        <line num="139" count="0" type="stmt"/>
        <line num="142" count="0" type="stmt"/>
        <line num="147" count="0" type="cond" truecount="0" falsecount="2"/>
        <line num="148" count="0" type="stmt"/>
        <line num="152" count="2" type="stmt"/>
        <line num="155" count="2" type="stmt"/>
        <line num="156" count="0" type="stmt"/>
        <line num="158" count="0" type="cond" truecount="0" falsecount="2"/>
        <line num="159" count="0" type="stmt"/>
        <line num="162" count="0" type="cond" truecount="0" falsecount="2"/>
        <line num="163" count="0" type="stmt"/>
        <line num="164" count="0" type="cond" truecount="0" falsecount="2"/>
        <line num="165" count="0" type="stmt"/>
        <line num="168" count="0" type="cond" truecount="0" falsecount="2"/>
        <line num="169" count="0" type="stmt"/>
        <line num="172" count="0" type="stmt"/>
      </file>
      <file name="error-codes.js" path="/Users/fabianrios/Workspace/metalshub/html-eslint/packages/parser/lib/common/error-codes.js">
        <metrics statements="1" coveredstatements="1" conditionals="0" coveredconditionals="0" methods="0" coveredmethods="0"/>
        <line num="3" count="2" type="stmt"/>
      </file>
      <file name="foreign-content.js" path="/Users/fabianrios/Workspace/metalshub/html-eslint/packages/parser/lib/common/foreign-content.js">
        <metrics statements="50" coveredstatements="18" conditionals="42" coveredconditionals="0" methods="8" coveredmethods="0"/>
        <line num="3" count="2" type="stmt"/>
        <line num="4" count="2" type="stmt"/>
        <line num="7" count="2" type="stmt"/>
        <line num="8" count="2" type="stmt"/>
        <line num="9" count="2" type="stmt"/>
        <line num="12" count="2" type="stmt"/>
        <line num="18" count="2" type="stmt"/>
        <line num="19" count="2" type="stmt"/>
        <line num="20" count="2" type="stmt"/>
        <line num="81" count="2" type="stmt"/>
        <line num="97" count="2" type="stmt"/>
        <line num="137" count="2" type="stmt"/>
        <line num="185" count="2" type="stmt"/>
        <line num="186" count="0" type="stmt"/>
        <line num="188" count="0" type="cond" truecount="0" falsecount="4"/>
        <line num="193" count="0" type="cond" truecount="0" falsecount="2"/>
        <line num="197" count="2" type="stmt"/>
        <line num="198" count="0" type="stmt"/>
        <line num="199" count="0" type="cond" truecount="0" falsecount="2"/>
        <line num="200" count="0" type="stmt"/>
        <line num="201" count="0" type="stmt"/>
        <line num="206" count="2" type="stmt"/>
        <line num="207" count="0" type="stmt"/>
        <line num="208" count="0" type="stmt"/>
        <line num="210" count="0" type="cond" truecount="0" falsecount="2"/>
        <line num="211" count="0" type="stmt"/>
        <line num="216" count="2" type="stmt"/>
        <line num="217" count="0" type="stmt"/>
        <line num="218" count="0" type="stmt"/>
        <line num="220" count="0" type="cond" truecount="0" falsecount="2"/>
        <line num="221" count="0" type="stmt"/>
        <line num="222" count="0" type="stmt"/>
        <line num="223" count="0" type="stmt"/>
        <line num="228" count="2" type="stmt"/>
        <line num="229" count="0" type="stmt"/>
        <line num="231" count="0" type="cond" truecount="0" falsecount="2"/>
        <line num="232" count="0" type="stmt"/>
        <line num="238" count="0" type="stmt"/>
        <line num="245" count="0" type="cond" truecount="0" falsecount="4"/>
        <line num="246" count="0" type="stmt"/>
        <line num="247" count="0" type="cond" truecount="0" falsecount="2"/>
        <line num="248" count="0" type="stmt"/>
        <line num="250" count="0" type="stmt"/>
        <line num="257" count="0" type="stmt"/>
        <line num="263" count="2" type="stmt"/>
        <line num="264" count="0" type="cond" truecount="0" falsecount="2"/>
        <line num="268" count="0" type="stmt"/>
        <line num="271" count="0" type="cond" truecount="0" falsecount="2"/>
        <line num="275" count="0" type="stmt"/>
        <line num="278" count="0" type="stmt"/>
      </file>
      <file name="html.js" path="/Users/fabianrios/Workspace/metalshub/html-eslint/packages/parser/lib/common/html.js">
        <metrics statements="5" coveredstatements="5" conditionals="0" coveredconditionals="0" methods="0" coveredmethods="0"/>
        <line num="3" count="2" type="stmt"/>
        <line num="12" count="2" type="stmt"/>
        <line num="23" count="2" type="stmt"/>
        <line num="29" count="2" type="stmt"/>
        <line num="175" count="2" type="stmt"/>
      </file>
      <file name="location.js" path="/Users/fabianrios/Workspace/metalshub/html-eslint/packages/parser/lib/common/location.js">
        <metrics statements="15" coveredstatements="15" conditionals="6" coveredconditionals="6" methods="1" coveredmethods="1"/>
        <line num="2" count="157" type="cond" truecount="2" falsecount="0"/>
        <line num="3" count="20" type="stmt"/>
        <line num="4" count="20" type="stmt"/>
        <line num="16" count="137" type="stmt"/>
        <line num="18" count="137" type="stmt"/>
        <line num="19" count="137" type="stmt"/>
        <line num="20" count="137" type="stmt"/>
        <line num="21" count="137" type="stmt"/>
        <line num="31" count="137" type="cond" truecount="2" falsecount="0"/>
        <line num="32" count="17" type="stmt"/>
        <line num="33" count="17" type="stmt"/>
        <line num="35" count="137" type="cond" truecount="2" falsecount="0"/>
        <line num="36" count="29" type="stmt"/>
        <line num="37" count="29" type="stmt"/>
        <line num="41" count="2" type="stmt"/>
      </file>
      <file name="unicode.js" path="/Users/fabianrios/Workspace/metalshub/html-eslint/packages/parser/lib/common/unicode.js">
        <metrics statements="14" coveredstatements="10" conditionals="16" coveredconditionals="1" methods="5" coveredmethods="1"/>
        <line num="3" count="2" type="stmt"/>
        <line num="40" count="2" type="stmt"/>
        <line num="42" count="2" type="stmt"/>
        <line num="77" count="2" type="stmt"/>
        <line num="87" count="2" type="stmt"/>
        <line num="88" count="564" type="cond" truecount="1" falsecount="1"/>
        <line num="91" count="2" type="stmt"/>
        <line num="92" count="0" type="cond" truecount="0" falsecount="2"/>
        <line num="95" count="2" type="stmt"/>
        <line num="96" count="0" type="stmt"/>
        <line num="100" count="2" type="stmt"/>
        <line num="101" count="0" type="stmt"/>
        <line num="113" count="2" type="stmt"/>
        <line num="114" count="0" type="stmt"/>
      </file>
    </package>
    <package name="lib.extensions.error-reporting">
      <metrics statements="54" coveredstatements="15" conditionals="12" coveredconditionals="0" methods="14" coveredmethods="0"/>
      <file name="mixin-base.js" path="/Users/fabianrios/Workspace/metalshub/html-eslint/packages/parser/lib/extensions/error-reporting/mixin-base.js">
        <metrics statements="13" coveredstatements="2" conditionals="0" coveredconditionals="0" methods="5" coveredmethods="0"/>
        <line num="3" count="2" type="stmt"/>
        <line num="7" count="0" type="stmt"/>
        <line num="9" count="0" type="stmt"/>
        <line num="10" count="0" type="stmt"/>
        <line num="14" count="0" type="stmt"/>
        <line num="15" count="0" type="stmt"/>
        <line num="16" count="0" type="stmt"/>
        <line num="20" count="0" type="stmt"/>
        <line num="30" count="0" type="stmt"/>
        <line num="31" count="0" type="stmt"/>
        <line num="35" count="0" type="stmt"/>
        <line num="37" count="0" type="stmt"/>
        <line num="43" count="2" type="stmt"/>
      </file>
      <file name="parser-mixin.js" path="/Users/fabianrios/Workspace/metalshub/html-eslint/packages/parser/lib/extensions/error-reporting/parser-mixin.js">
        <metrics statements="24" coveredstatements="5" conditionals="10" coveredconditionals="0" methods="6" coveredmethods="0"/>
        <line num="3" count="2" type="stmt"/>
        <line num="4" count="2" type="stmt"/>
        <line num="5" count="2" type="stmt"/>
        <line num="6" count="2" type="stmt"/>
        <line num="10" count="0" type="stmt"/>
        <line num="12" count="0" type="stmt"/>
        <line num="13" count="0" type="stmt"/>
        <line num="14" count="0" type="stmt"/>
        <line num="18" count="0" type="cond" truecount="0" falsecount="2"/>
        <line num="19" count="0" type="stmt"/>
        <line num="20" count="0" type="stmt"/>
        <line num="21" count="0" type="stmt"/>
        <line num="23" count="0" type="cond" truecount="0" falsecount="2"/>
        <line num="26" count="0" type="cond" truecount="0" falsecount="2"/>
        <line num="29" count="0" type="cond" truecount="0" falsecount="2"/>
        <line num="36" count="0" type="stmt"/>
        <line num="38" count="0" type="stmt"/>
        <line num="40" count="0" type="stmt"/>
        <line num="41" count="0" type="stmt"/>
        <line num="45" count="0" type="stmt"/>
        <line num="47" count="0" type="stmt"/>
        <line num="51" count="0" type="cond" truecount="0" falsecount="2"/>
        <line num="52" count="0" type="stmt"/>
        <line num="58" count="2" type="stmt"/>
      </file>
      <file name="preprocessor-mixin.js" path="/Users/fabianrios/Workspace/metalshub/html-eslint/packages/parser/lib/extensions/error-reporting/preprocessor-mixin.js">
        <metrics statements="10" coveredstatements="4" conditionals="2" coveredconditionals="0" methods="2" coveredmethods="0"/>
        <line num="3" count="2" type="stmt"/>
        <line num="4" count="2" type="stmt"/>
        <line num="5" count="2" type="stmt"/>
        <line num="9" count="0" type="stmt"/>
        <line num="11" count="0" type="stmt"/>
        <line num="15" count="0" type="stmt"/>
        <line num="20" count="0" type="cond" truecount="0" falsecount="2"/>
        <line num="21" count="0" type="stmt"/>
        <line num="22" count="0" type="stmt"/>
        <line num="27" count="2" type="stmt"/>
      </file>
      <file name="tokenizer-mixin.js" path="/Users/fabianrios/Workspace/metalshub/html-eslint/packages/parser/lib/extensions/error-reporting/tokenizer-mixin.js">
        <metrics statements="7" coveredstatements="4" conditionals="0" coveredconditionals="0" methods="1" coveredmethods="0"/>
        <line num="3" count="2" type="stmt"/>
        <line num="4" count="2" type="stmt"/>
        <line num="5" count="2" type="stmt"/>
        <line num="9" count="0" type="stmt"/>
        <line num="11" count="0" type="stmt"/>
        <line num="17" count="0" type="stmt"/>
        <line num="21" count="2" type="stmt"/>
      </file>
    </package>
    <package name="lib.extensions.location-info">
      <metrics statements="168" coveredstatements="157" conditionals="40" coveredconditionals="35" methods="40" coveredmethods="35"/>
      <file name="open-element-stack-mixin.js" path="/Users/fabianrios/Workspace/metalshub/html-eslint/packages/parser/lib/extensions/location-info/open-element-stack-mixin.js">
        <metrics statements="12" coveredstatements="7" conditionals="0" coveredconditionals="0" methods="5" coveredmethods="3"/>
        <line num="3" count="2" type="stmt"/>
        <line num="7" count="8" type="stmt"/>
        <line num="9" count="8" type="stmt"/>
        <line num="13" count="8" type="stmt"/>
        <line num="15" count="20" type="stmt"/>
        <line num="16" count="20" type="stmt"/>
        <line num="20" count="0" type="stmt"/>
        <line num="21" count="0" type="stmt"/>
        <line num="24" count="0" type="stmt"/>
        <line num="28" count="0" type="stmt"/>
        <line num="29" count="0" type="stmt"/>
        <line num="35" count="2" type="stmt"/>
      </file>
      <file name="parser-mixin.js" path="/Users/fabianrios/Workspace/metalshub/html-eslint/packages/parser/lib/extensions/location-info/parser-mixin.js">
        <metrics statements="96" coveredstatements="90" conditionals="30" coveredconditionals="25" methods="18" coveredmethods="15"/>
        <line num="3" count="2" type="stmt"/>
        <line num="4" count="2" type="stmt"/>
        <line num="5" count="2" type="stmt"/>
        <line num="6" count="2" type="stmt"/>
        <line num="7" count="2" type="stmt"/>
        <line num="10" count="2" type="stmt"/>
        <line num="14" count="8" type="stmt"/>
        <line num="16" count="8" type="stmt"/>
        <line num="17" count="8" type="stmt"/>
        <line num="18" count="8" type="stmt"/>
        <line num="19" count="8" type="stmt"/>
        <line num="20" count="8" type="stmt"/>
        <line num="21" count="8" type="stmt"/>
        <line num="25" count="33" type="stmt"/>
        <line num="27" count="33" type="cond" truecount="2" falsecount="0"/>
        <line num="28" count="17" type="stmt"/>
        <line num="29" count="17" type="stmt"/>
        <line num="32" count="33" type="stmt"/>
        <line num="36" count="55" type="stmt"/>
        <line num="38" count="55" type="cond" truecount="2" falsecount="0"/>
        <line num="39" count="36" type="cond" truecount="1" falsecount="1"/>
        <line num="40" count="36" type="stmt"/>
        <line num="41" count="36" type="stmt"/>
        <line num="46" count="36" type="cond" truecount="2" falsecount="0"/>
        <line num="48" count="36" type="stmt"/>
        <line num="49" count="36" type="cond" truecount="2" falsecount="0"/>
        <line num="50" count="29" type="stmt"/>
        <line num="51" count="29" type="stmt"/>
        <line num="52" count="29" type="stmt"/>
        <line num="53" count="29" type="stmt"/>
        <line num="55" count="7" type="stmt"/>
        <line num="56" count="7" type="stmt"/>
        <line num="57" count="7" type="stmt"/>
        <line num="60" count="36" type="stmt"/>
        <line num="66" count="8" type="stmt"/>
        <line num="68" count="8" type="stmt"/>
        <line num="70" count="8" type="stmt"/>
        <line num="71" count="8" type="stmt"/>
        <line num="72" count="8" type="stmt"/>
        <line num="74" count="8" type="stmt"/>
        <line num="79" count="8" type="stmt"/>
        <line num="81" count="8" type="stmt"/>
        <line num="83" count="20" type="stmt"/>
        <line num="89" count="8" type="stmt"/>
        <line num="93" count="8" type="stmt"/>
        <line num="94" count="16" type="stmt"/>
        <line num="100" count="0" type="stmt"/>
        <line num="101" count="0" type="stmt"/>
        <line num="105" count="144" type="stmt"/>
        <line num="106" count="144" type="stmt"/>
        <line num="111" count="144" type="cond" truecount="4" falsecount="0"/>
        <line num="115" count="144" type="cond" truecount="2" falsecount="0"/>
        <line num="116" count="19" type="stmt"/>
        <line num="117" count="36" type="stmt"/>
        <line num="119" count="36" type="cond" truecount="2" falsecount="0"/>
        <line num="120" count="19" type="stmt"/>
        <line num="121" count="19" type="stmt"/>
        <line num="129" count="2" type="stmt"/>
        <line num="131" count="2" type="stmt"/>
        <line num="132" count="2" type="stmt"/>
        <line num="134" count="2" type="stmt"/>
        <line num="135" count="2" type="stmt"/>
        <line num="137" count="2" type="cond" truecount="1" falsecount="1"/>
        <line num="138" count="2" type="stmt"/>
        <line num="139" count="2" type="stmt"/>
        <line num="148" count="33" type="stmt"/>
        <line num="149" count="33" type="stmt"/>
        <line num="150" count="33" type="stmt"/>
        <line num="154" count="0" type="stmt"/>
        <line num="155" count="0" type="stmt"/>
        <line num="159" count="16" type="stmt"/>
        <line num="160" count="16" type="stmt"/>
        <line num="164" count="1" type="stmt"/>
        <line num="165" count="1" type="stmt"/>
        <line num="167" count="1" type="stmt"/>
        <line num="171" count="1" type="stmt"/>
        <line num="175" count="3" type="stmt"/>
        <line num="176" count="3" type="stmt"/>
        <line num="184" count="2" type="stmt"/>
        <line num="186" count="2" type="stmt"/>
        <line num="187" count="2" type="stmt"/>
        <line num="189" count="2" type="stmt"/>
        <line num="196" count="0" type="stmt"/>
        <line num="200" count="0" type="stmt"/>
        <line num="204" count="30" type="stmt"/>
        <line num="206" count="30" type="stmt"/>
        <line num="209" count="30" type="cond" truecount="3" falsecount="1"/>
        <line num="213" count="30" type="stmt"/>
        <line num="216" count="30" type="cond" truecount="2" falsecount="2"/>
        <line num="221" count="30" type="stmt"/>
        <line num="224" count="30" type="stmt"/>
        <line num="226" count="30" type="cond" truecount="2" falsecount="0"/>
        <line num="227" count="6" type="stmt"/>
        <line num="228" count="6" type="stmt"/>
        <line num="234" count="24" type="stmt"/>
        <line num="241" count="2" type="stmt"/>
      </file>
      <file name="tokenizer-mixin.js" path="/Users/fabianrios/Workspace/metalshub/html-eslint/packages/parser/lib/extensions/location-info/tokenizer-mixin.js">
        <metrics statements="60" coveredstatements="60" conditionals="10" coveredconditionals="10" methods="17" coveredmethods="17"/>
        <line num="3" count="2" type="stmt"/>
        <line num="4" count="2" type="stmt"/>
        <line num="5" count="2" type="stmt"/>
        <line num="6" count="2" type="stmt"/>
        <line num="10" count="8" type="stmt"/>
        <line num="12" count="8" type="stmt"/>
        <line num="13" count="8" type="stmt"/>
        <line num="17" count="8" type="stmt"/>
        <line num="18" count="8" type="stmt"/>
        <line num="22" count="271" type="stmt"/>
        <line num="33" count="4" type="stmt"/>
        <line num="34" count="4" type="stmt"/>
        <line num="35" count="4" type="stmt"/>
        <line num="36" count="4" type="stmt"/>
        <line num="37" count="4" type="stmt"/>
        <line num="41" count="8" type="stmt"/>
        <line num="43" count="17" type="stmt"/>
        <line num="44" count="17" type="stmt"/>
        <line num="48" count="18" type="stmt"/>
        <line num="49" count="18" type="stmt"/>
        <line num="53" count="2" type="stmt"/>
        <line num="54" count="2" type="stmt"/>
        <line num="58" count="2" type="stmt"/>
        <line num="59" count="2" type="stmt"/>
        <line num="63" count="43" type="stmt"/>
        <line num="64" count="43" type="stmt"/>
        <line num="68" count="8" type="stmt"/>
        <line num="69" count="8" type="stmt"/>
        <line num="73" count="2" type="stmt"/>
        <line num="74" count="2" type="stmt"/>
        <line num="78" count="2" type="stmt"/>
        <line num="79" count="2" type="stmt"/>
        <line num="83" count="2" type="stmt"/>
        <line num="84" count="2" type="stmt"/>
        <line num="88" count="47" type="stmt"/>
        <line num="92" count="47" type="cond" truecount="2" falsecount="0"/>
        <line num="93" count="39" type="stmt"/>
        <line num="94" count="39" type="stmt"/>
        <line num="95" count="39" type="stmt"/>
        <line num="98" count="47" type="cond" truecount="2" falsecount="0"/>
        <line num="99" count="8" type="stmt"/>
        <line num="100" count="8" type="stmt"/>
        <line num="101" count="8" type="stmt"/>
        <line num="103" count="39" type="stmt"/>
        <line num="104" count="39" type="stmt"/>
        <line num="105" count="39" type="stmt"/>
        <line num="108" count="47" type="stmt"/>
        <line num="113" count="51" type="cond" truecount="2" falsecount="0"/>
        <line num="120" count="51" type="cond" truecount="4" falsecount="0"/>
        <line num="121" count="4" type="stmt"/>
        <line num="122" count="4" type="stmt"/>
        <line num="123" count="4" type="stmt"/>
        <line num="126" count="51" type="stmt"/>
        <line num="131" count="8" type="stmt"/>
        <line num="132" count="40" type="stmt"/>
        <line num="134" count="40" type="stmt"/>
        <line num="135" count="261" type="stmt"/>
        <line num="136" count="261" type="stmt"/>
        <line num="140" count="8" type="stmt"/>
        <line num="144" count="2" type="stmt"/>
      </file>
    </package>
    <package name="lib.extensions.position-tracking">
      <metrics statements="31" coveredstatements="31" conditionals="7" coveredconditionals="6" methods="5" coveredmethods="5"/>
      <file name="preprocessor-mixin.js" path="/Users/fabianrios/Workspace/metalshub/html-eslint/packages/parser/lib/extensions/position-tracking/preprocessor-mixin.js">
        <metrics statements="31" coveredstatements="31" conditionals="7" coveredconditionals="6" methods="5" coveredmethods="5"/>
        <line num="3" count="2" type="stmt"/>
        <line num="7" count="8" type="stmt"/>
        <line num="9" count="8" type="stmt"/>
        <line num="10" count="8" type="stmt"/>
        <line num="11" count="8" type="stmt"/>
        <line num="12" count="8" type="stmt"/>
        <line num="14" count="8" type="stmt"/>
        <line num="15" count="8" type="stmt"/>
        <line num="16" count="8" type="stmt"/>
        <line num="20" count="8" type="stmt"/>
        <line num="22" count="572" type="stmt"/>
        <line num="23" count="572" type="stmt"/>
        <line num="26" count="572" type="cond" truecount="2" falsecount="0"/>
        <line num="27" count="42" type="stmt"/>
        <line num="28" count="42" type="stmt"/>
        <line num="29" count="42" type="stmt"/>
        <line num="32" count="572" type="cond" truecount="4" falsecount="1"/>
        <line num="33" count="43" type="stmt"/>
        <line num="36" count="572" type="stmt"/>
        <line num="37" count="572" type="stmt"/>
        <line num="39" count="572" type="stmt"/>
        <line num="43" count="39" type="stmt"/>
        <line num="45" count="39" type="stmt"/>
        <line num="46" count="39" type="stmt"/>
        <line num="50" count="261" type="stmt"/>
        <line num="52" count="261" type="stmt"/>
        <line num="54" count="261" type="stmt"/>
        <line num="56" count="261" type="stmt"/>
        <line num="57" count="261" type="stmt"/>
        <line num="58" count="261" type="stmt"/>
        <line num="64" count="2" type="stmt"/>
      </file>
    </package>
    <package name="lib.parser">
      <metrics statements="1581" coveredstatements="443" conditionals="1350" coveredconditionals="239" methods="213" coveredmethods="84"/>
      <file name="formatting-element-list.js" path="/Users/fabianrios/Workspace/metalshub/html-eslint/packages/parser/lib/parser/formatting-element-list.js">
        <metrics statements="76" coveredstatements="15" conditionals="31" coveredconditionals="1" methods="10" coveredmethods="3"/>
        <line num="4" count="2" type="stmt"/>
        <line num="9" count="8" type="stmt"/>
        <line num="10" count="8" type="stmt"/>
        <line num="11" count="8" type="stmt"/>
        <line num="12" count="8" type="stmt"/>
        <line num="19" count="0" type="stmt"/>
        <line num="21" count="0" type="cond" truecount="0" falsecount="2"/>
        <line num="22" count="0" type="stmt"/>
        <line num="23" count="0" type="stmt"/>
        <line num="24" count="0" type="stmt"/>
        <line num="26" count="0" type="stmt"/>
        <line num="27" count="0" type="stmt"/>
        <line num="29" count="0" type="cond" truecount="0" falsecount="2"/>
        <line num="30" count="0" type="stmt"/>
        <line num="33" count="0" type="stmt"/>
        <line num="34" count="0" type="stmt"/>
        <line num="37" count="0" type="cond" truecount="0" falsecount="3"/>
        <line num="41" count="0" type="cond" truecount="0" falsecount="2"/>
        <line num="42" count="0" type="stmt"/>
        <line num="47" count="0" type="cond" truecount="0" falsecount="2"/>
        <line num="51" count="0" type="stmt"/>
        <line num="52" count="0" type="stmt"/>
        <line num="54" count="0" type="cond" truecount="0" falsecount="2"/>
        <line num="55" count="0" type="stmt"/>
        <line num="56" count="0" type="stmt"/>
        <line num="57" count="0" type="stmt"/>
        <line num="60" count="0" type="stmt"/>
        <line num="61" count="0" type="stmt"/>
        <line num="63" count="0" type="stmt"/>
        <line num="66" count="0" type="stmt"/>
        <line num="67" count="0" type="stmt"/>
        <line num="68" count="0" type="stmt"/>
        <line num="70" count="0" type="cond" truecount="0" falsecount="2"/>
        <line num="71" count="0" type="stmt"/>
        <line num="72" count="0" type="stmt"/>
        <line num="75" count="0" type="cond" truecount="0" falsecount="2"/>
        <line num="76" count="0" type="stmt"/>
        <line num="82" count="0" type="stmt"/>
        <line num="83" count="0" type="stmt"/>
        <line num="84" count="0" type="stmt"/>
        <line num="91" count="3" type="stmt"/>
        <line num="92" count="3" type="stmt"/>
        <line num="96" count="0" type="stmt"/>
        <line num="98" count="0" type="stmt"/>
        <line num="104" count="0" type="stmt"/>
        <line num="108" count="0" type="stmt"/>
        <line num="110" count="0" type="stmt"/>
        <line num="111" count="0" type="cond" truecount="0" falsecount="2"/>
        <line num="112" count="0" type="stmt"/>
        <line num="116" count="0" type="stmt"/>
        <line num="122" count="0" type="stmt"/>
        <line num="126" count="0" type="stmt"/>
        <line num="127" count="0" type="cond" truecount="0" falsecount="2"/>
        <line num="128" count="0" type="stmt"/>
        <line num="129" count="0" type="stmt"/>
        <line num="130" count="0" type="stmt"/>
        <line num="136" count="3" type="stmt"/>
        <line num="137" count="3" type="stmt"/>
        <line num="139" count="3" type="stmt"/>
        <line num="141" count="3" type="cond" truecount="1" falsecount="1"/>
        <line num="142" count="3" type="stmt"/>
        <line num="149" count="0" type="stmt"/>
        <line num="150" count="0" type="stmt"/>
        <line num="152" count="0" type="cond" truecount="0" falsecount="2"/>
        <line num="153" count="0" type="stmt"/>
        <line num="156" count="0" type="cond" truecount="0" falsecount="2"/>
        <line num="157" count="0" type="stmt"/>
        <line num="161" count="0" type="stmt"/>
        <line num="165" count="0" type="stmt"/>
        <line num="166" count="0" type="stmt"/>
        <line num="168" count="0" type="cond" truecount="0" falsecount="2"/>
        <line num="172" count="0" type="stmt"/>
        <line num="176" count="0" type="stmt"/>
        <line num="181" count="2" type="stmt"/>
        <line num="182" count="2" type="stmt"/>
        <line num="184" count="2" type="stmt"/>
      </file>
      <file name="index.js" path="/Users/fabianrios/Workspace/metalshub/html-eslint/packages/parser/lib/parser/index.js">
        <metrics statements="1317" coveredstatements="358" conditionals="1119" coveredconditionals="185" methods="169" coveredmethods="63"/>
        <line num="3" count="2" type="stmt"/>
        <line num="4" count="2" type="stmt"/>
        <line num="5" count="2" type="stmt"/>
        <line num="6" count="2" type="stmt"/>
        <line num="7" count="2" type="stmt"/>
        <line num="8" count="2" type="stmt"/>
        <line num="9" count="2" type="stmt"/>
        <line num="10" count="2" type="stmt"/>
        <line num="11" count="2" type="stmt"/>
        <line num="12" count="2" type="stmt"/>
        <line num="13" count="2" type="stmt"/>
        <line num="14" count="2" type="stmt"/>
        <line num="15" count="2" type="stmt"/>
        <line num="18" count="2" type="stmt"/>
        <line num="19" count="2" type="stmt"/>
        <line num="20" count="2" type="stmt"/>
        <line num="22" count="2" type="stmt"/>
        <line num="30" count="2" type="stmt"/>
        <line num="33" count="2" type="stmt"/>
        <line num="34" count="2" type="stmt"/>
        <line num="37" count="2" type="stmt"/>
        <line num="38" count="2" type="stmt"/>
        <line num="39" count="2" type="stmt"/>
        <line num="40" count="2" type="stmt"/>
        <line num="41" count="2" type="stmt"/>
        <line num="42" count="2" type="stmt"/>
        <line num="43" count="2" type="stmt"/>
        <line num="44" count="2" type="stmt"/>
        <line num="45" count="2" type="stmt"/>
        <line num="46" count="2" type="stmt"/>
        <line num="47" count="2" type="stmt"/>
        <line num="48" count="2" type="stmt"/>
        <line num="49" count="2" type="stmt"/>
        <line num="50" count="2" type="stmt"/>
        <line num="51" count="2" type="stmt"/>
        <line num="52" count="2" type="stmt"/>
        <line num="53" count="2" type="stmt"/>
        <line num="54" count="2" type="stmt"/>
        <line num="55" count="2" type="stmt"/>
        <line num="56" count="2" type="stmt"/>
        <line num="57" count="2" type="stmt"/>
        <line num="58" count="2" type="stmt"/>
        <line num="59" count="2" type="stmt"/>
        <line num="62" count="2" type="stmt"/>
        <line num="75" count="2" type="stmt"/>
        <line num="88" count="2" type="stmt"/>
        <line num="324" count="8" type="stmt"/>
        <line num="326" count="8" type="stmt"/>
        <line num="327" count="8" type="stmt"/>
        <line num="329" count="8" type="cond" truecount="1" falsecount="1"/>
        <line num="330" count="8" type="stmt"/>
        <line num="333" count="8" type="cond" truecount="1" falsecount="1"/>
        <line num="334" count="0" type="stmt"/>
        <line num="342" count="8" type="stmt"/>
        <line num="344" count="8" type="stmt"/>
        <line num="345" count="8" type="stmt"/>
        <line num="346" count="8" type="stmt"/>
        <line num="348" count="8" type="stmt"/>
        <line num="354" count="0" type="cond" truecount="0" falsecount="2"/>
        <line num="355" count="0" type="stmt"/>
        <line num="361" count="0" type="stmt"/>
        <line num="367" count="0" type="stmt"/>
        <line num="369" count="0" type="cond" truecount="0" falsecount="2"/>
        <line num="370" count="0" type="stmt"/>
        <line num="373" count="0" type="stmt"/>
        <line num="374" count="0" type="stmt"/>
        <line num="375" count="0" type="stmt"/>
        <line num="376" count="0" type="stmt"/>
        <line num="377" count="0" type="stmt"/>
        <line num="378" count="0" type="stmt"/>
        <line num="380" count="0" type="stmt"/>
        <line num="381" count="0" type="stmt"/>
        <line num="383" count="0" type="stmt"/>
        <line num="385" count="0" type="stmt"/>
        <line num="390" count="8" type="stmt"/>
        <line num="392" count="8" type="stmt"/>
        <line num="394" count="8" type="stmt"/>
        <line num="395" count="8" type="stmt"/>
        <line num="397" count="8" type="stmt"/>
        <line num="398" count="8" type="stmt"/>
        <line num="400" count="8" type="stmt"/>
        <line num="401" count="8" type="stmt"/>
        <line num="403" count="8" type="stmt"/>
        <line num="404" count="8" type="stmt"/>
        <line num="406" count="8" type="stmt"/>
        <line num="407" count="8" type="stmt"/>
        <line num="408" count="8" type="stmt"/>
        <line num="410" count="8" type="stmt"/>
        <line num="411" count="8" type="stmt"/>
        <line num="413" count="8" type="stmt"/>
        <line num="414" count="8" type="stmt"/>
        <line num="415" count="8" type="stmt"/>
        <line num="425" count="8" type="stmt"/>
        <line num="426" count="90" type="stmt"/>
        <line num="428" count="90" type="stmt"/>
        <line num="430" count="90" type="cond" truecount="1" falsecount="1"/>
        <line num="431" count="0" type="stmt"/>
        <line num="434" count="90" type="cond" truecount="1" falsecount="1"/>
        <line num="435" count="0" type="stmt"/>
        <line num="437" count="0" type="cond" truecount="0" falsecount="2"/>
        <line num="441" count="0" type="cond" truecount="0" falsecount="2"/>
        <line num="442" count="0" type="stmt"/>
        <line num="445" count="0" type="stmt"/>
        <line num="449" count="90" type="stmt"/>
        <line num="451" count="90" type="cond" truecount="2" falsecount="2"/>
        <line num="452" count="0" type="stmt"/>
        <line num="458" count="0" type="stmt"/>
        <line num="460" count="0" type="cond" truecount="0" falsecount="4"/>
        <line num="461" count="0" type="stmt"/>
        <line num="463" count="0" type="stmt"/>
        <line num="465" count="0" type="stmt"/>
        <line num="467" count="0" type="stmt"/>
        <line num="470" count="0" type="cond" truecount="0" falsecount="2"/>
        <line num="471" count="0" type="stmt"/>
        <line num="477" count="90" type="stmt"/>
        <line num="479" count="90" type="stmt"/>
        <line num="487" count="0" type="stmt"/>
        <line num="488" count="0" type="stmt"/>
        <line num="489" count="0" type="stmt"/>
        <line num="490" count="0" type="stmt"/>
        <line num="494" count="0" type="stmt"/>
        <line num="495" count="0" type="stmt"/>
        <line num="496" count="0" type="stmt"/>
        <line num="501" count="180" type="cond" truecount="3" falsecount="1"/>
        <line num="507" count="0" type="stmt"/>
        <line num="509" count="0" type="stmt"/>
        <line num="510" count="0" type="cond" truecount="0" falsecount="2"/>
        <line num="511" count="0" type="stmt"/>
        <line num="512" count="0" type="stmt"/>
        <line num="515" count="0" type="stmt"/>
        <line num="520" count="0" type="cond" truecount="0" falsecount="2"/>
        <line num="521" count="0" type="stmt"/>
        <line num="523" count="0" type="cond" truecount="0" falsecount="4"/>
        <line num="524" count="0" type="stmt"/>
        <line num="525" count="0" type="cond" truecount="0" falsecount="2"/>
        <line num="533" count="0" type="stmt"/>
        <line num="534" count="0" type="cond" truecount="0" falsecount="2"/>
        <line num="535" count="0" type="stmt"/>
        <line num="536" count="0" type="cond" truecount="0" falsecount="2"/>
        <line num="537" count="0" type="stmt"/>
        <line num="544" count="2" type="cond" truecount="1" falsecount="1"/>
        <line num="545" count="2" type="cond" truecount="2" falsecount="0"/>
        <line num="546" count="2" type="cond" truecount="2" falsecount="0"/>
        <line num="548" count="2" type="stmt"/>
        <line num="552" count="33" type="cond" truecount="1" falsecount="1"/>
        <line num="553" count="0" type="stmt"/>
        <line num="556" count="33" type="cond" truecount="2" falsecount="0"/>
        <line num="558" count="33" type="stmt"/>
        <line num="563" count="0" type="stmt"/>
        <line num="569" count="0" type="stmt"/>
        <line num="573" count="16" type="stmt"/>
        <line num="579" count="16" type="stmt"/>
        <line num="580" count="16" type="stmt"/>
        <line num="584" count="16" type="stmt"/>
        <line num="586" count="16" type="stmt"/>
        <line num="587" count="16" type="stmt"/>
        <line num="591" count="1" type="stmt"/>
        <line num="596" count="1" type="stmt"/>
        <line num="598" count="1" type="stmt"/>
        <line num="599" count="1" type="stmt"/>
        <line num="600" count="1" type="stmt"/>
        <line num="604" count="3" type="stmt"/>
        <line num="606" count="3" type="stmt"/>
        <line num="607" count="3" type="stmt"/>
        <line num="611" count="2" type="stmt"/>
        <line num="613" count="2" type="stmt"/>
        <line num="617" count="30" type="cond" truecount="1" falsecount="1"/>
        <line num="618" count="0" type="stmt"/>
        <line num="621" count="30" type="cond" truecount="2" falsecount="0"/>
        <line num="623" count="30" type="stmt"/>
        <line num="628" count="0" type="stmt"/>
        <line num="629" count="0" type="stmt"/>
        <line num="633" count="0" type="stmt"/>
        <line num="634" count="0" type="stmt"/>
        <line num="640" count="90" type="stmt"/>
        <line num="642" count="90" type="cond" truecount="4" falsecount="0"/>
        <line num="643" count="20" type="stmt"/>
        <line num="646" count="70" type="stmt"/>
        <line num="648" count="70" type="cond" truecount="1" falsecount="1"/>
        <line num="649" count="70" type="stmt"/>
        <line num="652" count="0" type="cond" truecount="0" falsecount="2"/>
        <line num="658" count="0" type="stmt"/>
        <line num="662" count="0" type="cond" truecount="0" falsecount="3"/>
        <line num="667" count="0" type="cond" truecount="0" falsecount="3"/>
        <line num="671" count="0" type="cond" truecount="0" falsecount="2"/>
        <line num="675" count="0" type="stmt"/>
        <line num="678" count="0" type="cond" truecount="0" falsecount="2"/>
        <line num="682" count="0" type="stmt"/>
        <line num="685" count="0" type="stmt"/>
        <line num="689" count="144" type="stmt"/>
        <line num="693" count="0" type="stmt"/>
        <line num="697" count="0" type="cond" truecount="0" falsecount="2"/>
        <line num="698" count="0" type="stmt"/>
        <line num="699" count="0" type="cond" truecount="0" falsecount="2"/>
        <line num="700" count="0" type="stmt"/>
        <line num="701" count="0" type="cond" truecount="0" falsecount="2"/>
        <line num="702" count="0" type="stmt"/>
        <line num="703" count="0" type="cond" truecount="0" falsecount="2"/>
        <line num="704" count="0" type="stmt"/>
        <line num="705" count="0" type="cond" truecount="0" falsecount="2"/>
        <line num="706" count="0" type="stmt"/>
        <line num="707" count="0" type="cond" truecount="0" falsecount="2"/>
        <line num="708" count="0" type="stmt"/>
        <line num="713" count="90" type="cond" truecount="1" falsecount="1"/>
        <line num="714" count="0" type="stmt"/>
        <line num="716" count="90" type="stmt"/>
        <line num="719" count="90" type="cond" truecount="1" falsecount="1"/>
        <line num="724" count="0" type="stmt"/>
        <line num="730" count="0" type="stmt"/>
        <line num="731" count="0" type="stmt"/>
        <line num="732" count="0" type="stmt"/>
        <line num="734" count="0" type="stmt"/>
        <line num="739" count="21" type="stmt"/>
        <line num="741" count="21" type="cond" truecount="2" falsecount="0"/>
        <line num="742" count="9" type="stmt"/>
        <line num="743" count="9" type="stmt"/>
        <line num="745" count="9" type="stmt"/>
        <line num="746" count="9" type="stmt"/>
        <line num="747" count="9" type="stmt"/>
        <line num="749" count="9" type="cond" truecount="1" falsecount="1"/>
        <line num="753" count="9" type="stmt"/>
        <line num="754" count="9" type="stmt"/>
        <line num="758" count="9" type="stmt"/>
        <line num="759" count="0" type="stmt"/>
        <line num="760" count="0" type="stmt"/>
        <line num="764" count="0" type="stmt"/>
        <line num="771" count="0" type="stmt"/>
        <line num="772" count="0" type="stmt"/>
        <line num="773" count="0" type="stmt"/>
        <line num="774" count="0" type="stmt"/>
        <line num="778" count="0" type="stmt"/>
        <line num="779" count="0" type="stmt"/>
        <line num="784" count="3" type="stmt"/>
        <line num="785" count="3" type="stmt"/>
        <line num="787" count="3" type="cond" truecount="1" falsecount="1"/>
        <line num="788" count="0" type="stmt"/>
        <line num="790" count="0" type="cond" truecount="0" falsecount="2"/>
        <line num="791" count="0" type="stmt"/>
        <line num="795" count="3" type="stmt"/>
        <line num="796" count="3" type="stmt"/>
        <line num="798" count="3" type="cond" truecount="1" falsecount="1"/>
        <line num="799" count="3" type="stmt"/>
        <line num="800" count="3" type="stmt"/>
        <line num="801" count="0" type="cond" truecount="0" falsecount="5"/>
        <line num="802" count="0" type="stmt"/>
        <line num="803" count="0" type="stmt"/>
        <line num="804" count="0" type="cond" truecount="0" falsecount="4"/>
        <line num="805" count="0" type="stmt"/>
        <line num="806" count="0" type="stmt"/>
        <line num="807" count="0" type="cond" truecount="0" falsecount="2"/>
        <line num="808" count="0" type="stmt"/>
        <line num="809" count="0" type="stmt"/>
        <line num="810" count="0" type="cond" truecount="0" falsecount="2"/>
        <line num="811" count="0" type="stmt"/>
        <line num="812" count="0" type="stmt"/>
        <line num="813" count="0" type="cond" truecount="0" falsecount="2"/>
        <line num="814" count="0" type="cond" truecount="0" falsecount="2"/>
        <line num="817" count="0" type="stmt"/>
        <line num="818" count="0" type="cond" truecount="0" falsecount="2"/>
        <line num="819" count="0" type="stmt"/>
        <line num="820" count="0" type="stmt"/>
        <line num="826" count="0" type="cond" truecount="0" falsecount="2"/>
        <line num="827" count="0" type="stmt"/>
        <line num="828" count="0" type="stmt"/>
        <line num="829" count="0" type="stmt"/>
        <line num="831" count="0" type="cond" truecount="0" falsecount="2"/>
        <line num="832" count="0" type="stmt"/>
        <line num="833" count="0" type="cond" truecount="0" falsecount="2"/>
        <line num="834" count="0" type="stmt"/>
        <line num="835" count="0" type="stmt"/>
        <line num="840" count="0" type="stmt"/>
        <line num="844" count="2" type="stmt"/>
        <line num="845" count="2" type="stmt"/>
        <line num="846" count="2" type="stmt"/>
        <line num="850" count="2" type="stmt"/>
        <line num="851" count="2" type="stmt"/>
        <line num="852" count="2" type="stmt"/>
        <line num="859" count="0" type="stmt"/>
        <line num="861" count="0" type="stmt"/>
        <line num="871" count="93" type="stmt"/>
        <line num="878" count="0" type="stmt"/>
        <line num="883" count="0" type="stmt"/>
        <line num="884" count="0" type="stmt"/>
        <line num="885" count="0" type="stmt"/>
        <line num="886" count="0" type="stmt"/>
        <line num="888" count="0" type="cond" truecount="0" falsecount="4"/>
        <line num="889" count="0" type="stmt"/>
        <line num="890" count="0" type="stmt"/>
        <line num="891" count="0" type="cond" truecount="0" falsecount="2"/>
        <line num="892" count="0" type="stmt"/>
        <line num="894" count="0" type="cond" truecount="0" falsecount="2"/>
        <line num="895" count="0" type="stmt"/>
        <line num="897" count="0" type="stmt"/>
        <line num="900" count="0" type="stmt"/>
        <line num="904" count="0" type="cond" truecount="0" falsecount="2"/>
        <line num="905" count="0" type="stmt"/>
        <line num="908" count="0" type="stmt"/>
        <line num="912" count="0" type="stmt"/>
        <line num="914" count="0" type="cond" truecount="0" falsecount="2"/>
        <line num="915" count="0" type="stmt"/>
        <line num="921" count="0" type="stmt"/>
        <line num="926" count="0" type="stmt"/>
        <line num="928" count="0" type="cond" truecount="0" falsecount="2"/>
        <line num="929" count="0" type="stmt"/>
        <line num="935" count="0" type="stmt"/>
        <line num="941" count="0" type="stmt"/>
        <line num="942" count="0" type="stmt"/>
        <line num="944" count="0" type="stmt"/>
        <line num="948" count="2" type="stmt"/>
        <line num="956" count="0" type="stmt"/>
        <line num="960" count="0" type="cond" truecount="0" falsecount="2"/>
        <line num="961" count="0" type="cond" truecount="0" falsecount="2"/>
        <line num="962" count="0" type="stmt"/>
        <line num="963" count="0" type="stmt"/>
        <line num="964" count="0" type="cond" truecount="0" falsecount="2"/>
        <line num="965" count="0" type="stmt"/>
        <line num="968" count="0" type="stmt"/>
        <line num="971" count="0" type="stmt"/>
        <line num="976" count="0" type="stmt"/>
        <line num="978" count="0" type="stmt"/>
        <line num="979" count="0" type="stmt"/>
        <line num="981" count="0" type="cond" truecount="0" falsecount="2"/>
        <line num="982" count="0" type="stmt"/>
        <line num="985" count="0" type="cond" truecount="0" falsecount="2"/>
        <line num="986" count="0" type="stmt"/>
        <line num="990" count="0" type="cond" truecount="0" falsecount="2"/>
        <line num="991" count="0" type="stmt"/>
        <line num="992" count="0" type="stmt"/>
        <line num="995" count="0" type="stmt"/>
        <line num="1000" count="0" type="stmt"/>
        <line num="1001" count="0" type="stmt"/>
        <line num="1003" count="0" type="stmt"/>
        <line num="1004" count="0" type="stmt"/>
        <line num="1009" count="0" type="stmt"/>
        <line num="1011" count="0" type="stmt"/>
        <line num="1012" count="0" type="cond" truecount="0" falsecount="2"/>
        <line num="1013" count="0" type="cond" truecount="0" falsecount="2"/>
        <line num="1015" count="0" type="cond" truecount="0" falsecount="2"/>
        <line num="1016" count="0" type="cond" truecount="0" falsecount="2"/>
        <line num="1017" count="0" type="stmt"/>
        <line num="1020" count="0" type="stmt"/>
        <line num="1022" count="0" type="stmt"/>
        <line num="1024" count="0" type="cond" truecount="0" falsecount="2"/>
        <line num="1025" count="0" type="stmt"/>
        <line num="1028" count="0" type="stmt"/>
        <line num="1029" count="0" type="stmt"/>
        <line num="1030" count="0" type="stmt"/>
        <line num="1034" count="0" type="stmt"/>
        <line num="1039" count="0" type="stmt"/>
        <line num="1040" count="0" type="stmt"/>
        <line num="1046" count="0" type="stmt"/>
        <line num="1047" count="0" type="stmt"/>
        <line num="1049" count="0" type="stmt"/>
        <line num="1054" count="0" type="cond" truecount="0" falsecount="2"/>
        <line num="1055" count="0" type="stmt"/>
        <line num="1057" count="0" type="stmt"/>
        <line num="1058" count="0" type="stmt"/>
        <line num="1060" count="0" type="cond" truecount="0" falsecount="4"/>
        <line num="1061" count="0" type="stmt"/>
        <line num="1064" count="0" type="stmt"/>
        <line num="1070" count="0" type="stmt"/>
        <line num="1071" count="0" type="stmt"/>
        <line num="1072" count="0" type="stmt"/>
        <line num="1078" count="0" type="stmt"/>
        <line num="1079" count="0" type="stmt"/>
        <line num="1081" count="0" type="stmt"/>
        <line num="1085" count="0" type="stmt"/>
        <line num="1087" count="0" type="stmt"/>
        <line num="1088" count="0" type="stmt"/>
        <line num="1095" count="0" type="stmt"/>
        <line num="1096" count="0" type="stmt"/>
        <line num="1102" count="0" type="cond" truecount="0" falsecount="2"/>
        <line num="1103" count="0" type="stmt"/>
        <line num="1106" count="0" type="stmt"/>
        <line num="1108" count="0" type="cond" truecount="0" falsecount="2"/>
        <line num="1109" count="0" type="stmt"/>
        <line num="1112" count="0" type="stmt"/>
        <line num="1114" count="0" type="stmt"/>
        <line num="1119" count="0" type="stmt"/>
        <line num="1123" count="0" type="stmt"/>
        <line num="1124" count="0" type="stmt"/>
        <line num="1125" count="0" type="stmt"/>
        <line num="1136" count="0" type="stmt"/>
        <line num="1140" count="2" type="stmt"/>
        <line num="1147" count="0" type="stmt"/>
        <line num="1151" count="0" type="stmt"/>
        <line num="1155" count="1" type="stmt"/>
        <line num="1159" count="5" type="stmt"/>
        <line num="1165" count="2" type="stmt"/>
        <line num="1167" count="2" type="cond" truecount="1" falsecount="1"/>
        <line num="1171" count="2" type="cond" truecount="1" falsecount="1"/>
        <line num="1172" count="0" type="stmt"/>
        <line num="1175" count="2" type="stmt"/>
        <line num="1177" count="2" type="stmt"/>
        <line num="1181" count="6" type="stmt"/>
        <line num="1182" count="6" type="stmt"/>
        <line num="1183" count="6" type="stmt"/>
        <line num="1184" count="6" type="stmt"/>
        <line num="1190" count="7" type="cond" truecount="2" falsecount="0"/>
        <line num="1191" count="5" type="stmt"/>
        <line num="1192" count="5" type="stmt"/>
        <line num="1194" count="2" type="stmt"/>
        <line num="1199" count="0" type="stmt"/>
        <line num="1201" count="0" type="cond" truecount="0" falsecount="6"/>
        <line num="1202" count="0" type="stmt"/>
        <line num="1207" count="3" type="stmt"/>
        <line num="1208" count="3" type="stmt"/>
        <line num="1209" count="3" type="stmt"/>
        <line num="1215" count="3" type="stmt"/>
        <line num="1217" count="3" type="cond" truecount="1" falsecount="1"/>
        <line num="1218" count="0" type="stmt"/>
        <line num="1219" count="3" type="cond" truecount="1" falsecount="1"/>
        <line num="1220" count="0" type="stmt"/>
        <line num="1221" count="0" type="stmt"/>
        <line num="1222" count="0" type="stmt"/>
        <line num="1224" count="3" type="stmt"/>
        <line num="1229" count="4" type="stmt"/>
        <line num="1231" count="4" type="cond" truecount="4" falsecount="2"/>
        <line num="1232" count="4" type="stmt"/>
        <line num="1234" count="0" type="stmt"/>
        <line num="1239" count="8" type="stmt"/>
        <line num="1240" count="8" type="stmt"/>
        <line num="1241" count="8" type="stmt"/>
        <line num="1242" count="8" type="stmt"/>
        <line num="1248" count="4" type="stmt"/>
        <line num="1250" count="4" type="cond" truecount="1" falsecount="1"/>
        <line num="1251" count="0" type="stmt"/>
        <line num="1252" count="4" type="cond" truecount="1" falsecount="1"/>
        <line num="1259" count="0" type="stmt"/>
        <line num="1260" count="0" type="stmt"/>
        <line num="1261" count="4" type="cond" truecount="1" falsecount="1"/>
        <line num="1262" count="0" type="stmt"/>
        <line num="1263" count="4" type="cond" truecount="1" falsecount="1"/>
        <line num="1264" count="0" type="cond" truecount="0" falsecount="2"/>
        <line num="1265" count="0" type="stmt"/>
        <line num="1267" count="0" type="stmt"/>
        <line num="1268" count="0" type="stmt"/>
        <line num="1270" count="4" type="cond" truecount="3" falsecount="1"/>
        <line num="1271" count="0" type="stmt"/>
        <line num="1272" count="4" type="cond" truecount="1" falsecount="1"/>
        <line num="1273" count="0" type="stmt"/>
        <line num="1274" count="4" type="cond" truecount="2" falsecount="0"/>
        <line num="1275" count="1" type="stmt"/>
        <line num="1276" count="1" type="stmt"/>
        <line num="1277" count="1" type="stmt"/>
        <line num="1278" count="1" type="stmt"/>
        <line num="1279" count="1" type="stmt"/>
        <line num="1280" count="3" type="cond" truecount="1" falsecount="1"/>
        <line num="1281" count="0" type="stmt"/>
        <line num="1283" count="3" type="stmt"/>
        <line num="1288" count="5" type="stmt"/>
        <line num="1290" count="5" type="cond" truecount="2" falsecount="0"/>
        <line num="1291" count="1" type="stmt"/>
        <line num="1292" count="1" type="stmt"/>
        <line num="1293" count="4" type="cond" truecount="5" falsecount="0"/>
        <line num="1294" count="3" type="stmt"/>
        <line num="1295" count="1" type="cond" truecount="1" falsecount="1"/>
        <line num="1296" count="1" type="cond" truecount="1" falsecount="1"/>
        <line num="1297" count="1" type="stmt"/>
        <line num="1299" count="1" type="cond" truecount="1" falsecount="1"/>
        <line num="1300" count="0" type="stmt"/>
        <line num="1303" count="1" type="stmt"/>
        <line num="1304" count="1" type="stmt"/>
        <line num="1305" count="1" type="stmt"/>
        <line num="1306" count="1" type="stmt"/>
        <line num="1308" count="0" type="stmt"/>
        <line num="1311" count="0" type="stmt"/>
        <line num="1316" count="7" type="stmt"/>
        <line num="1317" count="7" type="stmt"/>
        <line num="1318" count="7" type="stmt"/>
        <line num="1324" count="0" type="stmt"/>
        <line num="1326" count="0" type="cond" truecount="0" falsecount="2"/>
        <line num="1327" count="0" type="stmt"/>
        <line num="1328" count="0" type="cond" truecount="0" falsecount="2"/>
        <line num="1337" count="0" type="stmt"/>
        <line num="1338" count="0" type="cond" truecount="0" falsecount="2"/>
        <line num="1339" count="0" type="stmt"/>
        <line num="1341" count="0" type="stmt"/>
        <line num="1346" count="0" type="stmt"/>
        <line num="1348" count="0" type="cond" truecount="0" falsecount="2"/>
        <line num="1349" count="0" type="stmt"/>
        <line num="1350" count="0" type="stmt"/>
        <line num="1351" count="0" type="cond" truecount="0" falsecount="2"/>
        <line num="1352" count="0" type="stmt"/>
        <line num="1354" count="0" type="stmt"/>
        <line num="1360" count="0" type="cond" truecount="0" falsecount="2"/>
        <line num="1364" count="0" type="stmt"/>
        <line num="1365" count="0" type="stmt"/>
        <line num="1366" count="0" type="stmt"/>
        <line num="1367" count="0" type="stmt"/>
        <line num="1373" count="4" type="stmt"/>
        <line num="1375" count="4" type="cond" truecount="1" falsecount="1"/>
        <line num="1376" count="0" type="stmt"/>
        <line num="1377" count="4" type="cond" truecount="2" falsecount="0"/>
        <line num="1378" count="2" type="stmt"/>
        <line num="1379" count="2" type="stmt"/>
        <line num="1380" count="2" type="stmt"/>
        <line num="1381" count="2" type="cond" truecount="1" falsecount="1"/>
        <line num="1382" count="0" type="stmt"/>
        <line num="1383" count="0" type="stmt"/>
        <line num="1384" count="2" type="cond" truecount="1" falsecount="1"/>
        <line num="1396" count="0" type="stmt"/>
        <line num="1397" count="0" type="stmt"/>
        <line num="1398" count="0" type="stmt"/>
        <line num="1399" count="0" type="stmt"/>
        <line num="1400" count="2" type="cond" truecount="1" falsecount="1"/>
        <line num="1401" count="0" type="stmt"/>
        <line num="1403" count="2" type="stmt"/>
        <line num="1408" count="3" type="stmt"/>
        <line num="1410" count="3" type="cond" truecount="3" falsecount="2"/>
        <line num="1411" count="3" type="stmt"/>
        <line num="1412" count="0" type="cond" truecount="0" falsecount="2"/>
        <line num="1413" count="0" type="stmt"/>
        <line num="1415" count="0" type="stmt"/>
        <line num="1420" count="6" type="stmt"/>
        <line num="1421" count="6" type="stmt"/>
        <line num="1422" count="6" type="stmt"/>
        <line num="1428" count="17" type="stmt"/>
        <line num="1429" count="17" type="stmt"/>
        <line num="1433" count="4" type="stmt"/>
        <line num="1434" count="4" type="stmt"/>
        <line num="1435" count="4" type="stmt"/>
        <line num="1439" count="0" type="cond" truecount="0" falsecount="2"/>
        <line num="1440" count="0" type="stmt"/>
        <line num="1445" count="0" type="stmt"/>
        <line num="1447" count="0" type="cond" truecount="0" falsecount="4"/>
        <line num="1448" count="0" type="stmt"/>
        <line num="1449" count="0" type="stmt"/>
        <line num="1454" count="0" type="stmt"/>
        <line num="1456" count="0" type="cond" truecount="0" falsecount="4"/>
        <line num="1457" count="0" type="stmt"/>
        <line num="1458" count="0" type="stmt"/>
        <line num="1459" count="0" type="stmt"/>
        <line num="1460" count="0" type="stmt"/>
        <line num="1465" count="3" type="cond" truecount="1" falsecount="1"/>
        <line num="1466" count="0" type="stmt"/>
        <line num="1469" count="3" type="stmt"/>
        <line num="1473" count="0" type="cond" truecount="0" falsecount="2"/>
        <line num="1474" count="0" type="stmt"/>
        <line num="1477" count="0" type="stmt"/>
        <line num="1479" count="0" type="cond" truecount="0" falsecount="2"/>
        <line num="1487" count="0" type="stmt"/>
        <line num="1490" count="0" type="stmt"/>
        <line num="1494" count="0" type="cond" truecount="0" falsecount="2"/>
        <line num="1495" count="0" type="stmt"/>
        <line num="1498" count="0" type="stmt"/>
        <line num="1501" count="0" type="stmt"/>
        <line num="1502" count="0" type="stmt"/>
        <line num="1506" count="0" type="stmt"/>
        <line num="1508" count="0" type="cond" truecount="0" falsecount="4"/>
        <line num="1509" count="0" type="cond" truecount="0" falsecount="2"/>
        <line num="1510" count="0" type="stmt"/>
        <line num="1513" count="0" type="stmt"/>
        <line num="1515" count="0" type="cond" truecount="0" falsecount="2"/>
        <line num="1516" count="0" type="stmt"/>
        <line num="1522" count="0" type="stmt"/>
        <line num="1524" count="0" type="stmt"/>
        <line num="1526" count="0" type="stmt"/>
        <line num="1527" count="0" type="stmt"/>
        <line num="1528" count="0" type="stmt"/>
        <line num="1529" count="0" type="stmt"/>
        <line num="1531" count="0" type="cond" truecount="0" falsecount="4"/>
        <line num="1532" count="0" type="stmt"/>
        <line num="1533" count="0" type="cond" truecount="0" falsecount="2"/>
        <line num="1537" count="0" type="stmt"/>
        <line num="1540" count="0" type="cond" truecount="0" falsecount="2"/>
        <line num="1541" count="0" type="stmt"/>
        <line num="1542" count="0" type="stmt"/>
        <line num="1543" count="0" type="stmt"/>
        <line num="1546" count="0" type="cond" truecount="0" falsecount="2"/>
        <line num="1552" count="0" type="stmt"/>
        <line num="1556" count="0" type="cond" truecount="0" falsecount="2"/>
        <line num="1557" count="0" type="stmt"/>
        <line num="1560" count="0" type="stmt"/>
        <line num="1564" count="0" type="cond" truecount="0" falsecount="2"/>
        <line num="1565" count="0" type="stmt"/>
        <line num="1568" count="0" type="stmt"/>
        <line num="1569" count="0" type="stmt"/>
        <line num="1573" count="0" type="cond" truecount="0" falsecount="2"/>
        <line num="1574" count="0" type="stmt"/>
        <line num="1575" count="0" type="stmt"/>
        <line num="1578" count="0" type="stmt"/>
        <line num="1579" count="0" type="stmt"/>
        <line num="1580" count="0" type="stmt"/>
        <line num="1584" count="0" type="stmt"/>
        <line num="1588" count="0" type="cond" truecount="0" falsecount="2"/>
        <line num="1589" count="0" type="stmt"/>
        <line num="1590" count="0" type="stmt"/>
        <line num="1591" count="0" type="stmt"/>
        <line num="1594" count="0" type="stmt"/>
        <line num="1595" count="0" type="stmt"/>
        <line num="1596" count="0" type="stmt"/>
        <line num="1600" count="0" type="stmt"/>
        <line num="1601" count="0" type="stmt"/>
        <line num="1602" count="0" type="stmt"/>
        <line num="1606" count="0" type="stmt"/>
        <line num="1608" count="0" type="cond" truecount="0" falsecount="2"/>
        <line num="1609" count="0" type="stmt"/>
        <line num="1610" count="0" type="stmt"/>
        <line num="1613" count="0" type="stmt"/>
        <line num="1614" count="0" type="stmt"/>
        <line num="1618" count="0" type="stmt"/>
        <line num="1619" count="0" type="stmt"/>
        <line num="1620" count="0" type="stmt"/>
        <line num="1621" count="0" type="stmt"/>
        <line num="1625" count="2" type="cond" truecount="1" falsecount="1"/>
        <line num="1629" count="0" type="stmt"/>
        <line num="1632" count="2" type="stmt"/>
        <line num="1633" count="2" type="stmt"/>
        <line num="1634" count="2" type="stmt"/>
        <line num="1638" count="0" type="stmt"/>
        <line num="1639" count="0" type="stmt"/>
        <line num="1640" count="0" type="stmt"/>
        <line num="1641" count="0" type="stmt"/>
        <line num="1645" count="0" type="stmt"/>
        <line num="1646" count="0" type="stmt"/>
        <line num="1648" count="0" type="stmt"/>
        <line num="1650" count="0" type="cond" truecount="0" falsecount="4"/>
        <line num="1651" count="0" type="stmt"/>
        <line num="1654" count="0" type="stmt"/>
        <line num="1658" count="0" type="stmt"/>
        <line num="1659" count="0" type="stmt"/>
        <line num="1663" count="0" type="cond" truecount="0" falsecount="2"/>
        <line num="1664" count="0" type="stmt"/>
        <line num="1667" count="0" type="stmt"/>
        <line num="1668" count="0" type="stmt"/>
        <line num="1669" count="0" type="stmt"/>
        <line num="1673" count="0" type="stmt"/>
        <line num="1674" count="0" type="stmt"/>
        <line num="1678" count="0" type="stmt"/>
        <line num="1681" count="0" type="stmt"/>
        <line num="1682" count="0" type="stmt"/>
        <line num="1683" count="0" type="stmt"/>
        <line num="1684" count="0" type="stmt"/>
        <line num="1685" count="0" type="stmt"/>
        <line num="1689" count="0" type="cond" truecount="0" falsecount="2"/>
        <line num="1690" count="0" type="stmt"/>
        <line num="1693" count="0" type="stmt"/>
        <line num="1694" count="0" type="stmt"/>
        <line num="1695" count="0" type="stmt"/>
        <line num="1699" count="0" type="stmt"/>
        <line num="1700" count="0" type="stmt"/>
        <line num="1706" count="0" type="stmt"/>
        <line num="1710" count="0" type="stmt"/>
        <line num="1711" count="0" type="stmt"/>
        <line num="1712" count="0" type="stmt"/>
        <line num="1714" count="0" type="cond" truecount="0" falsecount="2"/>
        <line num="1721" count="0" type="stmt"/>
        <line num="1723" count="0" type="stmt"/>
        <line num="1728" count="0" type="cond" truecount="0" falsecount="2"/>
        <line num="1729" count="0" type="stmt"/>
        <line num="1732" count="0" type="stmt"/>
        <line num="1733" count="0" type="stmt"/>
        <line num="1737" count="0" type="cond" truecount="0" falsecount="2"/>
        <line num="1738" count="0" type="stmt"/>
        <line num="1741" count="0" type="stmt"/>
        <line num="1745" count="0" type="cond" truecount="0" falsecount="2"/>
        <line num="1746" count="0" type="stmt"/>
        <line num="1749" count="0" type="stmt"/>
        <line num="1753" count="0" type="stmt"/>
        <line num="1755" count="0" type="stmt"/>
        <line num="1756" count="0" type="stmt"/>
        <line num="1758" count="0" type="cond" truecount="0" falsecount="2"/>
        <line num="1759" count="0" type="stmt"/>
        <line num="1761" count="0" type="stmt"/>
        <line num="1764" count="0" type="stmt"/>
        <line num="1768" count="0" type="stmt"/>
        <line num="1770" count="0" type="stmt"/>
        <line num="1771" count="0" type="stmt"/>
        <line num="1773" count="0" type="cond" truecount="0" falsecount="2"/>
        <line num="1774" count="0" type="stmt"/>
        <line num="1776" count="0" type="stmt"/>
        <line num="1779" count="0" type="stmt"/>
        <line num="1783" count="0" type="stmt"/>
        <line num="1784" count="0" type="stmt"/>
        <line num="1790" count="6" type="stmt"/>
        <line num="1792" count="6" type="cond" truecount="4" falsecount="7"/>
        <line num="1794" count="0" type="cond" truecount="0" falsecount="6"/>
        <line num="1795" count="0" type="stmt"/>
        <line num="1796" count="0" type="cond" truecount="0" falsecount="2"/>
        <line num="1797" count="0" type="stmt"/>
        <line num="1798" count="0" type="cond" truecount="0" falsecount="2"/>
        <line num="1799" count="0" type="stmt"/>
        <line num="1801" count="0" type="stmt"/>
        <line num="1804" count="0" type="stmt"/>
        <line num="1807" count="0" type="cond" truecount="0" falsecount="5"/>
        <line num="1808" count="0" type="stmt"/>
        <line num="1809" count="0" type="cond" truecount="0" falsecount="2"/>
        <line num="1817" count="0" type="stmt"/>
        <line num="1818" count="0" type="cond" truecount="0" falsecount="5"/>
        <line num="1819" count="0" type="stmt"/>
        <line num="1820" count="0" type="cond" truecount="0" falsecount="4"/>
        <line num="1821" count="0" type="stmt"/>
        <line num="1822" count="0" type="cond" truecount="0" falsecount="2"/>
        <line num="1823" count="0" type="stmt"/>
        <line num="1824" count="0" type="cond" truecount="0" falsecount="2"/>
        <line num="1825" count="0" type="stmt"/>
        <line num="1826" count="0" type="cond" truecount="0" falsecount="2"/>
        <line num="1827" count="0" type="stmt"/>
        <line num="1828" count="0" type="cond" truecount="0" falsecount="4"/>
        <line num="1829" count="0" type="stmt"/>
        <line num="1830" count="0" type="cond" truecount="0" falsecount="5"/>
        <line num="1831" count="0" type="stmt"/>
        <line num="1834" count="0" type="stmt"/>
        <line num="1837" count="2" type="cond" truecount="2" falsecount="3"/>
        <line num="1838" count="2" type="stmt"/>
        <line num="1839" count="0" type="cond" truecount="0" falsecount="2"/>
        <line num="1840" count="0" type="stmt"/>
        <line num="1841" count="0" type="cond" truecount="0" falsecount="2"/>
        <line num="1842" count="0" type="stmt"/>
        <line num="1843" count="0" type="cond" truecount="0" falsecount="4"/>
        <line num="1844" count="0" type="stmt"/>
        <line num="1845" count="0" type="cond" truecount="0" falsecount="2"/>
        <line num="1846" count="0" type="stmt"/>
        <line num="1847" count="0" type="cond" truecount="0" falsecount="2"/>
        <line num="1848" count="0" type="stmt"/>
        <line num="1849" count="0" type="cond" truecount="0" falsecount="2"/>
        <line num="1850" count="0" type="stmt"/>
        <line num="1851" count="0" type="cond" truecount="0" falsecount="2"/>
        <line num="1852" count="0" type="stmt"/>
        <line num="1855" count="2" type="stmt"/>
        <line num="1858" count="0" type="cond" truecount="0" falsecount="2"/>
        <line num="1859" count="0" type="stmt"/>
        <line num="1860" count="0" type="cond" truecount="0" falsecount="5"/>
        <line num="1861" count="0" type="stmt"/>
        <line num="1862" count="0" type="cond" truecount="0" falsecount="2"/>
        <line num="1863" count="0" type="stmt"/>
        <line num="1864" count="0" type="cond" truecount="0" falsecount="4"/>
        <line num="1865" count="0" type="stmt"/>
        <line num="1866" count="0" type="cond" truecount="0" falsecount="2"/>
        <line num="1867" count="0" type="stmt"/>
        <line num="1868" count="0" type="cond" truecount="0" falsecount="4"/>
        <line num="1869" count="0" type="stmt"/>
        <line num="1870" count="0" type="cond" truecount="0" falsecount="2"/>
        <line num="1871" count="0" type="stmt"/>
        <line num="1872" count="0" type="cond" truecount="0" falsecount="2"/>
        <line num="1873" count="0" type="stmt"/>
        <line num="1874" count="0" type="cond" truecount="0" falsecount="2"/>
        <line num="1875" count="0" type="stmt"/>
        <line num="1876" count="0" type="cond" truecount="0" falsecount="2"/>
        <line num="1877" count="0" type="stmt"/>
        <line num="1880" count="0" type="stmt"/>
        <line num="1883" count="2" type="cond" truecount="3" falsecount="1"/>
        <line num="1884" count="0" type="stmt"/>
        <line num="1885" count="2" type="cond" truecount="1" falsecount="1"/>
        <line num="1886" count="0" type="stmt"/>
        <line num="1887" count="2" type="cond" truecount="1" falsecount="1"/>
        <line num="1888" count="0" type="stmt"/>
        <line num="1889" count="2" type="cond" truecount="1" falsecount="1"/>
        <line num="1890" count="2" type="stmt"/>
        <line num="1891" count="0" type="cond" truecount="0" falsecount="2"/>
        <line num="1892" count="0" type="stmt"/>
        <line num="1893" count="0" type="cond" truecount="0" falsecount="2"/>
        <line num="1894" count="0" type="stmt"/>
        <line num="1895" count="0" type="cond" truecount="0" falsecount="4"/>
        <line num="1896" count="0" type="stmt"/>
        <line num="1897" count="0" type="cond" truecount="0" falsecount="2"/>
        <line num="1898" count="0" type="stmt"/>
        <line num="1899" count="0" type="cond" truecount="0" falsecount="2"/>
        <line num="1905" count="0" type="stmt"/>
        <line num="1908" count="2" type="stmt"/>
        <line num="1911" count="0" type="cond" truecount="0" falsecount="2"/>
        <line num="1912" count="0" type="stmt"/>
        <line num="1913" count="0" type="cond" truecount="0" falsecount="2"/>
        <line num="1921" count="0" type="stmt"/>
        <line num="1922" count="0" type="cond" truecount="0" falsecount="2"/>
        <line num="1923" count="0" type="stmt"/>
        <line num="1924" count="0" type="cond" truecount="0" falsecount="4"/>
        <line num="1925" count="0" type="stmt"/>
        <line num="1926" count="0" type="cond" truecount="0" falsecount="4"/>
        <line num="1927" count="0" type="stmt"/>
        <line num="1928" count="0" type="cond" truecount="0" falsecount="2"/>
        <line num="1929" count="0" type="stmt"/>
        <line num="1930" count="0" type="cond" truecount="0" falsecount="2"/>
        <line num="1931" count="0" type="stmt"/>
        <line num="1932" count="0" type="cond" truecount="0" falsecount="2"/>
        <line num="1933" count="0" type="stmt"/>
        <line num="1934" count="0" type="cond" truecount="0" falsecount="2"/>
        <line num="1935" count="0" type="stmt"/>
        <line num="1936" count="0" type="cond" truecount="0" falsecount="2"/>
        <line num="1937" count="0" type="stmt"/>
        <line num="1939" count="0" type="stmt"/>
        <line num="1942" count="0" type="stmt"/>
        <line num="1945" count="1" type="cond" truecount="1" falsecount="1"/>
        <line num="1946" count="0" type="stmt"/>
        <line num="1947" count="1" type="cond" truecount="1" falsecount="1"/>
        <line num="1954" count="1" type="stmt"/>
        <line num="1955" count="0" type="cond" truecount="0" falsecount="2"/>
        <line num="1956" count="0" type="stmt"/>
        <line num="1957" count="0" type="cond" truecount="0" falsecount="2"/>
        <line num="1958" count="0" type="stmt"/>
        <line num="1959" count="0" type="cond" truecount="0" falsecount="2"/>
        <line num="1960" count="0" type="stmt"/>
        <line num="1961" count="0" type="cond" truecount="0" falsecount="2"/>
        <line num="1962" count="0" type="stmt"/>
        <line num="1965" count="1" type="stmt"/>
        <line num="1968" count="1" type="cond" truecount="1" falsecount="1"/>
        <line num="1969" count="0" type="stmt"/>
        <line num="1970" count="1" type="cond" truecount="1" falsecount="1"/>
        <line num="1971" count="0" type="stmt"/>
        <line num="1972" count="1" type="cond" truecount="1" falsecount="1"/>
        <line num="1973" count="0" type="stmt"/>
        <line num="1974" count="1" type="cond" truecount="1" falsecount="1"/>
        <line num="1975" count="0" type="stmt"/>
        <line num="1976" count="1" type="cond" truecount="1" falsecount="1"/>
        <line num="1977" count="1" type="stmt"/>
        <line num="1978" count="0" type="cond" truecount="0" falsecount="2"/>
        <line num="1979" count="0" type="cond" truecount="0" falsecount="2"/>
        <line num="1980" count="0" type="stmt"/>
        <line num="1982" count="0" type="stmt"/>
        <line num="1984" count="0" type="cond" truecount="0" falsecount="2"/>
        <line num="1985" count="0" type="stmt"/>
        <line num="1986" count="0" type="cond" truecount="0" falsecount="2"/>
        <line num="1987" count="0" type="stmt"/>
        <line num="1990" count="1" type="stmt"/>
        <line num="1993" count="0" type="cond" truecount="0" falsecount="2"/>
        <line num="1994" count="0" type="stmt"/>
        <line num="1996" count="0" type="stmt"/>
        <line num="1999" count="0" type="stmt"/>
        <line num="2002" count="0" type="cond" truecount="0" falsecount="4"/>
        <line num="2003" count="0" type="stmt"/>
        <line num="2005" count="0" type="stmt"/>
        <line num="2008" count="0" type="stmt"/>
        <line num="2011" count="0" type="stmt"/>
        <line num="2016" count="2" type="cond" truecount="1" falsecount="1"/>
        <line num="2017" count="2" type="stmt"/>
        <line num="2022" count="3" type="cond" truecount="1" falsecount="1"/>
        <line num="2023" count="3" type="stmt"/>
        <line num="2024" count="3" type="stmt"/>
        <line num="2029" count="3" type="stmt"/>
        <line num="2031" count="3" type="cond" truecount="1" falsecount="1"/>
        <line num="2032" count="3" type="stmt"/>
        <line num="2033" count="3" type="stmt"/>
        <line num="2038" count="0" type="stmt"/>
        <line num="2039" count="0" type="stmt"/>
        <line num="2041" count="0" type="cond" truecount="0" falsecount="2"/>
        <line num="2042" count="0" type="stmt"/>
        <line num="2045" count="0" type="cond" truecount="0" falsecount="5"/>
        <line num="2046" count="0" type="stmt"/>
        <line num="2048" count="0" type="cond" truecount="0" falsecount="2"/>
        <line num="2049" count="0" type="stmt"/>
        <line num="2051" count="0" type="stmt"/>
        <line num="2057" count="0" type="cond" truecount="0" falsecount="2"/>
        <line num="2058" count="0" type="stmt"/>
        <line num="2061" count="0" type="stmt"/>
        <line num="2065" count="0" type="cond" truecount="0" falsecount="2"/>
        <line num="2066" count="0" type="stmt"/>
        <line num="2067" count="0" type="stmt"/>
        <line num="2072" count="0" type="stmt"/>
        <line num="2074" count="0" type="cond" truecount="0" falsecount="2"/>
        <line num="2075" count="0" type="stmt"/>
        <line num="2076" count="0" type="stmt"/>
        <line num="2081" count="0" type="cond" truecount="0" falsecount="2"/>
        <line num="2082" count="0" type="stmt"/>
        <line num="2083" count="0" type="stmt"/>
        <line num="2088" count="0" type="stmt"/>
        <line num="2090" count="0" type="cond" truecount="0" falsecount="2"/>
        <line num="2091" count="0" type="stmt"/>
        <line num="2092" count="0" type="stmt"/>
        <line num="2093" count="0" type="stmt"/>
        <line num="2098" count="0" type="stmt"/>
        <line num="2099" count="0" type="stmt"/>
        <line num="2100" count="0" type="stmt"/>
        <line num="2101" count="0" type="stmt"/>
        <line num="2105" count="0" type="stmt"/>
        <line num="2107" count="0" type="stmt"/>
        <line num="2108" count="0" type="stmt"/>
        <line num="2110" count="0" type="cond" truecount="0" falsecount="2"/>
        <line num="2111" count="0" type="stmt"/>
        <line num="2112" count="0" type="stmt"/>
        <line num="2113" count="0" type="stmt"/>
        <line num="2116" count="0" type="cond" truecount="0" falsecount="2"/>
        <line num="2117" count="0" type="stmt"/>
        <line num="2125" count="9" type="stmt"/>
        <line num="2127" count="9" type="cond" truecount="4" falsecount="6"/>
        <line num="2129" count="0" type="cond" truecount="0" falsecount="7"/>
[...]
        <line num="1977" count="0" type="cond" truecount="0" falsecount="2"/>
        <line num="1978" count="0" type="stmt"/>
        <line num="1979" count="0" type="stmt"/>
        <line num="1980" count="0" type="stmt"/>
        <line num="1981" count="0" type="stmt"/>
        <line num="1982" count="0" type="cond" truecount="0" falsecount="2"/>
        <line num="1983" count="0" type="stmt"/>
        <line num="1984" count="0" type="stmt"/>
        <line num="1985" count="0" type="stmt"/>
        <line num="1986" count="0" type="stmt"/>
        <line num="1988" count="0" type="stmt"/>
        <line num="1995" count="0" type="cond" truecount="0" falsecount="2"/>
        <line num="1996" count="0" type="stmt"/>
        <line num="1999" count="0" type="cond" truecount="0" falsecount="2"/>
        <line num="2000" count="0" type="stmt"/>
        <line num="2001" count="0" type="stmt"/>
        <line num="2002" count="0" type="cond" truecount="0" falsecount="2"/>
        <line num="2003" count="0" type="stmt"/>
        <line num="2004" count="0" type="stmt"/>
        <line num="2005" count="0" type="stmt"/>
        <line num="2006" count="0" type="stmt"/>
        <line num="2008" count="0" type="stmt"/>
        <line num="2009" count="0" type="stmt"/>
        <line num="2016" count="0" type="cond" truecount="0" falsecount="2"/>
        <line num="2017" count="0" type="stmt"/>
        <line num="2018" count="0" type="stmt"/>
        <line num="2019" count="0" type="cond" truecount="0" falsecount="2"/>
        <line num="2020" count="0" type="stmt"/>
        <line num="2021" count="0" type="cond" truecount="0" falsecount="2"/>
        <line num="2022" count="0" type="stmt"/>
        <line num="2023" count="0" type="stmt"/>
        <line num="2030" count="0" type="cond" truecount="0" falsecount="2"/>
        <line num="2031" count="0" type="stmt"/>
        <line num="2032" count="0" type="cond" truecount="0" falsecount="2"/>
        <line num="2033" count="0" type="stmt"/>
        <line num="2034" count="0" type="stmt"/>
        <line num="2036" count="0" type="stmt"/>
        <line num="2043" count="0" type="cond" truecount="0" falsecount="2"/>
        <line num="2044" count="0" type="stmt"/>
        <line num="2046" count="0" type="stmt"/>
        <line num="2047" count="0" type="stmt"/>
        <line num="2054" count="0" type="cond" truecount="0" falsecount="2"/>
        <line num="2055" count="0" type="stmt"/>
        <line num="2056" count="0" type="cond" truecount="0" falsecount="2"/>
        <line num="2057" count="0" type="stmt"/>
        <line num="2059" count="0" type="stmt"/>
        <line num="2060" count="0" type="stmt"/>
        <line num="2067" count="0" type="stmt"/>
        <line num="2069" count="0" type="cond" truecount="0" falsecount="2"/>
        <line num="2070" count="0" type="stmt"/>
        <line num="2071" count="0" type="stmt"/>
        <line num="2072" count="0" type="cond" truecount="0" falsecount="2"/>
        <line num="2073" count="0" type="stmt"/>
        <line num="2075" count="0" type="stmt"/>
        <line num="2076" count="0" type="stmt"/>
        <line num="2083" count="0" type="stmt"/>
        <line num="2087" count="0" type="cond" truecount="0" falsecount="2"/>
        <line num="2088" count="0" type="stmt"/>
        <line num="2089" count="0" type="cond" truecount="0" falsecount="2"/>
        <line num="2091" count="0" type="stmt"/>
        <line num="2093" count="0" type="cond" truecount="0" falsecount="2"/>
        <line num="2094" count="0" type="cond" truecount="0" falsecount="2"/>
        <line num="2095" count="0" type="stmt"/>
        <line num="2098" count="0" type="stmt"/>
        <line num="2101" count="0" type="stmt"/>
        <line num="2102" count="0" type="stmt"/>
        <line num="2104" count="0" type="stmt"/>
        <line num="2105" count="0" type="stmt"/>
        <line num="2112" count="0" type="cond" truecount="0" falsecount="2"/>
        <line num="2113" count="0" type="cond" truecount="0" falsecount="2"/>
        <line num="2114" count="0" type="stmt"/>
        <line num="2116" count="0" type="stmt"/>
        <line num="2119" count="0" type="cond" truecount="0" falsecount="2"/>
        <line num="2120" count="0" type="stmt"/>
        <line num="2123" count="0" type="stmt"/>
        <line num="2130" count="0" type="stmt"/>
        <line num="2132" count="0" type="cond" truecount="0" falsecount="4"/>
        <line num="2133" count="0" type="stmt"/>
        <line num="2134" count="0" type="stmt"/>
        <line num="2136" count="0" type="stmt"/>
        <line num="2143" count="0" type="cond" truecount="0" falsecount="2"/>
        <line num="2144" count="0" type="stmt"/>
        <line num="2146" count="0" type="stmt"/>
        <line num="2147" count="0" type="stmt"/>
        <line num="2148" count="0" type="stmt"/>
        <line num="2155" count="0" type="cond" truecount="0" falsecount="2"/>
        <line num="2156" count="0" type="stmt"/>
        <line num="2158" count="0" type="stmt"/>
        <line num="2159" count="0" type="stmt"/>
        <line num="2160" count="0" type="stmt"/>
        <line num="2167" count="0" type="cond" truecount="0" falsecount="2"/>
        <line num="2168" count="0" type="stmt"/>
        <line num="2169" count="0" type="cond" truecount="0" falsecount="2"/>
        <line num="2170" count="0" type="stmt"/>
        <line num="2171" count="0" type="cond" truecount="0" falsecount="2"/>
        <line num="2172" count="0" type="stmt"/>
        <line num="2173" count="0" type="cond" truecount="0" falsecount="2"/>
        <line num="2174" count="0" type="stmt"/>
        <line num="2176" count="0" type="stmt"/>
        <line num="2177" count="0" type="stmt"/>
        <line num="2184" count="0" type="cond" truecount="0" falsecount="2"/>
        <line num="2185" count="0" type="stmt"/>
        <line num="2186" count="0" type="cond" truecount="0" falsecount="2"/>
        <line num="2187" count="0" type="stmt"/>
        <line num="2189" count="0" type="stmt"/>
        <line num="2190" count="0" type="stmt"/>
        <line num="2197" count="0" type="cond" truecount="0" falsecount="2"/>
        <line num="2198" count="0" type="stmt"/>
        <line num="2199" count="0" type="stmt"/>
        <line num="2200" count="0" type="cond" truecount="0" falsecount="2"/>
        <line num="2201" count="0" type="stmt"/>
        <line num="2202" count="0" type="stmt"/>
        <line num="2203" count="0" type="cond" truecount="0" falsecount="2"/>
        <line num="2204" count="0" type="stmt"/>
        <line num="2205" count="0" type="stmt"/>
        <line num="2206" count="0" type="cond" truecount="0" falsecount="2"/>
        <line num="2207" count="0" type="stmt"/>
        <line num="2208" count="0" type="cond" truecount="0" falsecount="2"/>
        <line num="2212" count="0" type="stmt"/>
        <line num="2214" count="0" type="stmt"/>
        <line num="2216" count="0" type="cond" truecount="0" falsecount="2"/>
        <line num="2217" count="0" type="stmt"/>
        <line num="2221" count="0" type="stmt"/>
        <line num="2223" count="0" type="stmt"/>
        <line num="2224" count="0" type="stmt"/>
        <line num="2229" count="2" type="stmt"/>
        <line num="2230" count="2" type="stmt"/>
        <line num="2231" count="2" type="stmt"/>
        <line num="2232" count="2" type="stmt"/>
        <line num="2233" count="2" type="stmt"/>
        <line num="2234" count="2" type="stmt"/>
        <line num="2235" count="2" type="stmt"/>
        <line num="2236" count="2" type="stmt"/>
        <line num="2237" count="2" type="stmt"/>
        <line num="2240" count="2" type="stmt"/>
        <line num="2249" count="2" type="stmt"/>
        <line num="2251" count="0" type="stmt"/>
        <line num="2252" count="0" type="cond" truecount="0" falsecount="2"/>
        <line num="2254" count="0" type="stmt"/>
        <line num="2258" count="0" type="stmt"/>
        <line num="2261" count="2" type="stmt"/>
      </file>
      <file name="named-entity-data.js" path="/Users/fabianrios/Workspace/metalshub/html-eslint/packages/parser/lib/tokenizer/named-entity-data.js">
        <metrics statements="1" coveredstatements="1" conditionals="0" coveredconditionals="0" methods="0" coveredmethods="0"/>
        <line num="5" count="2" type="stmt"/>
      </file>
      <file name="preprocessor.js" path="/Users/fabianrios/Workspace/metalshub/html-eslint/packages/parser/lib/tokenizer/preprocessor.js">
        <metrics statements="69" coveredstatements="34" conditionals="34" coveredconditionals="13" methods="10" coveredmethods="5"/>
        <line num="3" count="2" type="stmt"/>
        <line num="4" count="2" type="stmt"/>
        <line num="7" count="2" type="stmt"/>
        <line num="10" count="2" type="stmt"/>
        <line num="17" count="8" type="stmt"/>
        <line num="19" count="8" type="stmt"/>
        <line num="20" count="8" type="stmt"/>
        <line num="21" count="8" type="stmt"/>
        <line num="23" count="8" type="stmt"/>
        <line num="25" count="8" type="stmt"/>
        <line num="27" count="8" type="stmt"/>
        <line num="28" count="8" type="stmt"/>
        <line num="29" count="8" type="stmt"/>
        <line num="37" count="0" type="stmt"/>
        <line num="38" count="0" type="stmt"/>
        <line num="43" count="0" type="cond" truecount="0" falsecount="2"/>
        <line num="44" count="0" type="stmt"/>
        <line num="46" count="0" type="cond" truecount="0" falsecount="2"/>
        <line num="48" count="0" type="stmt"/>
        <line num="51" count="0" type="stmt"/>
        <line num="53" count="0" type="stmt"/>
        <line num="58" count="0" type="cond" truecount="0" falsecount="2"/>
        <line num="59" count="0" type="stmt"/>
        <line num="60" count="0" type="stmt"/>
        <line num="64" count="0" type="stmt"/>
        <line num="66" count="0" type="stmt"/>
        <line num="70" count="261" type="cond" truecount="1" falsecount="1"/>
        <line num="71" count="0" type="stmt"/>
        <line num="72" count="0" type="stmt"/>
        <line num="73" count="0" type="stmt"/>
        <line num="74" count="0" type="stmt"/>
        <line num="75" count="0" type="stmt"/>
        <line num="80" count="8" type="cond" truecount="1" falsecount="1"/>
        <line num="81" count="0" type="stmt"/>
        <line num="83" count="8" type="stmt"/>
        <line num="86" count="8" type="stmt"/>
        <line num="87" count="8" type="stmt"/>
        <line num="88" count="8" type="stmt"/>
        <line num="92" count="0" type="stmt"/>
        <line num="97" count="0" type="stmt"/>
        <line num="98" count="0" type="stmt"/>
        <line num="102" count="572" type="stmt"/>
        <line num="104" count="572" type="cond" truecount="2" falsecount="0"/>
        <line num="105" count="8" type="stmt"/>
        <line num="106" count="8" type="stmt"/>
        <line num="109" count="564" type="stmt"/>
        <line num="113" count="564" type="cond" truecount="2" falsecount="2"/>
        <line num="114" count="0" type="stmt"/>
        <line num="115" count="0" type="stmt"/>
        <line num="116" count="0" type="stmt"/>
        <line num="120" count="564" type="cond" truecount="1" falsecount="1"/>
        <line num="121" count="0" type="stmt"/>
        <line num="122" count="0" type="stmt"/>
        <line num="125" count="564" type="stmt"/>
        <line num="127" count="564" type="cond" truecount="1" falsecount="1"/>
        <line num="128" count="0" type="stmt"/>
        <line num="135" count="564" type="cond" truecount="3" falsecount="3"/>
        <line num="140" count="564" type="cond" truecount="1" falsecount="1"/>
        <line num="141" count="0" type="stmt"/>
        <line num="144" count="564" type="stmt"/>
        <line num="148" count="0" type="cond" truecount="0" falsecount="2"/>
        <line num="149" count="0" type="stmt"/>
        <line num="150" count="0" type="cond" truecount="0" falsecount="2"/>
        <line num="151" count="0" type="stmt"/>
        <line num="156" count="39" type="cond" truecount="1" falsecount="1"/>
        <line num="157" count="0" type="stmt"/>
        <line num="158" count="0" type="stmt"/>
        <line num="161" count="39" type="stmt"/>
        <line num="165" count="2" type="stmt"/>
      </file>
    </package>
    <package name="lib.tree-adapters">
      <metrics statements="104" coveredstatements="70" conditionals="18" coveredconditionals="7" methods="34" coveredmethods="19"/>
      <file name="default.js" path="/Users/fabianrios/Workspace/metalshub/html-eslint/packages/parser/lib/tree-adapters/default.js">
        <metrics statements="104" coveredstatements="70" conditionals="18" coveredconditionals="7" methods="34" coveredmethods="19"/>
        <line num="3" count="2" type="stmt"/>
        <line num="4" count="2" type="stmt"/>
        <line num="7" count="2" type="stmt"/>
        <line num="8" count="8" type="stmt"/>
        <line num="18" count="2" type="stmt"/>
        <line num="19" count="1" type="stmt"/>
        <line num="25" count="2" type="stmt"/>
        <line num="26" count="36" type="stmt"/>
        <line num="36" count="2" type="stmt"/>
        <line num="37" count="2" type="stmt"/>
        <line num="44" count="2" type="stmt"/>
        <line num="45" count="24" type="stmt"/>
        <line num="53" count="2" type="stmt"/>
        <line num="54" count="64" type="stmt"/>
        <line num="55" count="64" type="stmt"/>
        <line num="58" count="2" type="stmt"/>
        <line num="63" count="0" type="stmt"/>
        <line num="65" count="0" type="stmt"/>
        <line num="66" count="0" type="stmt"/>
        <line num="69" count="2" type="stmt"/>
        <line num="70" count="1" type="stmt"/>
        <line num="73" count="2" type="stmt"/>
        <line num="74" count="3" type="stmt"/>
        <line num="77" count="2" type="stmt"/>
        <line num="78" count="2" type="stmt"/>
        <line num="80" count="2" type="stmt"/>
        <line num="81" count="0" type="cond" truecount="0" falsecount="2"/>
        <line num="82" count="0" type="stmt"/>
        <line num="83" count="0" type="stmt"/>
        <line num="87" count="2" type="cond" truecount="1" falsecount="1"/>
        <line num="88" count="0" type="stmt"/>
        <line num="89" count="0" type="stmt"/>
        <line num="90" count="0" type="stmt"/>
        <line num="92" count="2" type="stmt"/>
        <line num="101" count="2" type="stmt"/>
        <line num="102" count="8" type="stmt"/>
        <line num="105" count="2" type="stmt"/>
        <line num="106" count="2" type="stmt"/>
        <line num="109" count="2" type="stmt"/>
        <line num="110" count="0" type="cond" truecount="0" falsecount="2"/>
        <line num="111" count="0" type="stmt"/>
        <line num="113" count="0" type="stmt"/>
        <line num="114" count="0" type="stmt"/>
        <line num="118" count="2" type="stmt"/>
        <line num="119" count="30" type="cond" truecount="2" falsecount="0"/>
        <line num="120" count="18" type="stmt"/>
        <line num="122" count="18" type="cond" truecount="2" falsecount="0"/>
        <line num="123" count="6" type="stmt"/>
        <line num="124" count="6" type="stmt"/>
        <line num="128" count="24" type="stmt"/>
        <line num="131" count="2" type="stmt"/>
        <line num="133" count="0" type="stmt"/>
        <line num="135" count="0" type="cond" truecount="0" falsecount="4"/>
        <line num="136" count="0" type="stmt"/>
        <line num="138" count="0" type="stmt"/>
        <line num="142" count="2" type="stmt"/>
        <line num="143" count="0" type="stmt"/>
        <line num="145" count="0" type="stmt"/>
        <line num="146" count="0" type="stmt"/>
        <line num="149" count="0" type="stmt"/>
        <line num="150" count="0" type="cond" truecount="0" falsecount="2"/>
        <line num="151" count="0" type="stmt"/>
        <line num="157" count="2" type="stmt"/>
        <line num="158" count="0" type="stmt"/>
        <line num="161" count="2" type="stmt"/>
        <line num="162" count="34" type="stmt"/>
        <line num="165" count="2" type="stmt"/>
        <line num="166" count="0" type="stmt"/>
        <line num="169" count="2" type="stmt"/>
        <line num="170" count="0" type="stmt"/>
        <line num="174" count="2" type="stmt"/>
        <line num="175" count="158" type="stmt"/>
        <line num="178" count="2" type="stmt"/>
        <line num="179" count="189" type="stmt"/>
        <line num="182" count="2" type="stmt"/>
        <line num="183" count="0" type="stmt"/>
        <line num="186" count="2" type="stmt"/>
        <line num="187" count="0" type="stmt"/>
        <line num="190" count="2" type="stmt"/>
        <line num="191" count="0" type="stmt"/>
        <line num="194" count="2" type="stmt"/>
        <line num="195" count="0" type="stmt"/>
        <line num="198" count="2" type="stmt"/>
        <line num="199" count="0" type="stmt"/>
        <line num="203" count="2" type="stmt"/>
        <line num="204" count="0" type="stmt"/>
        <line num="207" count="2" type="stmt"/>
        <line num="208" count="0" type="stmt"/>
        <line num="211" count="2" type="stmt"/>
        <line num="212" count="2" type="stmt"/>
        <line num="215" count="2" type="stmt"/>
        <line num="216" count="0" type="stmt"/>
        <line num="220" count="2" type="stmt"/>
        <line num="221" count="65" type="stmt"/>
        <line num="224" count="2" type="stmt"/>
        <line num="225" count="85" type="stmt"/>
        <line num="228" count="2" type="stmt"/>
        <line num="229" count="42" type="stmt"/>
        <line num="230" count="42" type="stmt"/>
        <line num="231" count="42" type="stmt"/>
        <line num="232" count="42" type="stmt"/>
        <line num="233" count="42" type="stmt"/>
        <line num="234" count="42" type="cond" truecount="2" falsecount="0"/>
        <line num="235" count="29" type="stmt"/>
      </file>
    </package>
    <package name="lib.utils">
      <metrics statements="23" coveredstatements="20" conditionals="8" coveredconditionals="3" methods="6" coveredmethods="5"/>
      <file name="merge-options.js" path="/Users/fabianrios/Workspace/metalshub/html-eslint/packages/parser/lib/utils/merge-options.js">
        <metrics statements="6" coveredstatements="6" conditionals="2" coveredconditionals="1" methods="3" coveredmethods="3"/>
        <line num="3" count="2" type="stmt"/>
        <line num="4" count="8" type="cond" truecount="1" falsecount="1"/>
        <line num="6" count="8" type="stmt"/>
        <line num="7" count="16" type="stmt"/>
        <line num="8" count="40" type="stmt"/>
        <line num="11" count="16" type="stmt"/>
      </file>
      <file name="mixin.js" path="/Users/fabianrios/Workspace/metalshub/html-eslint/packages/parser/lib/utils/mixin.js">
        <metrics statements="17" coveredstatements="14" conditionals="6" coveredconditionals="2" methods="3" coveredmethods="2"/>
        <line num="5" count="32" type="stmt"/>
        <line num="6" count="32" type="stmt"/>
        <line num="8" count="32" type="stmt"/>
        <line num="9" count="280" type="cond" truecount="1" falsecount="1"/>
        <line num="10" count="280" type="stmt"/>
        <line num="11" count="280" type="stmt"/>
        <line num="17" count="0" type="stmt"/>
        <line num="21" count="2" type="stmt"/>
        <line num="22" count="32" type="cond" truecount="1" falsecount="1"/>
        <line num="23" count="32" type="stmt"/>
        <line num="26" count="32" type="stmt"/>
        <line num="27" count="0" type="cond" truecount="0" falsecount="2"/>
        <line num="28" count="0" type="stmt"/>
        <line num="32" count="32" type="stmt"/>
        <line num="34" count="32" type="stmt"/>
        <line num="36" count="32" type="stmt"/>
        <line num="39" count="2" type="stmt"/>
      </file>
    </package>
  </project>
</coverage>
