{"/Users/fabianrios/Workspace/metalshub/html-eslint/packages/parser/lib/index.js": {"path":"/Users/fabianrios/Workspace/metalshub/html-eslint/packages/parser/lib/index.js","statementMap":{"0":{"start":{"line":1,"column":15},"end":{"line":1,"column":34}},"1":{"start":{"line":2,"column":24},"end":{"line":2,"column":49}},"2":{"start":{"line":3,"column":22},"end":{"line":3,"column":62}},"3":{"start":{"line":5,"column":0},"end":{"line":15,"column":2}},"4":{"start":{"line":6,"column":17},"end":{"line":6,"column":61}},"5":{"start":{"line":7,"column":24},"end":{"line":7,"column":43}},"6":{"start":{"line":8,"column":14},"end":{"line":8,"column":32}},"7":{"start":{"line":9,"column":16},"end":{"line":9,"column":42}},"8":{"start":{"line":10,"column":2},"end":{"line":14,"column":4}}},"fnMap":{"0":{"name":"parseForESLint","decl":{"start":{"line":5,"column":34},"end":{"line":5,"column":48}},"loc":{"start":{"line":5,"column":55},"end":{"line":15,"column":1}},"line":5}},"branchMap":{},"s":{"0":2,"1":2,"2":2,"3":2,"4":8,"5":8,"6":8,"7":8,"8":8},"f":{"0":8},"b":{},"_coverageSchema":"1a1c01bbd47fc00a2c39e90264f33305004495a9","hash":"dfdcfad05f7e3deb4ff40f998b6c2a0cdd884826"}
,"/Users/fabianrios/Workspace/metalshub/html-eslint/packages/parser/lib/visitor-keys.js": {"path":"/Users/fabianrios/Workspace/metalshub/html-eslint/packages/parser/lib/visitor-keys.js","statementMap":{"0":{"start":{"line":1,"column":20},"end":{"line":7,"column":1}},"1":{"start":{"line":9,"column":0},"end":{"line":11,"column":2}}},"fnMap":{},"branchMap":{},"s":{"0":2,"1":2},"f":{},"b":{},"_coverageSchema":"1a1c01bbd47fc00a2c39e90264f33305004495a9","hash":"8aec1d37f6dc5f81f70b5c27c4e1cf16a851f1d0"}
,"/Users/fabianrios/Workspace/metalshub/html-eslint/packages/parser/lib/common/doctype.js": {"path":"/Users/fabianrios/Workspace/metalshub/html-eslint/packages/parser/lib/common/doctype.js","statementMap":{"0":{"start":{"line":3,"column":26},"end":{"line":3,"column":43}},"1":{"start":{"line":6,"column":27},"end":{"line":6,"column":33}},"2":{"start":{"line":7,"column":24},"end":{"line":7,"column":45}},"3":{"start":{"line":9,"column":2},"end":{"line":9,"column":62}},"4":{"start":{"line":11,"column":39},"end":{"line":67,"column":1}},"5":{"start":{"line":69,"column":52},"end":{"line":71,"column":1}},"6":{"start":{"line":73,"column":31},"end":{"line":77,"column":1}},"7":{"start":{"line":78,"column":42},"end":{"line":81,"column":1}},"8":{"start":{"line":83,"column":57},"end":{"line":85,"column":1}},"9":{"start":{"line":89,"column":16},"end":{"line":89,"column":50}},"10":{"start":{"line":91,"column":2},"end":{"line":91,"column":28}},"11":{"start":{"line":95,"column":2},"end":{"line":99,"column":3}},"12":{"start":{"line":95,"column":15},"end":{"line":95,"column":16}},"13":{"start":{"line":96,"column":4},"end":{"line":98,"column":5}},"14":{"start":{"line":97,"column":6},"end":{"line":97,"column":18}},"15":{"start":{"line":101,"column":2},"end":{"line":101,"column":15}},"16":{"start":{"line":105,"column":0},"end":{"line":111,"column":2}},"17":{"start":{"line":106,"column":2},"end":{"line":110,"column":4}},"18":{"start":{"line":113,"column":0},"end":{"line":153,"column":2}},"19":{"start":{"line":114,"column":2},"end":{"line":116,"column":3}},"20":{"start":{"line":115,"column":4},"end":{"line":115,"column":32}},"21":{"start":{"line":118,"column":19},"end":{"line":118,"column":33}},"22":{"start":{"line":120,"column":2},"end":{"line":122,"column":3}},"23":{"start":{"line":121,"column":4},"end":{"line":121,"column":32}},"24":{"start":{"line":124,"column":17},"end":{"line":124,"column":31}},"25":{"start":{"line":126,"column":2},"end":{"line":150,"column":3}},"26":{"start":{"line":127,"column":4},"end":{"line":127,"column":38}},"27":{"start":{"line":129,"column":4},"end":{"line":131,"column":5}},"28":{"start":{"line":130,"column":6},"end":{"line":130,"column":34}},"29":{"start":{"line":134,"column":6},"end":{"line":136,"column":40}},"30":{"start":{"line":138,"column":4},"end":{"line":140,"column":5}},"31":{"start":{"line":139,"column":6},"end":{"line":139,"column":34}},"32":{"start":{"line":142,"column":4},"end":{"line":145,"column":59}},"33":{"start":{"line":147,"column":4},"end":{"line":149,"column":5}},"34":{"start":{"line":148,"column":6},"end":{"line":148,"column":42}},"35":{"start":{"line":152,"column":2},"end":{"line":152,"column":33}},"36":{"start":{"line":155,"column":0},"end":{"line":173,"column":2}},"37":{"start":{"line":156,"column":12},"end":{"line":156,"column":23}},"38":{"start":{"line":158,"column":2},"end":{"line":160,"column":3}},"39":{"start":{"line":159,"column":4},"end":{"line":159,"column":16}},"40":{"start":{"line":162,"column":2},"end":{"line":166,"column":3}},"41":{"start":{"line":163,"column":4},"end":{"line":163,"column":51}},"42":{"start":{"line":164,"column":9},"end":{"line":166,"column":3}},"43":{"start":{"line":165,"column":4},"end":{"line":165,"column":21}},"44":{"start":{"line":168,"column":2},"end":{"line":170,"column":3}},"45":{"start":{"line":169,"column":4},"end":{"line":169,"column":44}},"46":{"start":{"line":172,"column":2},"end":{"line":172,"column":13}}},"fnMap":{"0":{"name":"enquoteDoctypeId","decl":{"start":{"line":88,"column":9},"end":{"line":88,"column":25}},"loc":{"start":{"line":88,"column":30},"end":{"line":92,"column":1}},"line":88},"1":{"name":"hasPrefix","decl":{"start":{"line":94,"column":9},"end":{"line":94,"column":18}},"loc":{"start":{"line":94,"column":39},"end":{"line":102,"column":1}},"line":94},"2":{"name":"(anonymous_2)","decl":{"start":{"line":105,"column":23},"end":{"line":105,"column":24}},"loc":{"start":{"line":105,"column":40},"end":{"line":111,"column":1}},"line":105},"3":{"name":"(anonymous_3)","decl":{"start":{"line":113,"column":26},"end":{"line":113,"column":27}},"loc":{"start":{"line":113,"column":43},"end":{"line":153,"column":1}},"line":113},"4":{"name":"(anonymous_4)","decl":{"start":{"line":155,"column":27},"end":{"line":155,"column":28}},"loc":{"start":{"line":155,"column":63},"end":{"line":173,"column":1}},"line":155}},"branchMap":{"0":{"loc":{"start":{"line":89,"column":16},"end":{"line":89,"column":50}},"type":"cond-expr","locations":[{"start":{"line":89,"column":41},"end":{"line":89,"column":44}},{"start":{"line":89,"column":47},"end":{"line":89,"column":50}}],"line":89},"1":{"loc":{"start":{"line":96,"column":4},"end":{"line":98,"column":5}},"type":"if","locations":[{"start":{"line":96,"column":4},"end":{"line":98,"column":5}},{"start":{"line":96,"column":4},"end":{"line":98,"column":5}}],"line":96},"2":{"loc":{"start":{"line":107,"column":4},"end":{"line":109,"column":67}},"type":"binary-expr","locations":[{"start":{"line":107,"column":4},"end":{"line":107,"column":37}},{"start":{"line":108,"column":4},"end":{"line":108,"column":27}},{"start":{"line":109,"column":5},"end":{"line":109,"column":28}},{"start":{"line":109,"column":32},"end":{"line":109,"column":66}}],"line":107},"3":{"loc":{"start":{"line":114,"column":2},"end":{"line":116,"column":3}},"type":"if","locations":[{"start":{"line":114,"column":2},"end":{"line":116,"column":3}},{"start":{"line":114,"column":2},"end":{"line":116,"column":3}}],"line":114},"4":{"loc":{"start":{"line":120,"column":2},"end":{"line":122,"column":3}},"type":"if","locations":[{"start":{"line":120,"column":2},"end":{"line":122,"column":3}},{"start":{"line":120,"column":2},"end":{"line":122,"column":3}}],"line":120},"5":{"loc":{"start":{"line":120,"column":6},"end":{"line":120,"column":66}},"type":"binary-expr","locations":[{"start":{"line":120,"column":6},"end":{"line":120,"column":14}},{"start":{"line":120,"column":18},"end":{"line":120,"column":66}}],"line":120},"6":{"loc":{"start":{"line":126,"column":2},"end":{"line":150,"column":3}},"type":"if","locations":[{"start":{"line":126,"column":2},"end":{"line":150,"column":3}},{"start":{"line":126,"column":2},"end":{"line":150,"column":3}}],"line":126},"7":{"loc":{"start":{"line":129,"column":4},"end":{"line":131,"column":5}},"type":"if","locations":[{"start":{"line":129,"column":4},"end":{"line":131,"column":5}},{"start":{"line":129,"column":4},"end":{"line":131,"column":5}}],"line":129},"8":{"loc":{"start":{"line":134,"column":6},"end":{"line":136,"column":40}},"type":"cond-expr","locations":[{"start":{"line":135,"column":10},"end":{"line":135,"column":53}},{"start":{"line":136,"column":10},"end":{"line":136,"column":40}}],"line":134},"9":{"loc":{"start":{"line":138,"column":4},"end":{"line":140,"column":5}},"type":"if","locations":[{"start":{"line":138,"column":4},"end":{"line":140,"column":5}},{"start":{"line":138,"column":4},"end":{"line":140,"column":5}}],"line":138},"10":{"loc":{"start":{"line":143,"column":6},"end":{"line":145,"column":58}},"type":"cond-expr","locations":[{"start":{"line":144,"column":10},"end":{"line":144,"column":43}},{"start":{"line":145,"column":10},"end":{"line":145,"column":58}}],"line":143},"11":{"loc":{"start":{"line":147,"column":4},"end":{"line":149,"column":5}},"type":"if","locations":[{"start":{"line":147,"column":4},"end":{"line":149,"column":5}},{"start":{"line":147,"column":4},"end":{"line":149,"column":5}}],"line":147},"12":{"loc":{"start":{"line":158,"column":2},"end":{"line":160,"column":3}},"type":"if","locations":[{"start":{"line":158,"column":2},"end":{"line":160,"column":3}},{"start":{"line":158,"column":2},"end":{"line":160,"column":3}}],"line":158},"13":{"loc":{"start":{"line":162,"column":2},"end":{"line":166,"column":3}},"type":"if","locations":[{"start":{"line":162,"column":2},"end":{"line":166,"column":3}},{"start":{"line":162,"column":2},"end":{"line":166,"column":3}}],"line":162},"14":{"loc":{"start":{"line":164,"column":9},"end":{"line":166,"column":3}},"type":"if","locations":[{"start":{"line":164,"column":9},"end":{"line":166,"column":3}},{"start":{"line":164,"column":9},"end":{"line":166,"column":3}}],"line":164},"15":{"loc":{"start":{"line":168,"column":2},"end":{"line":170,"column":3}},"type":"if","locations":[{"start":{"line":168,"column":2},"end":{"line":170,"column":3}},{"start":{"line":168,"column":2},"end":{"line":170,"column":3}}],"line":168}},"s":{"0":2,"1":2,"2":2,"3":2,"4":2,"5":2,"6":2,"7":2,"8":2,"9":0,"10":0,"11":0,"12":0,"13":0,"14":0,"15":0,"16":2,"17":2,"18":2,"19":2,"20":0,"21":2,"22":2,"23":0,"24":2,"25":2,"26":0,"27":0,"28":0,"29":0,"30":0,"31":0,"32":0,"33":0,"34":0,"35":2,"36":2,"37":0,"38":0,"39":0,"40":0,"41":0,"42":0,"43":0,"44":0,"45":0,"46":0},"f":{"0":0,"1":0,"2":2,"3":2,"4":0},"b":{"0":[0,0],"1":[0,0],"2":[2,2,2,0],"3":[0,2],"4":[0,2],"5":[2,0],"6":[0,2],"7":[0,0],"8":[0,0],"9":[0,0],"10":[0,0],"11":[0,0],"12":[0,0],"13":[0,0],"14":[0,0],"15":[0,0]},"_coverageSchema":"1a1c01bbd47fc00a2c39e90264f33305004495a9","hash":"5be5b20fb2c0dd9acae2e1b959d24e867557d0d6"}
,"/Users/fabianrios/Workspace/metalshub/html-eslint/packages/parser/lib/common/error-codes.js": {"path":"/Users/fabianrios/Workspace/metalshub/html-eslint/packages/parser/lib/common/error-codes.js","statementMap":{"0":{"start":{"line":3,"column":0},"end":{"line":80,"column":2}}},"fnMap":{},"branchMap":{},"s":{"0":2},"f":{},"b":{},"_coverageSchema":"1a1c01bbd47fc00a2c39e90264f33305004495a9","hash":"fceb765ea98fd00032bdaba5f4fbe9c0291c4e25"}
,"/Users/fabianrios/Workspace/metalshub/html-eslint/packages/parser/lib/common/foreign-content.js": {"path":"/Users/fabianrios/Workspace/metalshub/html-eslint/packages/parser/lib/common/foreign-content.js","statementMap":{"0":{"start":{"line":3,"column":18},"end":{"line":3,"column":41}},"1":{"start":{"line":4,"column":13},"end":{"line":4,"column":30}},"2":{"start":{"line":7,"column":10},"end":{"line":7,"column":24}},"3":{"start":{"line":8,"column":11},"end":{"line":8,"column":26}},"4":{"start":{"line":9,"column":14},"end":{"line":9,"column":24}},"5":{"start":{"line":12,"column":19},"end":{"line":15,"column":1}},"6":{"start":{"line":18,"column":28},"end":{"line":18,"column":43}},"7":{"start":{"line":19,"column":37},"end":{"line":19,"column":52}},"8":{"start":{"line":20,"column":33},"end":{"line":79,"column":1}},"9":{"start":{"line":81,"column":33},"end":{"line":94,"column":1}},"10":{"start":{"line":97,"column":38},"end":{"line":134,"column":1}},"11":{"start":{"line":137,"column":30},"end":{"line":182,"column":1}},"12":{"start":{"line":185,"column":0},"end":{"line":194,"column":2}},"13":{"start":{"line":186,"column":13},"end":{"line":186,"column":34}},"14":{"start":{"line":188,"column":4},"end":{"line":191,"column":65}},"15":{"start":{"line":193,"column":2},"end":{"line":193,"column":60}},"16":{"start":{"line":197,"column":0},"end":{"line":204,"column":2}},"17":{"start":{"line":198,"column":2},"end":{"line":203,"column":3}},"18":{"start":{"line":198,"column":15},"end":{"line":198,"column":16}},"19":{"start":{"line":199,"column":4},"end":{"line":202,"column":5}},"20":{"start":{"line":200,"column":6},"end":{"line":200,"column":57}},"21":{"start":{"line":201,"column":6},"end":{"line":201,"column":12}},"22":{"start":{"line":206,"column":0},"end":{"line":214,"column":2}},"23":{"start":{"line":207,"column":2},"end":{"line":213,"column":3}},"24":{"start":{"line":207,"column":15},"end":{"line":207,"column":16}},"25":{"start":{"line":208,"column":29},"end":{"line":208,"column":74}},"26":{"start":{"line":210,"column":4},"end":{"line":212,"column":5}},"27":{"start":{"line":211,"column":6},"end":{"line":211,"column":45}},"28":{"start":{"line":216,"column":0},"end":{"line":226,"column":2}},"29":{"start":{"line":217,"column":2},"end":{"line":225,"column":3}},"30":{"start":{"line":217,"column":15},"end":{"line":217,"column":16}},"31":{"start":{"line":218,"column":30},"end":{"line":218,"column":75}},"32":{"start":{"line":220,"column":4},"end":{"line":224,"column":5}},"33":{"start":{"line":221,"column":6},"end":{"line":221,"column":55}},"34":{"start":{"line":222,"column":6},"end":{"line":222,"column":51}},"35":{"start":{"line":223,"column":6},"end":{"line":223,"column":61}},"36":{"start":{"line":228,"column":0},"end":{"line":234,"column":2}},"37":{"start":{"line":229,"column":26},"end":{"line":229,"column":69}},"38":{"start":{"line":231,"column":2},"end":{"line":233,"column":3}},"39":{"start":{"line":232,"column":4},"end":{"line":232,"column":36}},"40":{"start":{"line":238,"column":2},"end":{"line":241,"column":4}},"41":{"start":{"line":245,"column":2},"end":{"line":255,"column":3}},"42":{"start":{"line":246,"column":4},"end":{"line":254,"column":5}},"43":{"start":{"line":246,"column":17},"end":{"line":246,"column":18}},"44":{"start":{"line":247,"column":6},"end":{"line":253,"column":7}},"45":{"start":{"line":248,"column":22},"end":{"line":248,"column":50}},"46":{"start":{"line":250,"column":8},"end":{"line":252,"column":10}},"47":{"start":{"line":257,"column":2},"end":{"line":260,"column":4}},"48":{"start":{"line":263,"column":0},"end":{"line":279,"column":2}},"49":{"start":{"line":264,"column":2},"end":{"line":269,"column":3}},"50":{"start":{"line":268,"column":4},"end":{"line":268,"column":16}},"51":{"start":{"line":271,"column":2},"end":{"line":276,"column":3}},"52":{"start":{"line":275,"column":4},"end":{"line":275,"column":16}},"53":{"start":{"line":278,"column":2},"end":{"line":278,"column":15}}},"fnMap":{"0":{"name":"(anonymous_0)","decl":{"start":{"line":185,"column":21},"end":{"line":185,"column":22}},"loc":{"start":{"line":185,"column":46},"end":{"line":194,"column":1}},"line":185},"1":{"name":"(anonymous_1)","decl":{"start":{"line":197,"column":33},"end":{"line":197,"column":34}},"loc":{"start":{"line":197,"column":50},"end":{"line":204,"column":1}},"line":197},"2":{"name":"(anonymous_2)","decl":{"start":{"line":206,"column":30},"end":{"line":206,"column":31}},"loc":{"start":{"line":206,"column":47},"end":{"line":214,"column":1}},"line":206},"3":{"name":"(anonymous_3)","decl":{"start":{"line":216,"column":30},"end":{"line":216,"column":31}},"loc":{"start":{"line":216,"column":47},"end":{"line":226,"column":1}},"line":216},"4":{"name":"(anonymous_4)","decl":{"start":{"line":228,"column":32},"end":{"line":228,"column":33}},"loc":{"start":{"line":228,"column":49},"end":{"line":234,"column":1}},"line":228},"5":{"name":"isMathMLTextIntegrationPoint","decl":{"start":{"line":237,"column":9},"end":{"line":237,"column":37}},"loc":{"start":{"line":237,"column":46},"end":{"line":242,"column":1}},"line":237},"6":{"name":"isHtmlIntegrationPoint","decl":{"start":{"line":244,"column":9},"end":{"line":244,"column":31}},"loc":{"start":{"line":244,"column":47},"end":{"line":261,"column":1}},"line":244},"7":{"name":"(anonymous_7)","decl":{"start":{"line":263,"column":29},"end":{"line":263,"column":30}},"loc":{"start":{"line":263,"column":65},"end":{"line":279,"column":1}},"line":263}},"branchMap":{"0":{"loc":{"start":{"line":188,"column":4},"end":{"line":191,"column":65}},"type":"binary-expr","locations":[{"start":{"line":188,"column":4},"end":{"line":188,"column":17}},{"start":{"line":189,"column":5},"end":{"line":189,"column":64}},{"start":{"line":190,"column":6},"end":{"line":190,"column":64}},{"start":{"line":191,"column":6},"end":{"line":191,"column":64}}],"line":188},"1":{"loc":{"start":{"line":193,"column":9},"end":{"line":193,"column":59}},"type":"cond-expr","locations":[{"start":{"line":193,"column":27},"end":{"line":193,"column":31}},{"start":{"line":193,"column":34},"end":{"line":193,"column":59}}],"line":193},"2":{"loc":{"start":{"line":199,"column":4},"end":{"line":202,"column":5}},"type":"if","locations":[{"start":{"line":199,"column":4},"end":{"line":202,"column":5}},{"start":{"line":199,"column":4},"end":{"line":202,"column":5}}],"line":199},"3":{"loc":{"start":{"line":210,"column":4},"end":{"line":212,"column":5}},"type":"if","locations":[{"start":{"line":210,"column":4},"end":{"line":212,"column":5}},{"start":{"line":210,"column":4},"end":{"line":212,"column":5}}],"line":210},"4":{"loc":{"start":{"line":220,"column":4},"end":{"line":224,"column":5}},"type":"if","locations":[{"start":{"line":220,"column":4},"end":{"line":224,"column":5}},{"start":{"line":220,"column":4},"end":{"line":224,"column":5}}],"line":220},"5":{"loc":{"start":{"line":231,"column":2},"end":{"line":233,"column":3}},"type":"if","locations":[{"start":{"line":231,"column":2},"end":{"line":233,"column":3}},{"start":{"line":231,"column":2},"end":{"line":233,"column":3}}],"line":231},"6":{"loc":{"start":{"line":239,"column":4},"end":{"line":240,"column":80}},"type":"binary-expr","locations":[{"start":{"line":239,"column":4},"end":{"line":239,"column":20}},{"start":{"line":240,"column":5},"end":{"line":240,"column":16}},{"start":{"line":240,"column":20},"end":{"line":240,"column":31}},{"start":{"line":240,"column":35},"end":{"line":240,"column":46}},{"start":{"line":240,"column":50},"end":{"line":240,"column":61}},{"start":{"line":240,"column":65},"end":{"line":240,"column":79}}],"line":239},"7":{"loc":{"start":{"line":245,"column":2},"end":{"line":255,"column":3}},"type":"if","locations":[{"start":{"line":245,"column":2},"end":{"line":255,"column":3}},{"start":{"line":245,"column":2},"end":{"line":255,"column":3}}],"line":245},"8":{"loc":{"start":{"line":245,"column":6},"end":{"line":245,"column":49}},"type":"binary-expr","locations":[{"start":{"line":245,"column":6},"end":{"line":245,"column":22}},{"start":{"line":245,"column":26},"end":{"line":245,"column":49}}],"line":245},"9":{"loc":{"start":{"line":247,"column":6},"end":{"line":253,"column":7}},"type":"if","locations":[{"start":{"line":247,"column":6},"end":{"line":253,"column":7}},{"start":{"line":247,"column":6},"end":{"line":253,"column":7}}],"line":247},"10":{"loc":{"start":{"line":251,"column":10},"end":{"line":251,"column":80}},"type":"binary-expr","locations":[{"start":{"line":251,"column":10},"end":{"line":251,"column":40}},{"start":{"line":251,"column":44},"end":{"line":251,"column":80}}],"line":251},"11":{"loc":{"start":{"line":258,"column":4},"end":{"line":259,"column":64}},"type":"binary-expr","locations":[{"start":{"line":258,"column":4},"end":{"line":258,"column":17}},{"start":{"line":259,"column":5},"end":{"line":259,"column":28}},{"start":{"line":259,"column":32},"end":{"line":259,"column":45}},{"start":{"line":259,"column":49},"end":{"line":259,"column":63}}],"line":258},"12":{"loc":{"start":{"line":264,"column":2},"end":{"line":269,"column":3}},"type":"if","locations":[{"start":{"line":264,"column":2},"end":{"line":269,"column":3}},{"start":{"line":264,"column":2},"end":{"line":269,"column":3}}],"line":264},"13":{"loc":{"start":{"line":265,"column":4},"end":{"line":266,"column":41}},"type":"binary-expr","locations":[{"start":{"line":265,"column":5},"end":{"line":265,"column":15}},{"start":{"line":265,"column":19},"end":{"line":265,"column":40}},{"start":{"line":266,"column":4},"end":{"line":266,"column":41}}],"line":265},"14":{"loc":{"start":{"line":271,"column":2},"end":{"line":276,"column":3}},"type":"if","locations":[{"start":{"line":271,"column":2},"end":{"line":276,"column":3}},{"start":{"line":271,"column":2},"end":{"line":276,"column":3}}],"line":271},"15":{"loc":{"start":{"line":272,"column":4},"end":{"line":273,"column":40}},"type":"binary-expr","locations":[{"start":{"line":272,"column":5},"end":{"line":272,"column":15}},{"start":{"line":272,"column":19},"end":{"line":272,"column":42}},{"start":{"line":273,"column":4},"end":{"line":273,"column":40}}],"line":272}},"s":{"0":2,"1":2,"2":2,"3":2,"4":2,"5":2,"6":2,"7":2,"8":2,"9":2,"10":2,"11":2,"12":2,"13":0,"14":0,"15":0,"16":2,"17":0,"18":0,"19":0,"20":0,"21":0,"22":2,"23":0,"24":0,"25":0,"26":0,"27":0,"28":2,"29":0,"30":0,"31":0,"32":0,"33":0,"34":0,"35":0,"36":2,"37":0,"38":0,"39":0,"40":0,"41":0,"42":0,"43":0,"44":0,"45":0,"46":0,"47":0,"48":2,"49":0,"50":0,"51":0,"52":0,"53":0},"f":{"0":0,"1":0,"2":0,"3":0,"4":0,"5":0,"6":0,"7":0},"b":{"0":[0,0,0,0],"1":[0,0],"2":[0,0],"3":[0,0],"4":[0,0],"5":[0,0],"6":[0,0,0,0,0,0],"7":[0,0],"8":[0,0],"9":[0,0],"10":[0,0],"11":[0,0,0,0],"12":[0,0],"13":[0,0,0],"14":[0,0],"15":[0,0,0]},"_coverageSchema":"1a1c01bbd47fc00a2c39e90264f33305004495a9","hash":"5feb9a9cf73383c9f78dc2b6613de46480ed2657"}
,"/Users/fabianrios/Workspace/metalshub/html-eslint/packages/parser/lib/common/html.js": {"path":"/Users/fabianrios/Workspace/metalshub/html-eslint/packages/parser/lib/common/html.js","statementMap":{"0":{"start":{"line":3,"column":12},"end":{"line":10,"column":1}},"1":{"start":{"line":12,"column":0},"end":{"line":21,"column":2}},"2":{"start":{"line":23,"column":0},"end":{"line":27,"column":2}},"3":{"start":{"line":29,"column":11},"end":{"line":173,"column":1}},"4":{"start":{"line":175,"column":0},"end":{"line":272,"column":2}}},"fnMap":{},"branchMap":{},"s":{"0":2,"1":2,"2":2,"3":2,"4":2},"f":{},"b":{},"_coverageSchema":"1a1c01bbd47fc00a2c39e90264f33305004495a9","hash":"97b03eb347a0a63a82462e5a5fa6255c9b2be7cb"}
,"/Users/fabianrios/Workspace/metalshub/html-eslint/packages/parser/lib/common/location.js": {"path":"/Users/fabianrios/Workspace/metalshub/html-eslint/packages/parser/lib/common/location.js","statementMap":{"0":{"start":{"line":2,"column":2},"end":{"line":5,"column":3}},"1":{"start":{"line":3,"column":4},"end":{"line":3,"column":20}},"2":{"start":{"line":4,"column":4},"end":{"line":4,"column":11}},"3":{"start":{"line":16,"column":6},"end":{"line":16,"column":24}},"4":{"start":{"line":18,"column":2},"end":{"line":18,"column":28}},"5":{"start":{"line":19,"column":2},"end":{"line":19,"column":21}},"6":{"start":{"line":20,"column":2},"end":{"line":20,"column":17}},"7":{"start":{"line":21,"column":2},"end":{"line":30,"column":4}},"8":{"start":{"line":31,"column":2},"end":{"line":34,"column":3}},"9":{"start":{"line":32,"column":4},"end":{"line":32,"column":23}},"10":{"start":{"line":33,"column":4},"end":{"line":33,"column":48}},"11":{"start":{"line":35,"column":2},"end":{"line":38,"column":3}},"12":{"start":{"line":36,"column":4},"end":{"line":36,"column":21}},"13":{"start":{"line":37,"column":4},"end":{"line":37,"column":44}},"14":{"start":{"line":41,"column":0},"end":{"line":41,"column":48}}},"fnMap":{"0":{"name":"setNodeLocAndRange","decl":{"start":{"line":1,"column":9},"end":{"line":1,"column":27}},"loc":{"start":{"line":1,"column":54},"end":{"line":39,"column":1}},"line":1}},"branchMap":{"0":{"loc":{"start":{"line":2,"column":2},"end":{"line":5,"column":3}},"type":"if","locations":[{"start":{"line":2,"column":2},"end":{"line":5,"column":3}},{"start":{"line":2,"column":2},"end":{"line":5,"column":3}}],"line":2},"1":{"loc":{"start":{"line":31,"column":2},"end":{"line":34,"column":3}},"type":"if","locations":[{"start":{"line":31,"column":2},"end":{"line":34,"column":3}},{"start":{"line":31,"column":2},"end":{"line":34,"column":3}}],"line":31},"2":{"loc":{"start":{"line":35,"column":2},"end":{"line":38,"column":3}},"type":"if","locations":[{"start":{"line":35,"column":2},"end":{"line":38,"column":3}},{"start":{"line":35,"column":2},"end":{"line":38,"column":3}}],"line":35}},"s":{"0":157,"1":20,"2":20,"3":137,"4":137,"5":137,"6":137,"7":137,"8":137,"9":17,"10":17,"11":137,"12":29,"13":29,"14":2},"f":{"0":157},"b":{"0":[20,137],"1":[17,120],"2":[29,108]},"_coverageSchema":"1a1c01bbd47fc00a2c39e90264f33305004495a9","hash":"289275065c9f674bc298055f663b1b122e348e30"}
,"/Users/fabianrios/Workspace/metalshub/html-eslint/packages/parser/lib/common/unicode.js": {"path":"/Users/fabianrios/Workspace/metalshub/html-eslint/packages/parser/lib/common/unicode.js","statementMap":{"0":{"start":{"line":3,"column":30},"end":{"line":38,"column":1}},"1":{"start":{"line":40,"column":0},"end":{"line":40,"column":41}},"2":{"start":{"line":42,"column":0},"end":{"line":75,"column":2}},"3":{"start":{"line":77,"column":0},"end":{"line":84,"column":2}},"4":{"start":{"line":87,"column":0},"end":{"line":89,"column":2}},"5":{"start":{"line":88,"column":2},"end":{"line":88,"column":38}},"6":{"start":{"line":91,"column":0},"end":{"line":93,"column":2}},"7":{"start":{"line":92,"column":2},"end":{"line":92,"column":38}},"8":{"start":{"line":95,"column":0},"end":{"line":97,"column":2}},"9":{"start":{"line":96,"column":2},"end":{"line":96,"column":47}},"10":{"start":{"line":100,"column":0},"end":{"line":111,"column":2}},"11":{"start":{"line":101,"column":2},"end":{"line":110,"column":4}},"12":{"start":{"line":113,"column":0},"end":{"line":117,"column":2}},"13":{"start":{"line":114,"column":2},"end":{"line":116,"column":4}}},"fnMap":{"0":{"name":"(anonymous_0)","decl":{"start":{"line":87,"column":22},"end":{"line":87,"column":23}},"loc":{"start":{"line":87,"column":36},"end":{"line":89,"column":1}},"line":87},"1":{"name":"(anonymous_1)","decl":{"start":{"line":91,"column":26},"end":{"line":91,"column":27}},"loc":{"start":{"line":91,"column":40},"end":{"line":93,"column":1}},"line":91},"2":{"name":"(anonymous_2)","decl":{"start":{"line":95,"column":36},"end":{"line":95,"column":37}},"loc":{"start":{"line":95,"column":56},"end":{"line":97,"column":1}},"line":95},"3":{"name":"(anonymous_3)","decl":{"start":{"line":100,"column":29},"end":{"line":100,"column":30}},"loc":{"start":{"line":100,"column":43},"end":{"line":111,"column":1}},"line":100},"4":{"name":"(anonymous_4)","decl":{"start":{"line":113,"column":31},"end":{"line":113,"column":32}},"loc":{"start":{"line":113,"column":45},"end":{"line":117,"column":1}},"line":113}},"branchMap":{"0":{"loc":{"start":{"line":88,"column":9},"end":{"line":88,"column":37}},"type":"binary-expr","locations":[{"start":{"line":88,"column":9},"end":{"line":88,"column":21}},{"start":{"line":88,"column":25},"end":{"line":88,"column":37}}],"line":88},"1":{"loc":{"start":{"line":92,"column":9},"end":{"line":92,"column":37}},"type":"binary-expr","locations":[{"start":{"line":92,"column":9},"end":{"line":92,"column":21}},{"start":{"line":92,"column":25},"end":{"line":92,"column":37}}],"line":92},"2":{"loc":{"start":{"line":102,"column":4},"end":{"line":109,"column":30}},"type":"binary-expr","locations":[{"start":{"line":102,"column":5},"end":{"line":102,"column":16}},{"start":{"line":103,"column":6},"end":{"line":103,"column":17}},{"start":{"line":104,"column":6},"end":{"line":104,"column":17}},{"start":{"line":105,"column":6},"end":{"line":105,"column":17}},{"start":{"line":106,"column":6},"end":{"line":106,"column":17}},{"start":{"line":107,"column":6},"end":{"line":107,"column":16}},{"start":{"line":108,"column":6},"end":{"line":108,"column":16}},{"start":{"line":109,"column":5},"end":{"line":109,"column":15}},{"start":{"line":109,"column":19},"end":{"line":109,"column":29}}],"line":102},"3":{"loc":{"start":{"line":115,"column":4},"end":{"line":115,"column":76}},"type":"binary-expr","locations":[{"start":{"line":115,"column":5},"end":{"line":115,"column":17}},{"start":{"line":115,"column":21},"end":{"line":115,"column":33}},{"start":{"line":115,"column":38},"end":{"line":115,"column":76}}],"line":115}},"s":{"0":2,"1":2,"2":2,"3":2,"4":2,"5":564,"6":2,"7":0,"8":2,"9":0,"10":2,"11":0,"12":2,"13":0},"f":{"0":564,"1":0,"2":0,"3":0,"4":0},"b":{"0":[564,0],"1":[0,0],"2":[0,0,0,0,0,0,0,0,0],"3":[0,0,0]},"_coverageSchema":"1a1c01bbd47fc00a2c39e90264f33305004495a9","hash":"8dc1e4b58cff757400a55caa6515b6dc806137b9"}
,"/Users/fabianrios/Workspace/metalshub/html-eslint/packages/parser/lib/extensions/error-reporting/mixin-base.js": {"path":"/Users/fabianrios/Workspace/metalshub/html-eslint/packages/parser/lib/extensions/error-reporting/mixin-base.js","statementMap":{"0":{"start":{"line":3,"column":14},"end":{"line":3,"column":42}},"1":{"start":{"line":7,"column":4},"end":{"line":7,"column":16}},"2":{"start":{"line":9,"column":4},"end":{"line":9,"column":27}},"3":{"start":{"line":10,"column":4},"end":{"line":10,"column":42}},"4":{"start":{"line":14,"column":4},"end":{"line":14,"column":55}},"5":{"start":{"line":15,"column":4},"end":{"line":15,"column":52}},"6":{"start":{"line":16,"column":4},"end":{"line":16,"column":61}},"7":{"start":{"line":20,"column":16},"end":{"line":28,"column":5}},"8":{"start":{"line":30,"column":4},"end":{"line":30,"column":32}},"9":{"start":{"line":31,"column":4},"end":{"line":31,"column":27}},"10":{"start":{"line":35,"column":4},"end":{"line":39,"column":6}},"11":{"start":{"line":37,"column":8},"end":{"line":37,"column":31}},"12":{"start":{"line":43,"column":0},"end":{"line":43,"column":41}}},"fnMap":{"0":{"name":"(anonymous_0)","decl":{"start":{"line":6,"column":2},"end":{"line":6,"column":3}},"loc":{"start":{"line":6,"column":26},"end":{"line":11,"column":3}},"line":6},"1":{"name":"(anonymous_1)","decl":{"start":{"line":13,"column":2},"end":{"line":13,"column":3}},"loc":{"start":{"line":13,"column":25},"end":{"line":17,"column":3}},"line":13},"2":{"name":"(anonymous_2)","decl":{"start":{"line":19,"column":2},"end":{"line":19,"column":3}},"loc":{"start":{"line":19,"column":21},"end":{"line":32,"column":3}},"line":19},"3":{"name":"(anonymous_3)","decl":{"start":{"line":34,"column":2},"end":{"line":34,"column":3}},"loc":{"start":{"line":34,"column":29},"end":{"line":40,"column":3}},"line":34},"4":{"name":"(anonymous_4)","decl":{"start":{"line":36,"column":6},"end":{"line":36,"column":7}},"loc":{"start":{"line":36,"column":17},"end":{"line":38,"column":7}},"line":36}},"branchMap":{},"s":{"0":2,"1":0,"2":0,"3":0,"4":0,"5":0,"6":0,"7":0,"8":0,"9":0,"10":0,"11":0,"12":2},"f":{"0":0,"1":0,"2":0,"3":0,"4":0},"b":{},"_coverageSchema":"1a1c01bbd47fc00a2c39e90264f33305004495a9","hash":"d71670bd6b674a47334f40cba851eef67d9aab3a"}
,"/Users/fabianrios/Workspace/metalshub/html-eslint/packages/parser/lib/extensions/error-reporting/parser-mixin.js": {"path":"/Users/fabianrios/Workspace/metalshub/html-eslint/packages/parser/lib/extensions/error-reporting/parser-mixin.js","statementMap":{"0":{"start":{"line":3,"column":32},"end":{"line":3,"column":55}},"1":{"start":{"line":4,"column":37},"end":{"line":4,"column":65}},"2":{"start":{"line":5,"column":35},"end":{"line":5,"column":78}},"3":{"start":{"line":6,"column":14},"end":{"line":6,"column":42}},"4":{"start":{"line":10,"column":4},"end":{"line":10,"column":24}},"5":{"start":{"line":12,"column":4},"end":{"line":12,"column":21}},"6":{"start":{"line":13,"column":4},"end":{"line":13,"column":22}},"7":{"start":{"line":14,"column":4},"end":{"line":14,"column":32}},"8":{"start":{"line":18,"column":4},"end":{"line":32,"column":5}},"9":{"start":{"line":19,"column":6},"end":{"line":19,"column":43}},"10":{"start":{"line":20,"column":6},"end":{"line":20,"column":41}},"11":{"start":{"line":21,"column":6},"end":{"line":21,"column":47}},"12":{"start":{"line":23,"column":6},"end":{"line":25,"column":29}},"13":{"start":{"line":26,"column":6},"end":{"line":28,"column":28}},"14":{"start":{"line":29,"column":6},"end":{"line":31,"column":31}},"15":{"start":{"line":36,"column":4},"end":{"line":54,"column":6}},"16":{"start":{"line":38,"column":8},"end":{"line":38,"column":62}},"17":{"start":{"line":40,"column":8},"end":{"line":40,"column":78}},"18":{"start":{"line":41,"column":8},"end":{"line":41,"column":66}},"19":{"start":{"line":45,"column":8},"end":{"line":45,"column":35}},"20":{"start":{"line":47,"column":8},"end":{"line":47,"column":50}},"21":{"start":{"line":51,"column":8},"end":{"line":51,"column":60}},"22":{"start":{"line":52,"column":8},"end":{"line":52,"column":31}},"23":{"start":{"line":58,"column":0},"end":{"line":58,"column":43}}},"fnMap":{"0":{"name":"(anonymous_0)","decl":{"start":{"line":9,"column":2},"end":{"line":9,"column":3}},"loc":{"start":{"line":9,"column":28},"end":{"line":15,"column":3}},"line":9},"1":{"name":"(anonymous_1)","decl":{"start":{"line":17,"column":2},"end":{"line":17,"column":3}},"loc":{"start":{"line":17,"column":25},"end":{"line":33,"column":3}},"line":17},"2":{"name":"(anonymous_2)","decl":{"start":{"line":35,"column":2},"end":{"line":35,"column":3}},"loc":{"start":{"line":35,"column":35},"end":{"line":55,"column":3}},"line":35},"3":{"name":"(anonymous_3)","decl":{"start":{"line":37,"column":6},"end":{"line":37,"column":7}},"loc":{"start":{"line":37,"column":44},"end":{"line":42,"column":7}},"line":37},"4":{"name":"(anonymous_4)","decl":{"start":{"line":44,"column":6},"end":{"line":44,"column":7}},"loc":{"start":{"line":44,"column":32},"end":{"line":48,"column":7}},"line":44},"5":{"name":"(anonymous_5)","decl":{"start":{"line":50,"column":6},"end":{"line":50,"column":7}},"loc":{"start":{"line":50,"column":26},"end":{"line":53,"column":7}},"line":50}},"branchMap":{"0":{"loc":{"start":{"line":18,"column":4},"end":{"line":32,"column":5}},"type":"if","locations":[{"start":{"line":18,"column":4},"end":{"line":32,"column":5}},{"start":{"line":18,"column":4},"end":{"line":32,"column":5}}],"line":18},"1":{"loc":{"start":{"line":23,"column":20},"end":{"line":25,"column":28}},"type":"cond-expr","locations":[{"start":{"line":24,"column":10},"end":{"line":24,"column":30}},{"start":{"line":25,"column":10},"end":{"line":25,"column":28}}],"line":23},"2":{"loc":{"start":{"line":26,"column":19},"end":{"line":28,"column":27}},"type":"cond-expr","locations":[{"start":{"line":27,"column":10},"end":{"line":27,"column":29}},{"start":{"line":28,"column":10},"end":{"line":28,"column":27}}],"line":26},"3":{"loc":{"start":{"line":29,"column":22},"end":{"line":31,"column":30}},"type":"cond-expr","locations":[{"start":{"line":30,"column":10},"end":{"line":30,"column":32}},{"start":{"line":31,"column":10},"end":{"line":31,"column":30}}],"line":29},"4":{"loc":{"start":{"line":51,"column":29},"end":{"line":51,"column":59}},"type":"binary-expr","locations":[{"start":{"line":51,"column":29},"end":{"line":51,"column":36}},{"start":{"line":51,"column":40},"end":{"line":51,"column":59}}],"line":51}},"s":{"0":2,"1":2,"2":2,"3":2,"4":0,"5":0,"6":0,"7":0,"8":0,"9":0,"10":0,"11":0,"12":0,"13":0,"14":0,"15":0,"16":0,"17":0,"18":0,"19":0,"20":0,"21":0,"22":0,"23":2},"f":{"0":0,"1":0,"2":0,"3":0,"4":0,"5":0},"b":{"0":[0,0],"1":[0,0],"2":[0,0],"3":[0,0],"4":[0,0]},"_coverageSchema":"1a1c01bbd47fc00a2c39e90264f33305004495a9","hash":"269253ee0e6f27491f23a290847eb580278e9f9f"}
,"/Users/fabianrios/Workspace/metalshub/html-eslint/packages/parser/lib/extensions/error-reporting/preprocessor-mixin.js": {"path":"/Users/fabianrios/Workspace/metalshub/html-eslint/packages/parser/lib/extensions/error-reporting/preprocessor-mixin.js","statementMap":{"0":{"start":{"line":3,"column":32},"end":{"line":3,"column":55}},"1":{"start":{"line":4,"column":42},"end":{"line":4,"column":92}},"2":{"start":{"line":5,"column":14},"end":{"line":5,"column":42}},"3":{"start":{"line":9,"column":4},"end":{"line":9,"column":30}},"4":{"start":{"line":11,"column":4},"end":{"line":14,"column":6}},"5":{"start":{"line":15,"column":4},"end":{"line":15,"column":28}},"6":{"start":{"line":20,"column":4},"end":{"line":23,"column":5}},"7":{"start":{"line":21,"column":6},"end":{"line":21,"column":50}},"8":{"start":{"line":22,"column":6},"end":{"line":22,"column":31}},"9":{"start":{"line":27,"column":0},"end":{"line":27,"column":49}}},"fnMap":{"0":{"name":"(anonymous_0)","decl":{"start":{"line":8,"column":2},"end":{"line":8,"column":3}},"loc":{"start":{"line":8,"column":34},"end":{"line":16,"column":3}},"line":8},"1":{"name":"(anonymous_1)","decl":{"start":{"line":18,"column":2},"end":{"line":18,"column":3}},"loc":{"start":{"line":18,"column":21},"end":{"line":24,"column":3}},"line":18}},"branchMap":{"0":{"loc":{"start":{"line":20,"column":4},"end":{"line":23,"column":5}},"type":"if","locations":[{"start":{"line":20,"column":4},"end":{"line":23,"column":5}},{"start":{"line":20,"column":4},"end":{"line":23,"column":5}}],"line":20}},"s":{"0":2,"1":2,"2":2,"3":0,"4":0,"5":0,"6":0,"7":0,"8":0,"9":2},"f":{"0":0,"1":0},"b":{"0":[0,0]},"_coverageSchema":"1a1c01bbd47fc00a2c39e90264f33305004495a9","hash":"5b0a4642ac18024769d7bc1be8268c54125fd57e"}
,"/Users/fabianrios/Workspace/metalshub/html-eslint/packages/parser/lib/extensions/error-reporting/tokenizer-mixin.js": {"path":"/Users/fabianrios/Workspace/metalshub/html-eslint/packages/parser/lib/extensions/error-reporting/tokenizer-mixin.js","statementMap":{"0":{"start":{"line":3,"column":32},"end":{"line":3,"column":55}},"1":{"start":{"line":4,"column":40},"end":{"line":4,"column":71}},"2":{"start":{"line":5,"column":14},"end":{"line":5,"column":42}},"3":{"start":{"line":9,"column":4},"end":{"line":9,"column":27}},"4":{"start":{"line":11,"column":30},"end":{"line":15,"column":5}},"5":{"start":{"line":17,"column":4},"end":{"line":17,"column":51}},"6":{"start":{"line":21,"column":0},"end":{"line":21,"column":46}}},"fnMap":{"0":{"name":"(anonymous_0)","decl":{"start":{"line":8,"column":2},"end":{"line":8,"column":3}},"loc":{"start":{"line":8,"column":31},"end":{"line":18,"column":3}},"line":8}},"branchMap":{},"s":{"0":2,"1":2,"2":2,"3":0,"4":0,"5":0,"6":2},"f":{"0":0},"b":{},"_coverageSchema":"1a1c01bbd47fc00a2c39e90264f33305004495a9","hash":"6df812b3bc186ffc5f0628e8a87177f116c6cf8d"}
,"/Users/fabianrios/Workspace/metalshub/html-eslint/packages/parser/lib/extensions/location-info/open-element-stack-mixin.js": {"path":"/Users/fabianrios/Workspace/metalshub/html-eslint/packages/parser/lib/extensions/location-info/open-element-stack-mixin.js","statementMap":{"0":{"start":{"line":3,"column":14},"end":{"line":3,"column":42}},"1":{"start":{"line":7,"column":4},"end":{"line":7,"column":17}},"2":{"start":{"line":9,"column":4},"end":{"line":9,"column":36}},"3":{"start":{"line":13,"column":4},"end":{"line":31,"column":6}},"4":{"start":{"line":15,"column":8},"end":{"line":15,"column":36}},"5":{"start":{"line":16,"column":8},"end":{"line":16,"column":28}},"6":{"start":{"line":20,"column":8},"end":{"line":22,"column":9}},"7":{"start":{"line":20,"column":21},"end":{"line":20,"column":34}},"8":{"start":{"line":21,"column":10},"end":{"line":21,"column":39}},"9":{"start":{"line":24,"column":8},"end":{"line":24,"column":46}},"10":{"start":{"line":28,"column":8},"end":{"line":28,"column":36}},"11":{"start":{"line":29,"column":8},"end":{"line":29,"column":40}},"12":{"start":{"line":35,"column":0},"end":{"line":35,"column":51}}},"fnMap":{"0":{"name":"(anonymous_0)","decl":{"start":{"line":6,"column":2},"end":{"line":6,"column":3}},"loc":{"start":{"line":6,"column":27},"end":{"line":10,"column":3}},"line":6},"1":{"name":"(anonymous_1)","decl":{"start":{"line":12,"column":2},"end":{"line":12,"column":3}},"loc":{"start":{"line":12,"column":35},"end":{"line":32,"column":3}},"line":12},"2":{"name":"(anonymous_2)","decl":{"start":{"line":14,"column":6},"end":{"line":14,"column":7}},"loc":{"start":{"line":14,"column":12},"end":{"line":17,"column":7}},"line":14},"3":{"name":"(anonymous_3)","decl":{"start":{"line":19,"column":6},"end":{"line":19,"column":7}},"loc":{"start":{"line":19,"column":30},"end":{"line":25,"column":7}},"line":19},"4":{"name":"(anonymous_4)","decl":{"start":{"line":27,"column":6},"end":{"line":27,"column":7}},"loc":{"start":{"line":27,"column":22},"end":{"line":30,"column":7}},"line":27}},"branchMap":{},"s":{"0":2,"1":8,"2":8,"3":8,"4":20,"5":20,"6":0,"7":0,"8":0,"9":0,"10":0,"11":0,"12":2},"f":{"0":8,"1":8,"2":20,"3":0,"4":0},"b":{},"_coverageSchema":"1a1c01bbd47fc00a2c39e90264f33305004495a9","hash":"86efba6260359c340547bcf7afbfaaee5f79bf39"}
,"/Users/fabianrios/Workspace/metalshub/html-eslint/packages/parser/lib/extensions/location-info/parser-mixin.js": {"path":"/Users/fabianrios/Workspace/metalshub/html-eslint/packages/parser/lib/extensions/location-info/parser-mixin.js","statementMap":{"0":{"start":{"line":3,"column":14},"end":{"line":3,"column":42}},"1":{"start":{"line":4,"column":18},"end":{"line":4,"column":44}},"2":{"start":{"line":5,"column":35},"end":{"line":5,"column":63}},"3":{"start":{"line":6,"column":42},"end":{"line":6,"column":79}},"4":{"start":{"line":7,"column":13},"end":{"line":7,"column":41}},"5":{"start":{"line":10,"column":10},"end":{"line":10,"column":24}},"6":{"start":{"line":14,"column":4},"end":{"line":14,"column":18}},"7":{"start":{"line":16,"column":4},"end":{"line":16,"column":25}},"8":{"start":{"line":17,"column":4},"end":{"line":17,"column":47}},"9":{"start":{"line":18,"column":4},"end":{"line":18,"column":27}},"10":{"start":{"line":19,"column":4},"end":{"line":19,"column":34}},"11":{"start":{"line":20,"column":4},"end":{"line":20,"column":44}},"12":{"start":{"line":21,"column":4},"end":{"line":21,"column":29}},"13":{"start":{"line":25,"column":14},"end":{"line":25,"column":18}},"14":{"start":{"line":27,"column":4},"end":{"line":30,"column":5}},"15":{"start":{"line":28,"column":6},"end":{"line":28,"column":63}},"16":{"start":{"line":29,"column":6},"end":{"line":29,"column":53}},"17":{"start":{"line":32,"column":4},"end":{"line":32,"column":61}},"18":{"start":{"line":36,"column":16},"end":{"line":36,"column":67}},"19":{"start":{"line":38,"column":4},"end":{"line":62,"column":5}},"20":{"start":{"line":39,"column":6},"end":{"line":61,"column":7}},"21":{"start":{"line":40,"column":22},"end":{"line":40,"column":43}},"22":{"start":{"line":41,"column":19},"end":{"line":41,"column":55}},"23":{"start":{"line":46,"column":10},"end":{"line":47,"column":37}},"24":{"start":{"line":48,"column":23},"end":{"line":48,"column":25}},"25":{"start":{"line":49,"column":8},"end":{"line":58,"column":9}},"26":{"start":{"line":50,"column":10},"end":{"line":50,"column":51}},"27":{"start":{"line":51,"column":10},"end":{"line":51,"column":41}},"28":{"start":{"line":52,"column":10},"end":{"line":52,"column":39}},"29":{"start":{"line":53,"column":10},"end":{"line":53,"column":45}},"30":{"start":{"line":55,"column":10},"end":{"line":55,"column":43}},"31":{"start":{"line":56,"column":10},"end":{"line":56,"column":41}},"32":{"start":{"line":57,"column":10},"end":{"line":57,"column":47}},"33":{"start":{"line":60,"column":8},"end":{"line":60,"column":71}},"34":{"start":{"line":66,"column":4},"end":{"line":237,"column":6}},"35":{"start":{"line":68,"column":8},"end":{"line":68,"column":62}},"36":{"start":{"line":70,"column":8},"end":{"line":70,"column":37}},"37":{"start":{"line":71,"column":8},"end":{"line":71,"column":47}},"38":{"start":{"line":72,"column":8},"end":{"line":72,"column":32}},"39":{"start":{"line":74,"column":31},"end":{"line":77,"column":9}},"40":{"start":{"line":79,"column":8},"end":{"line":79,"column":51}},"41":{"start":{"line":81,"column":8},"end":{"line":85,"column":11}},"42":{"start":{"line":83,"column":12},"end":{"line":83,"column":59}},"43":{"start":{"line":89,"column":8},"end":{"line":89,"column":55}},"44":{"start":{"line":93,"column":8},"end":{"line":95,"column":9}},"45":{"start":{"line":93,"column":21},"end":{"line":93,"column":47}},"46":{"start":{"line":94,"column":10},"end":{"line":94,"column":76}},"47":{"start":{"line":100,"column":8},"end":{"line":100,"column":33}},"48":{"start":{"line":101,"column":8},"end":{"line":101,"column":61}},"49":{"start":{"line":105,"column":8},"end":{"line":105,"column":33}},"50":{"start":{"line":106,"column":8},"end":{"line":106,"column":45}},"51":{"start":{"line":111,"column":10},"end":{"line":113,"column":79}},"52":{"start":{"line":115,"column":8},"end":{"line":124,"column":9}},"53":{"start":{"line":116,"column":10},"end":{"line":123,"column":11}},"54":{"start":{"line":116,"column":23},"end":{"line":116,"column":49}},"55":{"start":{"line":117,"column":28},"end":{"line":117,"column":54}},"56":{"start":{"line":119,"column":12},"end":{"line":122,"column":13}},"57":{"start":{"line":120,"column":14},"end":{"line":120,"column":50}},"58":{"start":{"line":121,"column":14},"end":{"line":121,"column":20}},"59":{"start":{"line":129,"column":8},"end":{"line":129,"column":48}},"60":{"start":{"line":131,"column":33},"end":{"line":131,"column":78}},"61":{"start":{"line":132,"column":25},"end":{"line":132,"column":48}},"62":{"start":{"line":134,"column":8},"end":{"line":141,"column":9}},"63":{"start":{"line":134,"column":21},"end":{"line":134,"column":22}},"64":{"start":{"line":135,"column":23},"end":{"line":135,"column":42}},"65":{"start":{"line":137,"column":10},"end":{"line":140,"column":11}},"66":{"start":{"line":138,"column":12},"end":{"line":138,"column":77}},"67":{"start":{"line":139,"column":12},"end":{"line":139,"column":18}},"68":{"start":{"line":148,"column":8},"end":{"line":148,"column":39}},"69":{"start":{"line":149,"column":8},"end":{"line":149,"column":37}},"70":{"start":{"line":150,"column":8},"end":{"line":150,"column":54}},"71":{"start":{"line":154,"column":8},"end":{"line":154,"column":38}},"72":{"start":{"line":155,"column":8},"end":{"line":155,"column":60}},"73":{"start":{"line":159,"column":8},"end":{"line":159,"column":38}},"74":{"start":{"line":160,"column":8},"end":{"line":160,"column":60}},"75":{"start":{"line":164,"column":8},"end":{"line":164,"column":38}},"76":{"start":{"line":165,"column":8},"end":{"line":165,"column":47}},"77":{"start":{"line":167,"column":28},"end":{"line":169,"column":9}},"78":{"start":{"line":171,"column":8},"end":{"line":171,"column":70}},"79":{"start":{"line":175,"column":8},"end":{"line":175,"column":47}},"80":{"start":{"line":176,"column":8},"end":{"line":179,"column":10}},"81":{"start":{"line":184,"column":8},"end":{"line":184,"column":58}},"82":{"start":{"line":186,"column":25},"end":{"line":186,"column":63}},"83":{"start":{"line":187,"column":28},"end":{"line":187,"column":57}},"84":{"start":{"line":189,"column":8},"end":{"line":189,"column":80}},"85":{"start":{"line":196,"column":8},"end":{"line":198,"column":10}},"86":{"start":{"line":200,"column":8},"end":{"line":200,"column":47}},"87":{"start":{"line":204,"column":8},"end":{"line":204,"column":49}},"88":{"start":{"line":206,"column":32},"end":{"line":206,"column":69}},"89":{"start":{"line":209,"column":10},"end":{"line":211,"column":35}},"90":{"start":{"line":213,"column":25},"end":{"line":213,"column":63}},"91":{"start":{"line":216,"column":10},"end":{"line":219,"column":33}},"92":{"start":{"line":221,"column":25},"end":{"line":221,"column":46}},"93":{"start":{"line":224,"column":22},"end":{"line":224,"column":74}},"94":{"start":{"line":226,"column":8},"end":{"line":235,"column":9}},"95":{"start":{"line":227,"column":49},"end":{"line":227,"column":63}},"96":{"start":{"line":228,"column":10},"end":{"line":232,"column":13}},"97":{"start":{"line":234,"column":10},"end":{"line":234,"column":79}},"98":{"start":{"line":241,"column":0},"end":{"line":241,"column":41}}},"fnMap":{"0":{"name":"(anonymous_0)","decl":{"start":{"line":13,"column":2},"end":{"line":13,"column":3}},"loc":{"start":{"line":13,"column":22},"end":{"line":22,"column":3}},"line":13},"1":{"name":"(anonymous_1)","decl":{"start":{"line":24,"column":2},"end":{"line":24,"column":3}},"loc":{"start":{"line":24,"column":29},"end":{"line":33,"column":3}},"line":24},"2":{"name":"(anonymous_2)","decl":{"start":{"line":35,"column":2},"end":{"line":35,"column":3}},"loc":{"start":{"line":35,"column":41},"end":{"line":63,"column":3}},"line":35},"3":{"name":"(anonymous_3)","decl":{"start":{"line":65,"column":2},"end":{"line":65,"column":3}},"loc":{"start":{"line":65,"column":35},"end":{"line":238,"column":3}},"line":65},"4":{"name":"(anonymous_4)","decl":{"start":{"line":67,"column":6},"end":{"line":67,"column":7}},"loc":{"start":{"line":67,"column":44},"end":{"line":86,"column":7}},"line":67},"5":{"name":"(anonymous_5)","decl":{"start":{"line":82,"column":21},"end":{"line":82,"column":22}},"loc":{"start":{"line":82,"column":40},"end":{"line":84,"column":11}},"line":82},"6":{"name":"(anonymous_6)","decl":{"start":{"line":88,"column":6},"end":{"line":88,"column":7}},"loc":{"start":{"line":88,"column":37},"end":{"line":96,"column":7}},"line":88},"7":{"name":"(anonymous_7)","decl":{"start":{"line":99,"column":6},"end":{"line":99,"column":7}},"loc":{"start":{"line":99,"column":43},"end":{"line":102,"column":7}},"line":99},"8":{"name":"(anonymous_8)","decl":{"start":{"line":104,"column":6},"end":{"line":104,"column":7}},"loc":{"start":{"line":104,"column":27},"end":{"line":125,"column":7}},"line":104},"9":{"name":"(anonymous_9)","decl":{"start":{"line":128,"column":6},"end":{"line":128,"column":7}},"loc":{"start":{"line":128,"column":30},"end":{"line":142,"column":7}},"line":128},"10":{"name":"(anonymous_10)","decl":{"start":{"line":145,"column":6},"end":{"line":145,"column":7}},"loc":{"start":{"line":145,"column":36},"end":{"line":151,"column":7}},"line":145},"11":{"name":"(anonymous_11)","decl":{"start":{"line":153,"column":6},"end":{"line":153,"column":7}},"loc":{"start":{"line":153,"column":42},"end":{"line":156,"column":7}},"line":153},"12":{"name":"(anonymous_12)","decl":{"start":{"line":158,"column":6},"end":{"line":158,"column":7}},"loc":{"start":{"line":158,"column":42},"end":{"line":161,"column":7}},"line":158},"13":{"name":"(anonymous_13)","decl":{"start":{"line":163,"column":6},"end":{"line":163,"column":7}},"loc":{"start":{"line":163,"column":29},"end":{"line":172,"column":7}},"line":163},"14":{"name":"(anonymous_14)","decl":{"start":{"line":174,"column":6},"end":{"line":174,"column":7}},"loc":{"start":{"line":174,"column":31},"end":{"line":180,"column":7}},"line":174},"15":{"name":"(anonymous_15)","decl":{"start":{"line":183,"column":6},"end":{"line":183,"column":7}},"loc":{"start":{"line":183,"column":40},"end":{"line":190,"column":7}},"line":183},"16":{"name":"(anonymous_16)","decl":{"start":{"line":193,"column":6},"end":{"line":193,"column":7}},"loc":{"start":{"line":193,"column":37},"end":{"line":201,"column":7}},"line":193},"17":{"name":"(anonymous_17)","decl":{"start":{"line":203,"column":6},"end":{"line":203,"column":7}},"loc":{"start":{"line":203,"column":31},"end":{"line":236,"column":7}},"line":203}},"branchMap":{"0":{"loc":{"start":{"line":27,"column":4},"end":{"line":30,"column":5}},"type":"if","locations":[{"start":{"line":27,"column":4},"end":{"line":30,"column":5}},{"start":{"line":27,"column":4},"end":{"line":30,"column":5}}],"line":27},"1":{"loc":{"start":{"line":38,"column":4},"end":{"line":62,"column":5}},"type":"if","locations":[{"start":{"line":38,"column":4},"end":{"line":62,"column":5}},{"start":{"line":38,"column":4},"end":{"line":62,"column":5}}],"line":38},"2":{"loc":{"start":{"line":39,"column":6},"end":{"line":61,"column":7}},"type":"if","locations":[{"start":{"line":39,"column":6},"end":{"line":61,"column":7}},{"start":{"line":39,"column":6},"end":{"line":61,"column":7}}],"line":39},"3":{"loc":{"start":{"line":46,"column":10},"end":{"line":47,"column":37}},"type":"binary-expr","locations":[{"start":{"line":46,"column":10},"end":{"line":46,"column":55}},{"start":{"line":47,"column":10},"end":{"line":47,"column":37}}],"line":46},"4":{"loc":{"start":{"line":49,"column":8},"end":{"line":58,"column":9}},"type":"if","locations":[{"start":{"line":49,"column":8},"end":{"line":58,"column":9}},{"start":{"line":49,"column":8},"end":{"line":58,"column":9}}],"line":49},"5":{"loc":{"start":{"line":111,"column":10},"end":{"line":113,"column":79}},"type":"binary-expr","locations":[{"start":{"line":111,"column":10},"end":{"line":111,"column":48}},{"start":{"line":112,"column":11},"end":{"line":112,"column":35}},{"start":{"line":113,"column":13},"end":{"line":113,"column":37}},{"start":{"line":113,"column":41},"end":{"line":113,"column":77}}],"line":111},"6":{"loc":{"start":{"line":115,"column":8},"end":{"line":124,"column":9}},"type":"if","locations":[{"start":{"line":115,"column":8},"end":{"line":124,"column":9}},{"start":{"line":115,"column":8},"end":{"line":124,"column":9}}],"line":115},"7":{"loc":{"start":{"line":119,"column":12},"end":{"line":122,"column":13}},"type":"if","locations":[{"start":{"line":119,"column":12},"end":{"line":122,"column":13}},{"start":{"line":119,"column":12},"end":{"line":122,"column":13}}],"line":119},"8":{"loc":{"start":{"line":137,"column":10},"end":{"line":140,"column":11}},"type":"if","locations":[{"start":{"line":137,"column":10},"end":{"line":140,"column":11}},{"start":{"line":137,"column":10},"end":{"line":140,"column":11}}],"line":137},"9":{"loc":{"start":{"line":209,"column":10},"end":{"line":211,"column":35}},"type":"binary-expr","locations":[{"start":{"line":209,"column":11},"end":{"line":209,"column":26}},{"start":{"line":209,"column":30},"end":{"line":209,"column":68}},{"start":{"line":210,"column":10},"end":{"line":210,"column":46}},{"start":{"line":211,"column":10},"end":{"line":211,"column":35}}],"line":209},"10":{"loc":{"start":{"line":216,"column":10},"end":{"line":219,"column":33}},"type":"cond-expr","locations":[{"start":{"line":217,"column":14},"end":{"line":218,"column":15}},{"start":{"line":219,"column":14},"end":{"line":219,"column":33}}],"line":216},"11":{"loc":{"start":{"line":216,"column":10},"end":{"line":216,"column":74}},"type":"binary-expr","locations":[{"start":{"line":216,"column":10},"end":{"line":216,"column":25}},{"start":{"line":216,"column":29},"end":{"line":216,"column":74}}],"line":216},"12":{"loc":{"start":{"line":226,"column":8},"end":{"line":235,"column":9}},"type":"if","locations":[{"start":{"line":226,"column":8},"end":{"line":235,"column":9}},{"start":{"line":226,"column":8},"end":{"line":235,"column":9}}],"line":226}},"s":{"0":2,"1":2,"2":2,"3":2,"4":2,"5":2,"6":8,"7":8,"8":8,"9":8,"10":8,"11":8,"12":8,"13":33,"14":33,"15":17,"16":17,"17":33,"18":55,"19":55,"20":36,"21":36,"22":36,"23":36,"24":36,"25":36,"26":29,"27":29,"28":29,"29":29,"30":7,"31":7,"32":7,"33":36,"34":8,"35":8,"36":8,"37":8,"38":8,"39":8,"40":8,"41":8,"42":20,"43":8,"44":8,"45":8,"46":16,"47":0,"48":0,"49":144,"50":144,"51":144,"52":144,"53":19,"54":19,"55":36,"56":36,"57":19,"58":19,"59":2,"60":2,"61":2,"62":2,"63":2,"64":2,"65":2,"66":2,"67":2,"68":33,"69":33,"70":33,"71":0,"72":0,"73":16,"74":16,"75":1,"76":1,"77":1,"78":1,"79":3,"80":3,"81":2,"82":2,"83":2,"84":2,"85":0,"86":0,"87":30,"88":30,"89":30,"90":30,"91":30,"92":30,"93":30,"94":30,"95":6,"96":6,"97":24,"98":2},"f":{"0":8,"1":33,"2":55,"3":8,"4":8,"5":20,"6":8,"7":0,"8":144,"9":2,"10":33,"11":0,"12":16,"13":1,"14":3,"15":2,"16":0,"17":30},"b":{"0":[17,16],"1":[36,19],"2":[36,0],"3":[36,29],"4":[29,7],"5":[144,37,20,2],"6":[19,125],"7":[19,17],"8":[2,0],"9":[30,0,30,28],"10":[0,30],"11":[30,0],"12":[6,24]},"_coverageSchema":"1a1c01bbd47fc00a2c39e90264f33305004495a9","hash":"db64053dbceb905f5bcb7adae509a564453b6727"}
,"/Users/fabianrios/Workspace/metalshub/html-eslint/packages/parser/lib/extensions/location-info/tokenizer-mixin.js": {"path":"/Users/fabianrios/Workspace/metalshub/html-eslint/packages/parser/lib/extensions/location-info/tokenizer-mixin.js","statementMap":{"0":{"start":{"line":3,"column":14},"end":{"line":3,"column":42}},"1":{"start":{"line":4,"column":18},"end":{"line":4,"column":44}},"2":{"start":{"line":5,"column":42},"end":{"line":5,"column":92}},"3":{"start":{"line":6,"column":31},"end":{"line":6,"column":63}},"4":{"start":{"line":10,"column":4},"end":{"line":10,"column":21}},"5":{"start":{"line":12,"column":4},"end":{"line":12,"column":31}},"6":{"start":{"line":13,"column":4},"end":{"line":16,"column":6}},"7":{"start":{"line":17,"column":4},"end":{"line":17,"column":36}},"8":{"start":{"line":18,"column":4},"end":{"line":18,"column":22}},"9":{"start":{"line":22,"column":4},"end":{"line":29,"column":6}},"10":{"start":{"line":33,"column":4},"end":{"line":33,"column":60}},"11":{"start":{"line":34,"column":4},"end":{"line":34,"column":58}},"12":{"start":{"line":35,"column":4},"end":{"line":35,"column":64}},"13":{"start":{"line":36,"column":24},"end":{"line":36,"column":50}},"14":{"start":{"line":37,"column":4},"end":{"line":37,"column":62}},"15":{"start":{"line":41,"column":20},"end":{"line":128,"column":5}},"16":{"start":{"line":43,"column":8},"end":{"line":43,"column":45}},"17":{"start":{"line":44,"column":8},"end":{"line":44,"column":47}},"18":{"start":{"line":48,"column":8},"end":{"line":48,"column":43}},"19":{"start":{"line":49,"column":8},"end":{"line":49,"column":47}},"20":{"start":{"line":53,"column":8},"end":{"line":53,"column":44}},"21":{"start":{"line":54,"column":8},"end":{"line":54,"column":47}},"22":{"start":{"line":58,"column":8},"end":{"line":58,"column":57}},"23":{"start":{"line":59,"column":8},"end":{"line":59,"column":47}},"24":{"start":{"line":63,"column":8},"end":{"line":63,"column":56}},"25":{"start":{"line":64,"column":8},"end":{"line":64,"column":56}},"26":{"start":{"line":68,"column":8},"end":{"line":68,"column":40}},"27":{"start":{"line":69,"column":8},"end":{"line":69,"column":63}},"28":{"start":{"line":73,"column":8},"end":{"line":73,"column":53}},"29":{"start":{"line":74,"column":8},"end":{"line":74,"column":60}},"30":{"start":{"line":78,"column":8},"end":{"line":78,"column":48}},"31":{"start":{"line":79,"column":8},"end":{"line":79,"column":45}},"32":{"start":{"line":83,"column":8},"end":{"line":83,"column":49}},"33":{"start":{"line":84,"column":8},"end":{"line":84,"column":45}},"34":{"start":{"line":88,"column":22},"end":{"line":88,"column":48}},"35":{"start":{"line":92,"column":8},"end":{"line":96,"column":9}},"36":{"start":{"line":93,"column":10},"end":{"line":93,"column":72}},"37":{"start":{"line":94,"column":10},"end":{"line":94,"column":70}},"38":{"start":{"line":95,"column":10},"end":{"line":95,"column":76}},"39":{"start":{"line":98,"column":8},"end":{"line":106,"column":9}},"40":{"start":{"line":99,"column":10},"end":{"line":99,"column":42}},"41":{"start":{"line":100,"column":10},"end":{"line":100,"column":40}},"42":{"start":{"line":101,"column":10},"end":{"line":101,"column":46}},"43":{"start":{"line":103,"column":10},"end":{"line":103,"column":46}},"44":{"start":{"line":104,"column":10},"end":{"line":104,"column":48}},"45":{"start":{"line":105,"column":10},"end":{"line":105,"column":54}},"46":{"start":{"line":108,"column":8},"end":{"line":108,"column":42}},"47":{"start":{"line":113,"column":10},"end":{"line":113,"column":75}},"48":{"start":{"line":120,"column":8},"end":{"line":124,"column":9}},"49":{"start":{"line":121,"column":10},"end":{"line":121,"column":46}},"50":{"start":{"line":122,"column":10},"end":{"line":122,"column":44}},"51":{"start":{"line":123,"column":10},"end":{"line":123,"column":50}},"52":{"start":{"line":126,"column":8},"end":{"line":126,"column":51}},"53":{"start":{"line":131,"column":4},"end":{"line":138,"column":7}},"54":{"start":{"line":132,"column":20},"end":{"line":132,"column":44}},"55":{"start":{"line":134,"column":6},"end":{"line":137,"column":8}},"56":{"start":{"line":135,"column":8},"end":{"line":135,"column":46}},"57":{"start":{"line":136,"column":8},"end":{"line":136,"column":35}},"58":{"start":{"line":140,"column":4},"end":{"line":140,"column":19}},"59":{"start":{"line":144,"column":0},"end":{"line":144,"column":44}}},"fnMap":{"0":{"name":"(anonymous_0)","decl":{"start":{"line":9,"column":2},"end":{"line":9,"column":3}},"loc":{"start":{"line":9,"column":25},"end":{"line":19,"column":3}},"line":9},"1":{"name":"(anonymous_1)","decl":{"start":{"line":21,"column":2},"end":{"line":21,"column":3}},"loc":{"start":{"line":21,"column":24},"end":{"line":30,"column":3}},"line":21},"2":{"name":"(anonymous_2)","decl":{"start":{"line":32,"column":2},"end":{"line":32,"column":3}},"loc":{"start":{"line":32,"column":35},"end":{"line":38,"column":3}},"line":32},"3":{"name":"(anonymous_3)","decl":{"start":{"line":40,"column":2},"end":{"line":40,"column":3}},"loc":{"start":{"line":40,"column":35},"end":{"line":141,"column":3}},"line":40},"4":{"name":"(anonymous_4)","decl":{"start":{"line":42,"column":6},"end":{"line":42,"column":7}},"loc":{"start":{"line":42,"column":29},"end":{"line":45,"column":7}},"line":42},"5":{"name":"(anonymous_5)","decl":{"start":{"line":47,"column":6},"end":{"line":47,"column":7}},"loc":{"start":{"line":47,"column":27},"end":{"line":50,"column":7}},"line":47},"6":{"name":"(anonymous_6)","decl":{"start":{"line":52,"column":6},"end":{"line":52,"column":7}},"loc":{"start":{"line":52,"column":28},"end":{"line":55,"column":7}},"line":52},"7":{"name":"(anonymous_7)","decl":{"start":{"line":57,"column":6},"end":{"line":57,"column":7}},"loc":{"start":{"line":57,"column":39},"end":{"line":60,"column":7}},"line":57},"8":{"name":"(anonymous_8)","decl":{"start":{"line":62,"column":6},"end":{"line":62,"column":7}},"loc":{"start":{"line":62,"column":38},"end":{"line":65,"column":7}},"line":62},"9":{"name":"(anonymous_9)","decl":{"start":{"line":67,"column":6},"end":{"line":67,"column":7}},"loc":{"start":{"line":67,"column":24},"end":{"line":70,"column":7}},"line":67},"10":{"name":"(anonymous_10)","decl":{"start":{"line":72,"column":6},"end":{"line":72,"column":7}},"loc":{"start":{"line":72,"column":35},"end":{"line":75,"column":7}},"line":72},"11":{"name":"(anonymous_11)","decl":{"start":{"line":77,"column":6},"end":{"line":77,"column":7}},"loc":{"start":{"line":77,"column":30},"end":{"line":80,"column":7}},"line":77},"12":{"name":"(anonymous_12)","decl":{"start":{"line":82,"column":6},"end":{"line":82,"column":7}},"loc":{"start":{"line":82,"column":31},"end":{"line":85,"column":7}},"line":82},"13":{"name":"(anonymous_13)","decl":{"start":{"line":87,"column":6},"end":{"line":87,"column":7}},"loc":{"start":{"line":87,"column":26},"end":{"line":109,"column":7}},"line":87},"14":{"name":"(anonymous_14)","decl":{"start":{"line":111,"column":6},"end":{"line":111,"column":7}},"loc":{"start":{"line":111,"column":35},"end":{"line":127,"column":7}},"line":111},"15":{"name":"(anonymous_15)","decl":{"start":{"line":131,"column":40},"end":{"line":131,"column":41}},"loc":{"start":{"line":131,"column":54},"end":{"line":138,"column":5}},"line":131},"16":{"name":"(anonymous_16)","decl":{"start":{"line":134,"column":23},"end":{"line":134,"column":24}},"loc":{"start":{"line":134,"column":37},"end":{"line":137,"column":7}},"line":134}},"branchMap":{"0":{"loc":{"start":{"line":92,"column":8},"end":{"line":96,"column":9}},"type":"if","locations":[{"start":{"line":92,"column":8},"end":{"line":96,"column":9}},{"start":{"line":92,"column":8},"end":{"line":96,"column":9}}],"line":92},"1":{"loc":{"start":{"line":98,"column":8},"end":{"line":106,"column":9}},"type":"if","locations":[{"start":{"line":98,"column":8},"end":{"line":106,"column":9}},{"start":{"line":98,"column":8},"end":{"line":106,"column":9}}],"line":98},"2":{"loc":{"start":{"line":113,"column":10},"end":{"line":113,"column":75}},"type":"binary-expr","locations":[{"start":{"line":113,"column":10},"end":{"line":113,"column":36}},{"start":{"line":113,"column":40},"end":{"line":113,"column":75}}],"line":113},"3":{"loc":{"start":{"line":120,"column":8},"end":{"line":124,"column":9}},"type":"if","locations":[{"start":{"line":120,"column":8},"end":{"line":124,"column":9}},{"start":{"line":120,"column":8},"end":{"line":124,"column":9}}],"line":120},"4":{"loc":{"start":{"line":120,"column":12},"end":{"line":120,"column":43}},"type":"binary-expr","locations":[{"start":{"line":120,"column":12},"end":{"line":120,"column":17}},{"start":{"line":120,"column":21},"end":{"line":120,"column":43}}],"line":120}},"s":{"0":2,"1":2,"2":2,"3":2,"4":8,"5":8,"6":8,"7":8,"8":8,"9":271,"10":4,"11":4,"12":4,"13":4,"14":4,"15":8,"16":17,"17":17,"18":18,"19":18,"20":2,"21":2,"22":2,"23":2,"24":43,"25":43,"26":8,"27":8,"28":2,"29":2,"30":2,"31":2,"32":2,"33":2,"34":47,"35":47,"36":39,"37":39,"38":39,"39":47,"40":8,"41":8,"42":8,"43":39,"44":39,"45":39,"46":47,"47":51,"48":51,"49":4,"50":4,"51":4,"52":51,"53":8,"54":40,"55":40,"56":261,"57":261,"58":8,"59":2},"f":{"0":8,"1":271,"2":4,"3":8,"4":17,"5":18,"6":2,"7":2,"8":43,"9":8,"10":2,"11":2,"12":2,"13":47,"14":51,"15":40,"16":261},"b":{"0":[39,8],"1":[8,39],"2":[51,43],"3":[4,47],"4":[51,43]},"_coverageSchema":"1a1c01bbd47fc00a2c39e90264f33305004495a9","hash":"d162a2d251d919cec8b7915ba4f107b4c78ea6e8"}
,"/Users/fabianrios/Workspace/metalshub/html-eslint/packages/parser/lib/extensions/position-tracking/preprocessor-mixin.js": {"path":"/Users/fabianrios/Workspace/metalshub/html-eslint/packages/parser/lib/extensions/position-tracking/preprocessor-mixin.js","statementMap":{"0":{"start":{"line":3,"column":14},"end":{"line":3,"column":42}},"1":{"start":{"line":7,"column":4},"end":{"line":7,"column":24}},"2":{"start":{"line":9,"column":4},"end":{"line":9,"column":37}},"3":{"start":{"line":10,"column":4},"end":{"line":10,"column":23}},"4":{"start":{"line":11,"column":4},"end":{"line":11,"column":26}},"5":{"start":{"line":12,"column":4},"end":{"line":12,"column":31}},"6":{"start":{"line":14,"column":4},"end":{"line":14,"column":20}},"7":{"start":{"line":15,"column":4},"end":{"line":15,"column":17}},"8":{"start":{"line":16,"column":4},"end":{"line":16,"column":18}},"9":{"start":{"line":20,"column":4},"end":{"line":60,"column":6}},"10":{"start":{"line":22,"column":20},"end":{"line":22,"column":32}},"11":{"start":{"line":23,"column":19},"end":{"line":23,"column":33}},"12":{"start":{"line":26,"column":8},"end":{"line":30,"column":9}},"13":{"start":{"line":27,"column":10},"end":{"line":27,"column":28}},"14":{"start":{"line":28,"column":10},"end":{"line":28,"column":21}},"15":{"start":{"line":29,"column":10},"end":{"line":29,"column":33}},"16":{"start":{"line":32,"column":8},"end":{"line":34,"column":9}},"17":{"start":{"line":33,"column":10},"end":{"line":33,"column":27}},"18":{"start":{"line":36,"column":8},"end":{"line":36,"column":45}},"19":{"start":{"line":37,"column":8},"end":{"line":37,"column":49}},"20":{"start":{"line":39,"column":8},"end":{"line":39,"column":39}},"21":{"start":{"line":43,"column":8},"end":{"line":43,"column":32}},"22":{"start":{"line":45,"column":8},"end":{"line":45,"column":26}},"23":{"start":{"line":46,"column":8},"end":{"line":46,"column":50}},"24":{"start":{"line":50,"column":24},"end":{"line":50,"column":32}},"25":{"start":{"line":52,"column":8},"end":{"line":52,"column":40}},"26":{"start":{"line":54,"column":26},"end":{"line":54,"column":44}},"27":{"start":{"line":56,"column":8},"end":{"line":56,"column":38}},"28":{"start":{"line":57,"column":8},"end":{"line":57,"column":43}},"29":{"start":{"line":58,"column":8},"end":{"line":58,"column":54}},"30":{"start":{"line":64,"column":0},"end":{"line":64,"column":51}}},"fnMap":{"0":{"name":"(anonymous_0)","decl":{"start":{"line":6,"column":2},"end":{"line":6,"column":3}},"loc":{"start":{"line":6,"column":28},"end":{"line":17,"column":3}},"line":6},"1":{"name":"(anonymous_1)","decl":{"start":{"line":19,"column":2},"end":{"line":19,"column":3}},"loc":{"start":{"line":19,"column":35},"end":{"line":61,"column":3}},"line":19},"2":{"name":"(anonymous_2)","decl":{"start":{"line":21,"column":6},"end":{"line":21,"column":7}},"loc":{"start":{"line":21,"column":16},"end":{"line":40,"column":7}},"line":21},"3":{"name":"(anonymous_3)","decl":{"start":{"line":42,"column":6},"end":{"line":42,"column":7}},"loc":{"start":{"line":42,"column":16},"end":{"line":47,"column":7}},"line":42},"4":{"name":"(anonymous_4)","decl":{"start":{"line":49,"column":6},"end":{"line":49,"column":7}},"loc":{"start":{"line":49,"column":24},"end":{"line":59,"column":7}},"line":49}},"branchMap":{"0":{"loc":{"start":{"line":26,"column":8},"end":{"line":30,"column":9}},"type":"if","locations":[{"start":{"line":26,"column":8},"end":{"line":30,"column":9}},{"start":{"line":26,"column":8},"end":{"line":30,"column":9}}],"line":26},"1":{"loc":{"start":{"line":32,"column":8},"end":{"line":34,"column":9}},"type":"if","locations":[{"start":{"line":32,"column":8},"end":{"line":34,"column":9}},{"start":{"line":32,"column":8},"end":{"line":34,"column":9}}],"line":32},"2":{"loc":{"start":{"line":32,"column":12},"end":{"line":32,"column":71}},"type":"binary-expr","locations":[{"start":{"line":32,"column":12},"end":{"line":32,"column":23}},{"start":{"line":32,"column":28},"end":{"line":32,"column":39}},{"start":{"line":32,"column":43},"end":{"line":32,"column":70}}],"line":32}},"s":{"0":2,"1":8,"2":8,"3":8,"4":8,"5":8,"6":8,"7":8,"8":8,"9":8,"10":572,"11":572,"12":572,"13":42,"14":42,"15":42,"16":572,"17":43,"18":572,"19":572,"20":572,"21":39,"22":39,"23":39,"24":261,"25":261,"26":261,"27":261,"28":261,"29":261,"30":2},"f":{"0":8,"1":8,"2":572,"3":39,"4":261},"b":{"0":[42,530],"1":[43,529],"2":[572,529,0]},"_coverageSchema":"1a1c01bbd47fc00a2c39e90264f33305004495a9","hash":"08160f06a48f256e64f8ba87c3a85fddef542b58"}
,"/Users/fabianrios/Workspace/metalshub/html-eslint/packages/parser/lib/parser/formatting-element-list.js": {"path":"/Users/fabianrios/Workspace/metalshub/html-eslint/packages/parser/lib/parser/formatting-element-list.js","statementMap":{"0":{"start":{"line":4,"column":26},"end":{"line":4,"column":27}},"1":{"start":{"line":9,"column":4},"end":{"line":9,"column":20}},"2":{"start":{"line":10,"column":4},"end":{"line":10,"column":22}},"3":{"start":{"line":11,"column":4},"end":{"line":11,"column":35}},"4":{"start":{"line":12,"column":4},"end":{"line":12,"column":25}},"5":{"start":{"line":19,"column":23},"end":{"line":19,"column":25}},"6":{"start":{"line":21,"column":4},"end":{"line":45,"column":5}},"7":{"start":{"line":22,"column":28},"end":{"line":22,"column":75}},"8":{"start":{"line":23,"column":24},"end":{"line":23,"column":63}},"9":{"start":{"line":24,"column":29},"end":{"line":24,"column":73}},"10":{"start":{"line":26,"column":6},"end":{"line":44,"column":7}},"11":{"start":{"line":26,"column":19},"end":{"line":26,"column":34}},"12":{"start":{"line":27,"column":22},"end":{"line":27,"column":37}},"13":{"start":{"line":29,"column":8},"end":{"line":31,"column":9}},"14":{"start":{"line":30,"column":10},"end":{"line":30,"column":16}},"15":{"start":{"line":33,"column":24},"end":{"line":33,"column":37}},"16":{"start":{"line":34,"column":29},"end":{"line":34,"column":66}},"17":{"start":{"line":37,"column":10},"end":{"line":39,"column":47}},"18":{"start":{"line":41,"column":8},"end":{"line":43,"column":9}},"19":{"start":{"line":42,"column":10},"end":{"line":42,"column":59}},"20":{"start":{"line":47,"column":4},"end":{"line":47,"column":67}},"21":{"start":{"line":51,"column":23},"end":{"line":51,"column":70}},"22":{"start":{"line":52,"column":18},"end":{"line":52,"column":35}},"23":{"start":{"line":54,"column":4},"end":{"line":86,"column":5}},"24":{"start":{"line":55,"column":22},"end":{"line":55,"column":62}},"25":{"start":{"line":56,"column":28},"end":{"line":56,"column":42}},"26":{"start":{"line":57,"column":25},"end":{"line":57,"column":44}},"27":{"start":{"line":60,"column":6},"end":{"line":64,"column":7}},"28":{"start":{"line":60,"column":19},"end":{"line":60,"column":20}},"29":{"start":{"line":61,"column":23},"end":{"line":61,"column":33}},"30":{"start":{"line":63,"column":8},"end":{"line":63,"column":47}},"31":{"start":{"line":66,"column":6},"end":{"line":79,"column":7}},"32":{"start":{"line":66,"column":19},"end":{"line":66,"column":20}},"33":{"start":{"line":67,"column":8},"end":{"line":78,"column":9}},"34":{"start":{"line":67,"column":21},"end":{"line":67,"column":22}},"35":{"start":{"line":68,"column":24},"end":{"line":68,"column":46}},"36":{"start":{"line":70,"column":10},"end":{"line":73,"column":11}},"37":{"start":{"line":71,"column":12},"end":{"line":71,"column":36}},"38":{"start":{"line":72,"column":12},"end":{"line":72,"column":22}},"39":{"start":{"line":75,"column":10},"end":{"line":77,"column":11}},"40":{"start":{"line":76,"column":12},"end":{"line":76,"column":19}},"41":{"start":{"line":82,"column":6},"end":{"line":85,"column":7}},"42":{"start":{"line":82,"column":19},"end":{"line":82,"column":30}},"43":{"start":{"line":83,"column":8},"end":{"line":83,"column":50}},"44":{"start":{"line":84,"column":8},"end":{"line":84,"column":22}},"45":{"start":{"line":91,"column":4},"end":{"line":91,"column":68}},"46":{"start":{"line":92,"column":4},"end":{"line":92,"column":18}},"47":{"start":{"line":96,"column":4},"end":{"line":96,"column":42}},"48":{"start":{"line":98,"column":4},"end":{"line":102,"column":7}},"49":{"start":{"line":104,"column":4},"end":{"line":104,"column":18}},"50":{"start":{"line":108,"column":22},"end":{"line":108,"column":37}},"51":{"start":{"line":110,"column":4},"end":{"line":114,"column":5}},"52":{"start":{"line":111,"column":6},"end":{"line":113,"column":7}},"53":{"start":{"line":112,"column":8},"end":{"line":112,"column":14}},"54":{"start":{"line":116,"column":4},"end":{"line":120,"column":7}},"55":{"start":{"line":122,"column":4},"end":{"line":122,"column":18}},"56":{"start":{"line":126,"column":4},"end":{"line":132,"column":5}},"57":{"start":{"line":126,"column":17},"end":{"line":126,"column":32}},"58":{"start":{"line":127,"column":6},"end":{"line":131,"column":7}},"59":{"start":{"line":128,"column":8},"end":{"line":128,"column":34}},"60":{"start":{"line":129,"column":8},"end":{"line":129,"column":22}},"61":{"start":{"line":130,"column":8},"end":{"line":130,"column":14}},"62":{"start":{"line":136,"column":4},"end":{"line":144,"column":5}},"63":{"start":{"line":137,"column":20},"end":{"line":137,"column":38}},"64":{"start":{"line":139,"column":6},"end":{"line":139,"column":20}},"65":{"start":{"line":141,"column":6},"end":{"line":143,"column":7}},"66":{"start":{"line":142,"column":8},"end":{"line":142,"column":14}},"67":{"start":{"line":149,"column":4},"end":{"line":159,"column":5}},"68":{"start":{"line":149,"column":17},"end":{"line":149,"column":32}},"69":{"start":{"line":150,"column":20},"end":{"line":150,"column":35}},"70":{"start":{"line":152,"column":6},"end":{"line":154,"column":7}},"71":{"start":{"line":153,"column":8},"end":{"line":153,"column":20}},"72":{"start":{"line":156,"column":6},"end":{"line":158,"column":7}},"73":{"start":{"line":157,"column":8},"end":{"line":157,"column":21}},"74":{"start":{"line":161,"column":4},"end":{"line":161,"column":16}},"75":{"start":{"line":165,"column":4},"end":{"line":174,"column":5}},"76":{"start":{"line":165,"column":17},"end":{"line":165,"column":32}},"77":{"start":{"line":166,"column":20},"end":{"line":166,"column":35}},"78":{"start":{"line":168,"column":6},"end":{"line":173,"column":7}},"79":{"start":{"line":172,"column":8},"end":{"line":172,"column":21}},"80":{"start":{"line":176,"column":4},"end":{"line":176,"column":16}},"81":{"start":{"line":181,"column":0},"end":{"line":181,"column":52}},"82":{"start":{"line":182,"column":0},"end":{"line":182,"column":54}},"83":{"start":{"line":184,"column":0},"end":{"line":184,"column":39}}},"fnMap":{"0":{"name":"(anonymous_0)","decl":{"start":{"line":8,"column":2},"end":{"line":8,"column":3}},"loc":{"start":{"line":8,"column":27},"end":{"line":13,"column":3}},"line":8},"1":{"name":"(anonymous_1)","decl":{"start":{"line":18,"column":2},"end":{"line":18,"column":3}},"loc":{"start":{"line":18,"column":45},"end":{"line":48,"column":3}},"line":18},"2":{"name":"(anonymous_2)","decl":{"start":{"line":50,"column":2},"end":{"line":50,"column":3}},"loc":{"start":{"line":50,"column":38},"end":{"line":87,"column":3}},"line":50},"3":{"name":"(anonymous_3)","decl":{"start":{"line":90,"column":2},"end":{"line":90,"column":3}},"loc":{"start":{"line":90,"column":17},"end":{"line":93,"column":3}},"line":90},"4":{"name":"(anonymous_4)","decl":{"start":{"line":95,"column":2},"end":{"line":95,"column":3}},"loc":{"start":{"line":95,"column":30},"end":{"line":105,"column":3}},"line":95},"5":{"name":"(anonymous_5)","decl":{"start":{"line":107,"column":2},"end":{"line":107,"column":3}},"loc":{"start":{"line":107,"column":45},"end":{"line":123,"column":3}},"line":107},"6":{"name":"(anonymous_6)","decl":{"start":{"line":125,"column":2},"end":{"line":125,"column":3}},"loc":{"start":{"line":125,"column":21},"end":{"line":133,"column":3}},"line":125},"7":{"name":"(anonymous_7)","decl":{"start":{"line":135,"column":2},"end":{"line":135,"column":3}},"loc":{"start":{"line":135,"column":22},"end":{"line":145,"column":3}},"line":135},"8":{"name":"(anonymous_8)","decl":{"start":{"line":148,"column":2},"end":{"line":148,"column":3}},"loc":{"start":{"line":148,"column":45},"end":{"line":162,"column":3}},"line":148},"9":{"name":"(anonymous_9)","decl":{"start":{"line":164,"column":2},"end":{"line":164,"column":3}},"loc":{"start":{"line":164,"column":27},"end":{"line":177,"column":3}},"line":164}},"branchMap":{"0":{"loc":{"start":{"line":21,"column":4},"end":{"line":45,"column":5}},"type":"if","locations":[{"start":{"line":21,"column":4},"end":{"line":45,"column":5}},{"start":{"line":21,"column":4},"end":{"line":45,"column":5}}],"line":21},"1":{"loc":{"start":{"line":29,"column":8},"end":{"line":31,"column":9}},"type":"if","locations":[{"start":{"line":29,"column":8},"end":{"line":31,"column":9}},{"start":{"line":29,"column":8},"end":{"line":31,"column":9}}],"line":29},"2":{"loc":{"start":{"line":37,"column":10},"end":{"line":39,"column":47}},"type":"binary-expr","locations":[{"start":{"line":37,"column":10},"end":{"line":37,"column":60}},{"start":{"line":38,"column":10},"end":{"line":38,"column":70}},{"start":{"line":39,"column":10},"end":{"line":39,"column":47}}],"line":37},"3":{"loc":{"start":{"line":41,"column":8},"end":{"line":43,"column":9}},"type":"if","locations":[{"start":{"line":41,"column":8},"end":{"line":43,"column":9}},{"start":{"line":41,"column":8},"end":{"line":43,"column":9}}],"line":41},"4":{"loc":{"start":{"line":47,"column":11},"end":{"line":47,"column":66}},"type":"cond-expr","locations":[{"start":{"line":47,"column":51},"end":{"line":47,"column":53}},{"start":{"line":47,"column":56},"end":{"line":47,"column":66}}],"line":47},"5":{"loc":{"start":{"line":54,"column":4},"end":{"line":86,"column":5}},"type":"if","locations":[{"start":{"line":54,"column":4},"end":{"line":86,"column":5}},{"start":{"line":54,"column":4},"end":{"line":86,"column":5}}],"line":54},"6":{"loc":{"start":{"line":70,"column":10},"end":{"line":73,"column":11}},"type":"if","locations":[{"start":{"line":70,"column":10},"end":{"line":73,"column":11}},{"start":{"line":70,"column":10},"end":{"line":73,"column":11}}],"line":70},"7":{"loc":{"start":{"line":75,"column":10},"end":{"line":77,"column":11}},"type":"if","locations":[{"start":{"line":75,"column":10},"end":{"line":77,"column":11}},{"start":{"line":75,"column":10},"end":{"line":77,"column":11}}],"line":75},"8":{"loc":{"start":{"line":111,"column":6},"end":{"line":113,"column":7}},"type":"if","locations":[{"start":{"line":111,"column":6},"end":{"line":113,"column":7}},{"start":{"line":111,"column":6},"end":{"line":113,"column":7}}],"line":111},"9":{"loc":{"start":{"line":12
[...]
{"line":78,"column":20},"end":{"line":78,"column":24}},"25":{"start":{"line":80,"column":2},"end":{"line":85,"column":3}},"26":{"start":{"line":80,"column":15},"end":{"line":80,"column":16}},"27":{"start":{"line":81,"column":4},"end":{"line":84,"column":5}},"28":{"start":{"line":82,"column":6},"end":{"line":82,"column":43}},"29":{"start":{"line":83,"column":6},"end":{"line":83,"column":12}},"30":{"start":{"line":87,"column":2},"end":{"line":98,"column":3}},"31":{"start":{"line":88,"column":4},"end":{"line":88,"column":28}},"32":{"start":{"line":89,"column":4},"end":{"line":89,"column":36}},"33":{"start":{"line":90,"column":4},"end":{"line":90,"column":36}},"34":{"start":{"line":92,"column":4},"end":{"line":97,"column":7}},"35":{"start":{"line":101,"column":0},"end":{"line":103,"column":2}},"36":{"start":{"line":102,"column":2},"end":{"line":102,"column":23}},"37":{"start":{"line":105,"column":0},"end":{"line":107,"column":2}},"38":{"start":{"line":106,"column":2},"end":{"line":106,"column":23}},"39":{"start":{"line":109,"column":0},"end":{"line":116,"column":2}},"40":{"start":{"line":110,"column":2},"end":{"line":115,"column":3}},"41":{"start":{"line":111,"column":16},"end":{"line":111,"column":56}},"42":{"start":{"line":113,"column":4},"end":{"line":113,"column":46}},"43":{"start":{"line":114,"column":4},"end":{"line":114,"column":27}},"44":{"start":{"line":118,"column":0},"end":{"line":129,"column":2}},"45":{"start":{"line":119,"column":2},"end":{"line":126,"column":3}},"46":{"start":{"line":120,"column":21},"end":{"line":120,"column":76}},"47":{"start":{"line":122,"column":4},"end":{"line":125,"column":5}},"48":{"start":{"line":123,"column":6},"end":{"line":123,"column":29}},"49":{"start":{"line":124,"column":6},"end":{"line":124,"column":13}},"50":{"start":{"line":128,"column":2},"end":{"line":128,"column":48}},"51":{"start":{"line":131,"column":0},"end":{"line":140,"column":2}},"52":{"start":{"line":133,"column":4},"end":{"line":133,"column":75}},"53":{"start":{"line":135,"column":2},"end":{"line":139,"column":3}},"54":{"start":{"line":136,"column":4},"end":{"line":136,"column":27}},"55":{"start":{"line":138,"column":4},"end":{"line":138,"column":66}},"56":{"start":{"line":142,"column":0},"end":{"line":154,"column":2}},"57":{"start":{"line":143,"column":28},"end":{"line":143,"column":30}},"58":{"start":{"line":145,"column":2},"end":{"line":147,"column":3}},"59":{"start":{"line":145,"column":15},"end":{"line":145,"column":16}},"60":{"start":{"line":146,"column":4},"end":{"line":146,"column":52}},"61":{"start":{"line":149,"column":2},"end":{"line":153,"column":3}},"62":{"start":{"line":149,"column":15},"end":{"line":149,"column":16}},"63":{"start":{"line":150,"column":4},"end":{"line":152,"column":5}},"64":{"start":{"line":151,"column":6},"end":{"line":151,"column":37}},"65":{"start":{"line":157,"column":0},"end":{"line":159,"column":2}},"66":{"start":{"line":158,"column":2},"end":{"line":158,"column":28}},"67":{"start":{"line":161,"column":0},"end":{"line":163,"column":2}},"68":{"start":{"line":162,"column":2},"end":{"line":162,"column":25}},"69":{"start":{"line":165,"column":0},"end":{"line":167,"column":2}},"70":{"start":{"line":166,"column":2},"end":{"line":166,"column":25}},"71":{"start":{"line":169,"column":0},"end":{"line":171,"column":2}},"72":{"start":{"line":170,"column":2},"end":{"line":170,"column":23}},"73":{"start":{"line":174,"column":0},"end":{"line":176,"column":2}},"74":{"start":{"line":175,"column":2},"end":{"line":175,"column":25}},"75":{"start":{"line":178,"column":0},"end":{"line":180,"column":2}},"76":{"start":{"line":179,"column":2},"end":{"line":179,"column":30}},"77":{"start":{"line":182,"column":0},"end":{"line":184,"column":2}},"78":{"start":{"line":183,"column":2},"end":{"line":183,"column":24}},"79":{"start":{"line":186,"column":0},"end":{"line":188,"column":2}},"80":{"start":{"line":187,"column":2},"end":{"line":187,"column":26}},"81":{"start":{"line":190,"column":0},"end":{"line":192,"column":2}},"82":{"start":{"line":191,"column":2},"end":{"line":191,"column":26}},"83":{"start":{"line":194,"column":0},"end":{"line":196,"column":2}},"84":{"start":{"line":195,"column":2},"end":{"line":195,"column":30}},"85":{"start":{"line":198,"column":0},"end":{"line":200,"column":2}},"86":{"start":{"line":199,"column":2},"end":{"line":199,"column":30}},"87":{"start":{"line":203,"column":0},"end":{"line":205,"column":2}},"88":{"start":{"line":204,"column":2},"end":{"line":204,"column":31}},"89":{"start":{"line":207,"column":0},"end":{"line":209,"column":2}},"90":{"start":{"line":208,"column":2},"end":{"line":208,"column":34}},"91":{"start":{"line":211,"column":0},"end":{"line":213,"column":2}},"92":{"start":{"line":212,"column":2},"end":{"line":212,"column":39}},"93":{"start":{"line":215,"column":0},"end":{"line":217,"column":2}},"94":{"start":{"line":216,"column":2},"end":{"line":216,"column":24}},"95":{"start":{"line":220,"column":0},"end":{"line":222,"column":2}},"96":{"start":{"line":221,"column":2},"end":{"line":221,"column":37}},"97":{"start":{"line":224,"column":0},"end":{"line":226,"column":2}},"98":{"start":{"line":225,"column":2},"end":{"line":225,"column":18}},"99":{"start":{"line":228,"column":0},"end":{"line":238,"column":2}},"100":{"start":{"line":229,"column":21},"end":{"line":229,"column":23}},"101":{"start":{"line":230,"column":2},"end":{"line":230,"column":46}},"102":{"start":{"line":231,"column":2},"end":{"line":231,"column":28}},"103":{"start":{"line":232,"column":2},"end":{"line":232,"column":38}},"104":{"start":{"line":233,"column":2},"end":{"line":233,"column":36}},"105":{"start":{"line":234,"column":2},"end":{"line":236,"column":3}},"106":{"start":{"line":235,"column":4},"end":{"line":235,"column":36}}},"fnMap":{"0":{"name":"(anonymous_0)","decl":{"start":{"line":7,"column":25},"end":{"line":7,"column":26}},"loc":{"start":{"line":7,"column":37},"end":{"line":16,"column":1}},"line":7},"1":{"name":"(anonymous_1)","decl":{"start":{"line":18,"column":33},"end":{"line":18,"column":34}},"loc":{"start":{"line":18,"column":45},"end":{"line":23,"column":1}},"line":18},"2":{"name":"(anonymous_2)","decl":{"start":{"line":25,"column":24},"end":{"line":25,"column":25}},"loc":{"start":{"line":25,"column":64},"end":{"line":34,"column":1}},"line":25},"3":{"name":"(anonymous_3)","decl":{"start":{"line":36,"column":28},"end":{"line":36,"column":29}},"loc":{"start":{"line":36,"column":44},"end":{"line":42,"column":1}},"line":36},"4":{"name":"(anonymous_4)","decl":{"start":{"line":44,"column":23},"end":{"line":44,"column":24}},"loc":{"start":{"line":44,"column":40},"end":{"line":50,"column":1}},"line":44},"5":{"name":"(anonymous_5)","decl":{"start":{"line":53,"column":43},"end":{"line":53,"column":44}},"loc":{"start":{"line":53,"column":74},"end":{"line":56,"column":1}},"line":53},"6":{"name":"(anonymous_6)","decl":{"start":{"line":58,"column":45},"end":{"line":58,"column":46}},"loc":{"start":{"line":62,"column":2},"end":{"line":67,"column":1}},"line":62},"7":{"name":"(anonymous_7)","decl":{"start":{"line":69,"column":29},"end":{"line":69,"column":30}},"loc":{"start":{"line":69,"column":72},"end":{"line":71,"column":1}},"line":69},"8":{"name":"(anonymous_8)","decl":{"start":{"line":73,"column":29},"end":{"line":73,"column":30}},"loc":{"start":{"line":73,"column":56},"end":{"line":75,"column":1}},"line":73},"9":{"name":"(anonymous_9)","decl":{"start":{"line":77,"column":26},"end":{"line":77,"column":27}},"loc":{"start":{"line":77,"column":72},"end":{"line":99,"column":1}},"line":77},"10":{"name":"(anonymous_10)","decl":{"start":{"line":101,"column":26},"end":{"line":101,"column":27}},"loc":{"start":{"line":101,"column":52},"end":{"line":103,"column":1}},"line":101},"11":{"name":"(anonymous_11)","decl":{"start":{"line":105,"column":26},"end":{"line":105,"column":27}},"loc":{"start":{"line":105,"column":46},"end":{"line":107,"column":1}},"line":105},"12":{"name":"(anonymous_12)","decl":{"start":{"line":109,"column":21},"end":{"line":109,"column":22}},"loc":{"start":{"line":109,"column":37},"end":{"line":116,"column":1}},"line":109},"13":{"name":"(anonymous_13)","decl":{"start":{"line":118,"column":21},"end":{"line":118,"column":22}},"loc":{"start":{"line":118,"column":49},"end":{"line":129,"column":1}},"line":118},"14":{"name":"(anonymous_14)","decl":{"start":{"line":131,"column":27},"end":{"line":131,"column":28}},"loc":{"start":{"line":131,"column":70},"end":{"line":140,"column":1}},"line":131},"15":{"name":"(anonymous_15)","decl":{"start":{"line":142,"column":26},"end":{"line":142,"column":27}},"loc":{"start":{"line":142,"column":54},"end":{"line":154,"column":1}},"line":142},"16":{"name":"(anonymous_16)","decl":{"start":{"line":157,"column":24},"end":{"line":157,"column":25}},"loc":{"start":{"line":157,"column":40},"end":{"line":159,"column":1}},"line":157},"17":{"name":"(anonymous_17)","decl":{"start":{"line":161,"column":24},"end":{"line":161,"column":25}},"loc":{"start":{"line":161,"column":40},"end":{"line":163,"column":1}},"line":161},"18":{"name":"(anonymous_18)","decl":{"start":{"line":165,"column":24},"end":{"line":165,"column":25}},"loc":{"start":{"line":165,"column":40},"end":{"line":167,"column":1}},"line":165},"19":{"name":"(anonymous_19)","decl":{"start":{"line":169,"column":22},"end":{"line":169,"column":23}},"loc":{"start":{"line":169,"column":41},"end":{"line":171,"column":1}},"line":169},"20":{"name":"(anonymous_20)","decl":{"start":{"line":174,"column":21},"end":{"line":174,"column":22}},"loc":{"start":{"line":174,"column":40},"end":{"line":176,"column":1}},"line":174},"21":{"name":"(anonymous_21)","decl":{"start":{"line":178,"column":26},"end":{"line":178,"column":27}},"loc":{"start":{"line":178,"column":45},"end":{"line":180,"column":1}},"line":178},"22":{"name":"(anonymous_22)","decl":{"start":{"line":182,"column":29},"end":{"line":182,"column":30}},"loc":{"start":{"line":182,"column":49},"end":{"line":184,"column":1}},"line":182},"23":{"name":"(anonymous_23)","decl":{"start":{"line":186,"column":32},"end":{"line":186,"column":33}},"loc":{"start":{"line":186,"column":55},"end":{"line":188,"column":1}},"line":186},"24":{"name":"(anonymous_24)","decl":{"start":{"line":190,"column":34},"end":{"line":190,"column":35}},"loc":{"start":{"line":190,"column":57},"end":{"line":192,"column":1}},"line":190},"25":{"name":"(anonymous_25)","decl":{"start":{"line":194,"column":38},"end":{"line":194,"column":39}},"loc":{"start":{"line":194,"column":61},"end":{"line":196,"column":1}},"line":194},"26":{"name":"(anonymous_26)","decl":{"start":{"line":198,"column":38},"end":{"line":198,"column":39}},"loc":{"start":{"line":198,"column":61},"end":{"line":200,"column":1}},"line":198},"27":{"name":"(anonymous_27)","decl":{"start":{"line":203,"column":21},"end":{"line":203,"column":22}},"loc":{"start":{"line":203,"column":37},"end":{"line":205,"column":1}},"line":203},"28":{"name":"(anonymous_28)","decl":{"start":{"line":207,"column":24},"end":{"line":207,"column":25}},"loc":{"start":{"line":207,"column":40},"end":{"line":209,"column":1}},"line":207},"29":{"name":"(anonymous_29)","decl":{"start":{"line":211,"column":29},"end":{"line":211,"column":30}},"loc":{"start":{"line":211,"column":45},"end":{"line":213,"column":1}},"line":211},"30":{"name":"(anonymous_30)","decl":{"start":{"line":215,"column":24},"end":{"line":215,"column":25}},"loc":{"start":{"line":215,"column":40},"end":{"line":217,"column":1}},"line":215},"31":{"name":"(anonymous_31)","decl":{"start":{"line":220,"column":36},"end":{"line":220,"column":37}},"loc":{"start":{"line":220,"column":62},"end":{"line":222,"column":1}},"line":220},"32":{"name":"(anonymous_32)","decl":{"start":{"line":224,"column":36},"end":{"line":224,"column":37}},"loc":{"start":{"line":224,"column":52},"end":{"line":226,"column":1}},"line":224},"33":{"name":"(anonymous_33)","decl":{"start":{"line":228,"column":39},"end":{"line":228,"column":40}},"loc":{"start":{"line":228,"column":68},"end":{"line":238,"column":1}},"line":228}},"branchMap":{"0":{"loc":{"start":{"line":81,"column":4},"end":{"line":84,"column":5}},"type":"if","locations":[{"start":{"line":81,"column":4},"end":{"line":84,"column":5}},{"start":{"line":81,"column":4},"end":{"line":84,"column":5}}],"line":81},"1":{"loc":{"start":{"line":87,"column":2},"end":{"line":98,"column":3}},"type":"if","locations":[{"start":{"line":87,"column":2},"end":{"line":98,"column":3}},{"start":{"line":87,"column":2},"end":{"line":98,"column":3}}],"line":87},"2":{"loc":{"start":{"line":110,"column":2},"end":{"line":115,"column":3}},"type":"if","locations":[{"start":{"line":110,"column":2},"end":{"line":115,"column":3}},{"start":{"line":110,"column":2},"end":{"line":115,"column":3}}],"line":110},"3":{"loc":{"start":{"line":119,"column":2},"end":{"line":126,"column":3}},"type":"if","locations":[{"start":{"line":119,"column":2},"end":{"line":126,"column":3}},{"start":{"line":119,"column":2},"end":{"line":126,"column":3}}],"line":119},"4":{"loc":{"start":{"line":122,"column":4},"end":{"line":125,"column":5}},"type":"if","locations":[{"start":{"line":122,"column":4},"end":{"line":125,"column":5}},{"start":{"line":122,"column":4},"end":{"line":125,"column":5}}],"line":122},"5":{"loc":{"start":{"line":135,"column":2},"end":{"line":139,"column":3}},"type":"if","locations":[{"start":{"line":135,"column":2},"end":{"line":139,"column":3}},{"start":{"line":135,"column":2},"end":{"line":139,"column":3}}],"line":135},"6":{"loc":{"start":{"line":135,"column":6},"end":{"line":135,"column":43}},"type":"binary-expr","locations":[{"start":{"line":135,"column":6},"end":{"line":135,"column":14}},{"start":{"line":135,"column":18},"end":{"line":135,"column":43}}],"line":135},"7":{"loc":{"start":{"line":150,"column":4},"end":{"line":152,"column":5}},"type":"if","locations":[{"start":{"line":150,"column":4},"end":{"line":152,"column":5}},{"start":{"line":150,"column":4},"end":{"line":152,"column":5}}],"line":150},"8":{"loc":{"start":{"line":234,"column":2},"end":{"line":236,"column":3}},"type":"if","locations":[{"start":{"line":234,"column":2},"end":{"line":236,"column":3}},{"start":{"line":234,"column":2},"end":{"line":236,"column":3}}],"line":234}},"s":{"0":2,"1":2,"2":2,"3":8,"4":2,"5":1,"6":2,"7":36,"8":2,"9":2,"10":2,"11":24,"12":2,"13":64,"14":64,"15":2,"16":0,"17":0,"18":0,"19":2,"20":1,"21":2,"22":3,"23":2,"24":2,"25":2,"26":2,"27":0,"28":0,"29":0,"30":2,"31":0,"32":0,"33":0,"34":2,"35":2,"36":8,"37":2,"38":2,"39":2,"40":0,"41":0,"42":0,"43":0,"44":2,"45":30,"46":18,"47":18,"48":6,"49":6,"50":24,"51":2,"52":0,"53":0,"54":0,"55":0,"56":2,"57":0,"58":0,"59":0,"60":0,"61":0,"62":0,"63":0,"64":0,"65":2,"66":0,"67":2,"68":34,"69":2,"70":0,"71":2,"72":0,"73":2,"74":158,"75":2,"76":189,"77":2,"78":0,"79":2,"80":0,"81":2,"82":0,"83":2,"84":0,"85":2,"86":0,"87":2,"88":0,"89":2,"90":0,"91":2,"92":2,"93":2,"94":0,"95":2,"96":65,"97":2,"98":85,"99":2,"100":42,"101":42,"102":42,"103":42,"104":42,"105":42,"106":29},"f":{"0":8,"1":1,"2":36,"3":2,"4":24,"5":64,"6":0,"7":1,"8":3,"9":2,"10":8,"11":2,"12":0,"13":30,"14":0,"15":0,"16":0,"17":34,"18":0,"19":0,"20":158,"21":189,"22":0,"23":0,"24":0,"25":0,"26":0,"27":0,"28":0,"29":2,"30":0,"31":65,"32":85,"33":42},"b":{"0":[0,0],"1":[0,2],"2":[0,0],"3":[18,12],"4":[6,12],"5":[0,0],"6":[0,0],"7":[0,0],"8":[29,13]},"_coverageSchema":"1a1c01bbd47fc00a2c39e90264f33305004495a9","hash":"a0d88f1e77c9c9b21541b91e123740fbab2f7e84"}
,"/Users/fabianrios/Workspace/metalshub/html-eslint/packages/parser/lib/utils/merge-options.js": {"path":"/Users/fabianrios/Workspace/metalshub/html-eslint/packages/parser/lib/utils/merge-options.js","statementMap":{"0":{"start":{"line":3,"column":0},"end":{"line":13,"column":2}},"1":{"start":{"line":4,"column":2},"end":{"line":4,"column":43}},"2":{"start":{"line":6,"column":2},"end":{"line":12,"column":26}},"3":{"start":{"line":7,"column":4},"end":{"line":9,"column":7}},"4":{"start":{"line":8,"column":6},"end":{"line":8,"column":32}},"5":{"start":{"line":11,"column":4},"end":{"line":11,"column":18}}},"fnMap":{"0":{"name":"mergeOptions","decl":{"start":{"line":3,"column":26},"end":{"line":3,"column":38}},"loc":{"start":{"line":3,"column":58},"end":{"line":13,"column":1}},"line":3},"1":{"name":"(anonymous_1)","decl":{"start":{"line":6,"column":36},"end":{"line":6,"column":37}},"loc":{"start":{"line":6,"column":56},"end":{"line":12,"column":3}},"line":6},"2":{"name":"(anonymous_2)","decl":{"start":{"line":7,"column":32},"end":{"line":7,"column":33}},"loc":{"start":{"line":7,"column":41},"end":{"line":9,"column":5}},"line":7}},"branchMap":{"0":{"loc":{"start":{"line":4,"column":12},"end":{"line":4,"column":42}},"type":"binary-expr","locations":[{"start":{"line":4,"column":12},"end":{"line":4,"column":19}},{"start":{"line":4,"column":23},"end":{"line":4,"column":42}}],"line":4}},"s":{"0":2,"1":8,"2":8,"3":16,"4":40,"5":16},"f":{"0":8,"1":16,"2":40},"b":{"0":[8,0]},"_coverageSchema":"1a1c01bbd47fc00a2c39e90264f33305004495a9","hash":"22f8c7afb436d66612f0349f065def7ac2654ef5"}
,"/Users/fabianrios/Workspace/metalshub/html-eslint/packages/parser/lib/utils/mixin.js": {"path":"/Users/fabianrios/Workspace/metalshub/html-eslint/packages/parser/lib/utils/mixin.js","statementMap":{"0":{"start":{"line":5,"column":28},"end":{"line":5,"column":30}},"1":{"start":{"line":6,"column":30},"end":{"line":6,"column":79}},"2":{"start":{"line":8,"column":4},"end":{"line":13,"column":5}},"3":{"start":{"line":9,"column":6},"end":{"line":12,"column":7}},"4":{"start":{"line":10,"column":8},"end":{"line":10,"column":41}},"5":{"start":{"line":11,"column":8},"end":{"line":11,"column":43}},"6":{"start":{"line":17,"column":4},"end":{"line":17,"column":39}},"7":{"start":{"line":21,"column":0},"end":{"line":37,"column":2}},"8":{"start":{"line":22,"column":2},"end":{"line":24,"column":3}},"9":{"start":{"line":23,"column":4},"end":{"line":23,"column":23}},"10":{"start":{"line":26,"column":2},"end":{"line":30,"column":3}},"11":{"start":{"line":26,"column":15},"end":{"line":26,"column":16}},"12":{"start":{"line":27,"column":4},"end":{"line":29,"column":5}},"13":{"start":{"line":28,"column":6},"end":{"line":28,"column":30}},"14":{"start":{"line":32,"column":16},"end":{"line":32,"column":36}},"15":{"start":{"line":34,"column":2},"end":{"line":34,"column":28}},"16":{"start":{"line":36,"column":2},"end":{"line":36,"column":15}},"17":{"start":{"line":39,"column":0},"end":{"line":39,"column":23}}},"fnMap":{"0":{"name":"(anonymous_0)","decl":{"start":{"line":4,"column":2},"end":{"line":4,"column":3}},"loc":{"start":{"line":4,"column":20},"end":{"line":14,"column":3}},"line":4},"1":{"name":"(anonymous_1)","decl":{"start":{"line":16,"column":2},"end":{"line":16,"column":3}},"loc":{"start":{"line":16,"column":26},"end":{"line":18,"column":3}},"line":16},"2":{"name":"(anonymous_2)","decl":{"start":{"line":21,"column":16},"end":{"line":21,"column":17}},"loc":{"start":{"line":21,"column":44},"end":{"line":37,"column":1}},"line":21}},"branchMap":{"0":{"loc":{"start":{"line":9,"column":6},"end":{"line":12,"column":7}},"type":"if","locations":[{"start":{"line":9,"column":6},"end":{"line":12,"column":7}},{"start":{"line":9,"column":6},"end":{"line":12,"column":7}}],"line":9},"1":{"loc":{"start":{"line":22,"column":2},"end":{"line":24,"column":3}},"type":"if","locations":[{"start":{"line":22,"column":2},"end":{"line":24,"column":3}},{"start":{"line":22,"column":2},"end":{"line":24,"column":3}}],"line":22},"2":{"loc":{"start":{"line":27,"column":4},"end":{"line":29,"column":5}},"type":"if","locations":[{"start":{"line":27,"column":4},"end":{"line":29,"column":5}},{"start":{"line":27,"column":4},"end":{"line":29,"column":5}}],"line":27}},"s":{"0":32,"1":32,"2":32,"3":280,"4":280,"5":280,"6":0,"7":2,"8":32,"9":32,"10":32,"11":32,"12":0,"13":0,"14":32,"15":32,"16":32,"17":2},"f":{"0":32,"1":0,"2":32},"b":{"0":[280,0],"1":[32,0],"2":[0,0]},"_coverageSchema":"1a1c01bbd47fc00a2c39e90264f33305004495a9","hash":"52362f7a147e900968cd9909dc2e19ca92dd848a"}
}
