TN:
SF:lib/index.js
FN:5,parseForESLint
FNF:1
FNH:1
FNDA:8,parseForESLint
DA:1,2
DA:2,2
DA:3,2
DA:5,2
DA:6,8
DA:7,8
DA:8,8
DA:9,8
DA:10,8
LF:9
LH:9
BRF:0
BRH:0
end_of_record
TN:
SF:lib/visitor-keys.js
FNF:0
FNH:0
DA:1,2
DA:9,2
LF:2
LH:2
BRF:0
BRH:0
end_of_record
TN:
SF:lib/common/doctype.js
FN:88,enquoteDoctypeId
FN:94,hasPrefix
FN:105,(anonymous_2)
FN:113,(anonymous_3)
FN:155,(anonymous_4)
FNF:5
FNH:2
FNDA:0,enquoteDoctypeId
FNDA:0,hasPrefix
FNDA:2,(anonymous_2)
FNDA:2,(anonymous_3)
FNDA:0,(anonymous_4)
DA:3,2
DA:6,2
DA:7,2
DA:9,2
DA:11,2
DA:69,2
DA:73,2
DA:78,2
DA:83,2
DA:89,0
DA:91,0
DA:95,0
DA:96,0
DA:97,0
DA:101,0
DA:105,2
DA:106,2
DA:113,2
DA:114,2
DA:115,0
DA:118,2
DA:120,2
DA:121,0
DA:124,2
DA:126,2
DA:127,0
DA:129,0
DA:130,0
DA:134,0
DA:138,0
DA:139,0
DA:142,0
DA:147,0
DA:148,0
DA:152,2
DA:155,2
DA:156,0
DA:158,0
DA:159,0
DA:162,0
DA:163,0
DA:164,0
DA:165,0
DA:168,0
DA:169,0
DA:172,0
LF:46
LH:19
BRDA:89,0,0,0
BRDA:89,0,1,0
BRDA:96,1,0,0
BRDA:96,1,1,0
BRDA:107,2,0,2
BRDA:107,2,1,2
BRDA:107,2,2,2
BRDA:107,2,3,0
BRDA:114,3,0,0
BRDA:114,3,1,2
BRDA:120,4,0,0
BRDA:120,4,1,2
BRDA:120,5,0,2
BRDA:120,5,1,0
BRDA:126,6,0,0
BRDA:126,6,1,2
BRDA:129,7,0,0
BRDA:129,7,1,0
BRDA:134,8,0,0
BRDA:134,8,1,0
BRDA:138,9,0,0
BRDA:138,9,1,0
BRDA:143,10,0,0
BRDA:143,10,1,0
BRDA:147,11,0,0
BRDA:147,11,1,0
BRDA:158,12,0,0
BRDA:158,12,1,0
BRDA:162,13,0,0
BRDA:162,13,1,0
BRDA:164,14,0,0
BRDA:164,14,1,0
BRDA:168,15,0,0
BRDA:168,15,1,0
BRF:34
BRH:7
end_of_record
TN:
SF:lib/common/error-codes.js
FNF:0
FNH:0
DA:3,2
LF:1
LH:1
BRF:0
BRH:0
end_of_record
TN:
SF:lib/common/foreign-content.js
FN:185,(anonymous_0)
FN:197,(anonymous_1)
FN:206,(anonymous_2)
FN:216,(anonymous_3)
FN:228,(anonymous_4)
FN:237,isMathMLTextIntegrationPoint
FN:244,isHtmlIntegrationPoint
FN:263,(anonymous_7)
FNF:8
FNH:0
FNDA:0,(anonymous_0)
FNDA:0,(anonymous_1)
FNDA:0,(anonymous_2)
FNDA:0,(anonymous_3)
FNDA:0,(anonymous_4)
FNDA:0,isMathMLTextIntegrationPoint
FNDA:0,isHtmlIntegrationPoint
FNDA:0,(anonymous_7)
DA:3,2
DA:4,2
DA:7,2
DA:8,2
DA:9,2
DA:12,2
DA:18,2
DA:19,2
DA:20,2
DA:81,2
DA:97,2
DA:137,2
DA:185,2
DA:186,0
DA:188,0
DA:193,0
DA:197,2
DA:198,0
DA:199,0
DA:200,0
DA:201,0
DA:206,2
DA:207,0
DA:208,0
DA:210,0
DA:211,0
DA:216,2
DA:217,0
DA:218,0
DA:220,0
DA:221,0
DA:222,0
DA:223,0
DA:228,2
DA:229,0
DA:231,0
DA:232,0
DA:238,0
DA:245,0
DA:246,0
DA:247,0
DA:248,0
DA:250,0
DA:257,0
DA:263,2
DA:264,0
DA:268,0
DA:271,0
DA:275,0
DA:278,0
LF:50
LH:18
BRDA:188,0,0,0
BRDA:188,0,1,0
BRDA:188,0,2,0
BRDA:188,0,3,0
BRDA:193,1,0,0
BRDA:193,1,1,0
BRDA:199,2,0,0
BRDA:199,2,1,0
BRDA:210,3,0,0
BRDA:210,3,1,0
BRDA:220,4,0,0
BRDA:220,4,1,0
BRDA:231,5,0,0
BRDA:231,5,1,0
BRDA:239,6,0,0
BRDA:239,6,1,0
BRDA:239,6,2,0
BRDA:239,6,3,0
BRDA:239,6,4,0
BRDA:239,6,5,0
BRDA:245,7,0,0
BRDA:245,7,1,0
BRDA:245,8,0,0
BRDA:245,8,1,0
BRDA:247,9,0,0
BRDA:247,9,1,0
BRDA:251,10,0,0
BRDA:251,10,1,0
BRDA:258,11,0,0
BRDA:258,11,1,0
BRDA:258,11,2,0
BRDA:258,11,3,0
BRDA:264,12,0,0
BRDA:264,12,1,0
BRDA:265,13,0,0
BRDA:265,13,1,0
BRDA:265,13,2,0
BRDA:271,14,0,0
BRDA:271,14,1,0
BRDA:272,15,0,0
BRDA:272,15,1,0
BRDA:272,15,2,0
BRF:42
BRH:0
end_of_record
TN:
SF:lib/common/html.js
FNF:0
FNH:0
DA:3,2
DA:12,2
DA:23,2
DA:29,2
DA:175,2
LF:5
LH:5
BRF:0
BRH:0
end_of_record
TN:
SF:lib/common/location.js
FN:1,setNodeLocAndRange
FNF:1
FNH:1
FNDA:157,setNodeLocAndRange
DA:2,157
DA:3,20
DA:4,20
DA:16,137
DA:18,137
DA:19,137
DA:20,137
DA:21,137
DA:31,137
DA:32,17
DA:33,17
DA:35,137
DA:36,29
DA:37,29
DA:41,2
LF:15
LH:15
BRDA:2,0,0,20
BRDA:2,0,1,137
BRDA:31,1,0,17
BRDA:31,1,1,120
BRDA:35,2,0,29
BRDA:35,2,1,108
BRF:6
BRH:6
end_of_record
TN:
SF:lib/common/unicode.js
FN:87,(anonymous_0)
FN:91,(anonymous_1)
FN:95,(anonymous_2)
FN:100,(anonymous_3)
FN:113,(anonymous_4)
FNF:5
FNH:1
FNDA:564,(anonymous_0)
FNDA:0,(anonymous_1)
FNDA:0,(anonymous_2)
FNDA:0,(anonymous_3)
FNDA:0,(anonymous_4)
DA:3,2
DA:40,2
DA:42,2
DA:77,2
DA:87,2
DA:88,564
DA:91,2
DA:92,0
DA:95,2
DA:96,0
DA:100,2
DA:101,0
DA:113,2
DA:114,0
LF:14
LH:10
BRDA:88,0,0,564
BRDA:88,0,1,0
BRDA:92,1,0,0
BRDA:92,1,1,0
BRDA:102,2,0,0
BRDA:102,2,1,0
BRDA:102,2,2,0
BRDA:102,2,3,0
BRDA:102,2,4,0
BRDA:102,2,5,0
BRDA:102,2,6,0
BRDA:102,2,7,0
BRDA:102,2,8,0
BRDA:115,3,0,0
BRDA:115,3,1,0
BRDA:115,3,2,0
BRF:16
BRH:1
end_of_record
TN:
SF:lib/extensions/error-reporting/mixin-base.js
FN:6,(anonymous_0)
FN:13,(anonymous_1)
FN:19,(anonymous_2)
FN:34,(anonymous_3)
FN:36,(anonymous_4)
FNF:5
FNH:0
FNDA:0,(anonymous_0)
FNDA:0,(anonymous_1)
FNDA:0,(anonymous_2)
FNDA:0,(anonymous_3)
FNDA:0,(anonymous_4)
DA:3,2
DA:7,0
DA:9,0
DA:10,0
DA:14,0
DA:15,0
DA:16,0
DA:20,0
DA:30,0
DA:31,0
DA:35,0
DA:37,0
DA:43,2
LF:13
LH:2
BRF:0
BRH:0
end_of_record
TN:
SF:lib/extensions/error-reporting/parser-mixin.js
FN:9,(anonymous_0)
FN:17,(anonymous_1)
FN:35,(anonymous_2)
FN:37,(anonymous_3)
FN:44,(anonymous_4)
FN:50,(anonymous_5)
FNF:6
FNH:0
FNDA:0,(anonymous_0)
FNDA:0,(anonymous_1)
FNDA:0,(anonymous_2)
FNDA:0,(anonymous_3)
FNDA:0,(anonymous_4)
FNDA:0,(anonymous_5)
DA:3,2
DA:4,2
DA:5,2
DA:6,2
DA:10,0
DA:12,0
DA:13,0
DA:14,0
DA:18,0
DA:19,0
DA:20,0
DA:21,0
DA:23,0
DA:26,0
DA:29,0
DA:36,0
DA:38,0
DA:40,0
DA:41,0
DA:45,0
DA:47,0
DA:51,0
DA:52,0
DA:58,2
LF:24
LH:5
BRDA:18,0,0,0
BRDA:18,0,1,0
BRDA:23,1,0,0
BRDA:23,1,1,0
BRDA:26,2,0,0
BRDA:26,2,1,0
BRDA:29,3,0,0
BRDA:29,3,1,0
BRDA:51,4,0,0
BRDA:51,4,1,0
BRF:10
BRH:0
end_of_record
TN:
SF:lib/extensions/error-reporting/preprocessor-mixin.js
FN:8,(anonymous_0)
FN:18,(anonymous_1)
FNF:2
FNH:0
FNDA:0,(anonymous_0)
FNDA:0,(anonymous_1)
DA:3,2
DA:4,2
DA:5,2
DA:9,0
DA:11,0
DA:15,0
DA:20,0
DA:21,0
DA:22,0
DA:27,2
LF:10
LH:4
BRDA:20,0,0,0
BRDA:20,0,1,0
BRF:2
BRH:0
end_of_record
TN:
SF:lib/extensions/error-reporting/tokenizer-mixin.js
FN:8,(anonymous_0)
FNF:1
FNH:0
FNDA:0,(anonymous_0)
DA:3,2
DA:4,2
DA:5,2
DA:9,0
DA:11,0
DA:17,0
DA:21,2
LF:7
LH:4
BRF:0
BRH:0
end_of_record
TN:
SF:lib/extensions/location-info/open-element-stack-mixin.js
FN:6,(anonymous_0)
FN:12,(anonymous_1)
FN:14,(anonymous_2)
FN:19,(anonymous_3)
FN:27,(anonymous_4)
FNF:5
FNH:3
FNDA:8,(anonymous_0)
FNDA:8,(anonymous_1)
FNDA:20,(anonymous_2)
FNDA:0,(anonymous_3)
FNDA:0,(anonymous_4)
DA:3,2
DA:7,8
DA:9,8
DA:13,8
DA:15,20
DA:16,20
DA:20,0
DA:21,0
DA:24,0
DA:28,0
DA:29,0
DA:35,2
LF:12
LH:7
BRF:0
BRH:0
end_of_record
TN:
SF:lib/extensions/location-info/parser-mixin.js
FN:13,(anonymous_0)
FN:24,(anonymous_1)
FN:35,(anonymous_2)
FN:65,(anonymous_3)
FN:67,(anonymous_4)
FN:82,(anonymous_5)
FN:88,(anonymous_6)
FN:99,(anonymous_7)
FN:104,(anonymous_8)
FN:128,(anonymous_9)
FN:145,(anonymous_10)
FN:153,(anonymous_11)
FN:158,(anonymous_12)
FN:163,(anonymous_13)
FN:174,(anonymous_14)
FN:183,(anonymous_15)
FN:193,(anonymous_16)
FN:203,(anonymous_17)
FNF:18
FNH:15
FNDA:8,(anonymous_0)
FNDA:33,(anonymous_1)
FNDA:55,(anonymous_2)
FNDA:8,(anonymous_3)
FNDA:8,(anonymous_4)
FNDA:20,(anonymous_5)
FNDA:8,(anonymous_6)
FNDA:0,(anonymous_7)
FNDA:144,(anonymous_8)
FNDA:2,(anonymous_9)
FNDA:33,(anonymous_10)
FNDA:0,(anonymous_11)
FNDA:16,(anonymous_12)
FNDA:1,(anonymous_13)
FNDA:3,(anonymous_14)
FNDA:2,(anonymous_15)
FNDA:0,(anonymous_16)
FNDA:30,(anonymous_17)
DA:3,2
DA:4,2
DA:5,2
DA:6,2
DA:7,2
DA:10,2
DA:14,8
DA:16,8
DA:17,8
DA:18,8
DA:19,8
DA:20,8
DA:21,8
DA:25,33
DA:27,33
DA:28,17
DA:29,17
DA:32,33
DA:36,55
DA:38,55
DA:39,36
DA:40,36
DA:41,36
DA:46,36
DA:48,36
DA:49,36
DA:50,29
DA:51,29
DA:52,29
DA:53,29
DA:55,7
DA:56,7
DA:57,7
DA:60,36
DA:66,8
DA:68,8
DA:70,8
DA:71,8
DA:72,8
DA:74,8
DA:79,8
DA:81,8
DA:83,20
DA:89,8
DA:93,8
DA:94,16
DA:100,0
DA:101,0
DA:105,144
DA:106,144
DA:111,144
DA:115,144
DA:116,19
DA:117,36
DA:119,36
DA:120,19
DA:121,19
DA:129,2
DA:131,2
DA:132,2
DA:134,2
DA:135,2
DA:137,2
DA:138,2
DA:139,2
DA:148,33
DA:149,33
DA:150,33
DA:154,0
DA:155,0
DA:159,16
DA:160,16
DA:164,1
DA:165,1
DA:167,1
DA:171,1
DA:175,3
DA:176,3
DA:184,2
DA:186,2
DA:187,2
DA:189,2
DA:196,0
DA:200,0
DA:204,30
DA:206,30
DA:209,30
DA:213,30
DA:216,30
DA:221,30
DA:224,30
DA:226,30
DA:227,6
DA:228,6
DA:234,24
DA:241,2
LF:96
LH:90
BRDA:27,0,0,17
BRDA:27,0,1,16
BRDA:38,1,0,36
BRDA:38,1,1,19
BRDA:39,2,0,36
BRDA:39,2,1,0
BRDA:46,3,0,36
BRDA:46,3,1,29
BRDA:49,4,0,29
BRDA:49,4,1,7
BRDA:111,5,0,144
BRDA:111,5,1,37
BRDA:111,5,2,20
BRDA:111,5,3,2
BRDA:115,6,0,19
BRDA:115,6,1,125
BRDA:119,7,0,19
BRDA:119,7,1,17
BRDA:137,8,0,2
BRDA:137,8,1,0
BRDA:209,9,0,30
BRDA:209,9,1,0
BRDA:209,9,2,30
BRDA:209,9,3,28
BRDA:216,10,0,0
BRDA:216,10,1,30
BRDA:216,11,0,30
BRDA:216,11,1,0
BRDA:226,12,0,6
BRDA:226,12,1,24
BRF:30
BRH:25
end_of_record
TN:
SF:lib/extensions/location-info/tokenizer-mixin.js
FN:9,(anonymous_0)
FN:21,(anonymous_1)
FN:32,(anonymous_2)
FN:40,(anonymous_3)
FN:42,(anonymous_4)
FN:47,(anonymous_5)
FN:52,(anonymous_6)
FN:57,(anonymous_7)
FN:62,(anonymous_8)
FN:67,(anonymous_9)
FN:72,(anonymous_10)
FN:77,(anonymous_11)
FN:82,(anonymous_12)
FN:87,(anonymous_13)
FN:111,(anonymous_14)
FN:131,(anonymous_15)
FN:134,(anonymous_16)
FNF:17
FNH:17
FNDA:8,(anonymous_0)
FNDA:271,(anonymous_1)
FNDA:4,(anonymous_2)
FNDA:8,(anonymous_3)
FNDA:17,(anonymous_4)
FNDA:18,(anonymous_5)
FNDA:2,(anonymous_6)
FNDA:2,(anonymous_7)
FNDA:43,(anonymous_8)
FNDA:8,(anonymous_9)
FNDA:2,(anonymous_10)
FNDA:2,(anonymous_11)
FNDA:2,(anonymous_12)
FNDA:47,(anonymous_13)
FNDA:51,(anonymous_14)
FNDA:40,(anonymous_15)
FNDA:261,(anonymous_16)
DA:3,2
DA:4,2
DA:5,2
DA:6,2
DA:10,8
DA:12,8
DA:13,8
DA:17,8
DA:18,8
DA:22,271
DA:33,4
DA:34,4
DA:35,4
DA:36,4
DA:37,4
DA:41,8
DA:43,17
DA:44,17
DA:48,18
DA:49,18
DA:53,2
DA:54,2
DA:58,2
DA:59,2
DA:63,43
DA:64,43
DA:68,8
DA:69,8
DA:73,2
DA:74,2
DA:78,2
DA:79,2
DA:83,2
DA:84,2
DA:88,47
DA:92,47
DA:93,39
DA:94,39
DA:95,39
DA:98,47
DA:99,8
DA:100,8
DA:101,8
DA:103,39
DA:104,39
DA:105,39
DA:108,47
DA:113,51
DA:120,51
DA:121,4
DA:122,4
DA:123,4
DA:126,51
DA:131,8
DA:132,40
DA:134,40
DA:135,261
DA:136,261
DA:140,8
DA:144,2
LF:60
LH:60
BRDA:92,0,0,39
BRDA:92,0,1,8
BRDA:98,1,0,8
BRDA:98,1,1,39
BRDA:113,2,0,51
BRDA:113,2,1,43
BRDA:120,3,0,4
BRDA:120,3,1,47
BRDA:120,4,0,51
BRDA:120,4,1,43
BRF:10
BRH:10
end_of_record
TN:
SF:lib/extensions/position-tracking/preprocessor-mixin.js
FN:6,(anonymous_0)
FN:19,(anonymous_1)
FN:21,(anonymous_2)
FN:42,(anonymous_3)
FN:49,(anonymous_4)
FNF:5
FNH:5
FNDA:8,(anonymous_0)
FNDA:8,(anonymous_1)
FNDA:572,(anonymous_2)
FNDA:39,(anonymous_3)
FNDA:261,(anonymous_4)
DA:3,2
DA:7,8
DA:9,8
DA:10,8
DA:11,8
DA:12,8
DA:14,8
DA:15,8
DA:16,8
DA:20,8
DA:22,572
DA:23,572
DA:26,572
DA:27,42
DA:28,42
DA:29,42
DA:32,572
DA:33,43
DA:36,572
DA:37,572
DA:39,572
DA:43,39
DA:45,39
DA:46,39
DA:50,261
DA:52,261
DA:54,261
DA:56,261
DA:57,261
DA:58,261
DA:64,2
LF:31
LH:31
BRDA:26,0,0,42
BRDA:26,0,1,530
BRDA:32,1,0,43
BRDA:32,1,1,529
BRDA:32,2,0,572
BRDA:32,2,1,529
BRDA:32,2,2,0
BRF:7
BRH:6
end_of_record
TN:
SF:lib/parser/formatting-element-list.js
FN:8,(anonymous_0)
FN:18,(anonymous_1)
FN:50,(anonymous_2)
FN:90,(anonymous_3)
FN:95,(anonymous_4)
FN:107,(anonymous_5)
FN:125,(anonymous_6)
FN:135,(anonymous_7)
FN:148,(anonymous_8)
FN:164,(anonymous_9)
FNF:10
FNH:3
FNDA:8,(anonymous_0)
FNDA:0,(anonymous_1)
FNDA:0,(anonymous_2)
FNDA:3,(anonymous_3)
FNDA:0,(anonymous_4)
FNDA:0,(anonymous_5)
FNDA:0,(anonymous_6)
FNDA:3,(anonymous_7)
FNDA:0,(anonymous_8)
FNDA:0,(anonymous_9)
DA:4,2
DA:9,8
DA:10,8
DA:11,8
DA:12,8
DA:19,0
DA:21,0
DA:22,0
DA:23,0
DA:24,0
DA:26,0
DA:27,0
DA:29,0
DA:30,0
DA:33,0
DA:34,0
DA:37,0
DA:41,0
DA:42,0
DA:47,0
DA:51,0
DA:52,0
DA:54,0
DA:55,0
DA:56,0
DA:57,0
DA:60,0
DA:61,0
DA:63,0
DA:66,0
DA:67,0
DA:68,0
DA:70,0
DA:71,0
DA:72,0
DA:75,0
DA:76,0
DA:82,0
DA:83,0
DA:84,0
DA:91,3
DA:92,3
DA:96,0
DA:98,0
DA:104,0
DA:108,0
DA:110,0
DA:111,0
DA:112,0
DA:116,0
DA:122,0
DA:126,0
DA:127,0
DA:128,0
DA:129,0
DA:130,0
DA:136,3
DA:137,3
DA:139,3
DA:141,3
DA:142,3
DA:149,0
DA:150,0
DA:152,0
DA:153,0
DA:156,0
DA:157,0
DA:161,0
DA:165,0
DA:166,0
DA:168,0
DA:172,0
DA:176,0
DA:181,2
DA:182,2
DA:184,2
LF:76
LH:15
BRDA:21,0,0,0
BRDA:21,0,1,0
BRDA:29,1,0,0
BRDA:29,1,1,0
BRDA:37,2,0,0
BRDA:37,2,1,0
BRDA:37,2,2,0
BRDA:41,3,0,0
BRDA:41,3,1,0
BRDA:47,4,0,0
BRDA:47,4,1,0
BRDA:54,5,0,0
BRDA:54,5,1,0
BRDA:70,6,0,0
BRDA:70,6,1,0
BRDA:75,7,0,0
BRDA:75,7,1,0
BRDA:111,8,0,0
BRDA:111,8,1,0
BRDA:127,9,0,0
BRDA:127,9,1,0
BRDA:141,10,0,3
BRDA:141,10,1,0
BRDA:152,11,0,0
BRDA:152,11,1,0
BRDA:156,12,0,0
BRDA:156,12,1,0
BRDA:168,13,0,0
BRDA:168,13,1,0
BRDA:169,14,0,0
BRDA:169,14,1,0
BRF:31
BRH:1
end_of_record
TN:
SF:lib/parser/index.js
FN:323,(anonymous_0)
FN:341,(anonymous_1)
FN:351,(anonymous_2)
FN:389,(anonymous_3)
FN:419,(anonymous_4)
FN:424,(anonymous_5)
FN:457,(anonymous_6)
FN:476,(anonymous_7)
FN:486,(anonymous_8)
FN:493,(anonymous_9)
FN:500,(anonymous_10)
FN:506,(anonymous_11)
FN:519,(anonymous_12)
FN:543,(anonymous_13)
FN:551,(anonymous_14)
FN:562,(anonymous_15)
FN:572,(anonymous_16)
FN:583,(anonymous_17)
FN:590,(anonymous_18)
FN:603,(anonymous_19)
FN:610,(anonymous_20)
FN:616,(anonymous_21)
FN:627,(anonymous_22)
FN:639,(anonymous_23)
FN:688,(anonymous_24)
FN:692,(anonymous_25)
FN:696,(anonymous_26)
FN:712,(anonymous_27)
FN:729,(anonymous_28)
FN:738,(anonymous_29)
FN:770,(anonymous_30)
FN:777,(anonymous_31)
FN:783,(anonymous_32)
FN:825,(anonymous_33)
FN:843,(anonymous_34)
FN:849,(anonymous_35)
FN:858,(anonymous_36)
FN:870,(anonymous_37)
FN:877,(anonymous_38)
FN:911,(anonymous_39)
FN:925,(anonymous_40)
FN:940,(anonymous_41)
FN:955,aaObtainFormattingElementEntry
FN:975,aaObtainFurthestBlock
FN:999,aaInnerLoop
FN:1038,aaRecreateElementFromEntry
FN:1053,aaInsertLastNodeInCommonAncestor
FN:1069,aaReplaceFormattingElement
FN:1092,callAdoptionAgency
FN:1131,ignoreToken
FN:1135,misplacedDoctype
FN:1139,appendComment
FN:1146,appendCommentToRootHtmlElement
FN:1150,appendCommentToDocument
FN:1154,insertCharacters
FN:1158,stopParsing
FN:1164,doctypeInInitialMode
FN:1180,tokenInInitialMode
FN:1189,startTagBeforeHtml
FN:1198,endTagBeforeHtml
FN:1206,tokenBeforeHtml
FN:1214,startTagBeforeHead
FN:1228,endTagBeforeHead
FN:1238,tokenBeforeHead
FN:1247,startTagInHead
FN:1287,endTagInHead
FN:1315,tokenInHead
FN:1323,startTagInHeadNoScript
FN:1345,endTagInHeadNoScript
FN:1358,tokenInHeadNoScript
FN:1372,startTagAfterHead
FN:1407,endTagAfterHead
FN:1419,tokenAfterHead
FN:1427,whitespaceCharacterInBody
FN:1432,characterInBody
FN:1438,htmlStartTagInBody
FN:1444,bodyStartTagInBody
FN:1453,framesetStartTagInBody
FN:1464,addressStartTagInBody
FN:1472,numberedHeaderStartTagInBody
FN:1493,preStartTagInBody
FN:1505,formStartTagInBody
FN:1521,listItemStartTagInBody
FN:1563,plaintextStartTagInBody
FN:1572,buttonStartTagInBody
FN:1583,aStartTagInBody
FN:1599,bStartTagInBody
FN:1605,nobrStartTagInBody
FN:1617,appletStartTagInBody
FN:1624,tableStartTagInBody
FN:1637,areaStartTagInBody
FN:1644,inputStartTagInBody
FN:1657,paramStartTagInBody
FN:1662,hrStartTagInBody
FN:1672,imageStartTagInBody
FN:1677,textareaStartTagInBody
FN:1688,xmpStartTagInBody
FN:1698,iframeStartTagInBody
FN:1705,noembedStartTagInBody
FN:1709,selectStartTagInBody
FN:1727,optgroupStartTagInBody
FN:1736,rbStartTagInBody
FN:1744,rtStartTagInBody
FN:1752,mathStartTagInBody
FN:1767,svgStartTagInBody
FN:1782,genericStartTagInBody
FN:1789,startTagInBody
FN:2015,bodyEndTagInBody
FN:2021,htmlEndTagInBody
FN:2028,addressEndTagInBody
FN:2037,formEndTagInBody
FN:2056,pEndTagInBody
FN:2064,liEndTagInBody
FN:2071,ddEndTagInBody
FN:2080,numberedHeaderEndTagInBody
FN:2087,appletEndTagInBody
FN:2097,brEndTagInBody
FN:2104,genericEndTagInBody
FN:2124,endTagInBody
FN:2267,eofInBody
FN:2277,endTagInText
FN:2286,eofInText
FN:2295,characterInTable
FN:2315,captionStartTagInTable
FN:2322,colgroupStartTagInTable
FN:2328,colStartTagInTable
FN:2335,tbodyStartTagInTable
FN:2341,tdStartTagInTable
FN:2348,tableStartTagInTable
FN:2356,inputStartTagInTable
FN:2368,formStartTagInTable
FN:2376,startTagInTable
FN:2456,endTagInTable
FN:2483,tokenInTable
FN:2493,whitespaceCharacterInTableText
FN:2497,characterInTableText
FN:2502,tokenInTableText
FN:2521,startTagInCaption
FN:2547,endTagInCaption
FN:2579,startTagInColumnGroup
FN:2594,endTagInColumnGroup
FN:2609,tokenInColumnGroup
FN:2619,startTagInTableBody
FN:2650,endTagInTableBody
FN:2676,startTagInRow
FN:2704,endTagInRow
FN:2740,startTagInCell
FN:2766,endTagInCell
FN:2800,startTagInSelect
FN:2840,endTagInSelect
FN:2872,startTagInSelectInTable
FN:2893,endTagInSelectInTable
FN:2918,startTagInTemplate
FN:2945,endTagInTemplate
FN:2951,eofInTemplate
FN:2965,startTagAfterBody
FN:2973,endTagAfterBody
FN:2983,tokenAfterBody
FN:2990,startTagInFrameset
FN:3005,endTagInFrameset
FN:3020,startTagAfterFrameset
FN:3030,endTagAfterFrameset
FN:3038,startTagAfterAfterBody
FN:3046,tokenAfterAfterBody
FN:3053,startTagAfterAfterFrameset
FN:3065,nullCharacterInForeignContent
FN:3070,characterInForeignContent
FN:3075,startTagInForeignContent
FN:3108,endTagInForeignContent
FNF:169
FNH:63
FNDA:8,(anonymous_0)
FNDA:8,(anonymous_1)
FNDA:0,(anonymous_2)
FNDA:8,(anonymous_3)
FNDA:6,(anonymous_4)
FNDA:8,(anonymous_5)
FNDA:0,(anonymous_6)
FNDA:90,(anonymous_7)
FNDA:0,(anonymous_8)
FNDA:0,(anonymous_9)
FNDA:180,(anonymous_10)
FNDA:0,(anonymous_11)
FNDA:0,(anonymous_12)
FNDA:2,(anonymous_13)
FNDA:33,(anonymous_14)
FNDA:0,(anonymous_15)
FNDA:16,(anonymous_16)
FNDA:16,(anonymous_17)
FNDA:1,(anonymous_18)
FNDA:3,(anonymous_19)
FNDA:2,(anonymous_20)
FNDA:30,(anonymous_21)
FNDA:0,(anonymous_22)
FNDA:90,(anonymous_23)
FNDA:144,(anonymous_24)
FNDA:0,(anonymous_25)
FNDA:0,(anonymous_26)
FNDA:90,(anonymous_27)
FNDA:0,(anonymous_28)
FNDA:21,(anonymous_29)
FNDA:0,(anonymous_30)
FNDA:0,(anonymous_31)
FNDA:3,(anonymous_32)
FNDA:0,(anonymous_33)
FNDA:2,(anonymous_34)
FNDA:2,(anonymous_35)
FNDA:0,(anonymous_36)
FNDA:93,(anonymous_37)
FNDA:0,(anonymous_38)
FNDA:0,(anonymous_39)
FNDA:0,(anonymous_40)
FNDA:0,(anonymous_41)
FNDA:0,aaObtainFormattingElementEntry
FNDA:0,aaObtainFurthestBlock
FNDA:0,aaInnerLoop
FNDA:0,aaRecreateElementFromEntry
FNDA:0,aaInsertLastNodeInCommonAncestor
FNDA:0,aaReplaceFormattingElement
FNDA:0,callAdoptionAgency
FNDA:13,ignoreToken
FNDA:0,misplacedDoctype
FNDA:2,appendComment
FNDA:0,appendCommentToRootHtmlElement
FNDA:0,appendCommentToDocument
FNDA:1,insertCharacters
FNDA:5,stopParsing
FNDA:2,doctypeInInitialMode
FNDA:6,tokenInInitialMode
FNDA:7,startTagBeforeHtml
FNDA:0,endTagBeforeHtml
FNDA:3,tokenBeforeHtml
FNDA:3,startTagBeforeHead
FNDA:4,endTagBeforeHead
FNDA:8,tokenBeforeHead
FNDA:4,startTagInHead
FNDA:5,endTagInHead
FNDA:7,tokenInHead
FNDA:0,startTagInHeadNoScript
FNDA:0,endTagInHeadNoScript
FNDA:0,tokenInHeadNoScript
FNDA:4,startTagAfterHead
FNDA:3,endTagAfterHead
FNDA:6,tokenAfterHead
FNDA:17,whitespaceCharacterInBody
FNDA:4,characterInBody
FNDA:0,htmlStartTagInBody
FNDA:0,bodyStartTagInBody
FNDA:0,framesetStartTagInBody
FNDA:3,addressStartTagInBody
FNDA:0,numberedHeaderStartTagInBody
FNDA:0,preStartTagInBody
FNDA:0,formStartTagInBody
FNDA:0,listItemStartTagInBody
FNDA:0,plaintextStartTagInBody
FNDA:0,buttonStartTagInBody
FNDA:0,aStartTagInBody
FNDA:0,bStartTagInBody
FNDA:0,nobrStartTagInBody
FNDA:0,appletStartTagInBody
FNDA:2,tableStartTagInBody
FNDA:0,areaStartTagInBody
FNDA:0,inputStartTagInBody
FNDA:0,paramStartTagInBody
FNDA:0,hrStartTagInBody
FNDA:0,imageStartTagInBody
FNDA:0,textareaStartTagInBody
FNDA:0,xmpStartTagInBody
FNDA:0,iframeStartTagInBody
FNDA:0,noembedStartTagInBody
FNDA:0,selectStartTagInBody
FNDA:0,optgroupStartTagInBody
FNDA:0,rbStartTagInBody
FNDA:0,rtStartTagInBody
FNDA:0,mathStartTagInBody
FNDA:0,svgStartTagInBody
FNDA:0,genericStartTagInBody
FNDA:6,startTagInBody
FNDA:2,bodyEndTagInBody
FNDA:3,htmlEndTagInBody
FNDA:3,addressEndTagInBody
FNDA:0,formEndTagInBody
FNDA:0,pEndTagInBody
FNDA:0,liEndTagInBody
FNDA:0,ddEndTagInBody
FNDA:0,numberedHeaderEndTagInBody
FNDA:0,appletEndTagInBody
FNDA:0,brEndTagInBody
FNDA:0,genericEndTagInBody
FNDA:9,endTagInBody
FNDA:3,eofInBody
FNDA:0,endTagInText
FNDA:0,eofInText
FNDA:8,characterInTable
FNDA:0,captionStartTagInTable
FNDA:0,colgroupStartTagInTable
FNDA:0,colStartTagInTable
FNDA:0,tbodyStartTagInTable
FNDA:2,tdStartTagInTable
FNDA:0,tableStartTagInTable
FNDA:0,inputStartTagInTable
FNDA:0,formStartTagInTable
FNDA:2,startTagInTable
FNDA:2,endTagInTable
FNDA:0,tokenInTable
FNDA:8,whitespaceCharacterInTableText
FNDA:0,characterInTableText
FNDA:8,tokenInTableText
FNDA:0,startTagInCaption
FNDA:0,endTagInCaption
FNDA:0,startTagInColumnGroup
FNDA:0,endTagInColumnGroup
FNDA:0,tokenInColumnGroup
FNDA:2,startTagInTableBody
FNDA:2,endTagInTableBody
FNDA:2,startTagInRow
FNDA:2,endTagInRow
FNDA:0,startTagInCell
FNDA:2,endTagInCell
FNDA:0,startTagInSelect
FNDA:0,endTagInSelect
FNDA:0,startTagInSelectInTable
FNDA:0,endTagInSelectInTable
FNDA:1,startTagInTemplate
FNDA:0,endTagInTemplate
FNDA:0,eofInTemplate
FNDA:0,startTagAfterBody
FNDA:5,endTagAfterBody
FNDA:0,tokenAfterBody
FNDA:0,startTagInFrameset
FNDA:0,endTagInFrameset
FNDA:0,startTagAfterFrameset
FNDA:0,endTagAfterFrameset
FNDA:0,startTagAfterAfterBody
FNDA:0,tokenAfterAfterBody
FNDA:0,startTagAfterAfterFrameset
FNDA:0,nullCharacterInForeignContent
FNDA:0,characterInForeignContent
FNDA:0,startTagInForeignContent
FNDA:0,endTagInForeignContent
DA:3,2
DA:4,2
DA:5,2
DA:6,2
DA:7,2
DA:8,2
DA:9,2
DA:10,2
DA:11,2
DA:12,2
DA:13,2
DA:14,2
DA:15,2
DA:18,2
DA:19,2
DA:20,2
DA:22,2
DA:30,2
DA:33,2
DA:34,2
DA:37,2
DA:38,2
DA:39,2
DA:40,2
DA:41,2
DA:42,2
DA:43,2
DA:44,2
DA:45,2
DA:46,2
DA:47,2
DA:48,2
DA:49,2
DA:50,2
DA:51,2
DA:52,2
DA:53,2
DA:54,2
DA:55,2
DA:56,2
DA:57,2
DA:58,2
DA:59,2
DA:62,2
DA:75,2
DA:88,2
DA:324,8
DA:326,8
DA:327,8
DA:329,8
DA:330,8
DA:333,8
DA:334,0
DA:342,8
DA:344,8
DA:345,8
DA:346,8
DA:348,8
DA:354,0
DA:355,0
DA:361,0
DA:367,0
DA:369,0
DA:370,0
DA:373,0
DA:374,0
DA:375,0
DA:376,0
DA:377,0
DA:378,0
DA:380,0
DA:381,0
DA:383,0
DA:385,0
DA:390,8
DA:392,8
DA:394,8
DA:395,8
DA:397,8
DA:398,8
DA:400,8
DA:401,8
DA:403,8
DA:404,8
DA:406,8
DA:407,8
DA:408,8
DA:410,8
DA:411,8
DA:413,8
DA:414,8
DA:415,8
DA:425,8
DA:426,90
DA:428,90
DA:430,90
DA:431,0
DA:434,90
DA:435,0
DA:437,0
DA:441,0
DA:442,0
DA:445,0
DA:449,90
DA:451,90
DA:452,0
DA:458,0
DA:460,0
DA:461,0
DA:463,0
DA:465,0
DA:467,0
DA:470,0
DA:471,0
DA:477,90
DA:479,90
DA:487,0
DA:488,0
DA:489,0
DA:490,0
DA:494,0
DA:495,0
DA:496,0
DA:501,180
DA:507,0
DA:509,0
DA:510,0
DA:511,0
DA:512,0
DA:515,0
DA:520,0
DA:521,0
DA:523,0
DA:524,0
DA:525,0
DA:533,0
DA:534,0
DA:535,0
DA:536,0
DA:537,0
DA:544,2
DA:545,2
DA:546,2
DA:548,2
DA:552,33
DA:553,0
DA:556,33
DA:558,33
DA:563,0
DA:569,0
DA:573,16
DA:579,16
DA:580,16
DA:584,16
DA:586,16
DA:587,16
DA:591,1
DA:596,1
DA:598,1
DA:599,1
DA:600,1
DA:604,3
DA:606,3
DA:607,3
DA:611,2
DA:613,2
DA:617,30
DA:618,0
DA:621,30
DA:623,30
DA:628,0
DA:629,0
DA:633,0
DA:634,0
DA:640,90
DA:642,90
DA:643,20
DA:646,70
DA:648,70
DA:649,70
DA:652,0
DA:658,0
DA:662,0
DA:667,0
DA:671,0
DA:675,0
DA:678,0
DA:682,0
DA:685,0
DA:689,144
DA:693,0
DA:697,0
DA:698,0
DA:699,0
DA:700,0
DA:701,0
DA:702,0
DA:703,0
DA:704,0
DA:705,0
DA:706,0
DA:707,0
DA:708,0
DA:713,90
DA:714,0
DA:716,90
DA:719,90
DA:724,0
DA:730,0
DA:731,0
DA:732,0
DA:734,0
DA:739,21
DA:741,21
DA:742,9
DA:743,9
DA:745,9
DA:746,9
DA:747,9
DA:749,9
DA:753,9
DA:754,9
DA:758,9
DA:759,0
DA:760,0
DA:764,0
DA:771,0
DA:772,0
DA:773,0
DA:774,0
DA:778,0
DA:779,0
DA:784,3
DA:785,3
DA:787,3
DA:788,0
DA:790,0
DA:791,0
DA:795,3
DA:796,3
DA:798,3
DA:799,3
DA:800,3
DA:801,0
DA:802,0
DA:803,0
DA:804,0
DA:805,0
DA:806,0
DA:807,0
DA:808,0
DA:809,0
DA:810,0
DA:811,0
DA:812,0
DA:813,0
DA:814,0
DA:817,0
DA:818,0
DA:819,0
DA:820,0
DA:826,0
DA:827,0
DA:828,0
DA:829,0
DA:831,0
DA:832,0
DA:833,0
DA:834,0
DA:835,0
DA:840,0
DA:844,2
DA:845,2
DA:846,2
DA:850,2
DA:851,2
DA:852,2
DA:859,0
DA:861,0
DA:871,93
DA:878,0
DA:883,0
DA:884,0
DA:885,0
DA:886,0
DA:888,0
DA:889,0
DA:890,0
DA:891,0
DA:892,0
DA:894,0
DA:895,0
DA:897,0
DA:900,0
DA:904,0
DA:905,0
DA:908,0
DA:912,0
DA:914,0
DA:915,0
DA:921,0
DA:926,0
DA:928,0
DA:929,0
DA:935,0
DA:941,0
DA:942,0
DA:944,0
DA:948,2
DA:956,0
DA:960,0
DA:961,0
DA:962,0
DA:963,0
DA:964,0
DA:965,0
DA:968,0
DA:971,0
DA:976,0
DA:978,0
DA:979,0
DA:981,0
DA:982,0
DA:985,0
DA:986,0
DA:990,0
DA:991,0
DA:992,0
DA:995,0
DA:1000,0
DA:1001,0
DA:1003,0
DA:1004,0
DA:1009,0
DA:1011,0
DA:1012,0
DA:1013,0
DA:1015,0
DA:1016,0
DA:1017,0
DA:1020,0
DA:1022,0
DA:1024,0
DA:1025,0
DA:1028,0
DA:1029,0
DA:1030,0
DA:1034,0
DA:1039,0
DA:1040,0
DA:1046,0
DA:1047,0
DA:1049,0
DA:1054,0
DA:1055,0
DA:1057,0
DA:1058,0
DA:1060,0
DA:1061,0
DA:1064,0
DA:1070,0
DA:1071,0
DA:1072,0
DA:1078,0
DA:1079,0
DA:1081,0
DA:1085,0
DA:1087,0
DA:1088,0
DA:1095,0
DA:1096,0
DA:1102,0
DA:1103,0
DA:1106,0
DA:1108,0
DA:1109,0
DA:1112,0
DA:1114,0
DA:1119,0
DA:1123,0
DA:1124,0
DA:1125,0
DA:1136,0
DA:1140,2
DA:1147,0
DA:1151,0
DA:1155,1
DA:1159,5
DA:1165,2
DA:1167,2
DA:1171,2
DA:1172,0
DA:1175,2
DA:1177,2
DA:1181,6
DA:1182,6
DA:1183,6
DA:1184,6
DA:1190,7
DA:1191,5
DA:1192,5
DA:1194,2
DA:1199,0
DA:1201,0
DA:1202,0
DA:1207,3
DA:1208,3
DA:1209,3
DA:1215,3
DA:1217,3
DA:1218,0
DA:1219,3
DA:1220,0
DA:1221,0
DA:1222,0
DA:1224,3
DA:1229,4
DA:1231,4
DA:1232,4
DA:1234,0
DA:1239,8
DA:1240,8
DA:1241,8
DA:1242,8
DA:1248,4
DA:1250,4
DA:1251,0
DA:1252,4
DA:1259,0
DA:1260,0
DA:1261,4
DA:1262,0
DA:1263,4
DA:1264,0
DA:1265,0
DA:1267,0
DA:1268,0
DA:1270,4
DA:1271,0
DA:1272,4
DA:1273,0
DA:1274,4
DA:1275,1
DA:1276,1
DA:1277,1
DA:1278,1
DA:1279,1
DA:1280,3
DA:1281,0
DA:1283,3
DA:1288,5
DA:1290,5
DA:1291,1
DA:1292,1
DA:1293,4
DA:1294,3
DA:1295,1
DA:1296,1
DA:1297,1
DA:1299,1
DA:1300,0
DA:1303,1
DA:1304,1
DA:1305,1
DA:1306,1
DA:1308,0
DA:1311,0
DA:1316,7
DA:1317,7
DA:1318,7
DA:1324,0
DA:1326,0
DA:1327,0
DA:1328,0
DA:1337,0
DA:1338,0
DA:1339,0
DA:1341,0
DA:1346,0
DA:1348,0
DA:1349,0
DA:1350,0
DA:1351,0
DA:1352,0
DA:1354,0
DA:1360,0
DA:1364,0
DA:1365,0
DA:1366,0
DA:1367,0
DA:1373,4
DA:1375,4
DA:1376,0
DA:1377,4
DA:1378,2
DA:1379,2
DA:1380,2
DA:1381,2
DA:1382,0
DA:1383,0
DA:1384,2
DA:1396,0
DA:1397,0
DA:1398,0
DA:1399,0
DA:1400,2
DA:1401,0
DA:1403,2
DA:1408,3
DA:1410,3
DA:1411,3
DA:1412,0
DA:1413,0
DA:1415,0
DA:1420,6
DA:1421,6
DA:1422,6
DA:1428,17
DA:1429,17
DA:1433,4
DA:1434,4
DA:1435,4
DA:1439,0
DA:1440,0
DA:1445,0
DA:1447,0
DA:1448,0
DA:1449,0
DA:1454,0
DA:1456,0
DA:1457,0
DA:1458,0
DA:1459,0
DA:1460,0
DA:1465,3
DA:1466,0
DA:1469,3
DA:1473,0
DA:1474,0
DA:1477,0
DA:1479,0
DA:1487,0
DA:1490,0
DA:1494,0
DA:1495,0
DA:1498,0
DA:1501,0
DA:1502,0
DA:1506,0
DA:1508,0
DA:1509,0
DA:1510,0
DA:1513,0
DA:1515,0
DA:1516,0
DA:1522,0
DA:1524,0
DA:1526,0
DA:1527,0
DA:1528,0
DA:1529,0
DA:1531,0
DA:1532,0
DA:1533,0
DA:1537,0
DA:1540,0
DA:1541,0
DA:1542,0
DA:1543,0
DA:1546,0
DA:1552,0
DA:1556,0
DA:1557,0
DA:1560,0
DA:1564,0
DA:1565,0
DA:1568,0
DA:1569,0
DA:1573,0
DA:1574,0
DA:1575,0
DA:1578,0
DA:1579,0
DA:1580,0
DA:1584,0
DA:1588,0
DA:1589,0
DA:1590,0
DA:1591,0
DA:1594,0
DA:1595,0
DA:1596,0
DA:1600,0
DA:1601,0
DA:1602,0
DA:1606,0
DA:1608,0
DA:1609,0
DA:1610,0
DA:1613,0
DA:1614,0
DA:1618,0
DA:1619,0
DA:1620,0
DA:1621,0
DA:1625,2
DA:1629,0
DA:1632,2
DA:1633,2
DA:1634,2
DA:1638,0
DA:1639,0
DA:1640,0
DA:1641,0
DA:1645,0
DA:1646,0
DA:1648,0
DA:1650,0
DA:1651,0
DA:1654,0
DA:1658,0
DA:1659,0
DA:1663,0
DA:1664,0
DA:1667,0
DA:1668,0
DA:1669,0
DA:1673,0
DA:1674,0
DA:1678,0
DA:1681,0
DA:1682,0
DA:1683,0
DA:1684,0
DA:1685,0
DA:1689,0
DA:1690,0
DA:1693,0
DA:1694,0
DA:1695,0
DA:1699,0
DA:1700,0
DA:1706,0
DA:1710,0
DA:1711,0
DA:1712,0
DA:1714,0
DA:1721,0
DA:1723,0
DA:1728,0
DA:1729,0
DA:1732,0
DA:1733,0
DA:1737,0
DA:1738,0
DA:1741,0
DA:1745,0
DA:1746,0
DA:1749,0
DA:1753,0
DA:1755,0
DA:1756,0
DA:1758,0
DA:1759,0
DA:1761,0
DA:1764,0
DA:1768,0
DA:1770,0
DA:1771,0
DA:1773,0
DA:1774,0
DA:1776,0
DA:1779,0
DA:1783,0
DA:1784,0
DA:1790,6
DA:1792,6
DA:1794,0
DA:1795,0
DA:1796,0
DA:1797,0
DA:1798,0
DA:1799,0
DA:1801,0
DA:1804,0
DA:1807,0
DA:1808,0
DA:1809,0
DA:1817,0
DA:1818,0
DA:1819,0
DA:1820,0
DA:1821,0
DA:1822,0
DA:1823,0
DA:1824,0
DA:1825,0
DA:1826,0
DA:1827,0
DA:1828,0
DA:1829,0
DA:1830,0
DA:1831,0
DA:1834,0
DA:1837,2
DA:1838,2
DA:1839,0
DA:1840,0
DA:1841,0
DA:1842,0
DA:1843,0
DA:1844,0
DA:1845,0
DA:1846,0
DA:1847,0
DA:1848,0
DA:1849,0
DA:1850,0
DA:1851,0
DA:1852,0
DA:1855,2
DA:1858,0
DA:1859,0
DA:1860,0
DA:1861,0
DA:1862,0
DA:1863,0
DA:1864,0
DA:1865,0
DA:1866,0
DA:1867,0
DA:1868,0
DA:1869,0
DA:1870,0
DA:1871,0
DA:1872,0
DA:1873,0
DA:1874,0
DA:1875,0
DA:1876,0
DA:1877,0
DA:1880,0
DA:1883,2
DA:1884,0
DA:1885,2
DA:1886,0
DA:1887,2
DA:1888,0
DA:1889,2
DA:1890,2
DA:1891,0
DA:1892,0
DA:1893,0
DA:1894,0
DA:1895,0
DA:1896,0
DA:1897,0
DA:1898,0
DA:1899,0
DA:1905,0
DA:1908,2
DA:1911,0
DA:1912,0
DA:1913,0
DA:1921,0
DA:1922,0
DA:1923,0
DA:1924,0
DA:1925,0
DA:1926,0
DA:1927,0
DA:1928,0
DA:1929,0
DA:1930,0
DA:1931,0
DA:1932,0
DA:1933,0
DA:1934,0
DA:1935,0
DA:1936,0
DA:1937,0
DA:1939,0
DA:1942,0
DA:1945,1
DA:1946,0
DA:1947,1
DA:1954,1
DA:1955,0
DA:1956,0
DA:1957,0
DA:1958,0
DA:1959,0
DA:1960,0
DA:1961,0
DA:1962,0
DA:1965,1
DA:1968,1
DA:1969,0
DA:1970,1
DA:1971,0
DA:1972,1
DA:1973,0
DA:1974,1
DA:1975,0
DA:1976,1
DA:1977,1
DA:1978,0
DA:1979,0
DA:1980,0
DA:1982,0
DA:1984,0
DA:1985,0
DA:1986,0
DA:1987,0
DA:1990,1
DA:1993,0
DA:1994,0
DA:1996,0
DA:1999,0
DA:2002,0
DA:2003,0
DA:2005,0
DA:2008,0
DA:2011,0
DA:2016,2
DA:2017,2
DA:2022,3
DA:2023,3
DA:2024,3
DA:2029,3
DA:2031,3
DA:2032,3
DA:2033,3
DA:2038,0
DA:2039,0
DA:2041,0
DA:2042,0
DA:2045,0
DA:2046,0
DA:2048,0
DA:2049,0
DA:2051,0
DA:2057,0
DA:2058,0
DA:2061,0
DA:2065,0
DA:2066,0
DA:2067,0
DA:2072,0
DA:2074,0
DA:2075,0
DA:2076,0
DA:2081,0
DA:2082,0
DA:2083,0
DA:2088,0
DA:2090,0
DA:2091,0
DA:2092,0
DA:2093,0
DA:2098,0
DA:2099,0
DA:2100,0
DA:2101,0
DA:2105,0
DA:2107,0
DA:2108,0
DA:2110,0
DA:2111,0
DA:2112,0
DA:2113,0
DA:2116,0
DA:2117,0
DA:2125,9
DA:2127,9
DA:2129,0
DA:2130,0
DA:2131,0
DA:2132,0
DA:2134,0
DA:2137,0
DA:2140,0
DA:2141,0
DA:2142,0
DA:2143,0
DA:2144,0
DA:2145,0
DA:2146,0
DA:2154,0
DA:2155,0
DA:2156,0
DA:2157,0
DA:2158,0
DA:2160,0
DA:2163,0
DA:2166,2
DA:2167,0
DA:2168,2
DA:2169,2
DA:2171,0
DA:2174,2
DA:2177,5
DA:2178,2
DA:2179,3
DA:2180,3
DA:2181,0
DA:2182,0
DA:2183,0
DA:2184,0
DA:2185,0
DA:2186,0
DA:2188,0
DA:2191,5
DA:2194,0
DA:2195,0
DA:2196,0
DA:2197,0
DA:2199,0
DA:2202,0
DA:2205,0
DA:2213,0
DA:2214,0
DA:2215,0
DA:2216,0
DA:2217,0
DA:2219,0
DA:2222,0
DA:2225,1
DA:2233,1
DA:2234,0
DA:2235,0
DA:2237,0
DA:2240,1
DA:2243,1
DA:2244,0
DA:2245,1
DA:2246,1
DA:2248,0
DA:2251,1
DA:2254,0
DA:2255,0
DA:2257,0
DA:2260,0
DA:2263,0
DA:2268,3
DA:2269,0
DA:2271,3
DA:2278,0
DA:2279,0
DA:2282,0
DA:2283,0
DA:2287,0
DA:2288,0
DA:2289,0
DA:2290,0
DA:2296,8
DA:2298,8
DA:2305,8
DA:2306,8
DA:2307,8
DA:2308,8
DA:2309,8
DA:2311,0
DA:2316,0
DA:2317,0
DA:2318,0
DA:2319,0
DA:2323,0
DA:2324,0
DA:2325,0
DA:2329,0
DA:2330,0
DA:2331,0
DA:2332,0
DA:2336,0
DA:2337,0
DA:2338,0
DA:2342,2
DA:2343,2
DA:2344,2
DA:2345,2
DA:2349,0
DA:2350,0
DA:2351,0
DA:2352,0
DA:2357,0
DA:2359,0
DA:2360,0
DA:2362,0
DA:2365,0
DA:2369,0
DA:2370,0
DA:2371,0
DA:2372,0
DA:2377,2
DA:2379,2
DA:2381,2
DA:2382,2
DA:2384,0
DA:2387,2
DA:2390,0
DA:2391,0
DA:2393,0
DA:2396,0
DA:2399,0
DA:2400,0
DA:2402,0
DA:2405,0
DA:2408,0
DA:2409,0
DA:2410,0
DA:2411,0
DA:2412,0
DA:2413,0
DA:2414,0
DA:2415,0
DA:2417,0
DA:2420,0
DA:2423,0
DA:2424,0
DA:2426,0
DA:2429,0
DA:2432,0
DA:2433,0
DA:2435,0
DA:2438,0
DA:2441,0
DA:2442,0
DA:2443,0
DA:2444,0
DA:2446,0
DA:2449,0
DA:2452,0
DA:2457,2
DA:2459,2
DA:2460,2
DA:2461,2
DA:2462,2
DA:2464,0
DA:2465,0
DA:2466,0
DA:2479,0
DA:2484,0
DA:2486,0
DA:2487,0
DA:2488,0
DA:2494,8
DA:2498,0
DA:2499,0
DA:2503,8
DA:2505,8
DA:2506,0
DA:2507,0
DA:2510,8
DA:2511,8
DA:2515,8
DA:2516,8
DA:2522,0
DA:2524,0
DA:2535,0
DA:2536,0
DA:2537,0
DA:2538,0
DA:2539,0
DA:2540,0
DA:2543,0
DA:2548,0
DA:2550,0
DA:2551,0
DA:2552,0
DA:2553,0
DA:2554,0
DA:2555,0
DA:2557,0
DA:2558,0
DA:2561,0
DA:2573,0
DA:2580,0
DA:2582,0
DA:2583,0
DA:2584,0
DA:2585,0
DA:2586,0
DA:2587,0
DA:2588,0
DA:2590,0
DA:2595,0
DA:2597,0
DA:2598,0
DA:2599,0
DA:2600,0
DA:2602,0
DA:2603,0
DA:2604,0
DA:2605,0
DA:2610,0
DA:2611,0
DA:2612,0
DA:2613,0
DA:2620,2
DA:2622,2
DA:2623,2
DA:2624,2
DA:2625,2
DA:2626,0
DA:2627,0
DA:2628,0
DA:2629,0
DA:2630,0
DA:2631,0
DA:2639,0
DA:2640,0
DA:2641,0
DA:2642,0
DA:2643,0
DA:2646,0
DA:2651,2
DA:2653,2
DA:2654,0
DA:2655,0
DA:2656,0
DA:2657,0
DA:2659,2
DA:2660,2
DA:2661,2
DA:2662,2
DA:2663,2
DA:2664,2
DA:2666,0
DA:2670,0
DA:2677,2
DA:2679,2
DA:2680,2
DA:2681,2
DA:2682,2
DA:2683,2
DA:2684,0
DA:2693,0
DA:2694,0
DA:2695,0
DA:2696,0
DA:2697,0
DA:2700,0
DA:2705,2
DA:2707,2
DA:2708,2
DA:2709,2
DA:2710,2
DA:2711,2
DA:2713,0
DA:2714,0
DA:2715,0
DA:2716,0
DA:2717,0
DA:2718,0
DA:2720,0
DA:2721,0
DA:2725,0
DA:2726,0
DA:2727,0
DA:2728,0
DA:2730,0
DA:2734,0
DA:2741,0
DA:2743,0
DA:2754,0
DA:2758,0
DA:2759,0
DA:2762,0
DA:2767,2
DA:2769,2
DA:2770,2
DA:2771,2
DA:2772,2
DA:2773,2
DA:2774,2
DA:2776,0
DA:2783,0
DA:2784,0
DA:2785,0
DA:2787,0
DA:2794,0
DA:2801,0
DA:2803,0
DA:2804,0
DA:2805,0
DA:2806,0
DA:2807,0
DA:2810,0
DA:2811,0
DA:2812,0
DA:2813,0
DA:2816,0
DA:2817,0
DA:2820,0
DA:2821,0
DA:2827,0
DA:2828,0
DA:2829,0
DA:2831,0
DA:2832,0
DA:2835,0
DA:2836,0
DA:2841,0
DA:2843,0
DA:2844,0
DA:2846,0
DA:2848,0
DA:2852,0
DA:2855,0
DA:2856,0
DA:2858,0
DA:2859,0
DA:2860,0
DA:2862,0
DA:2863,0
DA:2864,0
DA:2865,0
DA:2866,0
DA:2873,0
DA:2875,0
DA:2885,0
DA:2886,0
DA:2887,0
DA:2889,0
DA:2894,0
DA:2896,0
DA:2906,0
DA:2907,0
DA:2908,0
DA:2909,0
DA:2912,0
DA:2919,1
DA:2921,1
DA:2933,0
DA:2936,1
DA:2938,1
DA:2939,1
DA:2940,1
DA:2941,1
DA:2946,0
DA:2947,0
DA:2952,0
DA:2953,0
DA:2954,0
DA:2955,0
DA:2956,0
DA:2957,0
DA:2959,0
DA:2966,0
DA:2967,0
DA:2969,0
DA:2974,5
DA:2975,5
DA:2976,5
DA:2979,0
DA:2984,0
DA:2985,0
DA:2991,0
DA:2993,0
DA:2994,0
DA:2995,0
DA:2996,0
DA:2997,0
DA:2998,0
DA:2999,0
DA:3000,0
DA:3001,0
DA:3006,0
DA:3010,0
DA:3012,0
DA:3013,0
DA:3021,0
DA:3023,0
DA:3024,0
DA:3025,0
DA:3026,0
DA:3031,0
DA:3032,0
DA:3039,0
DA:3040,0
DA:3042,0
DA:3047,0
DA:3048,0
DA:3054,0
DA:3056,0
DA:3057,0
DA:3058,0
DA:3059,0
DA:3066,0
DA:3067,0
DA:3071,0
DA:3072,0
DA:3076,0
DA:3077,0
DA:3081,0
DA:3084,0
DA:3086,0
DA:3087,0
DA:3089,0
DA:3090,0
DA:3091,0
DA:3092,0
DA:3093,0
DA:3096,0
DA:3098,0
DA:3099,0
DA:3101,0
DA:3104,0
DA:3109,0
DA:3110,0
DA:3112,0
DA:3113,0
DA:3114,0
DA:3117,0
DA:3118,0
DA:3119,0
LF:1317
LH:358
BRDA:329,0,0,8
BRDA:329,0,1,0
BRDA:333,1,0,0
BRDA:333,1,1,8
BRDA:354,2,0,0
BRDA:354,2,1,0
BRDA:369,3,0,0
BRDA:369,3,1,0
BRDA:430,4,0,0
BRDA:430,4,1,90
BRDA:434,5,0,0
BRDA:434,5,1,90
BRDA:437,6,0,0
BRDA:437,6,1,0
BRDA:438,7,0,0
BRDA:438,7,1,0
BRDA:441,8,0,0
BRDA:441,8,1,0
BRDA:451,9,0,0
BRDA:451,9,1,90
BRDA:451,10,0,90
BRDA:451,10,1,0
BRDA:460,11,0,0
BRDA:460,11,1,0
BRDA:460,12,0,0
BRDA:460,12,1,0
BRDA:470,13,0,0
BRDA:470,13,1,0
BRDA:480,14,0,90
BRDA:480,14,1,90
BRDA:480,14,2,70
BRDA:480,14,3,0
BRDA:501,15,0,0
BRDA:501,15,1,180
BRDA:501,16,0,180
BRDA:501,16,1,22
BRDA:510,17,0,0
BRDA:510,17,1,0
BRDA:520,18,0,0
BRDA:520,18,1,0
BRDA:523,19,0,0
BRDA:523,19,1,0
BRDA:523,20,0,0
BRDA:523,20,1,0
BRDA:525,21,0,0
BRDA:525,21,1,0
BRDA:526,22,0,0
BRDA:526,22,1,0
BRDA:526,22,2,0
BRDA:526,22,3,0
BRDA:526,22,4,0
BRDA:526,22,5,0
BRDA:534,23,0,0
BRDA:534,23,1,0
BRDA:536,24,0,0
BRDA:536,24,1,0
BRDA:544,25,0,2
BRDA:544,25,1,0
BRDA:545,26,0,2
BRDA:545,26,1,2
BRDA:546,27,0,2
BRDA:546,27,1,2
BRDA:552,28,0,0
BRDA:552,28,1,33
BRDA:556,29,0,33
BRDA:556,29,1,32
BRDA:617,30,0,0
BRDA:617,30,1,30
BRDA:621,31,0,30
BRDA:621,31,1,28
BRDA:642,32,0,20
BRDA:642,32,1,70
BRDA:642,33,0,90
BRDA:642,33,1,90
BRDA:648,34,0,70
BRDA:648,34,1,0
BRDA:652,35,0,0
BRDA:652,35,1,0
BRDA:653,36,0,0
BRDA:653,36,1,0
BRDA:653,36,2,0
BRDA:653,36,3,0
BRDA:662,37,0,0
BRDA:662,37,1,0
BRDA:662,37,2,0
BRDA:667,38,0,0
BRDA:667,38,1,0
BRDA:667,38,2,0
BRDA:671,39,0,0
BRDA:671,39,1,0
BRDA:672,40,0,0
BRDA:672,40,1,0
BRDA:672,40,2,0
BRDA:678,41,0,0
BRDA:678,41,1,0
BRDA:679,42,0,0
BRDA:679,42,1,0
BRDA:679,42,2,0
BRDA:697,43,0,0
BRDA:697,43,1,0
BRDA:699,44,0,0
BRDA:699,44,1,0
BRDA:701,45,0,0
BRDA:701,45,1,0
BRDA:703,46,0,0
BRDA:703,46,1,0
BRDA:705,47,0,0
BRDA:705,47,1,0
BRDA:707,48,0,0
BRDA:707,48,1,0
BRDA:713,49,0,0
BRDA:713,49,1,90
BRDA:719,50,0,0
BRDA:719,50,1,90
BRDA:720,51,0,90
BRDA:720,51,1,17
BRDA:720,51,2,0
BRDA:741,52,0,9
BRDA:741,52,1,12
BRDA:749,53,0,9
BRDA:749,53,1,0
BRDA:750,54,0,9
BRDA:750,54,1,0
BRDA:787,55,0,0
BRDA:787,55,1,3
BRDA:790,56,0,0
BRDA:790,56,1,0
BRDA:798,57,0,3
BRDA:798,57,1,0
BRDA:801,58,0,0
BRDA:801,58,1,0
BRDA:801,59,0,0
BRDA:801,59,1,0
BRDA:801,59,2,0
BRDA:804,60,0,0
BRDA:804,60,1,0
BRDA:804,61,0,0
BRDA:804,61,1,0
BRDA:807,62,0,0
BRDA:807,62,1,0
BRDA:810,63,0,0
BRDA:810,63,1,0
BRDA:813,64,0,0
BRDA:813,64,1,0
BRDA:814,65,0,0
BRDA:814,65,1,0
BRDA:818,66,0,0
BRDA:818,66,1,0
BRDA:826,67,0,0
BRDA:826,67,1,0
BRDA:831,68,0,0
BRDA:831,68,1,0
BRDA:833,69,0,0
BRDA:833,69,1,0
BRDA:862,70,0,0
BRDA:862,70,1,0
BRDA:862,70,2,0
BRDA:862,70,3,0
BRDA:862,70,4,0
BRDA:872,71,0,93
BRDA:872,71,1,0
BRDA:888,72,0,0
BRDA:888,72,1,0
BRDA:888,73,0,0
BRDA:888,73,1,0
BRDA:891,74,0,0
BRDA:891,74,1,0
BRDA:894,75,0,0
BRDA:894,75,1,0
BRDA:904,76,0,0
BRDA:904,76,1,0
BRDA:914,77,0,0
BRDA:914,77,1,0
BRDA:928,78,0,0
BRDA:928,78,1,0
BRDA:960,79,0,0
BRDA:960,79,1,0
BRDA:961,80,0,0
BRDA:961,80,1,0
BRDA:964,81,0,0
BRDA:964,81,1,0
BRDA:981,82,0,0
BRDA:981,82,1,0
BRDA:985,83,0,0
BRDA:985,83,1,0
BRDA:990,84,0,0
BRDA:990,84,1,0
BRDA:1012,85,0,0
BRDA:1012,85,1,0
BRDA:1013,86,0,0
BRDA:1013,86,1,0
BRDA:1015,87,0,0
BRDA:1015,87,1,0
BRDA:1016,88,0,0
BRDA:1016,88,1,0
BRDA:1024,89,0,0
BRDA:1024,89,1,0
BRDA:1054,90,0,0
BRDA:1054,90,1,0
BRDA:1060,91,0,0
BRDA:1060,91,1,0
BRDA:1060,92,0,0
BRDA:1060,92,1,0
BRDA:1102,93,0,0
BRDA:1102,93,1,0
BRDA:1108,94,0,0
BRDA:1108,94,1,0
BRDA:1142,95,0,2
BRDA:1142,95,1,2
BRDA:1167,96,0,0
BRDA:1167,96,1,2
BRDA:1171,97,0,0
BRDA:1171,97,1,2
BRDA:1190,98,0,5
BRDA:1190,98,1,2
BRDA:1201,99,0,0
BRDA:1201,99,1,0
BRDA:1201,100,0,0
BRDA:1201,100,1,0
BRDA:1201,100,2,0
BRDA:1201,100,3,0
BRDA:1217,101,0,0
BRDA:1217,101,1,3
BRDA:1219,102,0,0
BRDA:1219,102,1,3
BRDA:1231,103,0,4
BRDA:1231,103,1,0
BRDA:1231,104,0,4
BRDA:1231,104,1,3
BRDA:1231,104,2,3
BRDA:1231,104,3,0
BRDA:1250,105,0,0
BRDA:1250,105,1,4
BRDA:1252,106,0,0
BRDA:1252,106,1,4
BRDA:1253,107,0,4
BRDA:1253,107,1,4
BRDA:1253,107,2,4
BRDA:1253,107,3,4
BRDA:1253,107,4,4
BRDA:1261,108,0,0
BRDA:1261,108,1,4
BRDA:1263,109,0,0
BRDA:1263,109,1,4
BRDA:1264,110,0,0
BRDA:1264,110,1,0
BRDA:1270,111,0,0
BRDA:1270,111,1,4
BRDA:1270,112,0,4
BRDA:1270,112,1,4
BRDA:1272,113,0,0
BRDA:1272,113,1,4
BRDA:1274,114,0,1
BRDA:1274,114,1,3
BRDA:1280,115,0,0
BRDA:1280,115,1,3
BRDA:1290,116,0,1
BRDA:1290,116,1,4
BRDA:1293,117,0,3
BRDA:1293,117,1,1
BRDA:1293,118,0,4
BRDA:1293,118,1,4
BRDA:1293,118,2,4
BRDA:1295,119,0,1
BRDA:1295,119,1,0
BRDA:1296,120,0,1
BRDA:1296,120,1,0
BRDA:1299,121,0,0
BRDA:1299,121,1,1
BRDA:1326,122,0,0
BRDA:1326,122,1,0
BRDA:1328,123,0,0
BRDA:1328,123,1,0
BRDA:1329,124,0,0
BRDA:1329,124,1,0
BRDA:1329,124,2,0
BRDA:1329,124,3,0
BRDA:1329,124,4,0
BRDA:1329,124,5,0
BRDA:1329,124,6,0
BRDA:1338,125,0,0
BRDA:1338,125,1,0
BRDA:1348,126,0,0
BRDA:1348,126,1,0
BRDA:1351,127,0,0
BRDA:1351,127,1,0
BRDA:1360,128,0,0
BRDA:1360,128,1,0
BRDA:1375,129,0,0
BRDA:1375,129,1,4
BRDA:1377,130,0,2
BRDA:1377,130,1,2
BRDA:1381,131,0,0
BRDA:1381,131,1,2
BRDA:1384,132,0,0
BRDA:1384,132,1,2
BRDA:1385,133,0,2
BRDA:1385,133,1,2
BRDA:1385,133,2,2
BRDA:1385,133,3,2
BRDA:1385,133,4,2
BRDA:1385,133,5,2
BRDA:1385,133,6,2
BRDA:1385,133,7,2
BRDA:1385,133,8,2
BRDA:1385,133,9,2
BRDA:1400,134,0,0
BRDA:1400,134,1,2
BRDA:1410,135,0,3
BRDA:1410,135,1,0
BRDA:1410,136,0,3
BRDA:1410,136,1,3
BRDA:1410,136,2,0
BRDA:1412,137,0,0
BRDA:1412,137,1,0
BRDA:1439,138,0,0
BRDA:1439,138,1,0
BRDA:1447,139,0,0
BRDA:1447,139,1,0
BRDA:1447,140,0,0
BRDA:1447,140,1,0
BRDA:1456,141,0,0
BRDA:1456,141,1,0
BRDA:1456,142,0,0
BRDA:1456,142,1,0
BRDA:1465,143,0,0
BRDA:1465,143,1,3
BRDA:1473,144,0,0
BRDA:1473,144,1,0
BRDA:1479,145,0,0
BRDA:1479,145,1,0
BRDA:1480,146,0,0
BRDA:1480,146,1,0
BRDA:1480,146,2,0
BRDA:1480,146,3,0
BRDA:1480,146,4,0
BRDA:1480,146,5,0
BRDA:1494,147,0,0
BRDA:1494,147,1,0
BRDA:1508,148,0,0
BRDA:1508,148,1,0
BRDA:1508,149,0,0
BRDA:1508,149,1,0
BRDA:1509,150,0,0
BRDA:1509,150,1,0
BRDA:1515,151,0,0
BRDA:1515,151,1,0
BRDA:1531,152,0,0
BRDA:1531,152,1,0
BRDA:1531,153,0,0
BRDA:1531,153,1,0
BRDA:1533,154,0,0
BRDA:1533,154,1,0
BRDA:1534,155,0,0
BRDA:1534,155,1,0
BRDA:1534,155,2,0
BRDA:1534,155,3,0
BRDA:1540,156,0,0
BRDA:1540,156,1,0
BRDA:1546,157,0,0
BRDA:1546,157,1,0
BRDA:1547,158,0,0
BRDA:1547,158,1,0
BRDA:1547,158,2,0
BRDA:1547,158,3,0
BRDA:1556,159,0,0
BRDA:1556,159,1,0
BRDA:1564,160,0,0
BRDA:1564,160,1,0
BRDA:1573,161,0,0
BRDA:1573,161,1,0
BRDA:1588,162,0,0
BRDA:1588,162,1,0
BRDA:1608,163,0,0
BRDA:1608,163,1,0
BRDA:1625,164,0,0
BRDA:1625,164,1,2
BRDA:1626,165,0,2
BRDA:1626,165,1,2
BRDA:1650,166,0,0
BRDA:1650,166,1,0
BRDA:1650,167,0,0
BRDA:1650,167,1,0
BRDA:1663,168,0,0
BRDA:1663,168,1,0
BRDA:1689,169,0,0
BRDA:1689,169,1,0
BRDA:1714,170,0,0
BRDA:1714,170,1,0
BRDA:1715,171,0,0
BRDA:1715,171,1,0
BRDA:1715,171,2,0
BRDA:1715,171,3,0
BRDA:1715,171,4,0
BRDA:1728,172,0,0
BRDA:1728,172,1,0
BRDA:1737,173,0,0
BRDA:1737,173,1,0
BRDA:1745,174,0,0
BRDA:1745,174,1,0
BRDA:1758,175,0,0
BRDA:1758,175,1,0
BRDA:1773,176,0,0
BRDA:1773,176,1,0
BRDA:1792,177,0,0
BRDA:1792,177,1,0
BRDA:1792,177,2,2
BRDA:1792,177,3,0
BRDA:1792,177,4,2
BRDA:1792,177,5,0
BRDA:1792,177,6,1
BRDA:1792,177,7,1
BRDA:1792,177,8,0
BRDA:1792,177,9,0
BRDA:1792,177,10,0
BRDA:1794,178,0,0
BRDA:1794,178,1,0
BRDA:1794,179,0,0
BRDA:1794,179,1,0
BRDA:1794,179,2,0
BRDA:1794,179,3,0
BRDA:1796,180,0,0
BRDA:1796,180,1,0
BRDA:1798,181,0,0
BRDA:1798,181,1,0
BRDA:1807,182,0,0
BRDA:1807,182,1,0
BRDA:1807,183,0,0
BRDA:1807,183,1,0
BRDA:1807,183,2,0
BRDA:1809,184,0,0
BRDA:1809,184,1,0
BRDA:1810,185,0,0
BRDA:1810,185,1,0
BRDA:1810,185,2,0
BRDA:1810,185,3,0
BRDA:1810,185,4,0
BRDA:1810,185,5,0
BRDA:1818,186,0,0
BRDA:1818,186,1,0
BRDA:1818,187,0,0
BRDA:1818,187,1,0
BRDA:1818,187,2,0
BRDA:1820,188,0,0
BRDA:1820,188,1,0
BRDA:1820,189,0,0
BRDA:1820,189,1,0
BRDA:1822,190,0,0
BRDA:1822,190,1,0
BRDA:1824,191,0,0
BRDA:1824,191,1,0
BRDA:1826,192,0,0
BRDA:1826,192,1,0
BRDA:1828,193,0,0
BRDA:1828,193,1,0
BRDA:1828,194,0,0
BRDA:1828,194,1,0
BRDA:1830,195,0,0
BRDA:1830,195,1,0
BRDA:1830,196,0,0
BRDA:1830,196,1,0
BRDA:1830,196,2,0
BRDA:1837,197,0,2
BRDA:1837,197,1,0
BRDA:1837,198,0,2
BRDA:1837,198,1,0
BRDA:1837,198,2,0
BRDA:1839,199,0,0
BRDA:1839,199,1,0
BRDA:1841,200,0,0
BRDA:1841,200,1,0
BRDA:1843,201,0,0
BRDA:1843,201,1,0
BRDA:1843,202,0,0
BRDA:1843,202,1,0
BRDA:1845,203,0,0
BRDA:1845,203,1,0
BRDA:1847,204,0,0
BRDA:1847,204,1,0
BRDA:1849,205,0,0
BRDA:1849,205,1,0
BRDA:1851,206,0,0
BRDA:1851,206,1,0
BRDA:1858,207,0,0
BRDA:1858,207,1,0
BRDA:1860,208,0,0
BRDA:1860,208,1,0
BRDA:1860,209,0,0
BRDA:1860,209,1,0
BRDA:1860,209,2,0
BRDA:1862,210,0,0
BRDA:1862,210,1,0
BRDA:1864,211,0,0
BRDA:1864,211,1,0
BRDA:1864,212,0,0
BRDA:1864,212,1,0
BRDA:1866,213,0,0
BRDA:1866,213,1,0
BRDA:1868,214,0,0
BRDA:1868,214,1,0
BRDA:1868,215,0,0
BRDA:1868,215,1,0
BRDA:1870,216,0,0
BRDA:1870,216,1,0
BRDA:1872,217,0,0
BRDA:1872,217,1,0
BRDA:1874,218,0,0
BRDA:1874,218,1,0
BRDA:1876,219,0,0
BRDA:1876,219,1,0
BRDA:1883,220,0,0
BRDA:1883,220,1,2
BRDA:1883,221,0,2
BRDA:1883,221,1,2
BRDA:1885,222,0,0
BRDA:1885,222,1,2
BRDA:1887,223,0,0
BRDA:1887,223,1,2
BRDA:1889,224,0,2
BRDA:1889,224,1,0
BRDA:1891,225,0,0
BRDA:1891,225,1,0
BRDA:1893,226,0,0
BRDA:1893,226,1,0
BRDA:1895,227,0,0
BRDA:1895,227,1,0
BRDA:1895,228,0,0
BRDA:1895,228,1,0
BRDA:1897,229,0,0
BRDA:1897,229,1,0
BRDA:1899,230,0,0
BRDA:1899,230,1,0
BRDA:1900,231,0,0
BRDA:1900,231,1,0
BRDA:1900,231,2,0
BRDA:1900,231,3,0
BRDA:1911,232,0,0
BRDA:1911,232,1,0
BRDA:1913,233,0,0
BRDA:1913,233,1,0
BRDA:1914,234,0,0
BRDA:1914,234,1,0
BRDA:1914,234,2,0
BRDA:1914,234,3,0
BRDA:1914,234,4,0
BRDA:1914,234,5,0
BRDA:1922,235,0,0
BRDA:1922,235,1,0
BRDA:1924,236,0,0
BRDA:1924,236,1,0
BRDA:1924,237,0,0
BRDA:1924,237,1,0
BRDA:1926,238,0,0
BRDA:1926,238,1,0
BRDA:1926,239,0,0
BRDA:1926,239,1,0
BRDA:1928,240,0,0
BRDA:1928,240,1,0
BRDA:1930,241,0,0
BRDA:1930,241,1,0
BRDA:1932,242,0,0
BRDA:1932,242,1,0
BRDA:1934,243,0,0
BRDA:1934,243,1,0
BRDA:1936,244,0,0
BRDA:1936,244,1,0
BRDA:1945,245,0,0
BRDA:1945,245,1,1
BRDA:1947,246,0,1
BRDA:1947,246,1,0
BRDA:1948,247,0,1
BRDA:1948,247,1,0
BRDA:1948,247,2,0
BRDA:1948,247,3,0
BRDA:1948,247,4,0
BRDA:1955,248,0,0
BRDA:1955,248,1,0
BRDA:1957,249,0,0
BRDA:1957,249,1,0
BRDA:1959,250,0,0
BRDA:1959,250,1,0
BRDA:1961,251,0,0
BRDA:1961,251,1,0
BRDA:1968,252,0,0
BRDA:1968,252,1,1
BRDA:1970,253,0,0
BRDA:1970,253,1,1
BRDA:1972,254,0,0
BRDA:1972,254,1,1
BRDA:1974,255,0,0
BRDA:1974,255,1,1
BRDA:1976,256,0,1
BRDA:1976,256,1,0
BRDA:1978,257,0,0
BRDA:1978,257,1,0
BRDA:1979,258,0,0
BRDA:1979,258,1,0
BRDA:1984,259,0,0
BRDA:1984,259,1,0
BRDA:1986,260,0,0
BRDA:1986,260,1,0
BRDA:1993,261,0,0
BRDA:1993,261,1,0
BRDA:2002,262,0,0
BRDA:2002,262,1,0
BRDA:2002,263,0,0
BRDA:2002,263,1,0
BRDA:2016,264,0,2
BRDA:2016,264,1,0
BRDA:2022,265,0,3
BRDA:2022,265,1,0
BRDA:2031,266,0,3
BRDA:2031,266,1,0
BRDA:2041,267,0,0
BRDA:2041,267,1,0
BRDA:2045,268,0,0
BRDA:2045,268,1,0
BRDA:2045,269,0,0
BRDA:2045,269,1,0
BRDA:2045,269,2,0
BRDA:2048,270,0,0
BRDA:2048,270,1,0
BRDA:2057,271,0,0
BRDA:2057,271,1,0
BRDA:2065,272,0,0
BRDA:2065,272,1,0
BRDA:2074,273,0,0
BRDA:2074,273,1,0
BRDA:2081,274,0,0
BRDA:2081,274,1,0
BRDA:2090,275,0,0
BRDA:2090,275,1,0
BRDA:2110,276,0,0
BRDA:2110,276,1,0
BRDA:2116,277,0,0
BRDA:2116,277,1,0
BRDA:2127,278,0,0
BRDA:2127,278,1,0
BRDA:2127,278,2,2
BRDA:2127,278,3,5
BRDA:2127,278,4,0
BRDA:2127,278,5,0
BRDA:2127,278,6,1
BRDA:2127,278,7,1
BRDA:2127,278,8,0
BRDA:2127,278,9,0
BRDA:2129,279,0,0
BRDA:2129,279,1,0
BRDA:2129,280,0,0
BRDA:2129,280,1,0
BRDA:2129,280,2,0
BRDA:2129,280,3,0
BRDA:2129,280,4,0
BRDA:2131,281,0,0
BRDA:2131,281,1,0
BRDA:2140,282,0,0
BRDA:2140,282,1,0
BRDA:2140,283,0,0
BRDA:2140,283,1,0
BRDA:2140,283,2,0
BRDA:2142,284,0,0
BRDA:2142,284,1,0
BRDA:2144,285,0,0
BRDA:2144,285,1,0
BRDA:2144,286,0,0
BRDA:2144,286,1,0
BRDA:2146,287,0,0
BRDA:2146,287,1,0
BRDA:2147,288,0,0
BRDA:2147,288,1,0
BRDA:2147,288,2,0
BRDA:2147,288,3,0
BRDA:2147,288,4,0
BRDA:2147,288,5,0
BRDA:2155,289,0,0
BRDA:2155,289,1,0
BRDA:2157,290,0,0
BRDA:2157,290,1,0
BRDA:2157,291,0,0
BRDA:2157,291,1,0
BRDA:2166,292,0,0
BRDA:2166,292,1,2
BRDA:2168,293,0,2
BRDA:2168,293,1,0
BRDA:2168,294,0,2
BRDA:2168,294,1,2
BRDA:2168,294,2,0
BRDA:2168,294,3,0
BRDA:2177,295,0,2
BRDA:2177,295,1,3
BRDA:2179,296,0,3
BRDA:2179,296,1,0
BRDA:2181,297,0,0
BRDA:2181,297,1,0
BRDA:2183,298,0,0
BRDA:2183,298,1,0
BRDA:2183,299,0,0
BRDA:2183,299,1,0
BRDA:2183,299,2,0
BRDA:2185,300,0,0
BRDA:2185,300,1,0
BRDA:2185,301,0,0
BRDA:2185,301,1,0
BRDA:2194,302,0,0
BRDA:2194,302,1,0
BRDA:2196,303,0,0
BRDA:2196,303,1,0
BRDA:2205,304,0,0
BRDA:2205,304,1,0
BRDA:2206,305,0,0
BRDA:2206,305,1,0
BRDA:2206,305,2,0
BRDA:2206,305,3,0
BRDA:2206,305,4,0
BRDA:2206,305,5,0
BRDA:2214,306,0,0
BRDA:2214,306,1,0
BRDA:2214,307,0,0
BRDA:2214,307,1,0
BRDA:2216,308,0,0
BRDA:2216,308,1,0
BRDA:2216,309,0,0
BRDA:2216,309,1,0
BRDA:2225,310,0,1
BRDA:2225,310,1,0
BRDA:2226,311,0,1
BRDA:2226,311,1,1
BRDA:2226,311,2,1
BRDA:2226,311,3,0
BRDA:2226,311,4,0
BRDA:2226,311,5,0
BRDA:2234,312,0,0
BRDA:2234,312,1,0
BRDA:2243,313,0,0
BRDA:2243,313,1,1
BRDA:2245,314,0,1
BRDA:2245,314,1,0
BRDA:2254,315,0,0
BRDA:2254,315,1,0
BRDA:2254,316,0,0
BRDA:2254,316,1,0
BRDA:2268,317,0,0
BRDA:2268,317,1,3
BRDA:2278,318,0,0
BRDA:2278,318,1,0
BRDA:2298,319,0,8
BRDA:2298,319,1,0
BRDA:2299,320,0,8
BRDA:2299,320,1,6
BRDA:2299,320,2,4
BRDA:2299,320,3,4
BRDA:2299,320,4,4
BRDA:2349,321,0,0
BRDA:2349,321,1,0
BRDA:2359,322,0,0
BRDA:2359,322,1,0
BRDA:2359,323,0,0
BRDA:2359,323,1,0
BRDA:2369,324,0,0
BRDA:2369,324,1,0
BRDA:2369,325,0,0
BRDA:2369,325,1,0
BRDA:2379,326,0,2
BRDA:2379,326,1,0
BRDA:2379,326,2,0
BRDA:2379,326,3,0
BRDA:2379,326,4,0
BRDA:2379,326,5,0
BRDA:2379,326,6,0
BRDA:2379,326,7,0
BRDA:2381,327,0,2
BRDA:2381,327,1,0
BRDA:2381,328,0,2
BRDA:2381,328,1,2
BRDA:2381,328,2,2
BRDA:2390,329,0,0
BRDA:2390,329,1,0
BRDA:2399,330,0,0
BRDA:2399,330,1,0
BRDA:2408,331,0,0
BRDA:2408,331,1,0
BRDA:2410,332,0,0
BRDA:2410,332,1,0
BRDA:2412,333,0,0
BRDA:2412,333,1,0
BRDA:2412,334,0,0
BRDA:2412,334,1,0
BRDA:2412,334,2,0
BRDA:2414,335,0,0
BRDA:2414,335,1,0
BRDA:2423,336,0,0
BRDA:2423,336,1,0
BRDA:2432,337,0,0
BRDA:2432,337,1,0
BRDA:2441,338,0,0
BRDA:2441,338,1,0
BRDA:2443,339,0,0
BRDA:2443,339,1,0
BRDA:2459,340,0,2
BRDA:2459,340,1,0
BRDA:2460,341,0,2
BRDA:2460,341,1,0
BRDA:2464,342,0,0
BRDA:2464,342,1,0
BRDA:2466,343,0,0
BRDA:2466,343,1,0
BRDA:2467,344,0,0
BRDA:2467,344,1,0
BRDA:2467,344,2,0
BRDA:2467,344,3,0
BRDA:2467,344,4,0
BRDA:2467,344,5,0
BRDA:2467,344,6,0
BRDA:2467,344,7,0
BRDA:2467,344,8,0
BRDA:2467,344,9,0
BRDA:2467,344,10,0
BRDA:2505,345,0,0
BRDA:2505,345,1,8
BRDA:2524,346,0,0
BRDA:2524,346,1,0
BRDA:2525,347,0,0
BRDA:2525,347,1,0
BRDA:2525,347,2,0
BRDA:2525,347,3,0
BRDA:2525,347,4,0
BRDA:2525,347,5,0
BRDA:2525,347,6,0
BRDA:2525,347,7,0
BRDA:2525,347,8,0
BRDA:2535,348,0,0
BRDA:2535,348,1,0
BRDA:2550,349,0,0
BRDA:2550,349,1,0
BRDA:2550,350,0,0
BRDA:2550,350,1,0
BRDA:2551,351,0,0
BRDA:2551,351,1,0
BRDA:2557,352,0,0
BRDA:2557,352,1,0
BRDA:2561,353,0,0
BRDA:2561,353,1,0
BRDA:2562,354,0,0
BRDA:2562,354,1,0
BRDA:2562,354,2,0
BRDA:2562,354,3,0
BRDA:2562,354,4,0
BRDA:2562,354,5,0
BRDA:2562,354,6,0
BRDA:2562,354,7,0
BRDA:2562,354,8,0
BRDA:2562,354,9,0
BRDA:2582,355,0,0
BRDA:2582,355,1,0
BRDA:2584,356,0,0
BRDA:2584,356,1,0
BRDA:2587,357,0,0
BRDA:2587,357,1,0
BRDA:2597,358,0,0
BRDA:2597,358,1,0
BRDA:2598,359,0,0
BRDA:2598,359,1,0
BRDA:2602,360,0,0
BRDA:2602,360,1,0
BRDA:2604,361,0,0
BRDA:2604,361,1,0
BRDA:2610,362,0,0
BRDA:2610,362,1,0
BRDA:2622,363,0,2
BRDA:2622,363,1,0
BRDA:2626,364,0,0
BRDA:2626,364,1,0
BRDA:2626,365,0,0
BRDA:2626,365,1,0
BRDA:2631,366,0,0
BRDA:2631,366,1,0
BRDA:2632,367,0,0
BRDA:2632,367,1,0
BRDA:2632,367,2,0
BRDA:2632,367,3,0
BRDA:2632,367,4,0
BRDA:2632,367,5,0
BRDA:2639,368,0,0
BRDA:2639,368,1,0
BRDA:2653,369,0,0
BRDA:2653,369,1,2
BRDA:2653,370,0,2
BRDA:2653,370,1,2
BRDA:2653,370,2,2
BRDA:2654,371,0,0
BRDA:2654,371,1,0
BRDA:2659,372,0,2
BRDA:2659,372,1,0
BRDA:2660,373,0,2
BRDA:2660,373,1,0
BRDA:2666,374,0,0
BRDA:2666,374,1,0
BRDA:2667,375,0,0
BRDA:2667,375,1,0
BRDA:2667,375,2,0
BRDA:2667,375,3,0
BRDA:2667,375,4,0
BRDA:2667,375,5,0
BRDA:2667,375,6,0
BRDA:2667,375,7,0
BRDA:2679,376,0,2
BRDA:2679,376,1,0
BRDA:2679,377,0,2
BRDA:2679,377,1,2
BRDA:2684,378,0,0
BRDA:2684,378,1,0
BRDA:2685,379,0,0
BRDA:2685,379,1,0
BRDA:2685,379,2,0
BRDA:2685,379,3,0
BRDA:2685,379,4,0
BRDA:2685,379,5,0
BRDA:2685,379,6,0
BRDA:2693,380,0,0
BRDA:2693,380,1,0
BRDA:2707,381,0,2
BRDA:2707,381,1,0
BRDA:2708,382,0,2
BRDA:2708,382,1,0
BRDA:2713,383,0,0
BRDA:2713,383,1,0
BRDA:2714,384,0,0
BRDA:2714,384,1,0
BRDA:2720,385,0,0
BRDA:2720,385,1,0
BRDA:2720,386,0,0
BRDA:2720,386,1,0
BRDA:2720,386,2,0
BRDA:2721,387,0,0
BRDA:2721,387,1,0
BRDA:2722,388,0,0
BRDA:2722,388,1,0
BRDA:2730,389,0,0
BRDA:2730,389,1,0
BRDA:2731,390,0,0
BRDA:2731,390,1,0
BRDA:2731,390,2,0
BRDA:2731,390,3,0
BRDA:2731,390,4,0
BRDA:2731,390,5,0
BRDA:2731,390,6,0
BRDA:2743,391,0,0
BRDA:2743,391,1,0
BRDA:2744,392,0,0
BRDA:2744,392,1,0
BRDA:2744,392,2,0
BRDA:2744,392,3,0
BRDA:2744,392,4,0
BRDA:2744,392,5,0
BRDA:2744,392,6,0
BRDA:2744,392,7,0
BRDA:2744,392,8,0
BRDA:2754,393,0,0
BRDA:2754,393,1,0
BRDA:2755,394,0,0
BRDA:2755,394,1,0
BRDA:2769,395,0,2
BRDA:2769,395,1,0
BRDA:2769,396,0,2
BRDA:2769,396,1,0
BRDA:2770,397,0,2
BRDA:2770,397,1,0
BRDA:2776,398,0,0
BRDA:2776,398,1,0
BRDA:2777,399,0,0
BRDA:2777,399,1,0
BRDA:2777,399,2,0
BRDA:2777,399,3,0
BRDA:2777,399,4,0
BRDA:2783,400,0,0
BRDA:2783,400,1,0
BRDA:2787,401,0,0
BRDA:2787,401,1,0
BRDA:2788,402,0,0
BRDA:2788,402,1,0
BRDA:2788,402,2,0
BRDA:2788,402,3,0
BRDA:2788,402,4,0
BRDA:2803,403,0,0
BRDA:2803,403,1,0
BRDA:2805,404,0,0
BRDA:2805,404,1,0
BRDA:2806,405,0,0
BRDA:2806,405,1,0
BRDA:2811,406,0,0
BRDA:2811,406,1,0
BRDA:2812,407,0,0
BRDA:2812,407,1,0
BRDA:2816,408,0,0
BRDA:2816,408,1,0
BRDA:2821,409,0,0
BRDA:2821,409,1,0
BRDA:2822,410,0,0
BRDA:2822,410,1,0
BRDA:2822,410,2,0
BRDA:2822,410,3,0
BRDA:2827,411,0,0
BRDA:2827,411,1,0
BRDA:2831,412,0,0
BRDA:2831,412,1,0
BRDA:2835,413,0,0
BRDA:2835,413,1,0
BRDA:2835,414,0,0
BRDA:2835,414,1,0
BRDA:2843,415,0,0
BRDA:2843,415,1,0
BRDA:2846,416,0,0
BRDA:2846,416,1,0
BRDA:2848,417,0,0
BRDA:2848,417,1,0
BRDA:2849,418,0,0
BRDA:2849,418,1,0
BRDA:2855,419,0,0
BRDA:2855,419,1,0
BRDA:2858,420,0,0
BRDA:2858,420,1,0
BRDA:2859,421,0,0
BRDA:2859,421,1,0
BRDA:2862,422,0,0
BRDA:2862,422,1,0
BRDA:2862,423,0,0
BRDA:2862,423,1,0
BRDA:2865,424,0,0
BRDA:2865,424,1,0
BRDA:2875,425,0,0
BRDA:2875,425,1,0
BRDA:2876,426,0,0
BRDA:2876,426,1,0
BRDA:2876,426,2,0
BRDA:2876,426,3,0
BRDA:2876,426,4,0
BRDA:2876,426,5,0
BRDA:2876,426,6,0
BRDA:2876,426,7,0
BRDA:2896,427,0,0
BRDA:2896,427,1,0
BRDA:2897,428,0,0
BRDA:2897,428,1,0
BRDA:2897,428,2,0
BRDA:2897,428,3,0
BRDA:2897,428,4,0
BRDA:2897,428,5,0
BRDA:2897,428,6,0
BRDA:2897,428,7,0
BRDA:2906,429,0,0
BRDA:2906,429,1,0
BRDA:2921,430,0,0
BRDA:2921,430,1,1
BRDA:2922,431,0,1
BRDA:2922,431,1,1
BRDA:2922,431,2,1
BRDA:2922,431,3,1
BRDA:2922,431,4,1
BRDA:2922,431,5,1
BRDA:2922,431,6,1
BRDA:2922,431,7,1
BRDA:2922,431,8,1
BRDA:2922,431,9,1
BRDA:2936,432,0,1
BRDA:2936,432,1,1
BRDA:2946,433,0,0
BRDA:2946,433,1,0
BRDA:2952,434,0,0
BRDA:2952,434,1,0
BRDA:2966,435,0,0
BRDA:2966,435,1,0
BRDA:2974,436,0,5
BRDA:2974,436,1,0
BRDA:2975,437,0,5
BRDA:2975,437,1,0
BRDA:2993,438,0,0
BRDA:2993,438,1,0
BRDA:2995,439,0,0
BRDA:2995,439,1,0
BRDA:2997,440,0,0
BRDA:2997,440,1,0
BRDA:3000,441,0,0
BRDA:3000,441,1,0
BRDA:3006,442,0,0
BRDA:3006,442,1,0
BRDA:3007,443,0,0
BRDA:3007,443,1,0
BRDA:3012,444,0,0
BRDA:3012,444,1,0
BRDA:3012,445,0,0
BRDA:3012,445,1,0
BRDA:3023,446,0,0
BRDA:3023,446,1,0
BRDA:3025,447,0,0
BRDA:3025,447,1,0
BRDA:3031,448,0,0
BRDA:3031,448,1,0
BRDA:3039,449,0,0
BRDA:3039,449,1,0
BRDA:3056,450,0,0
BRDA:3056,450,1,0
BRDA:3058,451,0,0
BRDA:3058,451,1,0
BRDA:3076,452,0,0
BRDA:3076,452,1,0
BRDA:3076,453,0,0
BRDA:3076,453,1,0
BRDA:3078,454,0,0
BRDA:3078,454,1,0
BRDA:3089,455,0,0
BRDA:3089,455,1,0
BRDA:3091,456,0,0
BRDA:3091,456,1,0
BRDA:3098,457,0,0
BRDA:3098,457,1,0
BRDA:3112,458,0,0
BRDA:3112,458,1,0
BRDA:3117,459,0,0
BRDA:3117,459,1,0
BRF:1119
BRH:185
end_of_record
TN:
SF:lib/parser/open-element-stack.js
FN:13,isImpliedEndTagRequired
FN:41,isImpliedEndTagRequiredThoroughly
FN:78,isScopingElement
FN:130,(anonymous_3)
FN:141,(anonymous_4)
FN:154,(anonymous_5)
FN:161,(anonymous_6)
FN:172,(anonymous_7)
FN:181,(anonymous_8)
FN:191,(anonymous_9)
FN:201,(anonymous_10)
FN:211,(anonymous_11)
FN:224,(anonymous_12)
FN:236,(anonymous_13)
FN:256,(anonymous_14)
FN:269,(anonymous_15)
FN:276,(anonymous_16)
FN:287,(anonymous_17)
FN:300,(anonymous_18)
FN:311,(anonymous_19)
FN:323,(anonymous_20)
FN:332,(anonymous_21)
FN:336,(anonymous_22)
FN:342,(anonymous_23)
FN:347,(anonymous_24)
FN:364,(anonymous_25)
FN:389,(anonymous_26)
FN:409,(anonymous_27)
FN:426,(anonymous_28)
FN:447,(anonymous_29)
FN:468,(anonymous_30)
FN:490,(anonymous_31)
FN:496,(anonymous_32)
FN:502,(anonymous_33)
FNF:34
FNH:18
FNDA:5,isImpliedEndTagRequired
FNDA:1,isImpliedEndTagRequiredThoroughly
FNDA:9,isScopingElement
FNDA:8,(anonymous_3)
FNDA:0,(anonymous_4)
FNDA:94,(anonymous_5)
FNDA:56,(anonymous_6)
FNDA:36,(anonymous_7)
FNDA:20,(anonymous_8)
FNDA:0,(anonymous_9)
FNDA:0,(anonymous_10)
FNDA:8,(anonymous_11)
FNDA:0,(anonymous_12)
FNDA:0,(anonymous_13)
FNDA:0,(anonymous_14)
FNDA:0,(anonymous_15)
FNDA:2,(anonymous_16)
FNDA:4,(anonymous_17)
FNDA:4,(anonymous_18)
FNDA:0,(anonymous_19)
FNDA:0,(anonymous_20)
FNDA:0,(anonymous_21)
FNDA:0,(anonymous_22)
FNDA:0,(anonymous_23)
FNDA:10,(anonymous_24)
FNDA:0,(anonymous_25)
FNDA:0,(anonymous_26)
FNDA:5,(anonymous_27)
FNDA:6,(anonymous_28)
FNDA:2,(anonymous_29)
FNDA:0,(anonymous_30)
FNDA:5,(anonymous_31)
FNDA:1,(anonymous_32)
FNDA:0,(anonymous_33)
DA:3,2
DA:6,2
DA:7,2
DA:14,5
DA:16,0
DA:19,2
DA:29,2
DA:32,0
DA:35,0
DA:38,1
DA:42,1
DA:44,0
DA:47,0
DA:60,0
DA:63,0
DA:66,0
DA:69,0
DA:72,1
DA:75,0
DA:79,9
DA:81,0
DA:82,0
DA:83,0
DA:84,0
DA:87,0
DA:90,8
DA:91,4
DA:92,4
DA:93,0
DA:96,4
DA:99,0
DA:100,0
DA:101,0
DA:102,0
DA:103,0
DA:104,0
DA:107,0
DA:110,0
DA:113,0
DA:116,1
DA:119,0
DA:122,0
DA:125,4
DA:131,8
DA:132,8
DA:133,8
DA:134,8
DA:135,8
DA:136,8
DA:137,8
DA:142,0
DA:144,0
DA:145,0
DA:146,0
DA:147,0
DA:150,0
DA:155,94
DA:162,56
DA:163,56
DA:166,56
DA:173,36
DA:174,36
DA:176,36
DA:177,1
DA:182,20
DA:184,20
DA:185,1
DA:188,20
DA:192,0
DA:194,0
DA:196,0
DA:197,0
DA:202,0
DA:204,0
DA:206,0
DA:207,0
DA:212,8
DA:213,8
DA:214,8
DA:216,8
DA:218,8
DA:219,8
DA:225,0
DA:226,0
DA:228,0
DA:230,0
DA:231,0
DA:237,0
DA:238,0
DA:239,0
DA:241,0
DA:243,0
DA:251,0
DA:257,0
DA:258,0
DA:259,0
DA:261,0
DA:263,0
DA:264,0
DA:272,0
DA:273,0
DA:277,2
DA:283,0
DA:288,4
DA:296,0
DA:301,4
DA:307,0
DA:312,0
DA:313,0
DA:314,0
DA:315,0
DA:316,0
DA:317,0
DA:325,0
DA:327,0
DA:333,0
DA:337,0
DA:339,0
DA:343,0
DA:348,10
DA:349,10
DA:350,10
DA:352,10
DA:353,10
DA:356,0
DA:357,0
DA:361,0
DA:365,0
DA:366,0
DA:367,0
DA:369,0
DA:378,0
DA:381,0
DA:382,0
DA:386,0
DA:390,0
DA:391,0
DA:392,0
DA:394,0
DA:395,0
DA:398,0
DA:402,0
DA:406,0
DA:410,5
DA:411,9
DA:412,9
DA:414,9
DA:415,0
DA:418,9
DA:419,5
DA:423,0
DA:427,6
DA:428,6
DA:429,6
DA:431,6
DA:432,0
DA:435,6
DA:436,6
DA:439,0
DA:440,0
DA:444,0
DA:448,2
DA:449,2
DA:450,2
DA:452,2
DA:453,0
DA:456,2
DA:457,2
DA:460,0
DA:461,0
DA:465,0
DA:469,0
DA:470,0
DA:471,0
DA:473,0
DA:474,0
DA:477,0
DA:478,0
DA:481,0
DA:482,0
DA:486,0
DA:491,5
DA:492,0
DA:497,1
DA:498,0
DA:503,0
DA:507,0
DA:512,2
LF:188
LH:70
BRDA:14,0,0,0
BRDA:14,0,1,2
BRDA:14,0,2,2
BRDA:14,0,3,0
BRDA:14,0,4,0
BRDA:20,1,0,2
BRDA:20,1,1,2
BRDA:20,1,2,2
BRDA:20,1,3,2
BRDA:20,1,4,2
BRDA:20,1,5,2
BRDA:42,2,0,0
BRDA:42,2,1,0
BRDA:42,2,2,0
BRDA:42,2,3,0
BRDA:42,2,4,0
BRDA:42,2,5,0
BRDA:42,2,6,1
BRDA:48,3,0,0
BRDA:48,3,1,0
BRDA:48,3,2,0
BRDA:48,3,3,0
BRDA:48,3,4,0
BRDA:48,3,5,0
BRDA:48,3,6,0
BRDA:48,3,7,0
BRDA:48,3,8,0
BRDA:63,4,0,0
BRDA:63,4,1,0
BRDA:63,4,2,0
BRDA:72,5,0,1
BRDA:72,5,1,1
BRDA:79,6,0,0
BRDA:79,6,1,8
BRDA:79,6,2,0
BRDA:79,6,3,0
BRDA:79,6,4,0
BRDA:79,6,5,1
BRDA:79,6,6,0
BRDA:79,6,7,0
BRDA:81,7,0,0
BRDA:81,7,1,0
BRDA:81,8,0,0
BRDA:81,8,1,0
BRDA:83,9,0,0
BRDA:83,9,1,0
BRDA:83,10,0,0
BRDA:83,10,1,0
BRDA:83,10,2,0
BRDA:83,10,3,0
BRDA:90,11,0,4
BRDA:90,11,1,4
BRDA:92,12,0,0
BRDA:92,12,1,4
BRDA:99,13,0,0
BRDA:99,13,1,0
BRDA:101,14,0,0
BRDA:101,14,1,0
BRDA:103,15,0,0
BRDA:103,15,1,0
BRDA:110,16,0,0
BRDA:110,16,1,0
BRDA:110,16,2,0
BRDA:113,17,0,0
BRDA:113,17,1,0
BRDA:113,17,2,0
BRDA:116,18,0,1
BRDA:116,18,1,1
BRDA:119,19,0,0
BRDA:119,19,1,0
BRDA:122,20,0,0
BRDA:122,20,1,0
BRDA:145,21,0,0
BRDA:145,21,1,0
BRDA:156,22,0,94
BRDA:156,22,1,4
BRDA:164,23,0,56
BRDA:164,23,1,56
BRDA:166,24,0,2
BRDA:166,24,1,54
BRDA:176,25,0,1
BRDA:176,25,1,35
BRDA:184,26,0,1
BRDA:184,26,1,19
BRDA:184,27,0,20
BRDA:184,27,1,2
BRDA:196,28,0,0
BRDA:196,28,1,0
BRDA:206,29,0,0
BRDA:206,29,1,0
BRDA:218,30,0,8
BRDA:218,30,1,0
BRDA:218,31,0,8
BRDA:218,31,1,8
BRDA:230,32,0,0
BRDA:230,32,1,0
BRDA:243,33,0,0
BRDA:243,33,1,0
BRDA:244,34,0,0
BRDA:244,34,1,0
BRDA:244,34,2,0
BRDA:244,34,3,0
BRDA:244,34,4,0
BRDA:244,34,5,0
BRDA:244,34,6,0
BRDA:263,35,0,0
BRDA:263,35,1,0
BRDA:263,36,0,0
BRDA:263,36,1,0
BRDA:263,36,2,0
BRDA:278,37,0,2
BRDA:278,37,1,0
BRDA:278,37,2,0
BRDA:278,37,3,2
BRDA:289,38,0,4
BRDA:289,38,1,0
BRDA:289,38,2,0
BRDA:289,38,3,0
BRDA:289,38,4,0
BRDA:289,38,5,4
BRDA:302,39,0,4
BRDA:302,39,1,0
BRDA:302,39,2,0
BRDA:302,39,3,4
BRDA:313,40,0,0
BRDA:313,40,1,0
BRDA:327,41,0,0
BRDA:327,41,1,0
BRDA:327,42,0,0
BRDA:327,42,1,0
BRDA:339,43,0,0
BRDA:339,43,1,0
BRDA:343,44,0,0
BRDA:343,44,1,0
BRDA:352,45,0,10
BRDA:352,45,1,0
BRDA:352,46,0,10
BRDA:352,46,1,10
BRDA:356,47,0,0
BRDA:356,47,1,0
BRDA:369,48,0,0
BRDA:369,48,1,0
BRDA:370,49,0,0
BRDA:370,49,1,0
BRDA:370,49,2,0
BRDA:370,49,3,0
BRDA:370,49,4,0
BRDA:370,49,5,0
BRDA:370,49,6,0
BRDA:381,50,0,0
BRDA:381,50,1,0
BRDA:394,51,0,0
BRDA:394,51,1,0
BRDA:394,52,0,0
BRDA:394,52,1,0
BRDA:398,53,0,0
BRDA:398,53,1,0
BRDA:399,54,0,0
BRDA:399,54,1,0
BRDA:399,54,2,0
BRDA:399,54,3,0
BRDA:414,55,0,0
BRDA:414,55,1,9
BRDA:414,56,0,9
BRDA:414,56,1,0
BRDA:418,57,0,5
BRDA:418,57,1,4
BRDA:418,58,0,9
BRDA:418,58,1,0
BRDA:418,58,2,9
BRDA:431,59,0,0
BRDA:431,59,1,6
BRDA:435,60,0,6
BRDA:435,60,1,0
BRDA:439,61,0,0
BRDA:439,61,1,0
BRDA:439,62,0,0
BRDA:439,62,1,0
BRDA:439,62,2,0
BRDA:452,63,0,0
BRDA:452,63,1,2
BRDA:456,64,0,2
BRDA:456,64,1,0
BRDA:456,65,0,2
BRDA:456,65,1,0
BRDA:456,65,2,0
BRDA:460,66,0,0
BRDA:460,66,1,0
BRDA:460,67,0,0
BRDA:460,67,1,0
BRDA:473,68,0,0
BRDA:473,68,1,0
BRDA:477,69,0,0
BRDA:477,69,1,0
BRDA:481,70,0,0
BRDA:481,70,1,0
BRDA:481,71,0,0
BRDA:481,71,1,0
BRDA:504,72,0,0
BRDA:504,72,1,0
BRF:200
BRH:53
end_of_record
TN:
SF:lib/postprocessor/postprocessor.js
FN:12,(anonymous_0)
FN:18,(anonymous_1)
FN:27,(anonymous_2)
FN:29,(anonymous_3)
FN:42,(anonymous_4)
FN:52,(anonymous_5)
FN:58,(anonymous_6)
FN:83,(anonymous_7)
FN:88,(anonymous_8)
FN:96,(anonymous_9)
FN:111,(anonymous_10)
FN:113,(anonymous_11)
FN:118,(anonymous_12)
FN:123,(anonymous_13)
FN:127,(anonymous_14)
FN:138,(anonymous_15)
FN:140,(anonymous_16)
FNF:17
FNH:15
FNDA:8,(anonymous_0)
FNDA:72,(anonymous_1)
FNDA:72,(anonymous_2)
FNDA:64,(anonymous_3)
FNDA:8,(anonymous_4)
FNDA:24,(anonymous_5)
FNDA:2,(anonymous_6)
FNDA:2,(anonymous_7)
FNDA:1,(anonymous_8)
FNDA:44,(anonymous_9)
FNDA:44,(anonymous_10)
FNDA:0,(anonymous_11)
FNDA:0,(anonymous_12)
FNDA:17,(anonymous_13)
FNDA:33,(anonymous_14)
FNDA:32,(anonymous_15)
FNDA:79,(anonymous_16)
DA:9,2
DA:11,2
DA:13,8
DA:14,8
DA:15,8
DA:19,72
DA:20,37
DA:23,72
DA:24,72
DA:28,72
DA:29,44
DA:30,64
DA:33,72
DA:34,44
DA:36,72
DA:38,72
DA:39,72
DA:43,8
DA:44,8
DA:45,8
DA:46,8
DA:47,8
DA:48,8
DA:49,8
DA:53,24
DA:54,24
DA:55,24
DA:59,2
DA:60,2
DA:61,2
DA:62,2
DA:63,2
DA:64,2
DA:65,2
DA:80,2
DA:84,2
DA:85,2
DA:89,1
DA:90,0
DA:92,1
DA:93,1
DA:97,44
DA:98,0
DA:99,44
DA:100,36
DA:102,44
DA:103,44
DA:104,32
DA:105,32
DA:106,17
DA:112,44
DA:113,0
DA:114,0
DA:116,0
DA:117,0
DA:118,0
DA:125,17
DA:128,33
DA:132,0
DA:133,0
DA:134,0
DA:140,79
DA:141,19
DA:142,19
LF:64
LH:54
BRDA:19,0,0,37
BRDA:19,0,1,35
BRDA:28,1,0,44
BRDA:28,1,1,28
BRDA:33,2,0,44
BRDA:33,2,1,28
BRDA:89,3,0,0
BRDA:89,3,1,1
BRDA:97,4,0,0
BRDA:97,4,1,44
BRDA:99,5,0,36
BRDA:99,5,1,8
BRDA:103,6,0,32
BRDA:103,6,1,12
BRDA:105,7,0,17
BRDA:105,7,1,15
BRDA:112,8,0,0
BRDA:112,8,1,44
BRDA:112,9,0,44
BRDA:112,9,1,0
BRDA:128,10,0,33
BRDA:128,10,1,33
BRDA:142,11,0,19
BRDA:142,11,1,0
BRF:24
BRH:19
end_of_record
TN:
SF:lib/postprocessor/utils.js
FN:1,canIncludeChild
FN:5,canBeIncluded
FN:12,hasChildNodes
FN:16,getLocFromChildNodes
FN:54,createLines
FN:58,(anonymous_5)
FN:88,createCommentStartTag
FN:103,createCommentEndTag
FNF:8
FNH:7
FNDA:32,canIncludeChild
FNDA:0,canBeIncluded
FNDA:44,hasChildNodes
FNDA:23,getLocFromChildNodes
FNDA:26,createLines
FNDA:55,(anonymous_5)
FNDA:2,createCommentStartTag
FNDA:2,createCommentEndTag
DA:2,32
DA:6,0
DA:13,44
DA:17,23
DA:18,17
DA:19,17
DA:21,17
DA:22,17
DA:26,17
DA:37,6
DA:55,26
DA:56,26
DA:58,26
DA:59,55
DA:60,55
DA:62,55
DA:64,55
DA:81,55
DA:82,55
DA:84,55
DA:89,2
DA:104,2
DA:118,2
LF:23
LH:22
BRDA:2,0,0,32
BRDA:2,0,1,17
BRDA:7,1,0,0
BRDA:7,1,1,0
BRDA:13,2,0,44
BRDA:13,2,1,44
BRDA:17,3,0,17
BRDA:17,3,1,6
BRDA:17,4,0,23
BRDA:17,4,1,23
BRDA:21,5,0,10
BRDA:21,5,1,7
BRDA:22,6,0,9
BRDA:22,6,1,8
BRF:14
BRH:12
end_of_record
TN:
SF:lib/tokenizer/index.js
FN:164,isWhitespace
FN:173,isAsciiDigit
FN:177,isAsciiUpper
FN:181,isAsciiLower
FN:185,isAsciiLetter
FN:189,isAsciiAlphaNumeric
FN:193,isAsciiUpperHexDigit
FN:197,isAsciiLowerHexDigit
FN:201,isAsciiHexDigit
FN:207,toAsciiLowerCodePoint
FN:214,toChar
FN:226,toAsciiLowerChar
FN:230,findNamedEntityTreeBranch
FN:253,(anonymous_13)
FN:276,(anonymous_14)
FN:280,(anonymous_15)
FN:287,(anonymous_16)
FN:301,(anonymous_17)
FN:306,(anonymous_18)
FN:312,(anonymous_19)
FN:328,(anonymous_20)
FN:333,(anonymous_21)
FN:338,(anonymous_22)
FN:343,(anonymous_23)
FN:383,(anonymous_24)
FN:398,(anonymous_25)
FN:408,(anonymous_26)
FN:417,(anonymous_27)
FN:424,(anonymous_28)
FN:434,(anonymous_29)
FN:441,(anonymous_30)
FN:446,(anonymous_31)
FN:453,(anonymous_32)
FN:466,(anonymous_33)
FN:471,(anonymous_34)
FN:494,(anonymous_35)
FN:501,(anonymous_36)
FN:516,(anonymous_37)
FN:531,(anonymous_38)
FN:543,(anonymous_39)
FN:551,(anonymous_40)
FN:556,(anonymous_41)
FN:601,(anonymous_42)
FN:609,(anonymous_43)
FN:621,(anonymous_44)
FN:637,(anonymous_45)
FN:657,(anonymous_46)
FN:677,(anonymous_47)
FN:694,(anonymous_48)
FN:711,(anonymous_49)
FN:726,(anonymous_50)
FN:751,(anonymous_51)
FN:771,(anonymous_52)
FN:794,(anonymous_53)
FN:806,(anonymous_54)
FN:818,(anonymous_55)
FN:852,(anonymous_56)
FN:864,(anonymous_57)
FN:876,(anonymous_58)
FN:910,(anonymous_59)
FN:925,(anonymous_60)
FN:937,(anonymous_61)
FN:967,(anonymous_62)
FN:978,(anonymous_63)
FN:989,(anonymous_64)
FN:1008,(anonymous_65)
FN:1029,(anonymous_66)
FN:1052,(anonymous_67)
FN:1068,(anonymous_68)
FN:1080,(anonymous_69)
FN:1114,(anonymous_70)
FN:1133,(anonymous_71)
FN:1153,(anonymous_72)
FN:1175,(anonymous_73)
FN:1199,(anonymous_74)
FN:1211,(anonymous_75)
FN:1231,(anonymous_76)
FN:1250,(anonymous_77)
FN:1280,(anonymous_78)
FN:1303,(anonymous_79)
FN:1323,(anonymous_80)
FN:1342,(anonymous_81)
FN:1361,(anonymous_82)
FN:1392,(anonymous_83)
FN:1411,(anonymous_84)
FN:1427,(anonymous_85)
FN:1444,(anonymous_86)
FN:1472,(anonymous_87)
FN:1486,(anonymous_88)
FN:1505,(anonymous_89)
FN:1525,(anonymous_90)
FN:1538,(anonymous_91)
FN:1548,(anonymous_92)
FN:1558,(anonymous_93)
FN:1568,(anonymous_94)
FN:1583,(anonymous_95)
FN:1603,(anonymous_96)
FN:1623,(anonymous_97)
FN:1642,(anonymous_98)
FN:1674,(anonymous_99)
FN:1697,(anonymous_100)
FN:1726,(anonymous_101)
FN:1756,(anonymous_102)
FN:1786,(anonymous_103)
FN:1809,(anonymous_104)
FN:1832,(anonymous_105)
FN:1860,(anonymous_106)
FN:1888,(anonymous_107)
FN:1918,(anonymous_108)
FN:1948,(anonymous_109)
FN:1971,(anonymous_110)
FN:1994,(anonymous_111)
FN:2015,(anonymous_112)
FN:2029,(anonymous_113)
FN:2042,(anonymous_114)
FN:2053,(anonymous_115)
FN:2066,(anonymous_116)
FN:2082,(anonymous_117)
FN:2111,(anonymous_118)
FN:2129,(anonymous_119)
FN:2142,(anonymous_120)
FN:2154,(anonymous_121)
FN:2166,(anonymous_122)
FN:2183,(anonymous_123)
FN:2196,(anonymous_124)
FN:2249,(anonymous_125)
FNF:126
FNH:46
FNDA:415,isWhitespace
FNDA:0,isAsciiDigit
FNDA:154,isAsciiUpper
FNDA:35,isAsciiLower
FNDA:35,isAsciiLetter
FNDA:0,isAsciiAlphaNumeric
FNDA:0,isAsciiUpperHexDigit
FNDA:0,isAsciiLowerHexDigit
FNDA:0,isAsciiHexDigit
FNDA:4,toAsciiLowerCodePoint
FNDA:389,toChar
FNDA:4,toAsciiLowerChar
FNDA:0,findNamedEntityTreeBranch
FNDA:8,(anonymous_13)
FNDA:0,(anonymous_14)
FNDA:0,(anonymous_15)
FNDA:90,(anonymous_16)
FNDA:8,(anonymous_17)
FNDA:0,(anonymous_18)
FNDA:558,(anonymous_19)
FNDA:572,(anonymous_20)
FNDA:39,(anonymous_21)
FNDA:39,(anonymous_22)
FNDA:6,(anonymous_23)
FNDA:0,(anonymous_24)
FNDA:17,(anonymous_25)
FNDA:18,(anonymous_26)
FNDA:2,(anonymous_27)
FNDA:2,(anonymous_28)
FNDA:43,(anonymous_29)
FNDA:8,(anonymous_30)
FNDA:2,(anonymous_31)
FNDA:2,(anonymous_32)
FNDA:2,(anonymous_33)
FNDA:47,(anonymous_34)
FNDA:51,(anonymous_35)
FNDA:8,(anonymous_36)
FNDA:214,(anonymous_37)
FNDA:214,(anonymous_38)
FNDA:0,(anonymous_39)
FNDA:0,(anonymous_40)
FNDA:0,(anonymous_41)
FNDA:0,(anonymous_42)
FNDA:0,(anonymous_43)
FNDA:0,(anonymous_44)
FNDA:261,(anonymous_45)
FNDA:0,(anonymous_46)
FNDA:0,(anonymous_47)
FNDA:0,(anonymous_48)
FNDA:0,(anonymous_49)
FNDA:39,(anonymous_50)
FNDA:18,(anonymous_51)
FNDA:173,(anonymous_52)
FNDA:0,(anonymous_53)
FNDA:0,(anonymous_54)
FNDA:0,(anonymous_55)
FNDA:0,(anonymous_56)
FNDA:0,(anonymous_57)
FNDA:0,(anonymous_58)
FNDA:0,(anonymous_59)
FNDA:0,(anonymous_60)
FNDA:0,(anonymous_61)
FNDA:0,(anonymous_62)
FNDA:0,(anonymous_63)
FNDA:0,(anonymous_64)
FNDA:0,(anonymous_65)
FNDA:0,(anonymous_66)
FNDA:0,(anonymous_67)
FNDA:0,(anonymous_68)
FNDA:0,(anonymous_69)
FNDA:0,(anonymous_70)
FNDA:0,(anonymous_71)
FNDA:0,(anonymous_72)
FNDA:0,(anonymous_73)
FNDA:0,(anonymous_74)
FNDA:0,(anonymous_75)
FNDA:2,(anonymous_76)
FNDA:10,(anonymous_77)
FNDA:0,(anonymous_78)
FNDA:2,(anonymous_79)
FNDA:7,(anonymous_80)
FNDA:0,(anonymous_81)
FNDA:0,(anonymous_82)
FNDA:2,(anonymous_83)
FNDA:0,(anonymous_84)
FNDA:0,(anonymous_85)
FNDA:4,(anonymous_86)
FNDA:2,(anonymous_87)
FNDA:0,(anonymous_88)
FNDA:22,(anonymous_89)
FNDA:0,(anonymous_90)
FNDA:0,(anonymous_91)
FNDA:0,(anonymous_92)
FNDA:0,(anonymous_93)
FNDA:2,(anonymous_94)
FNDA:2,(anonymous_95)
FNDA:0,(anonymous_96)
FNDA:2,(anonymous_97)
FNDA:2,(anonymous_98)
FNDA:8,(anonymous_99)
FNDA:0,(anonymous_100)
FNDA:0,(anonymous_101)
FNDA:0,(anonymous_102)
FNDA:0,(anonymous_103)
FNDA:0,(anonymous_104)
FNDA:0,(anonymous_105)
FNDA:0,(anonymous_106)
FNDA:0,(anonymous_107)
FNDA:0,(anonymous_108)
FNDA:0,(anonymous_109)
FNDA:0,(anonymous_110)
FNDA:0,(anonymous_111)
FNDA:0,(anonymous_112)
FNDA:0,(anonymous_113)
FNDA:0,(anonymous_114)
FNDA:0,(anonymous_115)
FNDA:0,(anonymous_116)
FNDA:0,(anonymous_117)
FNDA:0,(anonymous_118)
FNDA:0,(anonymous_119)
FNDA:0,(anonymous_120)
FNDA:0,(anonymous_121)
FNDA:0,(anonymous_122)
FNDA:0,(anonymous_123)
FNDA:0,(anonymous_124)
FNDA:0,(anonymous_125)
DA:3,2
DA:4,2
DA:5,2
DA:6,2
DA:9,2
DA:10,2
DA:13,2
DA:44,2
DA:45,2
DA:46,2
DA:48,2
DA:51,2
DA:52,2
DA:53,2
DA:54,2
DA:55,2
DA:56,2
DA:57,2
DA:58,2
DA:59,2
DA:60,2
DA:61,2
DA:62,2
DA:63,2
DA:64,2
DA:65,2
DA:66,2
DA:67,2
DA:68,2
DA:70,2
DA:71,2
DA:72,2
DA:74,2
DA:76,2
DA:78,2
DA:80,2
DA:82,2
DA:83,2
DA:85,2
DA:87,2
DA:89,2
DA:91,2
DA:92,2
DA:93,2
DA:94,2
DA:95,2
DA:97,2
DA:99,2
DA:100,2
DA:101,2
DA:102,2
DA:103,2
DA:104,2
DA:105,2
DA:106,2
DA:107,2
DA:108,2
DA:109,2
DA:111,2
DA:113,2
DA:114,2
DA:115,2
DA:116,2
DA:117,2
DA:118,2
DA:119,2
DA:120,2
DA:121,2
DA:123,2
DA:125,2
DA:127,2
DA:129,2
DA:131,2
DA:132,2
DA:134,2
DA:136,2
DA:138,2
DA:140,2
DA:141,2
DA:142,2
DA:143,2
DA:144,2
DA:145,2
DA:146,2
DA:147,2
DA:148,2
DA:150,2
DA:152,2
DA:154,2
DA:155,2
DA:157,2
DA:165,415
DA:174,0
DA:178,154
DA:182,35
DA:186,35
DA:190,0
DA:194,0
DA:198,0
DA:202,0
DA:208,4
DA:215,389
DA:216,389
DA:219,0
DA:220,0
DA:227,4
DA:231,0
DA:232,0
DA:233,0
DA:235,0
DA:236,0
DA:237,0
DA:239,0
DA:240,0
DA:241,0
DA:242,0
DA:244,0
DA:248,0
DA:254,8
DA:256,8
DA:258,8
DA:260,8
DA:261,8
DA:263,8
DA:264,8
DA:265,8
DA:267,8
DA:268,8
DA:270,8
DA:271,8
DA:272,8
DA:281,0
DA:282,0
DA:283,0
DA:288,90
DA:289,558
DA:291,558
DA:293,558
DA:294,558
DA:298,90
DA:302,8
DA:303,8
DA:307,0
DA:308,0
DA:313,558
DA:314,0
DA:315,0
DA:318,0
DA:319,0
DA:321,0
DA:324,558
DA:329,572
DA:330,572
DA:334,39
DA:335,39
DA:339,39
DA:340,39
DA:344,6
DA:345,6
DA:346,6
DA:347,6
DA:348,6
DA:349,6
DA:351,6
DA:352,20
DA:353,14
DA:354,14
DA:357,20
DA:358,0
DA:359,0
DA:362,20
DA:364,20
DA:368,2
DA:369,2
DA:373,6
DA:374,2
DA:375,0
DA:379,6
DA:384,0
DA:385,0
DA:388,0
DA:389,0
DA:390,0
DA:394,0
DA:399,17
DA:409,18
DA:418,2
DA:425,2
DA:435,43
DA:442,8
DA:447,2
DA:458,2
DA:463,2
DA:467,2
DA:472,47
DA:474,47
DA:476,47
DA:479,47
DA:480,17
DA:481,30
DA:482,18
DA:483,0
DA:486,18
DA:487,0
DA:491,47
DA:495,51
DA:496,43
DA:497,43
DA:502,8
DA:503,8
DA:517,214
DA:521,4
DA:524,214
DA:525,171
DA:527,43
DA:532,214
DA:534,214
DA:535,202
DA:536,12
DA:537,0
DA:540,214
DA:544,0
DA:545,0
DA:552,0
DA:557,0
DA:558,0
DA:559,0
DA:561,0
DA:563,0
DA:564,0
DA:565,0
DA:566,0
DA:568,0
DA:570,0
DA:574,0
DA:577,0
DA:579,0
DA:580,0
DA:582,0
DA:583,0
DA:586,0
DA:587,0
DA:589,0
DA:593,0
DA:594,0
DA:595,0
DA:598,0
DA:602,0
DA:610,0
DA:611,0
DA:613,0
DA:615,0
DA:618,0
DA:622,0
DA:623,0
DA:624,0
DA:627,0
DA:630,0
DA:638,261
DA:640,261
DA:641,39
DA:642,222
DA:643,0
DA:644,0
DA:645,222
DA:646,0
DA:647,0
DA:648,222
DA:649,8
DA:651,214
DA:658,0
DA:660,0
DA:661,0
DA:662,0
DA:663,0
DA:664,0
DA:665,0
DA:666,0
DA:667,0
DA:668,0
DA:669,0
DA:671,0
DA:678,0
DA:680,0
DA:681,0
DA:682,0
DA:683,0
DA:684,0
DA:685,0
DA:686,0
DA:688,0
DA:695,0
DA:697,0
DA:698,0
DA:699,0
DA:700,0
DA:701,0
DA:702,0
DA:703,0
DA:705,0
DA:712,0
DA:714,0
DA:715,0
DA:716,0
DA:717,0
DA:718,0
DA:720,0
DA:727,39
DA:728,4
DA:729,35
DA:730,18
DA:731,17
DA:732,17
DA:733,17
DA:734,0
DA:735,0
DA:736,0
DA:737,0
DA:738,0
DA:739,0
DA:740,0
DA:741,0
DA:743,0
DA:744,0
DA:745,0
DA:752,18
DA:753,18
DA:754,18
DA:755,0
DA:756,0
DA:757,0
DA:758,0
DA:759,0
DA:760,0
DA:761,0
DA:763,0
DA:764,0
DA:765,0
DA:772,173
DA:773,2
DA:774,171
DA:775,0
DA:776,171
DA:777,33
DA:778,33
DA:779,138
DA:780,0
DA:781,138
DA:782,0
DA:783,0
DA:784,138
DA:785,0
DA:786,0
DA:788,138
DA:795,0
DA:796,0
DA:797,0
DA:799,0
DA:800,0
DA:807,0
DA:808,0
DA:809,0
DA:811,0
DA:812,0
DA:819,0
DA:820,0
DA:821,0
DA:822,0
DA:823,0
DA:824,0
DA:826,0
DA:827,0
DA:828,0
DA:829,0
DA:832,0
DA:833,0
DA:834,0
DA:837,0
DA:838,0
DA:839,0
DA:840,0
DA:844,0
DA:845,0
DA:846,0
DA:853,0
DA:854,0
DA:855,0
DA:857,0
DA:858,0
DA:865,0
DA:866,0
DA:867,0
DA:869,0
DA:870,0
DA:877,0
DA:878,0
DA:879,0
DA:880,0
DA:881,0
DA:882,0
DA:884,0
DA:885,0
DA:886,0
DA:887,0
DA:890,0
DA:891,0
DA:892,0
DA:895,0
DA:896,0
DA:897,0
DA:898,0
DA:902,0
DA:903,0
DA:904,0
DA:911,0
DA:912,0
DA:913,0
DA:914,0
DA:915,0
DA:916,0
DA:918,0
DA:919,0
DA:926,0
DA:927,0
DA:928,0
DA:930,0
DA:931,0
DA:938,0
DA:939,0
DA:940,0
DA:941,0
DA:942,0
DA:943,0
DA:945,0
DA:946,0
DA:947,0
DA:948,0
DA:949,0
DA:950,0
DA:951,0
DA:952,0
DA:953,0
DA:954,0
DA:955,0
DA:959,0
DA:960,0
DA:961,0
DA:968,0
DA:969,0
DA:970,0
DA:972,0
DA:979,0
DA:980,0
DA:981,0
DA:983,0
DA:990,0
DA:991,0
DA:992,0
DA:993,0
DA:994,0
DA:995,0
DA:996,0
DA:997,0
DA:998,0
DA:999,0
DA:1000,0
DA:1002,0
DA:1009,0
DA:1010,0
DA:1011,0
DA:1012,0
DA:1013,0
DA:1014,0
DA:1015,0
DA:1016,0
DA:1017,0
DA:1018,0
DA:1019,0
DA:1020,0
DA:1022,0
DA:1023,0
DA:1030,0
DA:1031,0
DA:1032,0
DA:1033,0
DA:1034,0
DA:1035,0
DA:1036,0
DA:1037,0
DA:1038,0
DA:1039,0
DA:1040,0
DA:1041,0
DA:1042,0
DA:1043,0
DA:1045,0
DA:1046,0
DA:1053,0
DA:1054,0
DA:1055,0
DA:1056,0
DA:1057,0
DA:1058,0
DA:1059,0
DA:1061,0
DA:1062,0
DA:1069,0
DA:1070,0
DA:1071,0
DA:1073,0
DA:1074,0
DA:1081,0
DA:1082,0
DA:1083,0
DA:1084,0
DA:1085,0
DA:1086,0
DA:1088,0
DA:1089,0
DA:1090,0
DA:1091,0
DA:1094,0
DA:1095,0
DA:1096,0
DA:1099,0
DA:1100,0
DA:1101,0
DA:1102,0
DA:1106,0
DA:1107,0
DA:1108,0
DA:1115,0
DA:1116,0
DA:1119,0
DA:1120,0
DA:1121,0
DA:1122,0
DA:1123,0
DA:1124,0
DA:1125,0
DA:1127,0
DA:1134,0
DA:1135,0
DA:1136,0
DA:1137,0
DA:1138,0
DA:1139,0
DA:1140,0
DA:1141,0
DA:1142,0
DA:1143,0
DA:1144,0
DA:1145,0
DA:1147,0
DA:1154,0
DA:1155,0
DA:1156,0
DA:1157,0
DA:1158,0
DA:1159,0
DA:1160,0
DA:1161,0
DA:1162,0
DA:1163,0
DA:1164,0
DA:1165,0
DA:1166,0
DA:1168,0
DA:1169,0
DA:1176,0
DA:1177,0
DA:1178,0
DA:1179,0
DA:1180,0
DA:1181,0
DA:1182,0
DA:1183,0
DA:1184,0
DA:1185,0
DA:1186,0
DA:1187,0
DA:1188,0
DA:1189,0
DA:1190,0
DA:1192,0
DA:1193,0
DA:1200,0
DA:1201,0
DA:1202,0
DA:1203,0
DA:1205,0
DA:1212,0
DA:1213,0
DA:1217,0
DA:1218,0
DA:1219,0
DA:1220,0
DA:1221,0
DA:1222,0
DA:1223,0
DA:1225,0
DA:1232,2
DA:1233,0
DA:1236,2
DA:1237,0
DA:1238,2
DA:1239,0
DA:1240,0
DA:1241,0
DA:1243,2
DA:1244,2
DA:1251,10
DA:1257,0
DA:1258,0
DA:1259,10
DA:1260,2
DA:1261,8
DA:1262,0
DA:1263,8
DA:1268,0
DA:1269,0
DA:1270,8
DA:1271,0
DA:1272,0
DA:1274,8
DA:1281,0
DA:1282,0
DA:1285,0
DA:1286,0
DA:1287,0
DA:1288,0
DA:1289,0
DA:1290,0
DA:1291,0
DA:1292,0
DA:1293,0
DA:1294,0
DA:1296,0
DA:1297,0
DA:1304,2
DA:1305,0
DA:1308,2
DA:1309,2
DA:1310,0
DA:1311,0
DA:1312,0
DA:1313,0
DA:1314,0
DA:1315,0
DA:1317,0
DA:1324,7
DA:1325,2
DA:1326,5
DA:1327,0
DA:1328,0
DA:1329,5
DA:1330,0
DA:1331,0
DA:1332,5
DA:1333,0
DA:1334,0
DA:1336,5
DA:1343,0
DA:1344,0
DA:1345,0
DA:1346,0
DA:1347,0
DA:1348,0
DA:1349,0
DA:1350,0
DA:1351,0
DA:1352,0
DA:1353,0
DA:1355,0
DA:1362,0
DA:1363,0
DA:1364,0
DA:1365,0
DA:1366,0
DA:1367,0
DA:1368,0
DA:1369,0
DA:1370,0
DA:1371,0
DA:1372,0
DA:1373,0
DA:1380,0
DA:1381,0
DA:1382,0
DA:1383,0
DA:1384,0
DA:1386,0
DA:1393,2
DA:1394,0
DA:1395,2
DA:1396,0
DA:1397,2
DA:1398,2
DA:1399,2
DA:1400,0
DA:1401,0
DA:1402,0
DA:1404,0
DA:1405,0
DA:1412,0
DA:1413,0
DA:1414,0
DA:1415,0
DA:1416,0
DA:1417,0
DA:1418,0
DA:1420,0
DA:1421,0
DA:1428,0
DA:1429,0
DA:1430,0
DA:1431,0
DA:1432,0
DA:1433,0
DA:1434,0
DA:1435,0
DA:1436,0
DA:1438,0
DA:1445,4
DA:1446,2
DA:1447,2
DA:1448,2
DA:1449,2
DA:1450,0
DA:1451,0
DA:1452,0
DA:1454,0
DA:1455,0
DA:1456,0
DA:1457,0
DA:1463,0
DA:1464,0
DA:1465,0
DA:1466,0
DA:1473,2
DA:1474,0
DA:1475,2
DA:1476,0
DA:1477,0
DA:1478,0
DA:1480,2
DA:1487,0
DA:1488,0
DA:1489,0
DA:1490,0
DA:1491,0
DA:1492,0
DA:1493,0
DA:1494,0
DA:1495,0
DA:1496,0
DA:1498,0
DA:1499,0
DA:1506,22
DA:1507,2
DA:1508,20
DA:1509,0
DA:1510,0
DA:1511,20
DA:1512,0
DA:1513,0
DA:1514,20
DA:1515,0
DA:1516,0
DA:1517,0
DA:1519,20
DA:1526,0
DA:1527,0
DA:1528,0
DA:1529,0
DA:1530,0
DA:1532,0
DA:1539,0
DA:1540,0
DA:1542,0
DA:1549,0
DA:1550,0
DA:1552,0
DA:1559,0
DA:1560,0
DA:1563,0
DA:1569,2
DA:1570,2
DA:1571,0
DA:1572,0
DA:1573,0
DA:1574,0
DA:1576,0
DA:1577,0
DA:1584,2
DA:1585,2
DA:1586,2
DA:1587,0
DA:1588,0
DA:1589,0
DA:1590,0
DA:1591,0
DA:1592,0
DA:1593,0
DA:1594,0
DA:1596,0
DA:1597,0
DA:1604,0
DA:1605,0
DA:1606,0
DA:1607,0
DA:1608,0
DA:1609,0
DA:1610,0
DA:1611,0
DA:1612,0
DA:1613,0
DA:1614,0
DA:1616,0
DA:1617,0
DA:1624,2
DA:1625,2
DA:1626,0
DA:1627,0
DA:1628,0
DA:1629,0
DA:1630,0
DA:1631,0
DA:1632,0
DA:1633,0
DA:1635,0
DA:1636,0
DA:1643,2
DA:1644,0
DA:1647,2
DA:1648,1
DA:1649,1
DA:1650,1
DA:1651,0
DA:1652,0
DA:1653,0
DA:1654,1
DA:1655,0
DA:1656,0
DA:1657,0
DA:1658,0
DA:1659,0
DA:1660,1
DA:1661,0
DA:1662,0
DA:1663,0
DA:1664,0
DA:1665,0
DA:1667,1
DA:1668,1
DA:1675,8
DA:1676,0
DA:1677,8
DA:1678,2
DA:1679,2
DA:1680,6
DA:1681,3
DA:1682,3
DA:1683,0
DA:1684,0
DA:1685,3
DA:1686,0
DA:1687,0
DA:1688,0
DA:1689,0
DA:1691,3
DA:1698,0
DA:1699,0
DA:1702,0
DA:1703,0
DA:1704,0
DA:1705,0
DA:1706,0
DA:1707,0
DA:1708,0
DA:1709,0
DA:1710,0
DA:1711,0
DA:1712,0
DA:1713,0
DA:1717,0
DA:1718,0
DA:1719,0
DA:1720,0
DA:1727,0
DA:1728,0
DA:1729,0
DA:1730,0
DA:1731,0
DA:1732,0
DA:1733,0
DA:1734,0
DA:1735,0
DA:1736,0
DA:1737,0
DA:1738,0
DA:1739,0
DA:1740,0
DA:1741,0
DA:1742,0
DA:1743,0
DA:1744,0
DA:1745,0
DA:1746,0
DA:1748,0
DA:1749,0
DA:1750,0
DA:1757,0
DA:1758,0
DA:1761,0
DA:1762,0
DA:1763,0
DA:1764,0
DA:1765,0
DA:1766,0
DA:1767,0
DA:1768,0
DA:1769,0
DA:1770,0
DA:1771,0
DA:1772,0
DA:1773,0
DA:1774,0
DA:1775,0
DA:1776,0
DA:1778,0
DA:1779,0
DA:1780,0
DA:1787,0
DA:1788,0
DA:1789,0
DA:1790,0
DA:1791,0
DA:1792,0
DA:1793,0
DA:1794,0
DA:1795,0
DA:1796,0
DA:1797,0
DA:1798,0
DA:1799,0
DA:1800,0
DA:1801,0
DA:1803,0
DA:1810,0
DA:1811,0
DA:1812,0
DA:1813,0
DA:1814,0
DA:1815,0
DA:1816,0
DA:1817,0
DA:1818,0
DA:1819,0
DA:1820,0
DA:1821,0
DA:1822,0
DA:1823,0
DA:1824,0
DA:1826,0
DA:1833,0
DA:1834,0
DA:1835,0
DA:1836,0
DA:1837,0
DA:1838,0
DA:1839,0
DA:1840,0
DA:1841,0
DA:1842,0
DA:1843,0
DA:1844,0
DA:1845,0
DA:1846,0
DA:1847,0
DA:1848,0
DA:1849,0
DA:1850,0
DA:1852,0
DA:1853,0
DA:1854,0
DA:1861,0
DA:1862,0
DA:1865,0
DA:1866,0
DA:1867,0
DA:1868,0
DA:1869,0
DA:1870,0
DA:1871,0
DA:1872,0
DA:1873,0
DA:1874,0
DA:1875,0
DA:1876,0
DA:1877,0
DA:1878,0
DA:1880,0
DA:1881,0
DA:1882,0
DA:1889,0
DA:1890,0
DA:1891,0
DA:1892,0
DA:1893,0
DA:1894,0
DA:1895,0
DA:1896,0
DA:1897,0
DA:1898,0
DA:1899,0
DA:1900,0
DA:1901,0
DA:1902,0
DA:1903,0
DA:1904,0
DA:1905,0
DA:1906,0
DA:1907,0
DA:1908,0
DA:1910,0
DA:1911,0
DA:1912,0
DA:1919,0
DA:1920,0
DA:1923,0
DA:1924,0
DA:1925,0
DA:1926,0
DA:1927,0
DA:1928,0
DA:1929,0
DA:1930,0
DA:1931,0
DA:1932,0
DA:1933,0
DA:1934,0
DA:1935,0
DA:1936,0
DA:1937,0
DA:1938,0
DA:1940,0
DA:1941,0
DA:1942,0
DA:1949,0
DA:1950,0
DA:1951,0
DA:1952,0
DA:1953,0
DA:1954,0
DA:1955,0
DA:1956,0
DA:1957,0
DA:1958,0
DA:1959,0
DA:1960,0
DA:1961,0
DA:1962,0
DA:1963,0
DA:1965,0
DA:1972,0
DA:1973,0
DA:1974,0
DA:1975,0
DA:1976,0
DA:1977,0
DA:1978,0
DA:1979,0
DA:1980,0
DA:1981,0
DA:1982,0
DA:1983,0
DA:1984,0
DA:1985,0
DA:1986,0
DA:1988,0
DA:1995,0
DA:1996,0
DA:1999,0
DA:2000,0
DA:2001,0
DA:2002,0
DA:2003,0
DA:2004,0
DA:2005,0
DA:2006,0
DA:2008,0
DA:2009,0
DA:2016,0
DA:2017,0
DA:2018,0
DA:2019,0
DA:2020,0
DA:2021,0
DA:2022,0
DA:2023,0
DA:2030,0
DA:2031,0
DA:2032,0
DA:2033,0
DA:2034,0
DA:2036,0
DA:2043,0
DA:2044,0
DA:2046,0
DA:2047,0
DA:2054,0
DA:2055,0
DA:2056,0
DA:2057,0
DA:2059,0
DA:2060,0
DA:2067,0
DA:2069,0
DA:2070,0
DA:2071,0
DA:2072,0
DA:2073,0
DA:2075,0
DA:2076,0
DA:2083,0
DA:2087,0
DA:2088,0
DA:2089,0
DA:2091,0
DA:2093,0
DA:2094,0
DA:2095,0
DA:2098,0
DA:2101,0
DA:2102,0
DA:2104,0
DA:2105,0
DA:2112,0
DA:2113,0
DA:2114,0
DA:2116,0
DA:2119,0
DA:2120,0
DA:2123,0
DA:2130,0
DA:2132,0
DA:2133,0
DA:2134,0
DA:2136,0
DA:2143,0
DA:2144,0
DA:2146,0
DA:2147,0
DA:2148,0
DA:2155,0
DA:2156,0
DA:2158,0
DA:2159,0
DA:2160,0
DA:2167,0
DA:2168,0
DA:2169,0
DA:2170,0
DA:2171,0
DA:2172,0
DA:2173,0
DA:2174,0
DA:2176,0
DA:2177,0
DA:2184,0
DA:2185,0
DA:2186,0
DA:2187,0
DA:2189,0
DA:2190,0
DA:2197,0
DA:2198,0
DA:2199,0
DA:2200,0
DA:2201,0
DA:2202,0
DA:2203,0
DA:2204,0
DA:2205,0
DA:2206,0
DA:2207,0
DA:2208,0
DA:2212,0
DA:2214,0
DA:2216,0
DA:2217,0
DA:2221,0
DA:2223,0
DA:2224,0
DA:2229,2
DA:2230,2
DA:2231,2
DA:2232,2
DA:2233,2
DA:2234,2
DA:2235,2
DA:2236,2
DA:2237,2
DA:2240,2
DA:2249,2
DA:2251,0
DA:2252,0
DA:2254,0
DA:2258,0
DA:2261,2
LF:1211
LH:285
BRDA:166,0,0,415
BRDA:166,0,1,249
BRDA:166,0,2,209
BRDA:166,0,3,209
BRDA:174,1,0,0
BRDA:174,1,1,0
BRDA:178,2,0,154
BRDA:178,2,1,154
BRDA:182,3,0,35
BRDA:182,3,1,35
BRDA:186,4,0,35
BRDA:186,4,1,0
BRDA:190,5,0,0
BRDA:190,5,1,0
BRDA:194,6,0,0
BRDA:194,6,1,0
BRDA:198,7,0,0
BRDA:198,7,1,0
BRDA:203,8,0,0
BRDA:203,8,1,0
BRDA:203,8,2,0
BRDA:215,9,0,389
BRDA:215,9,1,0
BRDA:239,10,0,0
BRDA:239,10,1,0
BRDA:241,11,0,0
BRDA:241,11,1,0
BRDA:288,12,0,648
BRDA:288,12,1,558
BRDA:293,13,0,558
BRDA:293,13,1,0
BRDA:313,14,0,0
BRDA:313,14,1,558
BRDA:352,15,0,14
BRDA:352,15,1,6
BRDA:357,16,0,0
BRDA:357,16,1,20
BRDA:364,17,0,2
BRDA:364,17,1,18
BRDA:365,18,0,20
BRDA:365,18,1,2
BRDA:365,18,2,0
BRDA:373,19,0,2
BRDA:373,19,1,4
BRDA:384,20,0,0
BRDA:384,20,1,0
BRDA:389,21,0,0
BRDA:389,21,1,0
BRDA:479,22,0,17
BRDA:479,22,1,30
BRDA:481,23,0,18
BRDA:481,23,1,12
BRDA:482,24,0,0
BRDA:482,24,1,18
BRDA:486,25,0,0
BRDA:486,25,1,18
BRDA:495,26,0,43
BRDA:495,26,1,8
BRDA:517,27,0,4
BRDA:517,27,1,210
BRDA:518,28,0,214
BRDA:518,28,1,175
BRDA:524,29,0,171
BRDA:524,29,1,43
BRDA:534,30,0,202
BRDA:534,30,1,12
BRDA:536,31,0,0
BRDA:536,31,1,12
BRDA:566,32,0,0
BRDA:566,32,1,0
BRDA:568,33,0,0
BRDA:568,33,1,0
BRDA:571,34,0,0
BRDA:571,34,1,0
BRDA:582,35,0,0
BRDA:582,35,1,0
BRDA:586,36,0,0
BRDA:586,36,1,0
BRDA:587,37,0,0
BRDA:587,37,1,0
BRDA:589,38,0,0
BRDA:589,38,1,0
BRDA:603,39,0,0
BRDA:603,39,1,0
BRDA:603,39,2,0
BRDA:610,40,0,0
BRDA:610,40,1,0
BRDA:610,41,0,0
BRDA:610,41,1,0
BRDA:615,42,0,0
BRDA:615,42,1,0
BRDA:622,43,0,0
BRDA:622,43,1,0
BRDA:640,44,0,39
BRDA:640,44,1,222
BRDA:642,45,0,0
BRDA:642,45,1,222
BRDA:645,46,0,0
BRDA:645,46,1,222
BRDA:648,47,0,8
BRDA:648,47,1,214
BRDA:660,48,0,0
BRDA:660,48,1,0
BRDA:663,49,0,0
BRDA:663,49,1,0
BRDA:665,50,0,0
BRDA:665,50,1,0
BRDA:668,51,0,0
BRDA:668,51,1,0
BRDA:680,52,0,0
BRDA:680,52,1,0
BRDA:682,53,0,0
BRDA:682,53,1,0
BRDA:685,54,0,0
BRDA:685,54,1,0
BRDA:697,55,0,0
BRDA:697,55,1,0
BRDA:699,56,0,0
BRDA:699,56,1,0
BRDA:702,57,0,0
BRDA:702,57,1,0
BRDA:714,58,0,0
BRDA:714,58,1,0
BRDA:717,59,0,0
BRDA:717,59,1,0
BRDA:727,60,0,4
BRDA:727,60,1,35
BRDA:729,61,0,18
BRDA:729,61,1,17
BRDA:731,62,0,17
BRDA:731,62,1,0
BRDA:734,63,0,0
BRDA:734,63,1,0
BRDA:738,64,0,0
BRDA:738,64,1,0
BRDA:752,65,0,18
BRDA:752,65,1,0
BRDA:755,66,0,0
BRDA:755,66,1,0
BRDA:758,67,0,0
BRDA:758,67,1,0
BRDA:772,68,0,2
BRDA:772,68,1,171
BRDA:774,69,0,0
BRDA:774,69,1,171
BRDA:776,70,0,33
BRDA:776,70,1,138
BRDA:779,71,0,0
BRDA:779,71,1,138
BRDA:781,72,0,0
BRDA:781,72,1,138
BRDA:784,73,0,0
BRDA:784,73,1,138
BRDA:795,74,0,0
BRDA:795,74,1,0
BRDA:807,75,0,0
BRDA:807,75,1,0
BRDA:819,76,0,0
BRDA:819,76,1,0
BRDA:822,77,0,0
BRDA:822,77,1,0
BRDA:826,78,0,0
BRDA:826,78,1,0
BRDA:827,79,0,0
BRDA:827,79,1,0
BRDA:832,80,0,0
BRDA:832,80,1,0
BRDA:837,81,0,0
BRDA:837,81,1,0
BRDA:853,82,0,0
BRDA:853,82,1,0
BRDA:865,83,0,0
BRDA:865,83,1,0
BRDA:877,84,0,0
BRDA:877,84,1,0
BRDA:880,85,0,0
BRDA:880,85,1,0
BRDA:884,86,0,0
BRDA:884,86,1,0
BRDA:885,87,0,0
BRDA:885,87,1,0
BRDA:890,88,0,0
BRDA:890,88,1,0
BRDA:895,89,0,0
BRDA:895,89,1,0
BRDA:911,90,0,0
BRDA:911,90,1,0
BRDA:914,91,0,0
BRDA:914,91,1,0
BRDA:926,92,0,0
BRDA:926,92,1,0
BRDA:938,93,0,0
BRDA:938,93,1,0
BRDA:941,94,0,0
BRDA:941,94,1,0
BRDA:945,95,0,0
BRDA:945,95,1,0
BRDA:946,96,0,0
BRDA:946,96,1,0
BRDA:949,97,0,0
BRDA:949,97,1,0
BRDA:952,98,0,0
BRDA:952,98,1,0
BRDA:968,99,0,0
BRDA:968,99,1,0
BRDA:979,100,0,0
BRDA:979,100,1,0
BRDA:990,101,0,0
BRDA:990,101,1,0
BRDA:993,102,0,0
BRDA:993,102,1,0
BRDA:995,103,0,0
BRDA:995,103,1,0
BRDA:998,104,0,0
BRDA:998,104,1,0
BRDA:1009,105,0,0
BRDA:1009,105,1,0
BRDA:1012,106,0,0
BRDA:1012,106,1,0
BRDA:1014,107,0,0
BRDA:1014,107,1,0
BRDA:1018,108,0,0
BRDA:1018,108,1,0
BRDA:1030,109,0,0
BRDA:1030,109,1,0
BRDA:1032,110,0,0
BRDA:1032,110,1,0
BRDA:1034,111,0,0
BRDA:1034,111,1,0
BRDA:1037,112,0,0
BRDA:1037,112,1,0
BRDA:1041,113,0,0
BRDA:1041,113,1,0
BRDA:1053,114,0,0
BRDA:1053,114,1,0
BRDA:1056,115,0,0
BRDA:1056,115,1,0
BRDA:1069,116,0,0
BRDA:1069,116,1,0
BRDA:1081,117,0,0
BRDA:1081,117,1,0
BRDA:1084,118,0,0
BRDA:1084,118,1,0
BRDA:1088,119,0,0
BRDA:1088,119,1,0
BRDA:1089,120,0,0
BRDA:1089,120,1,0
BRDA:1094,121,0,0
BRDA:1094,121,1,0
BRDA:1099,122,0,0
BRDA:1099,122,1,0
BRDA:1115,123,0,0
BRDA:1115,123,1,0
BRDA:1115,124,0,0
BRDA:1115,124,1,0
BRDA:1115,124,2,0
BRDA:1116,125,0,0
BRDA:1116,125,1,0
BRDA:1120,126,0,0
BRDA:1120,126,1,0
BRDA:1123,127,0,0
BRDA:1123,127,1,0
BRDA:1134,128,0,0
BRDA:1134,128,1,0
BRDA:1137,129,0,0
BRDA:1137,129,1,0
BRDA:1140,130,0,0
BRDA:1140,130,1,0
BRDA:1143,131,0,0
BRDA:1143,131,1,0
BRDA:1154,132,0,0
BRDA:1154,132,1,0
BRDA:1157,133,0,0
BRDA:1157,133,1,0
BRDA:1160,134,0,0
BRDA:1160,134,1,0
BRDA:1164,135,0,0
BRDA:1164,135,1,0
BRDA:1176,136,0,0
BRDA:1176,136,1,0
BRDA:1178,137,0,0
BRDA:1178,137,1,0
BRDA:1181,138,0,0
BRDA:1181,138,1,0
BRDA:1184,139,0,0
BRDA:1184,139,1,0
BRDA:1188,140,0,0
BRDA:1188,140,1,0
BRDA:1200,141,0,0
BRDA:1200,141,1,0
BRDA:1212,142,0,0
BRDA:1212,142,1,0
BRDA:1212,143,0,0
BRDA:1212,143,1,0
BRDA:1212,143,2,0
BRDA:1213,144,0,0
BRDA:1213,144,1,0
BRDA:1218,145,0,0
BRDA:1218,145,1,0
BRDA:1221,146,0,0
BRDA:1221,146,1,0
BRDA:1232,147,0,0
BRDA:1232,147,1,2
BRDA:1236,148,0,0
BRDA:1236,148,1,2
BRDA:1236,149,0,2
BRDA:1236,149,1,2
BRDA:1236,149,2,2
BRDA:1238,150,0,0
BRDA:1238,150,1,2
BRDA:1251,151,0,0
BRDA:1251,151,1,10
BRDA:1252,152,0,10
BRDA:1252,152,1,10
BRDA:1252,152,2,10
BRDA:1252,152,3,10
BRDA:1259,153,0,2
BRDA:1259,153,1,8
BRDA:1261,154,0,0
BRDA:1261,154,1,8
BRDA:1263,155,0,0
BRDA:1263,155,1,8
BRDA:1264,156,0,8
BRDA:1264,156,1,8
BRDA:1264,156,2,8
BRDA:1270,157,0,0
BRDA:1270,157,1,8
BRDA:1281,158,0,0
BRDA:1281,158,1,0
BRDA:1285,159,0,0
BRDA:1285,159,1,0
BRDA:1287,160,0,0
BRDA:1287,160,1,0
BRDA:1289,161,0,0
BRDA:1289,161,1,0
BRDA:1292,162,0,0
BRDA:1292,162,1,0
BRDA:1304,163,0,0
BRDA:1304,163,1,2
BRDA:1308,164,0,2
BRDA:1308,164,1,0
BRDA:1310,165,0,0
BRDA:1310,165,1,0
BRDA:1312,166,0,0
BRDA:1312,166,1,0
BRDA:1324,167,0,2
BRDA:1324,167,1,5
BRDA:1326,168,0,0
BRDA:1326,168,1,5
BRDA:1329,169,0,0
BRDA:1329,169,1,5
BRDA:1332,170,0,0
BRDA:1332,170,1,5
BRDA:1343,171,0,0
BRDA:1343,171,1,0
BRDA:1345,172,0,0
BRDA:1345,172,1,0
BRDA:1348,173,0,0
BRDA:1348,173,1,0
BRDA:1351,174,0,0
BRDA:1351,174,1,0
BRDA:1362,175,0,0
BRDA:1362,175,1,0
BRDA:1364,176,0,0
BRDA:1364,176,1,0
BRDA:1367,177,0,0
BRDA:1367,177,1,0
BRDA:1370,178,0,0
BRDA:1370,178,1,0
BRDA:1373,179,0,0
BRDA:1373,179,1,0
BRDA:1374,180,0,0
BRDA:1374,180,1,0
BRDA:1374,180,2,0
BRDA:1374,180,3,0
BRDA:1374,180,4,0
BRDA:1382,181,0,0
BRDA:1382,181,1,0
BRDA:1393,182,0,0
BRDA:1393,182,1,2
BRDA:1395,183,0,0
BRDA:1395,183,1,2
BRDA:1397,184,0,2
BRDA:1397,184,1,0
BRDA:1400,185,0,0
BRDA:1400,185,1,0
BRDA:1412,186,0,0
BRDA:1412,186,1,0
BRDA:1416,187,0,0
BRDA:1416,187,1,0
BRDA:1428,188,0,0
BRDA:1428,188,1,0
BRDA:1431,189,0,0
BRDA:1431,189,1,0
BRDA:1434,190,0,0
BRDA:1434,190,1,0
BRDA:1445,191,0,2
BRDA:1445,191,1,2
BRDA:1448,192,0,2
BRDA:1448,192,1,0
BRDA:1450,193,0,0
BRDA:1450,193,1,0
BRDA:1451,194,0,0
BRDA:1451,194,1,0
BRDA:1463,195,0,0
BRDA:1463,195,1,0
BRDA:1473,196,0,0
BRDA:1473,196,1,2
BRDA:1475,197,0,0
BRDA:1475,197,1,2
BRDA:1487,198,0,0
BRDA:1487,198,1,0
BRDA:1489,199,0,0
BRDA:1489,199,1,0
BRDA:1493,200,0,0
BRDA:1493,200,1,0
BRDA:1506,201,0,2
BRDA:1506,201,1,20
BRDA:1508,202,0,0
BRDA:1508,202,1,20
BRDA:1511,203,0,0
BRDA:1511,203,1,20
BRDA:1514,204,0,0
BRDA:1514,204,1,20
BRDA:1526,205,0,0
BRDA:1526,205,1,0
BRDA:1529,206,0,0
BRDA:1529,206,1,0
BRDA:1539,207,0,0
BRDA:1539,207,1,0
BRDA:1549,208,0,0
BRDA:1549,208,1,0
BRDA:1559,209,0,0
BRDA:1559,209,1,0
BRDA:1559,210,0,0
BRDA:1559,210,1,0
BRDA:1569,211,0,2
BRDA:1569,211,1,0
BRDA:1571,212,0,0
BRDA:1571,212,1,0
BRDA:1584,213,0,2
BRDA:1584,213,1,0
BRDA:1587,214,0,0
BRDA:1587,214,1,0
BRDA:1589,215,0,0
BRDA:1589,215,1,0
BRDA:1591,216,0,0
BRDA:1591,216,1,0
BRDA:1604,217,0,0
BRDA:1604,217,1,0
BRDA:1607,218,0,0
BRDA:1607,218,1,0
BRDA:1611,219,0,0
BRDA:1611,219,1,0
BRDA:1624,220,0,2
BRDA:1624,220,1,0
BRDA:1626,221,0,0
BRDA:1626,221,1,0
BRDA:1628,222,0,0
BRDA:1628,222,1,0
BRDA:1643,223,0,0
BRDA:1643,223,1,2
BRDA:1647,224,0,1
BRDA:1647,224,1,1
BRDA:1650,225,0,0
BRDA:1650,225,1,1
BRDA:1654,226,0,0
BRDA:1654,226,1,1
BRDA:1660,227,0,0
BRDA:1660,227,1,1
BRDA:1675,228,0,0
BRDA:1675,228,1,8
BRDA:1677,229,0,2
BRDA:1677,229,1,6
BRDA:1680,230,0,3
BRDA:1680,230,1,3
BRDA:1682,231,0,0
BRDA:1682,231,1,3
BRDA:1685,232,0,0
BRDA:1685,232,1,3
BRDA:1698,233,0,0
BRDA:1698,233,1,0
BRDA:1702,234,0,0
BRDA:1702,234,1,0
BRDA:1705,235,0,0
BRDA:1705,235,1,0
BRDA:1710,236,0,0
BRDA:1710,236,1,0
BRDA:1712,237,0,0
BRDA:1712,237,1,0
BRDA:1717,238,0,0
BRDA:1717,238,1,0
BRDA:1727,239,0,0
BRDA:1727,239,1,0
BRDA:1729,240,0,0
BRDA:1729,240,1,0
BRDA:1733,241,0,0
BRDA:1733,241,1,0
BRDA:1737,242,0,0
BRDA:1737,242,1,0
BRDA:1742,243,0,0
BRDA:1742,243,1,0
BRDA:1757,244,0,0
BRDA:1757,244,1,0
BRDA:1761,245,0,0
BRDA:1761,245,1,0
BRDA:1764,246,0,0
BRDA:1764,246,1,0
BRDA:1767,247,0,0
BRDA:1767,247,1,0
BRDA:1772,248,0,0
BRDA:1772,248,1,0
BRDA:1787,249,0,0
BRDA:1787,249,1,0
BRDA:1789,250,0,0
BRDA:1789,250,1,0
BRDA:1792,251,0,0
BRDA:1792,251,1,0
BRDA:1797,252,0,0
BRDA:1797,252,1,0
BRDA:1810,253,0,0
BRDA:1810,253,1,0
BRDA:1812,254,0,0
BRDA:1812,254,1,0
BRDA:1815,255,0,0
BRDA:1815,255,1,0
BRDA:1820,256,0,0
BRDA:1820,256,1,0
BRDA:1833,257,0,0
BRDA:1833,257,1,0
BRDA:1835,258,0,0
BRDA:1835,258,1,0
BRDA:1838,259,0,0
BRDA:1838,259,1,0
BRDA:1842,260,0,0
BRDA:1842,260,1,0
BRDA:1846,261,0,0
BRDA:1846,261,1,0
BRDA:1861,262,0,0
BRDA:1861,262,1,0
BRDA:1865,263,0,0
BRDA:1865,263,1,0
BRDA:1868,264,0,0
BRDA:1868,264,1,0
BRDA:1871,265,0,0
BRDA:1871,265,1,0
BRDA:1874,266,0,0
BRDA:1874,266,1,0
BRDA:1889,267,0,0
BRDA:1889,267,1,0
BRDA:1891,268,0,0
BRDA:1891,268,1,0
BRDA:1895,269,0,0
BRDA:1895,269,1,0
BRDA:1899,270,0,0
BRDA:1899,270,1,0
BRDA:1904,271,0,0
BRDA:1904,271,1,0
BRDA:1919,272,0,0
BRDA:1919,272,1,0
BRDA:1923,273,0,0
BRDA:1923,273,1,0
BRDA:1926,274,0,0
BRDA:1926,274,1,0
BRDA:1929,275,0,0
BRDA:1929,275,1,0
BRDA:1934,276,0,0
BRDA:1934,276,1,0
BRDA:1949,277,0,0
BRDA:1949,277,1,0
BRDA:1951,278,0,0
BRDA:1951,278,1,0
BRDA:1954,279,0,0
BRDA:1954,279,1,0
BRDA:1959,280,0,0
BRDA:1959,280,1,0
BRDA:1972,281,0,0
BRDA:1972,281,1,0
BRDA:1974,282,0,0
BRDA:1974,282,1,0
BRDA:1977,283,0,0
BRDA:1977,283,1,0
BRDA:1982,284,0,0
BRDA:1982,284,1,0
BRDA:1995,285,0,0
BRDA:1995,285,1,0
BRDA:1999,286,0,0
BRDA:1999,286,1,0
BRDA:2002,287,0,0
BRDA:2002,287,1,0
BRDA:2016,288,0,0
BRDA:2016,288,1,0
BRDA:2019,289,0,0
BRDA:2019,289,1,0
BRDA:2021,290,0,0
BRDA:2021,290,1,0
BRDA:2030,291,0,0
BRDA:2030,291,1,0
BRDA:2032,292,0,0
BRDA:2032,292,1,0
BRDA:2043,293,0,0
BRDA:2043,293,1,0
BRDA:2054,294,0,0
BRDA:2054,294,1,0
BRDA:2056,295,0,0
BRDA:2056,295,1,0
BRDA:2069,296,0,0
BRDA:2069,296,1,0
BRDA:2072,297,0,0
BRDA:2072,297,1,0
BRDA:2087,298,0,0
BRDA:2087,298,1,0
BRDA:2089,299,0,0
BRDA:2089,299,1,0
BRDA:2093,300,0,0
BRDA:2093,300,1,0
BRDA:2094,301,0,0
BRDA:2094,301,1,0
BRDA:2112,302,0,0
BRDA:2112,302,1,0
BRDA:2113,303,0,0
BRDA:2113,303,1,0
BRDA:2119,304,0,0
BRDA:2119,304,1,0
BRDA:2132,305,0,0
BRDA:2132,305,1,0
BRDA:2132,306,0,0
BRDA:2132,306,1,0
BRDA:2143,307,0,0
BRDA:2143,307,1,0
BRDA:2155,308,0,0
BRDA:2155,308,1,0
BRDA:2167,309,0,0
BRDA:2167,309,1,0
BRDA:2169,310,0,0
BRDA:2169,310,1,0
BRDA:2171,311,0,0
BRDA:2171,311,1,0
BRDA:2173,312,0,0
BRDA:2173,312,1,0
BRDA:2184,313,0,0
BRDA:2184,313,1,0
BRDA:2186,314,0,0
BRDA:2186,314,1,0
BRDA:2197,315,0,0
BRDA:2197,315,1,0
BRDA:2200,316,0,0
BRDA:2200,316,1,0
BRDA:2203,317,0,0
BRDA:2203,317,1,0
BRDA:2206,318,0,0
BRDA:2206,318,1,0
BRDA:2208,319,0,0
BRDA:2208,319,1,0
BRDA:2209,320,0,0
BRDA:2209,320,1,0
BRDA:2216,321,0,0
BRDA:2216,321,1,0
BRDA:2252,322,0,0
BRDA:2252,322,1,0
BRF:660
BRH:115
end_of_record
TN:
SF:lib/tokenizer/named-entity-data.js
FNF:0
FNH:0
DA:5,2
LF:1
LH:1
BRF:0
BRH:0
end_of_record
TN:
SF:lib/tokenizer/preprocessor.js
FN:16,(anonymous_0)
FN:32,(anonymous_1)
FN:36,(anonymous_2)
FN:41,(anonymous_3)
FN:69,(anonymous_4)
FN:79,(anonymous_5)
FN:91,(anonymous_6)
FN:101,(anonymous_7)
FN:147,(anonymous_8)
FN:155,(anonymous_9)
FNF:10
FNH:5
FNDA:8,(anonymous_0)
FNDA:0,(anonymous_1)
FNDA:0,(anonymous_2)
FNDA:0,(anonymous_3)
FNDA:261,(anonymous_4)
FNDA:8,(anonymous_5)
FNDA:0,(anonymous_6)
FNDA:572,(anonymous_7)
FNDA:0,(anonymous_8)
FNDA:39,(anonymous_9)
DA:3,2
DA:4,2
DA:7,2
DA:10,2
DA:17,8
DA:19,8
DA:20,8
DA:21,8
DA:23,8
DA:25,8
DA:27,8
DA:28,8
DA:29,8
DA:37,0
DA:38,0
DA:43,0
DA:44,0
DA:46,0
DA:48,0
DA:51,0
DA:53,0
DA:58,0
DA:59,0
DA:60,0
DA:64,0
DA:66,0
DA:70,261
DA:71,0
DA:72,0
DA:73,0
DA:74,0
DA:75,0
DA:80,8
DA:81,0
DA:83,8
DA:86,8
DA:87,8
DA:88,8
DA:92,0
DA:97,0
DA:98,0
DA:102,572
DA:104,572
DA:105,8
DA:106,8
DA:109,564
DA:113,564
DA:114,0
DA:115,0
DA:116,0
DA:120,564
DA:121,0
DA:122,0
DA:125,564
DA:127,564
DA:128,0
DA:135,564
DA:140,564
DA:141,0
DA:144,564
DA:148,0
DA:149,0
DA:150,0
DA:151,0
DA:156,39
DA:157,0
DA:158,0
DA:161,39
DA:165,2
LF:69
LH:34
BRDA:43,0,0,0
BRDA:43,0,1,0
BRDA:46,1,0,0
BRDA:46,1,1,0
BRDA:58,2,0,0
BRDA:58,2,1,0
BRDA:70,3,0,0
BRDA:70,3,1,261
BRDA:80,4,0,0
BRDA:80,4,1,8
BRDA:104,5,0,8
BRDA:104,5,1,564
BRDA:113,6,0,0
BRDA:113,6,1,564
BRDA:113,7,0,564
BRDA:113,7,1,0
BRDA:120,8,0,0
BRDA:120,8,1,564
BRDA:127,9,0,0
BRDA:127,9,1,564
BRDA:135,10,0,564
BRDA:135,10,1,521
BRDA:135,10,2,43
BRDA:135,10,3,0
BRDA:135,10,4,0
BRDA:135,10,5,0
BRDA:140,11,0,0
BRDA:140,11,1,564
BRDA:148,12,0,0
BRDA:148,12,1,0
BRDA:150,13,0,0
BRDA:150,13,1,0
BRDA:156,14,0,0
BRDA:156,14,1,39
BRF:34
BRH:13
end_of_record
TN:
SF:lib/tree-adapters/default.js
FN:7,(anonymous_0)
FN:18,(anonymous_1)
FN:25,(anonymous_2)
FN:36,(anonymous_3)
FN:44,(anonymous_4)
FN:53,(anonymous_5)
FN:58,(anonymous_6)
FN:69,(anonymous_7)
FN:73,(anonymous_8)
FN:77,(anonymous_9)
FN:101,(anonymous_10)
FN:105,(anonymous_11)
FN:109,(anonymous_12)
FN:118,(anonymous_13)
FN:131,(anonymous_14)
FN:142,(anonymous_15)
FN:157,(anonymous_16)
FN:161,(anonymous_17)
FN:165,(anonymous_18)
FN:169,(anonymous_19)
FN:174,(anonymous_20)
FN:178,(anonymous_21)
FN:182,(anonymous_22)
FN:186,(anonymous_23)
FN:190,(anonymous_24)
FN:194,(anonymous_25)
FN:198,(anonymous_26)
FN:203,(anonymous_27)
FN:207,(anonymous_28)
FN:211,(anonymous_29)
FN:215,(anonymous_30)
FN:220,(anonymous_31)
FN:224,(anonymous_32)
FN:228,(anonymous_33)
FNF:34
FNH:19
FNDA:8,(anonymous_0)
FNDA:1,(anonymous_1)
FNDA:36,(anonymous_2)
FNDA:2,(anonymous_3)
FNDA:24,(anonymous_4)
FNDA:64,(anonymous_5)
FNDA:0,(anonymous_6)
FNDA:1,(anonymous_7)
FNDA:3,(anonymous_8)
FNDA:2,(anonymous_9)
FNDA:8,(anonymous_10)
FNDA:2,(anonymous_11)
FNDA:0,(anonymous_12)
FNDA:30,(anonymous_13)
FNDA:0,(anonymous_14)
FNDA:0,(anonymous_15)
FNDA:0,(anonymous_16)
FNDA:34,(anonymous_17)
FNDA:0,(anonymous_18)
FNDA:0,(anonymous_19)
FNDA:158,(anonymous_20)
FNDA:189,(anonymous_21)
FNDA:0,(anonymous_22)
FNDA:0,(anonymous_23)
FNDA:0,(anonymous_24)
FNDA:0,(anonymous_25)
FNDA:0,(anonymous_26)
FNDA:0,(anonymous_27)
FNDA:0,(anonymous_28)
FNDA:2,(anonymous_29)
FNDA:0,(anonymous_30)
FNDA:65,(anonymous_31)
FNDA:85,(anonymous_32)
FNDA:42,(anonymous_33)
DA:3,2
DA:4,2
DA:7,2
DA:8,8
DA:18,2
DA:19,1
DA:25,2
DA:26,36
DA:36,2
DA:37,2
DA:44,2
DA:45,24
DA:53,2
DA:54,64
DA:55,64
DA:58,2
DA:63,0
DA:65,0
DA:66,0
DA:69,2
DA:70,1
DA:73,2
DA:74,3
DA:77,2
DA:78,2
DA:80,2
DA:81,0
DA:82,0
DA:83,0
DA:87,2
DA:88,0
DA:89,0
DA:90,0
DA:92,2
DA:101,2
DA:102,8
DA:105,2
DA:106,2
DA:109,2
DA:110,0
DA:111,0
DA:113,0
DA:114,0
DA:118,2
DA:119,30
DA:120,18
DA:122,18
DA:123,6
DA:124,6
DA:128,24
DA:131,2
DA:133,0
DA:135,0
DA:136,0
DA:138,0
DA:142,2
DA:143,0
DA:145,0
DA:146,0
DA:149,0
DA:150,0
DA:151,0
DA:157,2
DA:158,0
DA:161,2
DA:162,34
DA:165,2
DA:166,0
DA:169,2
DA:170,0
DA:174,2
DA:175,158
DA:178,2
DA:179,189
DA:182,2
DA:183,0
DA:186,2
DA:187,0
DA:190,2
DA:191,0
DA:194,2
DA:195,0
DA:198,2
DA:199,0
DA:203,2
DA:204,0
DA:207,2
DA:208,0
DA:211,2
DA:212,2
DA:215,2
DA:216,0
DA:220,2
DA:221,65
DA:224,2
DA:225,85
DA:228,2
DA:229,42
DA:230,42
DA:231,42
DA:232,42
DA:233,42
DA:234,42
DA:235,29
LF:104
LH:70
BRDA:81,0,0,0
BRDA:81,0,1,0
BRDA:87,1,0,0
BRDA:87,1,1,2
BRDA:110,2,0,0
BRDA:110,2,1,0
BRDA:119,3,0,18
BRDA:119,3,1,12
BRDA:122,4,0,6
BRDA:122,4,1,12
BRDA:135,5,0,0
BRDA:135,5,1,0
BRDA:135,6,0,0
BRDA:135,6,1,0
BRDA:150,7,0,0
BRDA:150,7,1,0
BRDA:234,8,0,29
BRDA:234,8,1,13
BRF:18
BRH:7
end_of_record
TN:
SF:lib/utils/merge-options.js
FN:3,mergeOptions
FN:6,(anonymous_1)
FN:7,(anonymous_2)
FNF:3
FNH:3
FNDA:8,mergeOptions
FNDA:16,(anonymous_1)
FNDA:40,(anonymous_2)
DA:3,2
DA:4,8
DA:6,8
DA:7,16
DA:8,40
DA:11,16
LF:6
LH:6
BRDA:4,0,0,8
BRDA:4,0,1,0
BRF:2
BRH:1
end_of_record
TN:
SF:lib/utils/mixin.js
FN:4,(anonymous_0)
FN:16,(anonymous_1)
FN:21,(anonymous_2)
FNF:3
FNH:2
FNDA:32,(anonymous_0)
FNDA:0,(anonymous_1)
FNDA:32,(anonymous_2)
DA:5,32
DA:6,32
DA:8,32
DA:9,280
DA:10,280
DA:11,280
DA:17,0
DA:21,2
DA:22,32
DA:23,32
DA:26,32
DA:27,0
DA:28,0
DA:32,32
DA:34,32
DA:36,32
DA:39,2
LF:17
LH:14
BRDA:9,0,0,280
BRDA:9,0,1,0
BRDA:22,1,0,32
BRDA:22,1,1,0
BRDA:27,2,0,0
BRDA:27,2,1,0
BRF:6
BRH:2
end_of_record
