<?xml version="1.0" encoding="UTF-8"?>
<coverage generated="1624483300832" clover="3.2.0">
  <project timestamp="1624483300832" name="All files">
    <metrics statements="546" coveredstatements="540" conditionals="332" coveredconditionals="314" methods="143" coveredmethods="142" elements="1021" coveredelements="996" complexity="0" loc="546" ncloc="546" packages="5" files="41" classes="41"/>
    <package name="lib.configs">
      <metrics statements="1" coveredstatements="1" conditionals="0" coveredconditionals="0" methods="0" coveredmethods="0"/>
      <file name="recommended.js" path="/Users/fabianrios/Workspace/metalshub/html-eslint/packages/eslint-plugin/lib/configs/recommended.js">
        <metrics statements="1" coveredstatements="1" conditionals="0" coveredconditionals="0" methods="0" coveredmethods="0"/>
        <line num="1" count="1" type="stmt"/>
      </file>
    </package>
    <package name="lib.constants">
      <metrics statements="9" coveredstatements="9" conditionals="0" coveredconditionals="0" methods="0" coveredmethods="0"/>
      <file name="index.js" path="/Users/fabianrios/Workspace/metalshub/html-eslint/packages/eslint-plugin/lib/constants/index.js">
        <metrics statements="5" coveredstatements="5" conditionals="0" coveredconditionals="0" methods="0" coveredmethods="0"/>
        <line num="1" count="32" type="stmt"/>
        <line num="2" count="32" type="stmt"/>
        <line num="3" count="32" type="stmt"/>
        <line num="4" count="32" type="stmt"/>
        <line num="6" count="32" type="stmt"/>
      </file>
      <file name="node-types.js" path="/Users/fabianrios/Workspace/metalshub/html-eslint/packages/eslint-plugin/lib/constants/node-types.js">
        <metrics statements="1" coveredstatements="1" conditionals="0" coveredconditionals="0" methods="0" coveredmethods="0"/>
        <line num="1" count="32" type="stmt"/>
      </file>
      <file name="obsolete-tags.js" path="/Users/fabianrios/Workspace/metalshub/html-eslint/packages/eslint-plugin/lib/constants/obsolete-tags.js">
        <metrics statements="1" coveredstatements="1" conditionals="0" coveredconditionals="0" methods="0" coveredmethods="0"/>
        <line num="3" count="32" type="stmt"/>
      </file>
      <file name="rule-category.js" path="/Users/fabianrios/Workspace/metalshub/html-eslint/packages/eslint-plugin/lib/constants/rule-category.js">
        <metrics statements="1" coveredstatements="1" conditionals="0" coveredconditionals="0" methods="0" coveredmethods="0"/>
        <line num="1" count="32" type="stmt"/>
      </file>
      <file name="void-elements.js" path="/Users/fabianrios/Workspace/metalshub/html-eslint/packages/eslint-plugin/lib/constants/void-elements.js">
        <metrics statements="1" coveredstatements="1" conditionals="0" coveredconditionals="0" methods="0" coveredmethods="0"/>
        <line num="2" count="32" type="stmt"/>
      </file>
    </package>
    <package name="lib.rules">
      <metrics statements="509" coveredstatements="504" conditionals="319" coveredconditionals="302" methods="127" coveredmethods="127"/>
      <file name="element-newline.js" path="/Users/fabianrios/Workspace/metalshub/html-eslint/packages/eslint-plugin/lib/rules/element-newline.js">
        <metrics statements="35" coveredstatements="32" conditionals="36" coveredconditionals="33" methods="11" coveredmethods="11"/>
        <line num="7" count="3" type="stmt"/>
        <line num="9" count="3" type="stmt"/>
        <line num="14" count="3" type="stmt"/>
        <line num="39" count="102" type="stmt"/>
        <line num="40" count="128" type="cond" truecount="2" falsecount="0"/>
        <line num="42" count="80" type="stmt"/>
        <line num="43" count="80" type="cond" truecount="2" falsecount="0"/>
        <line num="44" count="24" type="cond" truecount="2" falsecount="0"/>
        <line num="45" count="10" type="stmt"/>
        <line num="50" count="10" type="stmt"/>
        <line num="63" count="102" type="cond" truecount="2" falsecount="0"/>
        <line num="64" count="128" type="cond" truecount="2" falsecount="0"/>
        <line num="66" count="102" type="stmt"/>
        <line num="67" count="102" type="stmt"/>
        <line num="68" count="102" type="cond" truecount="2" falsecount="0"/>
        <line num="69" count="56" type="cond" truecount="4" falsecount="0"/>
        <line num="70" count="12" type="stmt"/>
        <line num="75" count="12" type="cond" truecount="1" falsecount="1"/>
        <line num="76" count="12" type="stmt"/>
        <line num="78" count="0" type="stmt"/>
        <line num="83" count="102" type="cond" truecount="2" falsecount="0"/>
        <line num="84" count="56" type="cond" truecount="4" falsecount="0"/>
        <line num="85" count="12" type="stmt"/>
        <line num="90" count="12" type="cond" truecount="1" falsecount="1"/>
        <line num="91" count="12" type="stmt"/>
        <line num="93" count="0" type="stmt"/>
        <line num="99" count="22" type="stmt"/>
        <line num="104" count="150" type="cond" truecount="2" falsecount="0"/>
        <line num="105" count="102" type="cond" truecount="2" falsecount="0"/>
        <line num="106" count="102" type="stmt"/>
        <line num="120" count="92" type="cond" truecount="3" falsecount="1"/>
        <line num="122" count="92" type="cond" truecount="2" falsecount="0"/>
        <line num="124" count="14" type="stmt"/>
        <line num="126" count="78" type="stmt"/>
        <line num="128" count="0" type="stmt"/>
      </file>
      <file name="id-naming-convention.js" path="/Users/fabianrios/Workspace/metalshub/html-eslint/packages/eslint-plugin/lib/rules/id-naming-convention.js">
        <metrics statements="12" coveredstatements="12" conditionals="9" coveredconditionals="8" methods="2" coveredmethods="2"/>
        <line num="5" count="3" type="stmt"/>
        <line num="6" count="3" type="stmt"/>
        <line num="8" count="3" type="stmt"/>
        <line num="12" count="3" type="stmt"/>
        <line num="19" count="3" type="stmt"/>
        <line num="29" count="3" type="stmt"/>
        <line num="53" count="6" type="cond" truecount="3" falsecount="1"/>
        <line num="57" count="6" type="stmt"/>
        <line num="59" count="6" type="stmt"/>
        <line num="61" count="18" type="stmt"/>
        <line num="62" count="18" type="cond" truecount="5" falsecount="0"/>
        <line num="63" count="2" type="stmt"/>
      </file>
      <file name="indent.js" path="/Users/fabianrios/Workspace/metalshub/html-eslint/packages/eslint-plugin/lib/rules/indent.js">
        <metrics statements="77" coveredstatements="77" conditionals="58" coveredconditionals="58" methods="16" coveredmethods="16"/>
        <line num="16" count="3" type="stmt"/>
        <line num="17" count="3" type="stmt"/>
        <line num="20" count="3" type="stmt"/>
        <line num="25" count="3" type="stmt"/>
        <line num="30" count="3" type="stmt"/>
        <line num="40" count="3" type="stmt"/>
        <line num="70" count="61" type="stmt"/>
        <line num="71" count="61" type="stmt"/>
        <line num="72" count="61" type="stmt"/>
        <line num="74" count="61" type="cond" truecount="2" falsecount="0"/>
        <line num="80" count="667" type="stmt"/>
        <line num="90" count="667" type="stmt"/>
        <line num="91" count="667" type="cond" truecount="2" falsecount="0"/>
        <line num="92" count="412" type="stmt"/>
        <line num="93" count="412" type="stmt"/>
        <line num="94" count="412" type="cond" truecount="2" falsecount="0"/>
        <line num="95" count="87" type="stmt"/>
        <line num="98" count="87" type="cond" truecount="2" falsecount="0"/>
        <line num="99" count="87" type="cond" truecount="2" falsecount="0"/>
        <line num="101" count="87" type="stmt"/>
        <line num="103" count="87" type="cond" truecount="4" falsecount="0"/>
        <line num="104" count="69" type="stmt"/>
        <line num="106" count="87" type="cond" truecount="2" falsecount="0"/>
        <line num="107" count="3" type="stmt"/>
        <line num="109" count="87" type="cond" truecount="2" falsecount="0"/>
        <line num="110" count="18" type="cond" truecount="2" falsecount="0"/>
        <line num="115" count="87" type="stmt"/>
        <line num="123" count="87" type="stmt"/>
        <line num="137" count="179" type="stmt"/>
        <line num="144" count="188" type="stmt"/>
        <line num="145" count="188" type="stmt"/>
        <line num="146" count="188" type="stmt"/>
        <line num="147" count="188" type="stmt"/>
        <line num="148" count="188" type="stmt"/>
        <line num="149" count="188" type="stmt"/>
        <line num="165" count="61" type="stmt"/>
        <line num="166" count="61" type="stmt"/>
        <line num="171" count="539" type="cond" truecount="2" falsecount="0"/>
        <line num="172" count="13" type="stmt"/>
        <line num="173" count="13" type="stmt"/>
        <line num="175" count="526" type="cond" truecount="2" falsecount="0"/>
        <line num="176" count="26" type="stmt"/>
        <line num="179" count="500" type="stmt"/>
        <line num="181" count="500" type="cond" truecount="2" falsecount="0"/>
        <line num="182" count="179" type="stmt"/>
        <line num="185" count="500" type="cond" truecount="2" falsecount="0"/>
        <line num="186" count="452" type="cond" truecount="2" falsecount="0"/>
        <line num="187" count="201" type="stmt"/>
        <line num="189" count="452" type="cond" truecount="2" falsecount="0"/>
        <line num="190" count="200" type="stmt"/>
        <line num="194" count="500" type="cond" truecount="2" falsecount="0"/>
        <line num="199" count="258" type="cond" truecount="2" falsecount="0"/>
        <line num="200" count="249" type="stmt"/>
        <line num="202" count="258" type="stmt"/>
        <line num="203" count="587" type="cond" truecount="2" falsecount="0"/>
        <line num="204" count="36" type="stmt"/>
        <line num="207" count="258" type="cond" truecount="2" falsecount="0"/>
        <line num="208" count="249" type="stmt"/>
        <line num="213" count="539" type="cond" truecount="2" falsecount="0"/>
        <line num="214" count="13" type="stmt"/>
        <line num="215" count="13" type="stmt"/>
        <line num="217" count="526" type="cond" truecount="2" falsecount="0"/>
        <line num="218" count="26" type="stmt"/>
        <line num="220" count="500" type="stmt"/>
        <line num="222" count="500" type="cond" truecount="2" falsecount="0"/>
        <line num="223" count="188" type="stmt"/>
        <line num="234" count="61" type="stmt"/>
        <line num="235" count="61" type="stmt"/>
        <line num="236" count="61" type="cond" truecount="2" falsecount="0"/>
        <line num="237" count="6" type="cond" truecount="2" falsecount="0"/>
        <line num="238" count="5" type="stmt"/>
        <line num="240" count="1" type="stmt"/>
        <line num="243" count="61" type="stmt"/>
        <line num="248" count="61" type="stmt"/>
        <line num="252" count="749" type="stmt"/>
        <line num="256" count="749" type="stmt"/>
        <line num="260" count="412" type="stmt"/>
      </file>
      <file name="index.js" path="/Users/fabianrios/Workspace/metalshub/html-eslint/packages/eslint-plugin/lib/rules/index.js">
        <metrics statements="31" coveredstatements="31" conditionals="0" coveredconditionals="0" methods="0" coveredmethods="0"/>
        <line num="1" count="2" type="stmt"/>
        <line num="2" count="2" type="stmt"/>
        <line num="3" count="2" type="stmt"/>
        <line num="4" count="2" type="stmt"/>
        <line num="5" count="2" type="stmt"/>
        <line num="6" count="2" type="stmt"/>
        <line num="7" count="2" type="stmt"/>
        <line num="8" count="2" type="stmt"/>
        <line num="9" count="2" type="stmt"/>
        <line num="10" count="2" type="stmt"/>
        <line num="11" count="2" type="stmt"/>
        <line num="12" count="2" type="stmt"/>
        <line num="13" count="2" type="stmt"/>
        <line num="14" count="2" type="stmt"/>
        <line num="15" count="2" type="stmt"/>
        <line num="16" count="2" type="stmt"/>
        <line num="17" count="2" type="stmt"/>
        <line num="18" count="2" type="stmt"/>
        <line num="19" count="2" type="stmt"/>
        <line num="20" count="2" type="stmt"/>
        <line num="21" count="2" type="stmt"/>
        <line num="22" count="2" type="stmt"/>
        <line num="23" count="2" type="stmt"/>
        <line num="24" count="2" type="stmt"/>
        <line num="25" count="2" type="stmt"/>
        <line num="26" count="2" type="stmt"/>
        <line num="27" count="2" type="stmt"/>
        <line num="28" count="2" type="stmt"/>
        <line num="29" count="2" type="stmt"/>
        <line num="30" count="2" type="stmt"/>
        <line num="32" count="2" type="stmt"/>
      </file>
      <file name="no-abstract-roles.js" path="/Users/fabianrios/Workspace/metalshub/html-eslint/packages/eslint-plugin/lib/rules/no-abstract-roles.js">
        <metrics statements="10" coveredstatements="10" conditionals="4" coveredconditionals="4" methods="2" coveredmethods="2"/>
        <line num="5" count="3" type="stmt"/>
        <line num="6" count="3" type="stmt"/>
        <line num="8" count="3" type="stmt"/>
        <line num="12" count="3" type="stmt"/>
        <line num="30" count="3" type="stmt"/>
        <line num="48" count="2" type="stmt"/>
        <line num="50" count="5" type="stmt"/>
        <line num="51" count="5" type="cond" truecount="2" falsecount="0"/>
        <line num="52" count="2" type="cond" truecount="2" falsecount="0"/>
        <line num="53" count="1" type="stmt"/>
      </file>
      <file name="no-accesskey-attrs.js" path="/Users/fabianrios/Workspace/metalshub/html-eslint/packages/eslint-plugin/lib/rules/no-accesskey-attrs.js">
        <metrics statements="8" coveredstatements="8" conditionals="2" coveredconditionals="2" methods="2" coveredmethods="2"/>
        <line num="5" count="3" type="stmt"/>
        <line num="6" count="3" type="stmt"/>
        <line num="8" count="3" type="stmt"/>
        <line num="15" count="3" type="stmt"/>
        <line num="33" count="2" type="stmt"/>
        <line num="35" count="4" type="stmt"/>
        <line num="36" count="4" type="cond" truecount="2" falsecount="0"/>
        <line num="37" count="1" type="stmt"/>
      </file>
      <file name="no-aria-hidden-body.js" path="/Users/fabianrios/Workspace/metalshub/html-eslint/packages/eslint-plugin/lib/rules/no-aria-hidden-body.js">
        <metrics statements="8" coveredstatements="8" conditionals="4" coveredconditionals="4" methods="2" coveredmethods="2"/>
        <line num="5" count="3" type="stmt"/>
        <line num="6" count="3" type="stmt"/>
        <line num="8" count="3" type="stmt"/>
        <line num="15" count="3" type="stmt"/>
        <line num="34" count="5" type="stmt"/>
        <line num="36" count="4" type="stmt"/>
        <line num="37" count="4" type="cond" truecount="4" falsecount="0"/>
        <line num="38" count="2" type="stmt"/>
      </file>
      <file name="no-duplicate-attrs.js" path="/Users/fabianrios/Workspace/metalshub/html-eslint/packages/eslint-plugin/lib/rules/no-duplicate-attrs.js">
        <metrics statements="10" coveredstatements="10" conditionals="4" coveredconditionals="4" methods="3" coveredmethods="3"/>
        <line num="5" count="3" type="stmt"/>
        <line num="7" count="3" type="stmt"/>
        <line num="14" count="3" type="stmt"/>
        <line num="33" count="7" type="stmt"/>
        <line num="35" count="30" type="cond" truecount="2" falsecount="0"/>
        <line num="36" count="10" type="stmt"/>
        <line num="37" count="10" type="stmt"/>
        <line num="38" count="16" type="cond" truecount="2" falsecount="0"/>
        <line num="39" count="4" type="stmt"/>
        <line num="47" count="12" type="stmt"/>
      </file>
      <file name="no-duplicate-id.js" path="/Users/fabianrios/Workspace/metalshub/html-eslint/packages/eslint-plugin/lib/rules/no-duplicate-id.js">
        <metrics statements="16" coveredstatements="16" conditionals="8" coveredconditionals="8" methods="5" coveredmethods="5"/>
        <line num="5" count="3" type="stmt"/>
        <line num="6" count="3" type="stmt"/>
        <line num="8" count="3" type="stmt"/>
        <line num="15" count="3" type="stmt"/>
        <line num="33" count="3" type="stmt"/>
        <line num="34" count="3" type="stmt"/>
        <line num="36" count="24" type="stmt"/>
        <line num="37" count="24" type="cond" truecount="2" falsecount="0"/>
        <line num="38" count="6" type="cond" truecount="2" falsecount="0"/>
        <line num="39" count="4" type="stmt"/>
        <line num="41" count="6" type="stmt"/>
        <line num="42" count="6" type="stmt"/>
        <line num="46" count="3" type="stmt"/>
        <line num="47" count="4" type="cond" truecount="4" falsecount="0"/>
        <line num="48" count="2" type="stmt"/>
        <line num="49" count="4" type="stmt"/>
      </file>
      <file name="no-extra-spacing-attrs.js" path="/Users/fabianrios/Workspace/metalshub/html-eslint/packages/eslint-plugin/lib/rules/no-extra-spacing-attrs.js">
        <metrics statements="32" coveredstatements="32" conditionals="25" coveredconditionals="25" methods="9" coveredmethods="9"/>
        <line num="8" count="3" type="stmt"/>
        <line num="10" count="3" type="stmt"/>
        <line num="19" count="3" type="stmt"/>
        <line num="42" count="66" type="stmt"/>
        <line num="43" count="28" type="cond" truecount="2" falsecount="0"/>
        <line num="44" count="11" type="stmt"/>
        <line num="46" count="17" type="stmt"/>
        <line num="47" count="17" type="cond" truecount="2" falsecount="0"/>
        <line num="49" count="2" type="stmt"/>
        <line num="51" count="15" type="stmt"/>
        <line num="52" count="15" type="cond" truecount="2" falsecount="0"/>
        <line num="53" count="5" type="stmt"/>
        <line num="60" count="5" type="stmt"/>
        <line num="71" count="11" type="cond" truecount="2" falsecount="0"/>
        <line num="73" count="1" type="stmt"/>
        <line num="75" count="10" type="stmt"/>
        <line num="76" count="10" type="cond" truecount="2" falsecount="0"/>
        <line num="77" count="2" type="stmt"/>
        <line num="84" count="2" type="stmt"/>
        <line num="98" count="11" type="cond" truecount="2" falsecount="0"/>
        <line num="100" count="1" type="stmt"/>
        <line num="102" count="10" type="stmt"/>
        <line num="104" count="10" type="stmt"/>
        <line num="105" count="10" type="cond" truecount="2" falsecount="0"/>
        <line num="106" count="1" type="stmt"/>
        <line num="113" count="1" type="stmt"/>
        <line num="122" count="11" type="stmt"/>
        <line num="124" count="66" type="cond" truecount="4" falsecount="0"/>
        <line num="125" count="11" type="stmt"/>
        <line num="127" count="66" type="cond" truecount="5" falsecount="0"/>
        <line num="128" count="11" type="stmt"/>
        <line num="133" count="66" type="cond" truecount="2" falsecount="0"/>
      </file>
      <file name="no-inline-styles.js" path="/Users/fabianrios/Workspace/metalshub/html-eslint/packages/eslint-plugin/lib/rules/no-inline-styles.js">
        <metrics statements="7" coveredstatements="7" conditionals="2" coveredconditionals="2" methods="2" coveredmethods="2"/>
        <line num="5" count="3" type="stmt"/>
        <line num="6" count="3" type="stmt"/>
        <line num="8" count="3" type="stmt"/>
        <line num="15" count="3" type="stmt"/>
        <line num="33" count="5" type="stmt"/>
        <line num="35" count="34" type="cond" truecount="2" falsecount="0"/>
        <line num="36" count="5" type="stmt"/>
      </file>
      <file name="no-missing-attrs.js" path="/Users/fabianrios/Workspace/metalshub/html-eslint/packages/eslint-plugin/lib/rules/no-missing-attrs.js">
        <metrics statements="11" coveredstatements="11" conditionals="11" coveredconditionals="9" methods="3" coveredmethods="3"/>
        <line num="5" count="3" type="stmt"/>
        <line num="6" count="3" type="stmt"/>
        <line num="8" count="3" type="stmt"/>
        <line num="15" count="3" type="stmt"/>
        <line num="45" count="7" type="cond" truecount="1" falsecount="1"/>
        <line num="46" count="7" type="stmt"/>
        <line num="48" count="29" type="cond" truecount="2" falsecount="0"/>
        <line num="55" count="7" type="cond" truecount="1" falsecount="1"/>
        <line num="57" count="6" type="stmt"/>
        <line num="60" count="7" type="cond" truecount="2" falsecount="0"/>
        <line num="61" count="3" type="stmt"/>
      </file>
      <file name="no-multiple-empty-lines.js" path="/Users/fabianrios/Workspace/metalshub/html-eslint/packages/eslint-plugin/lib/rules/no-multiple-empty-lines.js">
        <metrics statements="19" coveredstatements="19" conditionals="8" coveredconditionals="8" methods="5" coveredmethods="5"/>
        <line num="5" count="3" type="stmt"/>
        <line num="7" count="3" type="stmt"/>
        <line num="14" count="3" type="stmt"/>
        <line num="44" count="14" type="stmt"/>
        <line num="45" count="14" type="stmt"/>
        <line num="46" count="14" type="cond" truecount="2" falsecount="0"/>
        <line num="47" count="14" type="stmt"/>
        <line num="50" count="14" type="stmt"/>
        <line num="52" count="14" type="stmt"/>
        <line num="53" count="62" type="cond" truecount="2" falsecount="0"/>
        <line num="54" count="34" type="stmt"/>
        <line num="58" count="14" type="stmt"/>
        <line num="59" count="34" type="stmt"/>
        <line num="60" count="34" type="cond" truecount="2" falsecount="0"/>
        <line num="61" count="20" type="cond" truecount="2" falsecount="0"/>
        <line num="62" count="6" type="stmt"/>
        <line num="73" count="6" type="stmt"/>
        <line num="77" count="6" type="stmt"/>
        <line num="81" count="6" type="stmt"/>
      </file>
      <file name="no-multiple-h1.js" path="/Users/fabianrios/Workspace/metalshub/html-eslint/packages/eslint-plugin/lib/rules/no-multiple-h1.js">
        <metrics statements="9" coveredstatements="9" conditionals="2" coveredconditionals="2" methods="4" coveredmethods="4"/>
        <line num="5" count="3" type="stmt"/>
        <line num="7" count="3" type="stmt"/>
        <line num="14" count="3" type="stmt"/>
        <line num="32" count="2" type="stmt"/>
        <line num="34" count="2" type="stmt"/>
        <line num="36" count="3" type="stmt"/>
        <line num="39" count="2" type="cond" truecount="2" falsecount="0"/>
        <line num="40" count="1" type="stmt"/>
        <line num="41" count="2" type="stmt"/>
      </file>
      <file name="no-non-scalable-viewport.js" path="/Users/fabianrios/Workspace/metalshub/html-eslint/packages/eslint-plugin/lib/rules/no-non-scalable-viewport.js">
        <metrics statements="9" coveredstatements="9" conditionals="6" coveredconditionals="6" methods="2" coveredmethods="2"/>
        <line num="5" count="3" type="stmt"/>
        <line num="6" count="3" type="stmt"/>
        <line num="8" count="3" type="stmt"/>
        <line num="15" count="3" type="stmt"/>
        <line num="34" count="3" type="stmt"/>
        <line num="36" count="3" type="stmt"/>
        <line num="37" count="3" type="stmt"/>
        <line num="38" count="3" type="cond" truecount="2" falsecount="0"/>
        <line num="44" count="2" type="stmt"/>
      </file>
      <file name="no-obsolete-tags.js" path="/Users/fabianrios/Workspace/metalshub/html-eslint/packages/eslint-plugin/lib/rules/no-obsolete-tags.js">
        <metrics statements="8" coveredstatements="8" conditionals="5" coveredconditionals="5" methods="2" coveredmethods="2"/>
        <line num="5" count="3" type="stmt"/>
        <line num="6" count="3" type="stmt"/>
        <line num="8" count="3" type="stmt"/>
        <line num="10" count="3" type="stmt"/>
        <line num="17" count="3" type="stmt"/>
        <line num="35" count="29" type="stmt"/>
        <line num="37" count="67" type="cond" truecount="2" falsecount="0"/>
        <line num="42" count="29" type="stmt"/>
      </file>
      <file name="no-positive-tabindex.js" path="/Users/fabianrios/Workspace/metalshub/html-eslint/packages/eslint-plugin/lib/rules/no-positive-tabindex.js">
        <metrics statements="8" coveredstatements="8" conditionals="4" coveredconditionals="4" methods="2" coveredmethods="2"/>
        <line num="5" count="3" type="stmt"/>
        <line num="6" count="3" type="stmt"/>
        <line num="8" count="3" type="stmt"/>
        <line num="15" count="3" type="stmt"/>
        <line num="33" count="4" type="stmt"/>
        <line num="35" count="12" type="stmt"/>
        <line num="36" count="12" type="cond" truecount="4" falsecount="0"/>
        <line num="37" count="2" type="stmt"/>
      </file>
      <file name="no-skip-heading-levels.js" path="/Users/fabianrios/Workspace/metalshub/html-eslint/packages/eslint-plugin/lib/rules/no-skip-heading-levels.js">
        <metrics statements="14" coveredstatements="14" conditionals="6" coveredconditionals="6" methods="5" coveredmethods="5"/>
        <line num="5" count="3" type="stmt"/>
        <line num="7" count="3" type="stmt"/>
        <line num="14" count="3" type="stmt"/>
        <line num="33" count="5" type="stmt"/>
        <line num="35" count="5" type="stmt"/>
        <line num="37" count="12" type="stmt"/>
        <line num="43" count="5" type="cond" truecount="2" falsecount="0"/>
        <line num="44" count="1" type="stmt"/>
        <line num="46" count="7" type="stmt"/>
        <line num="47" count="4" type="stmt"/>
        <line num="48" count="11" type="stmt"/>
        <line num="49" count="11" type="cond" truecount="2" falsecount="0"/>
        <line num="50" count="7" type="cond" truecount="2" falsecount="0"/>
        <line num="51" count="1" type="stmt"/>
      </file>
      <file name="no-target-blank.js" path="/Users/fabianrios/Workspace/metalshub/html-eslint/packages/eslint-plugin/lib/rules/no-target-blank.js">
        <metrics statements="13" coveredstatements="13" conditionals="12" coveredconditionals="11" methods="3" coveredmethods="3"/>
        <line num="5" count="3" type="stmt"/>
        <line num="6" count="3" type="stmt"/>
        <line num="8" count="3" type="stmt"/>
        <line num="15" count="3" type="stmt"/>
        <line num="39" count="5" type="stmt"/>
        <line num="41" count="5" type="stmt"/>
        <line num="44" count="5" type="stmt"/>
        <line num="45" count="5" type="cond" truecount="3" falsecount="1"/>
        <line num="46" count="5" type="stmt"/>
        <line num="47" count="5" type="cond" truecount="4" falsecount="0"/>
        <line num="48" count="3" type="stmt"/>
        <line num="49" count="3" type="cond" truecount="4" falsecount="0"/>
        <line num="50" count="1" type="stmt"/>
      </file>
      <file name="quotes.js" path="/Users/fabianrios/Workspace/metalshub/html-eslint/packages/eslint-plugin/lib/rules/quotes.js">
        <metrics statements="33" coveredstatements="33" conditionals="21" coveredconditionals="21" methods="9" coveredmethods="9"/>
        <line num="7" count="3" type="stmt"/>
        <line num="9" count="3" type="stmt"/>
        <line num="14" count="3" type="stmt"/>
        <line num="19" count="3" type="stmt"/>
        <line num="24" count="3" type="stmt"/>
        <line num="50" count="29" type="cond" truecount="4" falsecount="0"/>
        <line num="53" count="29" type="cond" truecount="2" falsecount="0"/>
        <line num="55" count="29" type="stmt"/>
        <line num="62" count="118" type="stmt"/>
        <line num="70" count="41" type="stmt"/>
        <line num="71" count="41" type="cond" truecount="3" falsecount="0"/>
        <line num="72" count="41" type="stmt"/>
        <line num="80" count="31" type="stmt"/>
        <line num="81" count="31" type="stmt"/>
        <line num="82" count="31" type="stmt"/>
        <line num="83" count="31" type="stmt"/>
        <line num="91" count="5" type="stmt"/>
        <line num="92" count="5" type="stmt"/>
        <line num="99" count="31" type="stmt"/>
        <line num="100" count="31" type="cond" truecount="2" falsecount="0"/>
        <line num="101" count="26" type="cond" truecount="4" falsecount="0"/>
        <line num="102" count="7" type="stmt"/>
        <line num="113" count="7" type="stmt"/>
        <line num="114" count="7" type="stmt"/>
        <line num="115" count="7" type="stmt"/>
        <line num="117" count="7" type="stmt"/>
        <line num="124" count="5" type="cond" truecount="2" falsecount="0"/>
        <line num="125" count="3" type="stmt"/>
        <line num="132" count="3" type="stmt"/>
        <line num="133" count="3" type="stmt"/>
        <line num="134" count="3" type="stmt"/>
        <line num="143" count="29" type="stmt"/>
        <line num="145" count="59" type="cond" truecount="2" falsecount="0"/>
      </file>
      <file name="require-button-type.js" path="/Users/fabianrios/Workspace/metalshub/html-eslint/packages/eslint-plugin/lib/rules/require-button-type.js">
        <metrics statements="11" coveredstatements="11" conditionals="6" coveredconditionals="5" methods="2" coveredmethods="2"/>
        <line num="5" count="3" type="stmt"/>
        <line num="6" count="3" type="stmt"/>
        <line num="8" count="3" type="stmt"/>
        <line num="13" count="3" type="stmt"/>
        <line num="18" count="3" type="stmt"/>
        <line num="38" count="5" type="stmt"/>
        <line num="40" count="5" type="stmt"/>
        <line num="41" count="5" type="cond" truecount="2" falsecount="0"/>
        <line num="42" count="1" type="stmt"/>
        <line num="46" count="4" type="cond" truecount="2" falsecount="0"/>
        <line num="47" count="1" type="stmt"/>
      </file>
      <file name="require-closing-tags.js" path="/Users/fabianrios/Workspace/metalshub/html-eslint/packages/eslint-plugin/lib/rules/require-closing-tags.js">
        <metrics statements="23" coveredstatements="23" conditionals="20" coveredconditionals="20" methods="7" coveredmethods="7"/>
        <line num="5" count="3" type="stmt"/>
        <line num="7" count="3" type="stmt"/>
        <line num="9" count="3" type="stmt"/>
        <line num="18" count="3" type="stmt"/>
        <line num="49" count="7" type="cond" truecount="4" falsecount="0"/>
        <line num="53" count="7" type="stmt"/>
        <line num="55" count="5" type="stmt"/>
        <line num="59" count="2" type="cond" truecount="4" falsecount="0"/>
        <line num="60" count="1" type="stmt"/>
        <line num="71" count="5" type="stmt"/>
        <line num="72" count="5" type="stmt"/>
        <line num="73" count="5" type="stmt"/>
        <line num="75" count="5" type="cond" truecount="4" falsecount="0"/>
        <line num="76" count="1" type="stmt"/>
        <line num="83" count="1" type="stmt"/>
        <line num="90" count="5" type="cond" truecount="4" falsecount="0"/>
        <line num="91" count="1" type="stmt"/>
        <line num="98" count="1" type="stmt"/>
        <line num="107" count="7" type="stmt"/>
        <line num="109" count="14" type="cond" truecount="2" falsecount="0"/>
        <line num="110" count="7" type="cond" truecount="2" falsecount="0"/>
        <line num="111" count="5" type="stmt"/>
        <line num="113" count="2" type="stmt"/>
      </file>
      <file name="require-doctype.js" path="/Users/fabianrios/Workspace/metalshub/html-eslint/packages/eslint-plugin/lib/rules/require-doctype.js">
        <metrics statements="9" coveredstatements="9" conditionals="2" coveredconditionals="2" methods="4" coveredmethods="4"/>
        <line num="5" count="3" type="stmt"/>
        <line num="7" count="3" type="stmt"/>
        <line num="14" count="3" type="stmt"/>
        <line num="32" count="7" type="stmt"/>
        <line num="33" count="7" type="stmt"/>
        <line num="35" count="4" type="stmt"/>
        <line num="38" count="7" type="cond" truecount="2" falsecount="0"/>
        <line num="39" count="3" type="stmt"/>
        <line num="43" count="3" type="stmt"/>
      </file>
      <file name="require-frame-title.js" path="/Users/fabianrios/Workspace/metalshub/html-eslint/packages/eslint-plugin/lib/rules/require-frame-title.js">
        <metrics statements="10" coveredstatements="10" conditionals="4" coveredconditionals="4" methods="2" coveredmethods="2"/>
        <line num="5" count="3" type="stmt"/>
        <line num="6" count="3" type="stmt"/>
        <line num="8" count="3" type="stmt"/>
        <line num="16" count="3" type="stmt"/>
        <line num="35" count="8" type="stmt"/>
        <line num="37" count="9" type="stmt"/>
        <line num="38" count="9" type="cond" truecount="2" falsecount="0"/>
        <line num="39" count="2" type="stmt"/>
        <line num="44" count="7" type="cond" truecount="2" falsecount="0"/>
        <line num="45" count="4" type="stmt"/>
      </file>
      <file name="require-img-alt.js" path="/Users/fabianrios/Workspace/metalshub/html-eslint/packages/eslint-plugin/lib/rules/require-img-alt.js">
        <metrics statements="8" coveredstatements="8" conditionals="6" coveredconditionals="5" methods="4" coveredmethods="4"/>
        <line num="6" count="3" type="stmt"/>
        <line num="8" count="3" type="stmt"/>
        <line num="15" count="3" type="stmt"/>
        <line num="33" count="7" type="stmt"/>
        <line num="35" count="7" type="cond" truecount="2" falsecount="0"/>
        <line num="36" count="5" type="stmt"/>
        <line num="52" count="7" type="cond" truecount="1" falsecount="1"/>
        <line num="53" count="11" type="cond" truecount="2" falsecount="0"/>
      </file>
      <file name="require-lang.js" path="/Users/fabianrios/Workspace/metalshub/html-eslint/packages/eslint-plugin/lib/rules/require-lang.js">
        <metrics statements="10" coveredstatements="10" conditionals="4" coveredconditionals="4" methods="2" coveredmethods="2"/>
        <line num="5" count="3" type="stmt"/>
        <line num="6" count="3" type="stmt"/>
        <line num="8" count="3" type="stmt"/>
        <line num="16" count="3" type="stmt"/>
        <line num="35" count="4" type="stmt"/>
        <line num="37" count="4" type="stmt"/>
        <line num="38" count="4" type="cond" truecount="2" falsecount="0"/>
        <line num="39" count="1" type="stmt"/>
        <line num="43" count="3" type="cond" truecount="2" falsecount="0"/>
        <line num="44" count="2" type="stmt"/>
      </file>
      <file name="require-li-container.js" path="/Users/fabianrios/Workspace/metalshub/html-eslint/packages/eslint-plugin/lib/rules/require-li-container.js">
        <metrics statements="9" coveredstatements="8" conditionals="6" coveredconditionals="4" methods="2" coveredmethods="2"/>
        <line num="5" count="3" type="stmt"/>
        <line num="7" count="3" type="stmt"/>
        <line num="11" count="3" type="stmt"/>
        <line num="16" count="3" type="stmt"/>
        <line num="35" count="5" type="stmt"/>
        <line num="37" count="5" type="cond" truecount="1" falsecount="1"/>
        <line num="38" count="0" type="stmt"/>
        <line num="42" count="5" type="cond" truecount="3" falsecount="1"/>
        <line num="43" count="2" type="stmt"/>
      </file>
      <file name="require-meta-charset.js" path="/Users/fabianrios/Workspace/metalshub/html-eslint/packages/eslint-plugin/lib/rules/require-meta-charset.js">
        <metrics statements="13" coveredstatements="13" conditionals="10" coveredconditionals="9" methods="3" coveredmethods="3"/>
        <line num="6" count="3" type="stmt"/>
        <line num="7" count="3" type="stmt"/>
        <line num="9" count="3" type="stmt"/>
        <line num="14" count="3" type="stmt"/>
        <line num="36" count="6" type="stmt"/>
        <line num="41" count="5" type="cond" truecount="1" falsecount="1"/>
        <line num="42" count="13" type="stmt"/>
        <line num="47" count="5" type="cond" truecount="2" falsecount="0"/>
        <line num="48" count="3" type="stmt"/>
        <line num="52" count="3" type="stmt"/>
        <line num="54" count="2" type="stmt"/>
        <line num="55" count="2" type="cond" truecount="4" falsecount="0"/>
        <line num="56" count="1" type="stmt"/>
      </file>
      <file name="require-meta-description.js" path="/Users/fabianrios/Workspace/metalshub/html-eslint/packages/eslint-plugin/lib/rules/require-meta-description.js">
        <metrics statements="16" coveredstatements="16" conditionals="12" coveredconditionals="11" methods="5" coveredmethods="5"/>
        <line num="6" count="3" type="stmt"/>
        <line num="7" count="3" type="stmt"/>
        <line num="9" count="3" type="stmt"/>
        <line num="14" count="3" type="stmt"/>
        <line num="37" count="7" type="stmt"/>
        <line num="42" count="7" type="cond" truecount="1" falsecount="1"/>
        <line num="43" count="21" type="stmt"/>
        <line num="45" count="7" type="stmt"/>
        <line num="46" count="7" type="stmt"/>
        <line num="47" count="7" type="cond" truecount="2" falsecount="0"/>
        <line num="50" count="7" type="cond" truecount="2" falsecount="0"/>
        <line num="51" count="1" type="stmt"/>
        <line num="56" count="6" type="stmt"/>
        <line num="57" count="6" type="stmt"/>
        <line num="58" count="6" type="cond" truecount="4" falsecount="0"/>
        <line num="59" count="4" type="stmt"/>
      </file>
      <file name="require-meta-viewport.js" path="/Users/fabianrios/Workspace/metalshub/html-eslint/packages/eslint-plugin/lib/rules/require-meta-viewport.js">
        <metrics statements="18" coveredstatements="17" conditionals="12" coveredconditionals="10" methods="3" coveredmethods="3"/>
        <line num="6" count="3" type="stmt"/>
        <line num="7" count="3" type="stmt"/>
        <line num="9" count="3" type="stmt"/>
        <line num="17" count="3" type="stmt"/>
        <line num="42" count="13" type="cond" truecount="2" falsecount="0"/>
        <line num="43" count="4" type="stmt"/>
        <line num="44" count="4" type="cond" truecount="2" falsecount="0"/>
        <line num="46" count="9" type="stmt"/>
        <line num="48" count="5" type="stmt"/>
        <line num="50" count="5" type="cond" truecount="1" falsecount="1"/>
        <line num="51" count="5" type="cond" truecount="2" falsecount="0"/>
        <line num="52" count="3" type="stmt"/>
        <line num="56" count="3" type="stmt"/>
        <line num="58" count="2" type="stmt"/>
        <line num="59" count="2" type="cond" truecount="1" falsecount="1"/>
        <line num="60" count="0" type="stmt"/>
        <line num="64" count="2" type="cond" truecount="2" falsecount="0"/>
        <line num="65" count="1" type="stmt"/>
      </file>
      <file name="require-title.js" path="/Users/fabianrios/Workspace/metalshub/html-eslint/packages/eslint-plugin/lib/rules/require-title.js">
        <metrics statements="12" coveredstatements="12" conditionals="10" coveredconditionals="8" methods="4" coveredmethods="4"/>
        <line num="5" count="3" type="stmt"/>
        <line num="6" count="3" type="stmt"/>
        <line num="8" count="3" type="stmt"/>
        <line num="16" count="3" type="stmt"/>
        <line num="35" count="4" type="stmt"/>
        <line num="37" count="4" type="cond" truecount="1" falsecount="1"/>
        <line num="38" count="7" type="stmt"/>
        <line num="41" count="4" type="cond" truecount="2" falsecount="0"/>
        <line num="42" count="1" type="stmt"/>
        <line num="46" count="3" type="cond" truecount="2" falsecount="0"/>
        <line num="48" count="2" type="cond" truecount="2" falsecount="0"/>
        <line num="51" count="2" type="stmt"/>
      </file>
    </package>
    <package name="lib.rules.utils">
      <metrics statements="19" coveredstatements="18" conditionals="13" coveredconditionals="12" methods="11" coveredmethods="10"/>
      <file name="index.js" path="/Users/fabianrios/Workspace/metalshub/html-eslint/packages/eslint-plugin/lib/rules/utils/index.js">
        <metrics statements="3" coveredstatements="3" conditionals="0" coveredconditionals="0" methods="0" coveredmethods="0"/>
        <line num="1" count="20" type="stmt"/>
        <line num="2" count="20" type="stmt"/>
        <line num="4" count="20" type="stmt"/>
      </file>
      <file name="naming-utils.js" path="/Users/fabianrios/Workspace/metalshub/html-eslint/packages/eslint-plugin/lib/rules/utils/naming-utils.js">
        <metrics statements="9" coveredstatements="9" conditionals="0" coveredconditionals="0" methods="4" coveredmethods="4"/>
        <line num="2" count="20" type="stmt"/>
        <line num="3" count="20" type="stmt"/>
        <line num="4" count="20" type="stmt"/>
        <line num="5" count="20" type="stmt"/>
        <line num="7" count="20" type="stmt"/>
        <line num="14" count="1" type="stmt"/>
        <line num="23" count="2" type="stmt"/>
        <line num="32" count="2" type="stmt"/>
        <line num="41" count="1" type="stmt"/>
      </file>
      <file name="node-utils.js" path="/Users/fabianrios/Workspace/metalshub/html-eslint/packages/eslint-plugin/lib/rules/utils/node-utils.js">
        <metrics statements="7" coveredstatements="6" conditionals="13" coveredconditionals="12" methods="7" coveredmethods="6"/>
        <line num="11" count="20" type="stmt"/>
        <line num="19" count="129" type="cond" truecount="1" falsecount="1"/>
        <line num="21" count="105" type="stmt"/>
        <line num="32" count="34" type="cond" truecount="4" falsecount="0"/>
        <line num="40" count="0" type="stmt"/>
        <line num="49" count="531" type="cond" truecount="3" falsecount="0"/>
        <line num="58" count="251" type="cond" truecount="2" falsecount="0"/>
      </file>
    </package>
    <package name="tests">
      <metrics statements="8" coveredstatements="8" conditionals="0" coveredconditionals="0" methods="5" coveredmethods="5"/>
      <file name="rule-tester.js" path="/Users/fabianrios/Workspace/metalshub/html-eslint/packages/eslint-plugin/tests/rule-tester.js">
        <metrics statements="8" coveredstatements="8" conditionals="0" coveredconditionals="0" methods="5" coveredmethods="5"/>
        <line num="1" count="30" type="stmt"/>
        <line num="3" count="30" type="stmt"/>
        <line num="7" count="30" type="stmt"/>
        <line num="10" count="30" type="stmt"/>
        <line num="11" count="88" type="stmt"/>
        <line num="15" count="138" type="stmt"/>
        <line num="23" count="30" type="stmt"/>
        <line num="24" count="30" type="stmt"/>
      </file>
    </package>
  </project>
</coverage>
