{"/Users/fabianrios/Workspace/metalshub/html-eslint/packages/eslint-plugin/lib/configs/recommended.js": {"path":"/Users/fabianrios/Workspace/metalshub/html-eslint/packages/eslint-plugin/lib/configs/recommended.js","statementMap":{"0":{"start":{"line":1,"column":0},"end":{"line":18,"column":2}}},"fnMap":{},"branchMap":{},"s":{"0":1},"f":{},"b":{},"_coverageSchema":"1a1c01bbd47fc00a2c39e90264f33305004495a9","hash":"7700bfded5f3a2dbac0d6a02d86dd07f573771d3"}
,"/Users/fabianrios/Workspace/metalshub/html-eslint/packages/eslint-plugin/lib/constants/index.js": {"path":"/Users/fabianrios/Workspace/metalshub/html-eslint/packages/eslint-plugin/lib/constants/index.js","statementMap":{"0":{"start":{"line":1,"column":19},"end":{"line":1,"column":42}},"1":{"start":{"line":2,"column":22},"end":{"line":2,"column":48}},"2":{"start":{"line":3,"column":22},"end":{"line":3,"column":48}},"3":{"start":{"line":4,"column":22},"end":{"line":4,"column":48}},"4":{"start":{"line":6,"column":0},"end":{"line":11,"column":2}}},"fnMap":{},"branchMap":{},"s":{"0":32,"1":32,"2":32,"3":32,"4":32},"f":{},"b":{},"_coverageSchema":"1a1c01bbd47fc00a2c39e90264f33305004495a9","hash":"33ee3a088dc850733a80d6a4be90f2c4b5d6491e"}
,"/Users/fabianrios/Workspace/metalshub/html-eslint/packages/eslint-plugin/lib/constants/node-types.js": {"path":"/Users/fabianrios/Workspace/metalshub/html-eslint/packages/eslint-plugin/lib/constants/node-types.js","statementMap":{"0":{"start":{"line":1,"column":0},"end":{"line":13,"column":2}}},"fnMap":{},"branchMap":{},"s":{"0":32},"f":{},"b":{},"_coverageSchema":"1a1c01bbd47fc00a2c39e90264f33305004495a9","hash":"7716380af3978c2109e75783d72d74dd2dc736a0"}
,"/Users/fabianrios/Workspace/metalshub/html-eslint/packages/eslint-plugin/lib/constants/obsolete-tags.js": {"path":"/Users/fabianrios/Workspace/metalshub/html-eslint/packages/eslint-plugin/lib/constants/obsolete-tags.js","statementMap":{"0":{"start":{"line":3,"column":0},"end":{"line":32,"column":2}}},"fnMap":{},"branchMap":{},"s":{"0":32},"f":{},"b":{},"_coverageSchema":"1a1c01bbd47fc00a2c39e90264f33305004495a9","hash":"e9a794044d1b4420354b80ac988fd96756780bfa"}
,"/Users/fabianrios/Workspace/metalshub/html-eslint/packages/eslint-plugin/lib/constants/rule-category.js": {"path":"/Users/fabianrios/Workspace/metalshub/html-eslint/packages/eslint-plugin/lib/constants/rule-category.js","statementMap":{"0":{"start":{"line":1,"column":0},"end":{"line":6,"column":2}}},"fnMap":{},"branchMap":{},"s":{"0":32},"f":{},"b":{},"_coverageSchema":"1a1c01bbd47fc00a2c39e90264f33305004495a9","hash":"42cdd21a0b10e0987bd895fa7d4acd24bd8b21c8"}
,"/Users/fabianrios/Workspace/metalshub/html-eslint/packages/eslint-plugin/lib/constants/void-elements.js": {"path":"/Users/fabianrios/Workspace/metalshub/html-eslint/packages/eslint-plugin/lib/constants/void-elements.js","statementMap":{"0":{"start":{"line":2,"column":0},"end":{"line":17,"column":2}}},"fnMap":{},"branchMap":{},"s":{"0":32},"f":{},"b":{},"_coverageSchema":"1a1c01bbd47fc00a2c39e90264f33305004495a9","hash":"4022eaf27385c100f599351887f27f7fc4873043"}
,"/Users/fabianrios/Workspace/metalshub/html-eslint/packages/eslint-plugin/lib/rules/element-newline.js": {"path":"/Users/fabianrios/Workspace/metalshub/html-eslint/packages/eslint-plugin/lib/rules/element-newline.js","statementMap":{"0":{"start":{"line":7,"column":38},"end":{"line":7,"column":61}},"1":{"start":{"line":9,"column":20},"end":{"line":12,"column":1}},"2":{"start":{"line":14,"column":0},"end":{"line":111,"column":2}},"3":{"start":{"line":39,"column":6},"end":{"line":55,"column":11}},"4":{"start":{"line":40,"column":26},"end":{"line":40,"column":72}},"5":{"start":{"line":42,"column":24},"end":{"line":42,"column":38}},"6":{"start":{"line":43,"column":10},"end":{"line":54,"column":11}},"7":{"start":{"line":44,"column":12},"end":{"line":53,"column":13}},"8":{"start":{"line":45,"column":14},"end":{"line":52,"column":17}},"9":{"start":{"line":50,"column":18},"end":{"line":50,"column":62}},"10":{"start":{"line":63,"column":23},"end":{"line":65,"column":7}},"11":{"start":{"line":64,"column":15},"end":{"line":64,"column":57}},"12":{"start":{"line":66,"column":20},"end":{"line":66,"column":31}},"13":{"start":{"line":67,"column":19},"end":{"line":67,"column":48}},"14":{"start":{"line":68,"column":6},"end":{"line":82,"column":7}},"15":{"start":{"line":69,"column":8},"end":{"line":81,"column":9}},"16":{"start":{"line":70,"column":10},"end":{"line":80,"column":13}},"17":{"start":{"line":75,"column":14},"end":{"line":77,"column":15}},"18":{"start":{"line":76,"column":16},"end":{"line":76,"column":66}},"19":{"start":{"line":78,"column":14},"end":{"line":78,"column":26}},"20":{"start":{"line":83,"column":6},"end":{"line":97,"column":7}},"21":{"start":{"line":84,"column":8},"end":{"line":96,"column":9}},"22":{"start":{"line":85,"column":10},"end":{"line":95,"column":13}},"23":{"start":{"line":90,"column":14},"end":{"line":92,"column":15}},"24":{"start":{"line":91,"column":16},"end":{"line":91,"column":65}},"25":{"start":{"line":93,"column":14},"end":{"line":93,"column":26}},"26":{"start":{"line":99,"column":4},"end":{"line":109,"column":6}},"27":{"start":{"line":104,"column":8},"end":{"line":107,"column":9}},"28":{"start":{"line":105,"column":10},"end":{"line":105,"column":47}},"29":{"start":{"line":106,"column":10},"end":{"line":106,"column":27}},"30":{"start":{"line":120,"column":2},"end":{"line":127,"column":3}},"31":{"start":{"line":122,"column":4},"end":{"line":125,"column":5}},"32":{"start":{"line":124,"column":6},"end":{"line":124,"column":73}},"33":{"start":{"line":126,"column":4},"end":{"line":126,"column":66}},"34":{"start":{"line":128,"column":2},"end":{"line":128,"column":15}}},"fnMap":{"0":{"name":"(anonymous_0)","decl":{"start":{"line":37,"column":2},"end":{"line":37,"column":3}},"loc":{"start":{"line":37,"column":18},"end":{"line":110,"column":3}},"line":37},"1":{"name":"checkSiblings","decl":{"start":{"line":38,"column":13},"end":{"line":38,"column":26}},"loc":{"start":{"line":38,"column":37},"end":{"line":56,"column":5}},"line":38},"2":{"name":"(anonymous_2)","decl":{"start":{"line":40,"column":16},"end":{"line":40,"column":17}},"loc":{"start":{"line":40,"column":26},"end":{"line":40,"column":72}},"line":40},"3":{"name":"(anonymous_3)","decl":{"start":{"line":41,"column":17},"end":{"line":41,"column":18}},"loc":{"start":{"line":41,"column":42},"end":{"line":55,"column":9}},"line":41},"4":{"name":"(anonymous_4)","decl":{"start":{"line":49,"column":16},"end":{"line":49,"column":17}},"loc":{"start":{"line":49,"column":27},"end":{"line":51,"column":17}},"line":49},"5":{"name":"checkChild","decl":{"start":{"line":62,"column":13},"end":{"line":62,"column":23}},"loc":{"start":{"line":62,"column":30},"end":{"line":98,"column":5}},"line":62},"6":{"name":"(anonymous_6)","decl":{"start":{"line":64,"column":8},"end":{"line":64,"column":9}},"loc":{"start":{"line":64,"column":15},"end":{"line":64,"column":57}},"line":64},"7":{"name":"(anonymous_7)","decl":{"start":{"line":74,"column":12},"end":{"line":74,"column":13}},"loc":{"start":{"line":74,"column":23},"end":{"line":79,"column":13}},"line":74},"8":{"name":"(anonymous_8)","decl":{"start":{"line":89,"column":12},"end":{"line":89,"column":13}},"loc":{"start":{"line":89,"column":23},"end":{"line":94,"column":13}},"line":89},"9":{"name":"(anonymous_9)","decl":{"start":{"line":103,"column":6},"end":{"line":103,"column":7}},"loc":{"start":{"line":103,"column":16},"end":{"line":108,"column":7}},"line":103},"10":{"name":"isOnTheSameLine","decl":{"start":{"line":119,"column":9},"end":{"line":119,"column":24}},"loc":{"start":{"line":119,"column":48},"end":{"line":129,"column":1}},"line":119}},"branchMap":{"0":{"loc":{"start":{"line":40,"column":26},"end":{"line":40,"column":72}},"type":"binary-expr","locations":[{"start":{"line":40,"column":26},"end":{"line":40,"column":55}},{"start":{"line":40,"column":59},"end":{"line":40,"column":72}}],"line":40},"1":{"loc":{"start":{"line":43,"column":10},"end":{"line":54,"column":11}},"type":"if","locations":[{"start":{"line":43,"column":10},"end":{"line":54,"column":11}},{"start":{"line":43,"column":10},"end":{"line":54,"column":11}}],"line":43},"2":{"loc":{"start":{"line":44,"column":12},"end":{"line":53,"column":13}},"type":"if","locations":[{"start":{"line":44,"column":12},"end":{"line":53,"column":13}},{"start":{"line":44,"column":12},"end":{"line":53,"column":13}}],"line":44},"3":{"loc":{"start":{"line":63,"column":24},"end":{"line":63,"column":45}},"type":"binary-expr","locations":[{"start":{"line":63,"column":24},"end":{"line":63,"column":39}},{"start":{"line":63,"column":43},"end":{"line":63,"column":45}}],"line":63},"4":{"loc":{"start":{"line":64,"column":15},"end":{"line":64,"column":57}},"type":"binary-expr","locations":[{"start":{"line":64,"column":15},"end":{"line":64,"column":27}},{"start":{"line":64,"column":31},"end":{"line":64,"column":57}}],"line":64},"5":{"loc":{"start":{"line":68,"column":6},"end":{"line":82,"column":7}},"type":"if","locations":[{"start":{"line":68,"column":6},"end":{"line":82,"column":7}},{"start":{"line":68,"column":6},"end":{"line":82,"column":7}}],"line":68},"6":{"loc":{"start":{"line":69,"column":8},"end":{"line":81,"column":9}},"type":"if","locations":[{"start":{"line":69,"column":8},"end":{"line":81,"column":9}},{"start":{"line":69,"column":8},"end":{"line":81,"column":9}}],"line":69},"7":{"loc":{"start":{"line":69,"column":12},"end":{"line":69,"column":66}},"type":"binary-expr","locations":[{"start":{"line":69,"column":12},"end":{"line":69,"column":25}},{"start":{"line":69,"column":29},"end":{"line":69,"column":66}}],"line":69},"8":{"loc":{"start":{"line":75,"column":14},"end":{"line":77,"column":15}},"type":"if","locations":[{"start":{"line":75,"column":14},"end":{"line":77,"column":15}},{"start":{"line":75,"column":14},"end":{"line":77,"column":15}}],"line":75},"9":{"loc":{"start":{"line":83,"column":6},"end":{"line":97,"column":7}},"type":"if","locations":[{"start":{"line":83,"column":6},"end":{"line":97,"column":7}},{"start":{"line":83,"column":6},"end":{"line":97,"column":7}}],"line":83},"10":{"loc":{"start":{"line":84,"column":8},"end":{"line":96,"column":9}},"type":"if","locations":[{"start":{"line":84,"column":8},"end":{"line":96,"column":9}},{"start":{"line":84,"column":8},"end":{"line":96,"column":9}}],"line":84},"11":{"loc":{"start":{"line":84,"column":12},"end":{"line":84,"column":61}},"type":"binary-expr","locations":[{"start":{"line":84,"column":12},"end":{"line":84,"column":23}},{"start":{"line":84,"column":27},"end":{"line":84,"column":61}}],"line":84},"12":{"loc":{"start":{"line":90,"column":14},"end":{"line":92,"column":15}},"type":"if","locations":[{"start":{"line":90,"column":14},"end":{"line":92,"column":15}},{"start":{"line":90,"column":14},"end":{"line":92,"column":15}}],"line":90},"13":{"loc":{"start":{"line":104,"column":8},"end":{"line":107,"column":9}},"type":"if","locations":[{"start":{"line":104,"column":8},"end":{"line":107,"column":9}},{"start":{"line":104,"column":8},"end":{"line":107,"column":9}}],"line":104},"14":{"loc":{"start":{"line":105,"column":24},"end":{"line":105,"column":45}},"type":"binary-expr","locations":[{"start":{"line":105,"column":24},"end":{"line":105,"column":39}},{"start":{"line":105,"column":43},"end":{"line":105,"column":45}}],"line":105},"15":{"loc":{"start":{"line":120,"column":2},"end":{"line":127,"column":3}},"type":"if","locations":[{"start":{"line":120,"column":2},"end":{"line":127,"column":3}},{"start":{"line":120,"column":2},"end":{"line":127,"column":3}}],"line":120},"16":{"loc":{"start":{"line":120,"column":6},"end":{"line":120,"column":29}},"type":"binary-expr","locations":[{"start":{"line":120,"column":6},"end":{"line":120,"column":16}},{"start":{"line":120,"column":20},"end":{"line":120,"column":29}}],"line":120},"17":{"loc":{"start":{"line":122,"column":4},"end":{"line":125,"column":5}},"type":"if","locations":[{"start":{"line":122,"column":4},"end":{"line":125,"column":5}},{"start":{"line":122,"column":4},"end":{"line":125,"column":5}}],"line":122}},"s":{"0":3,"1":3,"2":3,"3":102,"4":128,"5":80,"6":80,"7":24,"8":10,"9":10,"10":102,"11":128,"12":102,"13":102,"14":102,"15":56,"16":12,"17":12,"18":12,"19":0,"20":102,"21":56,"22":12,"23":12,"24":12,"25":0,"26":22,"27":150,"28":102,"29":102,"30":92,"31":92,"32":14,"33":78,"34":0},"f":{"0":22,"1":102,"2":128,"3":80,"4":10,"5":102,"6":128,"7":12,"8":12,"9":150,"10":92},"b":{"0":[128,80],"1":[24,56],"2":[10,14],"3":[102,11],"4":[128,128],"5":[56,46],"6":[12,44],"7":[56,34],"8":[12,0],"9":[56,46],"10":[12,44],"11":[56,34],"12":[12,0],"13":[102,48],"14":[102,11],"15":[92,0],"16":[92,92],"17":[14,78]},"_coverageSchema":"1a1c01bbd47fc00a2c39e90264f33305004495a9","hash":"42f56725d782aa289ce1e253b7cca465ac2e936f"}
,"/Users/fabianrios/Workspace/metalshub/html-eslint/packages/eslint-plugin/lib/rules/id-naming-convention.js": {"path":"/Users/fabianrios/Workspace/metalshub/html-eslint/packages/eslint-plugin/lib/rules/id-naming-convention.js","statementMap":{"0":{"start":{"line":5,"column":26},"end":{"line":5,"column":49}},"1":{"start":{"line":6,"column":35},"end":{"line":6,"column":53}},"2":{"start":{"line":8,"column":20},"end":{"line":10,"column":1}},"3":{"start":{"line":12,"column":20},"end":{"line":17,"column":1}},"4":{"start":{"line":19,"column":28},"end":{"line":24,"column":1}},"5":{"start":{"line":29,"column":0},"end":{"line":75,"column":2}},"6":{"start":{"line":53,"column":6},"end":{"line":55,"column":32}},"7":{"start":{"line":57,"column":24},"end":{"line":57,"column":55}},"8":{"start":{"line":59,"column":4},"end":{"line":73,"column":6}},"9":{"start":{"line":61,"column":23},"end":{"line":61,"column":53}},"10":{"start":{"line":62,"column":8},"end":{"line":71,"column":9}},"11":{"start":{"line":63,"column":10},"end":{"line":70,"column":13}}},"fnMap":{"0":{"name":"(anonymous_0)","decl":{"start":{"line":51,"column":2},"end":{"line":51,"column":3}},"loc":{"start":{"line":51,"column":18},"end":{"line":74,"column":3}},"line":51},"1":{"name":"(anonymous_1)","decl":{"start":{"line":60,"column":6},"end":{"line":60,"column":7}},"loc":{"start":{"line":60,"column":16},"end":{"line":72,"column":7}},"line":60}},"branchMap":{"0":{"loc":{"start":{"line":53,"column":6},"end":{"line":55,"column":32}},"type":"cond-expr","locations":[{"start":{"line":54,"column":10},"end":{"line":54,"column":28}},{"start":{"line":55,"column":10},"end":{"line":55,"column":32}}],"line":53},"1":{"loc":{"start":{"line":53,"column":6},"end":{"line":53,"column":47}},"type":"binary-expr","locations":[{"start":{"line":53,"column":6},"end":{"line":53,"column":21}},{"start":{"line":53,"column":25},"end":{"line":53,"column":47}}],"line":53},"2":{"loc":{"start":{"line":62,"column":8},"end":{"line":71,"column":9}},"type":"if","locations":[{"start":{"line":62,"column":8},"end":{"line":71,"column":9}},{"start":{"line":62,"column":8},"end":{"line":71,"column":9}}],"line":62},"3":{"loc":{"start":{"line":62,"column":12},"end":{"line":62,"column":64}},"type":"binary-expr","locations":[{"start":{"line":62,"column":12},"end":{"line":62,"column":18}},{"start":{"line":62,"column":22},"end":{"line":62,"column":34}},{"start":{"line":62,"column":38},"end":{"line":62,"column":64}}],"line":62}},"s":{"0":3,"1":3,"2":3,"3":3,"4":3,"5":3,"6":6,"7":6,"8":6,"9":18,"10":18,"11":2},"f":{"0":6,"1":18},"b":{"0":[6,0],"1":[6,6],"2":[2,16],"3":[18,6,6]},"_coverageSchema":"1a1c01bbd47fc00a2c39e90264f33305004495a9","hash":"3381a51656946ef8ad923f4f4fa7735c06ead694"}
,"/Users/fabianrios/Workspace/metalshub/html-eslint/packages/eslint-plugin/lib/rules/indent.js": {"path":"/Users/fabianrios/Workspace/metalshub/html-eslint/packages/eslint-plugin/lib/rules/indent.js","statementMap":{"0":{"start":{"line":16,"column":38},"end":{"line":16,"column":61}},"1":{"start":{"line":17,"column":22},"end":{"line":17,"column":40}},"2":{"start":{"line":20,"column":19},"end":{"line":22,"column":1}},"3":{"start":{"line":25,"column":21},"end":{"line":28,"column":1}},"4":{"start":{"line":30,"column":23},"end":{"line":35,"column":1}},"5":{"start":{"line":40,"column":0},"end":{"line":228,"column":2}},"6":{"start":{"line":70,"column":23},"end":{"line":70,"column":46}},"7":{"start":{"line":71,"column":24},"end":{"line":71,"column":41}},"8":{"start":{"line":72,"column":39},"end":{"line":72,"column":76}},"9":{"start":{"line":74,"column":6},"end":{"line":74,"column":71}},"10":{"start":{"line":80,"column":6},"end":{"line":82,"column":27}},"11":{"start":{"line":90,"column":25},"end":{"line":90,"column":48}},"12":{"start":{"line":91,"column":6},"end":{"line":130,"column":7}},"13":{"start":{"line":92,"column":22},"end":{"line":92,"column":39}},"14":{"start":{"line":93,"column":31},"end":{"line":93,"column":55}},"15":{"start":{"line":94,"column":8},"end":{"line":129,"column":9}},"16":{"start":{"line":95,"column":27},"end":{"line":97,"column":26}},"17":{"start":{"line":98,"column":29},"end":{"line":98,"column":67}},"18":{"start":{"line":99,"column":31},"end":{"line":99,"column":78}},"19":{"start":{"line":101,"column":23},"end":{"line":101,"column":25}},"20":{"start":{"line":103,"column":10},"end":{"line":105,"column":11}},"21":{"start":{"line":104,"column":12},"end":{"line":104,"column":33}},"22":{"start":{"line":106,"column":10},"end":{"line":108,"column":11}},"23":{"start":{"line":107,"column":12},"end":{"line":107,"column":58}},"24":{"start":{"line":109,"column":10},"end":{"line":113,"column":11}},"25":{"start":{"line":110,"column":12},"end":{"line":112,"column":15}},"26":{"start":{"line":115,"column":10},"end":{"line":128,"column":13}},"27":{"start":{"line":123,"column":14},"end":{"line":126,"column":16}},"28":{"start":{"line":137,"column":6},"end":{"line":137,"column":49}},"29":{"start":{"line":137,"column":30},"end":{"line":137,"column":47}},"30":{"start":{"line":144,"column":20},"end":{"line":144,"column":41}},"31":{"start":{"line":145,"column":18},"end":{"line":145,"column":35}},"32":{"start":{"line":146,"column":19},"end":{"line":146,"column":40}},"33":{"start":{"line":147,"column":21},"end":{"line":147,"column":44}},"34":{"start":{"line":148,"column":23},"end":{"line":148,"column":50}},"35":{"start":{"line":149,"column":6},"end":{"line":163,"column":9}},"36":{"start":{"line":165,"column":32},"end":{"line":165,"column":34}},"37":{"start":{"line":166,"column":4},"end":{"line":226,"column":6}},"38":{"start":{"line":171,"column":8},"end":{"line":174,"column":9}},"39":{"start":{"line":172,"column":10},"end":{"line":172,"column":43}},"40":{"start":{"line":173,"column":10},"end":{"line":173,"column":17}},"41":{"start":{"line":175,"column":8},"end":{"line":177,"column":9}},"42":{"start":{"line":176,"column":10},"end":{"line":176,"column":17}},"43":{"start":{"line":179,"column":8},"end":{"line":179,"column":25}},"44":{"start":{"line":181,"column":8},"end":{"line":183,"column":9}},"45":{"start":{"line":182,"column":10},"end":{"line":182,"column":39}},"46":{"start":{"line":185,"column":8},"end":{"line":192,"column":11}},"47":{"start":{"line":186,"column":10},"end":{"line":188,"column":11}},"48":{"start":{"line":187,"column":12},"end":{"line":187,"column":42}},"49":{"start":{"line":189,"column":10},"end":{"line":191,"column":11}},"50":{"start":{"line":190,"column":12},"end":{"line":190,"column":40}},"51":{"start":{"line":194,"column":8},"end":{"line":210,"column":9}},"52":{"start":{"line":199,"column":10},"end":{"line":201,"column":11}},"53":{"start":{"line":200,"column":12},"end":{"line":200,"column":31}},"54":{"start":{"line":202,"column":10},"end":{"line":206,"column":13}},"55":{"start":{"line":203,"column":12},"end":{"line":205,"column":13}},"56":{"start":{"line":204,"column":14},"end":{"line":204,"column":42}},"57":{"start":{"line":207,"column":10},"end":{"line":209,"column":11}},"58":{"start":{"line":208,"column":12},"end":{"line":208,"column":29}},"59":{"start":{"line":213,"column":8},"end":{"line":216,"column":9}},"60":{"start":{"line":214,"column":10},"end":{"line":214,"column":38}},"61":{"start":{"line":215,"column":10},"end":{"line":215,"column":17}},"62":{"start":{"line":217,"column":8},"end":{"line":219,"column":9}},"63":{"start":{"line":218,"column":10},"end":{"line":218,"column":17}},"64":{"start":{"line":220,"column":8},"end":{"line":220,"column":27}},"65":{"start":{"line":222,"column":8},"end":{"line":224,"column":9}},"66":{"start":{"line":223,"column":10},"end":{"line":223,"column":44}},"67":{"start":{"line":234,"column":19},"end":{"line":234,"column":37}},"68":{"start":{"line":235,"column":19},"end":{"line":235,"column":20}},"69":{"start":{"line":236,"column":2},"end":{"line":242,"column":3}},"70":{"start":{"line":237,"column":4},"end":{"line":241,"column":5}},"71":{"start":{"line":238,"column":6},"end":{"line":238,"column":36}},"72":{"start":{"line":240,"column":6},"end":{"line":240,"column":30}},"73":{"start":{"line":243,"column":2},"end":{"line":243,"column":36}},"74":{"start":{"line":248,"column":4},"end":{"line":248,"column":20}},"75":{"start":{"line":252,"column":4},"end":{"line":252,"column":17}},"76":{"start":{"line":256,"column":4},"end":{"line":256,"column":17}},"77":{"start":{"line":260,"column":4},"end":{"line":260,"column":22}}},"fnMap":{"0":{"name":"(anonymous_0)","decl":{"start":{"line":69,"column":2},"end":{"line":69,"column":3}},"loc":{"start":{"line":69,"column":18},"end":{"line":227,"column":3}},"line":69},"1":{"name":"getLineCodeBefore","decl":{"start":{"line":79,"column":13},"end":{"line":79,"column":30}},"loc":{"start":{"line":79,"column":37},"end":{"line":83,"column":5}},"line":79},"2":{"name":"checkIndent","decl":{"start":{"line":89,"column":13},"end":{"line":89,"column":24}},"loc":{"start":{"line":89,"column":45},"end":{"line":131,"column":5}},"line":89},"3":{"name":"(anonymous_3)","decl":{"start":{"line":122,"column":12},"end":{"line":122,"column":13}},"loc":{"start":{"line":122,"column":23},"end":{"line":127,"column":13}},"line":122},"4":{"name":"checkAttrsIndent","decl":{"start":{"line":136,"column":13},"end":{"line":136,"column":29}},"loc":{"start":{"line":136,"column":37},"end":{"line":138,"column":5}},"line":136},"5":{"name":"(anonymous_5)","decl":{"start":{"line":137,"column":20},"end":{"line":137,"column":21}},"loc":{"start":{"line":137,"column":30},"end":{"line":137,"column":47}},"line":137},"6":{"name":"checkEndOfStartTag","decl":{"start":{"line":143,"column":13},"end":{"line":143,"column":31}},"loc":{"start":{"line":143,"column":42},"end":{"line":164,"column":5}},"line":143},"7":{"name":"(anonymous_7)","decl":{"start":{"line":170,"column":6},"end":{"line":170,"column":7}},"loc":{"start":{"line":170,"column":16},"end":{"line":211,"column":7}},"line":170},"8":{"name":"(anonymous_8)","decl":{"start":{"line":185,"column":40},"end":{"line":185,"column":41}},"loc":{"start":{"line":185,"column":53},"end":{"line":192,"column":9}},"line":185},"9":{"name":"(anonymous_9)","decl":{"start":{"line":202,"column":33},"end":{"line":202,"column":34}},"loc":{"start":{"line":202,"column":47},"end":{"line":206,"column":11}},"line":202},"10":{"name":"(anonymous_10)","decl":{"start":{"line":212,"column":6},"end":{"line":212,"column":7}},"loc":{"start":{"line":212,"column":21},"end":{"line":225,"column":7}},"line":212},"11":{"name":"getIndentTypeAndSize","decl":{"start":{"line":230,"column":9},"end":{"line":230,"column":29}},"loc":{"start":{"line":230,"column":39},"end":{"line":244,"column":1}},"line":230},"12":{"name":"(anonymous_12)","decl":{"start":{"line":247,"column":2},"end":{"line":247,"column":3}},"loc":{"start":{"line":247,"column":16},"end":{"line":249,"column":3}},"line":247},"13":{"name":"(anonymous_13)","decl":{"start":{"line":251,"column":2},"end":{"line":251,"column":3}},"loc":{"start":{"line":251,"column":7},"end":{"line":253,"column":3}},"line":251},"14":{"name":"(anonymous_14)","decl":{"start":{"line":255,"column":2},"end":{"line":255,"column":3}},"loc":{"start":{"line":255,"column":9},"end":{"line":257,"column":3}},"line":255},"15":{"name":"(anonymous_15)","decl":{"start":{"line":259,"column":2},"end":{"line":259,"column":3}},"loc":{"start":{"line":259,"column":8},"end":{"line":261,"column":3}},"line":259}},"branchMap":{"0":{"loc":{"start":{"line":74,"column":6},"end":{"line":74,"column":71}},"type":"cond-expr","locations":[{"start":{"line":74,"column":42},"end":{"line":74,"column":64}},{"start":{"line":74,"column":67},"end":{"line":74,"column":71}}],"line":74},"1":{"loc":{"start":{"line":91,"column":6},"end":{"line":130,"column":7}},"type":"if","locations":[{"start":{"line":91,"column":6},"end":{"line":130,"column":7}},{"start":{"line":91,"column":6},"end":{"line":130,"column":7}}],"line":91},"2":{"loc":{"start":{"line":94,"column":8},"end":{"line":129,"column":9}},"type":"if","locations":[{"start":{"line":94,"column":8},"end":{"line":129,"column":9}},{"start":{"line":94,"column":8},"end":{"line":129,"column":9}}],"line":94},"3":{"loc":{"start":{"line":96,"column":12},"end":{"line":96,"column":74}},"type":"cond-expr","locations":[{"start":{"line":96,"column":48},"end":{"line":96,"column":66}},{"start":{"line":96,"column":69},"end":{"line":96,"column":74}}],"line":96},"4":{"loc":{"start":{"line":98,"column":30},"end":{"line":98,"column":59}},"type":"binary-expr","locations":[{"start":{"line":98,"column":30},"end":{"line":98,"column":53}},{"start":{"line":98,"column":57},"end":{"line":98,"column":59}}],"line":98},"5":{"loc":{"start":{"line":99,"column":32},"end":{"line":99,"column":70}},"type":"binary-expr","locations":[{"start":{"line":99,"column":32},"end":{"line":99,"column":64}},{"start":{"line":99,"column":68},"end":{"line":99,"column":70}}],"line":99},"6":{"loc":{"start":{"line":103,"column":10},"end":{"line":105,"column":11}},"type":"if","locations":[{"start":{"line":103,"column":10},"end":{"line":105,"column":11}},{"start":{"line":103,"column":10},"end":{"line":105,"column":11}}],"line":103},"7":{"loc":{"start":{"line":103,"column":14},"end":{"line":103,"column":42}},"type":"binary-expr","locations":[{"start":{"line":103,"column":14},"end":{"line":103,"column":25}},{"start":{"line":103,"column":29},"end":{"line":103,"column":42}}],"line":103},"8":{"loc":{"start":{"line":106,"column":10},"end":{"line":108,"column":11}},"type":"if","locations":[{"start":{"line":106,"column":10},"end":{"line":108,"column":11}},{"start":{"line":106,"column":10},"end":{"line":108,"column":11}}],"line":106},"9":{"loc":{"start":{"line":109,"column":10},"end":{"line":113,"column":11}},"type":"if","locations":[{"start":{"line":109,"column":10},"end":{"line":113,"column":11}},{"start":{"line":109,"column":10},"end":{"line":113,"column":11}}],"line":109},"10":{"loc":{"start":{"line":110,"column":25},"end":{"line":110,"column":50}},"type":"cond-expr","locations":[{"start":{"line":110,"column":41},"end":{"line":110,"column":45}},{"start":{"line":110,"column":48},"end":{"line":110,"column":50}}],"line":110},"11":{"loc":{"start":{"line":116,"column":18},"end":{"line":116,"column":38}},"type":"binary-expr","locations":[{"start":{"line":116,"column":18},"end":{"line":116,"column":30}},{"start":{"line":116,"column":34},"end":{"line":116,"column":38}}],"line":116},"12":{"loc":{"start":{"line":171,"column":8},"end":{"line":174,"column":9}},"type":"if","locations":[{"start":{"line":171,"column":8},"end":{"line":174,"column":9}},{"start":{"line":171,"column":8},"end":{"line":174,"column":9}}],"line":171},"13":{"loc":{"start":{"line":175,"column":8},"end":{"line":177,"column":9}},"type":"if","locations":[{"start":{"line":175,"column":8},"end":{"line":177,"column":9}},{"start":{"line":175,"column":8},"end":{"line":177,"column":9}}],"line":175},"14":{"loc":{"start":{"line":181,"column":8},"end":{"line":183,"column":9}},"type":"if","locations":[{"start":{"line":181,"column":8},"end":{"line":183,"column":9}},{"start":{"line":181,"column":8},"end":{"line":183,"column":9}}],"line":181},"15":{"loc":{"start":{"line":185,"column":9},"end":{"line":185,"column":30}},"type":"binary-expr","locations":[{"start":{"line":185,"column":9},"end":{"line":185,"column":24}},{"start":{"line":185,"column":28},"end":{"line":185,"column":30}}],"line":185},"16":{"loc":{"start":{"line":186,"column":10},"end":{"line":188,"column":11}},"type":"if","locations":[{"start":{"line":186,"column":10},"end":{"line":188,"column":11}},{"start":{"line":186,"column":10},"end":{"line":188,"column":11}}],"line":186},"17":{"loc":{"start":{"line":189,"column":10},"end":{"line":191,"column":11}},"type":"if","locations":[{"start":{"line":189,"column":10},"end":{"line":191,"column":11}},{"start":{"line":189,"column":10},"end":{"line":191,"column":11}}],"line":189},"18":{"loc":{"start":{"line":194,"column":8},"end":{"line":210,"column":9}},"type":"if","locations":[{"start":{"line":194,"column":8},"end":{"line":210,"column":9}},{"start":{"line":194,"column":8},"end":{"line":210,"column":9}}],"line":194},"19":{"loc":{"start":{"line":195,"column":10},"end":{"line":197,"column":31}},"type":"binary-expr","locations":[{"start":{"line":195,"column":11},"end":{"line":195,"column":37}},{"start":{"line":195,"column":41},"end":{"line":195,"column":70}},{"start":{"line":196,"column":10},"end":{"line":196,"column":24}},{"start":{"line":197,"column":10},"end":{"line":197,"column":31}}],"line":195},"20":{"loc":{"start":{"line":199,"column":10},"end":{"line":201,"column":11}},"type":"if","locations":[{"start":{"line":199,"column":10},"end":{"line":201,"column":11}},{"start":{"line":199,"column":10},"end":{"line":201,"column":11}}],"line":199},"21":{"loc":{"start":{"line":203,"column":12},"end":{"line":205,"column":13}},"type":"if","locations":[{"start":{"line":203,"column":12},"end":{"line":205,"column":13}},{"start":{"line":203,"column":12},"end":{"line":205,"column":13}}],"line":203},"22":{"loc":{"start":{"line":207,"column":10},"end":{"line":209,"column":11}},"type":"if","locations":[{"start":{"line":207,"column":10},"end":{"line":209,"column":11}},{"start":{"line":207,"column":10},"end":{"line":209,"column":11}}],"line":207},"23":{"loc":{"start":{"line":213,"column":8},"end":{"line":216,"column":9}},"type":"if","locations":[{"start":{"line":213,"column":8},"end":{"line":216,"column":9}},{"start":{"line":213,"column":8},"end":{"line":216,"column":9}}],"line":213},"24":{"loc":{"start":{"line":217,"column":8},"end":{"line":219,"column":9}},"type":"if","locations":[{"start":{"line":217,"column":8},"end":{"line":219,"column":9}},{"start":{"line":217,"column":8},"end":{"line":219,"column":9}}],"line":217},"25":{"loc":{"start":{"line":222,"column":8},"end":{"line":224,"column":9}},"type":"if","locations":[{"start":{"line":222,"column":8},"end":{"line":224,"column":9}},{"start":{"line":222,"column":8},"end":{"line":224,"column":9}}],"line":222},"26":{"loc":{"start":{"line":236,"column":2},"end":{"line":242,"column":3}},"type":"if","locations":[{"start":{"line":236,"column":2},"end":{"line":242,"column":3}},{"start":{"line":236,"column":2},"end":{"line":242,"column":3}}],"line":236},"27":{"loc":{"start":{"line":237,"column":4},"end":{"line":241,"column":5}},"type":"if","locations":[{"start":{"line":237,"column":4},"end":{"line":241,"column":5}},{"start":{"line":237,"column":4},"end":{"line":241,"column":5}}],"line":237}},"s":{"0":3,"1":3,"2":3,"3":3,"4":3,"5":3,"6":61,"7":61,"8":61,"9":61,"10":667,"11":667,"12":667,"13":412,"14":412,"15":412,"16":87,"17":87,"18":87,"19":87,"20":87,"21":69,"22":87,"23":3,"24":87,"25":18,"26":87,"27":87,"28":179,"29":42,"30":188,"31":188,"32":188,"33":188,"34":188,"35":188,"36":61,"37":61,"38":539,"39":13,"40":13,"41":526,"42":26,"43":500,"44":500,"45":179,"46":500,"47":452,"48":201,"49":452,"50":200,"51":500,"52":258,"53":249,"54":258,"55":587,"56":36,"57":258,"58":249,"59":539,"60":13,"61":13,"62":526,"63":26,"64":500,"65":500,"66":188,"67":61,"68":61,"69":61,"70":6,"71":5,"72":1,"73":61,"74":61,"75":749,"76":749,"77":412},"f":{"0":61,"1":667,"2":667,"3":87,"4":179,"5":42,"6":188,"7":539,"8":452,"9":587,"10":539,"11":61,"12":61,"13":749,"14":749,"15":412},"b":{"0":[56,5],"1":[412,255],"2":[87,325],"3":[83,4],"4":[87,84],"5":[87,69],"6":[69,18],"7":[87,84],"8":[3,84],"9":[18,69],"10":[3,15],"11":[87,77],"12":[13,526],"13":[26,500],"14":[179,321],"15":[500,260],"16":[201,251],"17":[200,252],"18":[258,242],"19":[500,251,258,258],"20":[249,9],"21":[36,551],"22":[249,9],"23":[13,526],"24":[26,500],"25":[188,312],"26":[6,55],"27":[5,1]},"_coverageSchema":"1a1c01bbd47fc00a2c39e90264f33305004495a9","hash":"3b7b773e4c80a9fd4be706bdc137e0740e1a2be8"}
,"/Users/fabianrios/Workspace/metalshub/html-eslint/packages/eslint-plugin/lib/rules/index.js": {"path":"/Users/fabianrios/Workspace/metalshub/html-eslint/packages/eslint-plugin/lib/rules/index.js","statementMap":{"0":{"start":{"line":1,"column":20},"end":{"line":1,"column":45}},"1":{"start":{"line":2,"column":22},"end":{"line":2,"column":50}},"2":{"start":{"line":3,"column":23},"end":{"line":3,"column":51}},"3":{"start":{"line":4,"column":21},"end":{"line":4,"column":47}},"4":{"start":{"line":5,"column":22},"end":{"line":5,"column":50}},"5":{"start":{"line":6,"column":23},"end":{"line":6,"column":52}},"6":{"start":{"line":7,"column":21},"end":{"line":7,"column":48}},"7":{"start":{"line":8,"column":28},"end":{"line":8,"column":63}},"8":{"start":{"line":9,"column":23},"end":{"line":9,"column":51}},"9":{"start":{"line":10,"column":28},"end":{"line":10,"column":63}},"10":{"start":{"line":11,"column":15},"end":{"line":11,"column":34}},"11":{"start":{"line":12,"column":27},"end":{"line":12,"column":60}},"12":{"start":{"line":13,"column":15},"end":{"line":13,"column":34}},"13":{"start":{"line":14,"column":27},"end":{"line":14,"column":60}},"14":{"start":{"line":15,"column":23},"end":{"line":15,"column":52}},"15":{"start":{"line":16,"column":27},"end":{"line":16,"column":60}},"16":{"start":{"line":17,"column":31},"end":{"line":17,"column":68}},"17":{"start":{"line":18,"column":26},"end":{"line":18,"column":58}},"18":{"start":{"line":19,"column":30},"end":{"line":19,"column":67}},"19":{"start":{"line":20,"column":27},"end":{"line":20,"column":60}},"20":{"start":{"line":21,"column":28},"end":{"line":21,"column":62}},"21":{"start":{"line":22,"column":27},"end":{"line":22,"column":60}},"22":{"start":{"line":23,"column":22},"end":{"line":23,"column":50}},"23":{"start":{"line":24,"column":25},"end":{"line":24,"column":56}},"24":{"start":{"line":25,"column":23},"end":{"line":25,"column":52}},"25":{"start":{"line":26,"column":24},"end":{"line":26,"column":54}},"26":{"start":{"line":27,"column":26},"end":{"line":27,"column":58}},"27":{"start":{"line":28,"column":25},"end":{"line":28,"column":57}},"28":{"start":{"line":29,"column":29},"end":{"line":29,"column":65}},"29":{"start":{"line":30,"column":25},"end":{"line":30,"column":56}},"30":{"start":{"line":32,"column":0},"end":{"line":63,"column":2}}},"fnMap":{},"branchMap":{},"s":{"0":2,"1":2,"2":2,"3":2,"4":2,"5":2,"6":2,"7":2,"8":2,"9":2,"10":2,"11":2,"12":2,"13":2,"14":2,"15":2,"16":2,"17":2,"18":2,"19":2,"20":2,"21":2,"22":2,"23":2,"24":2,"25":2,"26":2,"27":2,"28":2,"29":2,"30":2},"f":{},"b":{},"_coverageSchema":"1a1c01bbd47fc00a2c39e90264f33305004495a9","hash":"31c5830dcbf5ebaec3b9b25036d871d59e7f424d"}
,"/Users/fabianrios/Workspace/metalshub/html-eslint/packages/eslint-plugin/lib/rules/no-abstract-roles.js": {"path":"/Users/fabianrios/Workspace/metalshub/html-eslint/packages/eslint-plugin/lib/rules/no-abstract-roles.js","statementMap":{"0":{"start":{"line":5,"column":26},"end":{"line":5,"column":49}},"1":{"start":{"line":6,"column":22},"end":{"line":6,"column":40}},"2":{"start":{"line":8,"column":20},"end":{"line":10,"column":1}},"3":{"start":{"line":12,"column":26},"end":{"line":25,"column":2}},"4":{"start":{"line":30,"column":0},"end":{"line":62,"column":2}},"5":{"start":{"line":48,"column":4},"end":{"line":60,"column":6}},"6":{"start":{"line":50,"column":25},"end":{"line":50,"column":57}},"7":{"start":{"line":51,"column":8},"end":{"line":58,"column":9}},"8":{"start":{"line":52,"column":10},"end":{"line":57,"column":11}},"9":{"start":{"line":53,"column":12},"end":{"line":56,"column":15}}},"fnMap":{"0":{"name":"(anonymous_0)","decl":{"start":{"line":47,"column":2},"end":{"line":47,"column":3}},"loc":{"start":{"line":47,"column":18},"end":{"line":61,"column":3}},"line":47},"1":{"name":"(anonymous_1)","decl":{"start":{"line":49,"column":6},"end":{"line":49,"column":7}},"loc":{"start":{"line":49,"column":16},"end":{"line":59,"column":7}},"line":49}},"branchMap":{"0":{"loc":{"start":{"line":51,"column":8},"end":{"line":58,"column":9}},"type":"if","locations":[{"start":{"line":51,"column":8},"end":{"line":58,"column":9}},{"start":{"line":51,"column":8},"end":{"line":58,"column":9}}],"line":51},"1":{"loc":{"start":{"line":52,"column":10},"end":{"line":57,"column":11}},"type":"if","locations":[{"start":{"line":52,"column":10},"end":{"line":57,"column":11}},{"start":{"line":52,"column":10},"end":{"line":57,"column":11}}],"line":52}},"s":{"0":3,"1":3,"2":3,"3":3,"4":3,"5":2,"6":5,"7":5,"8":2,"9":1},"f":{"0":2,"1":5},"b":{"0":[2,3],"1":[1,1]},"_coverageSchema":"1a1c01bbd47fc00a2c39e90264f33305004495a9","hash":"107618db7f896a9b1cc398b5980c469168597d5f"}
,"/Users/fabianrios/Workspace/metalshub/html-eslint/packages/eslint-plugin/lib/rules/no-accesskey-attrs.js": {"path":"/Users/fabianrios/Workspace/metalshub/html-eslint/packages/eslint-plugin/lib/rules/no-accesskey-attrs.js","statementMap":{"0":{"start":{"line":5,"column":26},"end":{"line":5,"column":49}},"1":{"start":{"line":6,"column":22},"end":{"line":6,"column":40}},"2":{"start":{"line":8,"column":20},"end":{"line":10,"column":1}},"3":{"start":{"line":15,"column":0},"end":{"line":45,"column":2}},"4":{"start":{"line":33,"column":4},"end":{"line":43,"column":6}},"5":{"start":{"line":35,"column":30},"end":{"line":35,"column":67}},"6":{"start":{"line":36,"column":8},"end":{"line":41,"column":9}},"7":{"start":{"line":37,"column":10},"end":{"line":40,"column":13}}},"fnMap":{"0":{"name":"(anonymous_0)","decl":{"start":{"line":32,"column":2},"end":{"line":32,"column":3}},"loc":{"start":{"line":32,"column":18},"end":{"line":44,"column":3}},"line":32},"1":{"name":"(anonymous_1)","decl":{"start":{"line":34,"column":6},"end":{"line":34,"column":7}},"loc":{"start":{"line":34,"column":16},"end":{"line":42,"column":7}},"line":34}},"branchMap":{"0":{"loc":{"start":{"line":36,"column":8},"end":{"line":41,"column":9}},"type":"if","locations":[{"start":{"line":36,"column":8},"end":{"line":41,"column":9}},{"start":{"line":36,"column":8},"end":{"line":41,"column":9}}],"line":36}},"s":{"0":3,"1":3,"2":3,"3":3,"4":2,"5":4,"6":4,"7":1},"f":{"0":2,"1":4},"b":{"0":[1,3]},"_coverageSchema":"1a1c01bbd47fc00a2c39e90264f33305004495a9","hash":"cb67673df49a49e526d12b5d41735a636a619cc9"}
,"/Users/fabianrios/Workspace/metalshub/html-eslint/packages/eslint-plugin/lib/rules/no-aria-hidden-body.js": {"path":"/Users/fabianrios/Workspace/metalshub/html-eslint/packages/eslint-plugin/lib/rules/no-aria-hidden-body.js","statementMap":{"0":{"start":{"line":5,"column":26},"end":{"line":5,"column":49}},"1":{"start":{"line":6,"column":22},"end":{"line":6,"column":40}},"2":{"start":{"line":8,"column":20},"end":{"line":10,"column":1}},"3":{"start":{"line":15,"column":0},"end":{"line":46,"column":2}},"4":{"start":{"line":34,"column":4},"end":{"line":44,"column":6}},"5":{"start":{"line":36,"column":31},"end":{"line":36,"column":70}},"6":{"start":{"line":37,"column":8},"end":{"line":42,"column":9}},"7":{"start":{"line":38,"column":10},"end":{"line":41,"column":13}}},"fnMap":{"0":{"name":"(anonymous_0)","decl":{"start":{"line":33,"column":2},"end":{"line":33,"column":3}},"loc":{"start":{"line":33,"column":18},"end":{"line":45,"column":3}},"line":33},"1":{"name":"(anonymous_1)","decl":{"start":{"line":35,"column":6},"end":{"line":35,"column":7}},"loc":{"start":{"line":35,"column":17},"end":{"line":43,"column":7}},"line":35}},"branchMap":{"0":{"loc":{"start":{"line":37,"column":8},"end":{"line":42,"column":9}},"type":"if","locations":[{"start":{"line":37,"column":8},"end":{"line":42,"column":9}},{"start":{"line":37,"column":8},"end":{"line":42,"column":9}}],"line":37},"1":{"loc":{"start":{"line":37,"column":12},"end":{"line":37,"column":62}},"type":"binary-expr","locations":[{"start":{"line":37,"column":12},"end":{"line":37,"column":26}},{"start":{"line":37,"column":30},"end":{"line":37,"column":62}}],"line":37}},"s":{"0":3,"1":3,"2":3,"3":3,"4":5,"5":4,"6":4,"7":2},"f":{"0":5,"1":4},"b":{"0":[2,2],"1":[4,3]},"_coverageSchema":"1a1c01bbd47fc00a2c39e90264f33305004495a9","hash":"0cdc15e58f2152e1663bbb9b698567836d672a32"}
,"/Users/fabianrios/Workspace/metalshub/html-eslint/packages/eslint-plugin/lib/rules/no-duplicate-attrs.js": {"path":"/Users/fabianrios/Workspace/metalshub/html-eslint/packages/eslint-plugin/lib/rules/no-duplicate-attrs.js","statementMap":{"0":{"start":{"line":5,"column":26},"end":{"line":5,"column":49}},"1":{"start":{"line":7,"column":20},"end":{"line":9,"column":1}},"2":{"start":{"line":14,"column":0},"end":{"line":54,"column":2}},"3":{"start":{"line":33,"column":4},"end":{"line":52,"column":6}},"4":{"start":{"line":35,"column":8},"end":{"line":50,"column":9}},"5":{"start":{"line":36,"column":27},"end":{"line":36,"column":36}},"6":{"start":{"line":37,"column":10},"end":{"line":49,"column":13}},"7":{"start":{"line":38,"column":12},"end":{"line":48,"column":13}},"8":{"start":{"line":39,"column":14},"end":{"line":45,"column":17}},"9":{"start":{"line":47,"column":14},"end":{"line":47,"column":38}}},"fnMap":{"0":{"name":"(anonymous_0)","decl":{"start":{"line":32,"column":2},"end":{"line":32,"column":3}},"loc":{"start":{"line":32,"column":18},"end":{"line":53,"column":3}},"line":32},"1":{"name":"(anonymous_1)","decl":{"start":{"line":34,"column":6},"end":{"line":34,"column":7}},"loc":{"start":{"line":34,"column":16},"end":{"line":51,"column":7}},"line":34},"2":{"name":"(anonymous_2)","decl":{"start":{"line":37,"column":29},"end":{"line":37,"column":30}},"loc":{"start":{"line":37,"column":39},"end":{"line":49,"column":11}},"line":37}},"branchMap":{"0":{"loc":{"start":{"line":35,"column":8},"end":{"line":50,"column":9}},"type":"if","locations":[{"start":{"line":35,"column":8},"end":{"line":50,"column":9}},{"start":{"line":35,"column":8},"end":{"line":50,"column":9}}],"line":35},"1":{"loc":{"start":{"line":38,"column":12},"end":{"line":48,"column":13}},"type":"if","locations":[{"start":{"line":38,"column":12},"end":{"line":48,"column":13}},{"start":{"line":38,"column":12},"end":{"line":48,"column":13}}],"line":38}},"s":{"0":3,"1":3,"2":3,"3":7,"4":30,"5":10,"6":10,"7":16,"8":4,"9":12},"f":{"0":7,"1":30,"2":16},"b":{"0":[10,20],"1":[4,12]},"_coverageSchema":"1a1c01bbd47fc00a2c39e90264f33305004495a9","hash":"3b0b58d631ac401ee7a593ec0605f8415a98eb43"}
,"/Users/fabianrios/Workspace/metalshub/html-eslint/packages/eslint-plugin/lib/rules/no-duplicate-id.js": {"path":"/Users/fabianrios/Workspace/metalshub/html-eslint/packages/eslint-plugin/lib/rules/no-duplicate-id.js","statementMap":{"0":{"start":{"line":5,"column":26},"end":{"line":5,"column":49}},"1":{"start":{"line":6,"column":22},"end":{"line":6,"column":40}},"2":{"start":{"line":8,"column":20},"end":{"line":10,"column":1}},"3":{"start":{"line":15,"column":0},"end":{"line":60,"column":2}},"4":{"start":{"line":33,"column":23},"end":{"line":33,"column":32}},"5":{"start":{"line":34,"column":4},"end":{"line":58,"column":6}},"6":{"start":{"line":36,"column":23},"end":{"line":36,"column":53}},"7":{"start":{"line":37,"column":8},"end":{"line":43,"column":9}},"8":{"start":{"line":38,"column":10},"end":{"line":40,"column":11}},"9":{"start":{"line":39,"column":12},"end":{"line":39,"column":45}},"10":{"start":{"line":41,"column":24},"end":{"line":41,"column":52}},"11":{"start":{"line":42,"column":10},"end":{"line":42,"column":29}},"12":{"start":{"line":46,"column":8},"end":{"line":56,"column":11}},"13":{"start":{"line":47,"column":10},"end":{"line":55,"column":11}},"14":{"start":{"line":48,"column":12},"end":{"line":54,"column":15}},"15":{"start":{"line":49,"column":14},"end":{"line":53,"column":17}}},"fnMap":{"0":{"name":"(anonymous_0)","decl":{"start":{"line":32,"column":2},"end":{"line":32,"column":3}},"loc":{"start":{"line":32,"column":18},"end":{"line":59,"column":3}},"line":32},"1":{"name":"(anonymous_1)","decl":{"start":{"line":35,"column":6},"end":{"line":35,"column":7}},"loc":{"start":{"line":35,"column":16},"end":{"line":44,"column":7}},"line":35},"2":{"name":"(anonymous_2)","decl":{"start":{"line":45,"column":6},"end":{"line":45,"column":7}},"loc":{"start":{"line":45,"column":23},"end":{"line":57,"column":7}},"line":45},"3":{"name":"(anonymous_3)","decl":{"start":{"line":46,"column":27},"end":{"line":46,"column":28}},"loc":{"start":{"line":46,"column":38},"end":{"line":56,"column":9}},"line":46},"4":{"name":"(anonymous_4)","decl":{"start":{"line":48,"column":26},"end":{"line":48,"column":27}},"loc":{"start":{"line":48,"column":36},"end":{"line":54,"column":13}},"line":48}},"branchMap":{"0":{"loc":{"start":{"line":37,"column":8},"end":{"line":43,"column":9}},"type":"if","locations":[{"start":{"line":37,"column":8},"end":{"line":43,"column":9}},{"start":{"line":37,"column":8},"end":{"line":43,"column":9}}],"line":37},"1":{"loc":{"start":{"line":38,"column":10},"end":{"line":40,"column":11}},"type":"if","locations":[{"start":{"line":38,"column":10},"end":{"line":40,"column":11}},{"start":{"line":38,"column":10},"end":{"line":40,"column":11}}],"line":38},"2":{"loc":{"start":{"line":47,"column":10},"end":{"line":55,"column":11}},"type":"if","locations":[{"start":{"line":47,"column":10},"end":{"line":55,"column":11}},{"start":{"line":47,"column":10},"end":{"line":55,"column":11}}],"line":47},"3":{"loc":{"start":{"line":47,"column":14},"end":{"line":47,"column":54}},"type":"binary-expr","locations":[{"start":{"line":47,"column":14},"end":{"line":47,"column":34}},{"start":{"line":47,"column":38},"end":{"line":47,"column":54}}],"line":47}},"s":{"0":3,"1":3,"2":3,"3":3,"4":3,"5":3,"6":24,"7":24,"8":6,"9":4,"10":6,"11":6,"12":3,"13":4,"14":2,"15":4},"f":{"0":3,"1":24,"2":3,"3":4,"4":4},"b":{"0":[6,18],"1":[4,2],"2":[2,2],"3":[4,4]},"_coverageSchema":"1a1c01bbd47fc00a2c39e90264f33305004495a9","hash":"07971896e643415ff1da536f135f9708d1960605"}
,"/Users/fabianrios/Workspace/metalshub/html-eslint/packages/eslint-plugin/lib/rules/no-extra-spacing-attrs.js": {"path":"/Users/fabianrios/Workspace/metalshub/html-eslint/packages/eslint-plugin/lib/rules/no-extra-spacing-attrs.js","statementMap":{"0":{"start":{"line":8,"column":26},"end":{"line":8,"column":49}},"1":{"start":{"line":10,"column":20},"end":{"line":14,"column":1}},"2":{"start":{"line":19,"column":0},"end":{"line":137,"column":2}},"3":{"start":{"line":42,"column":6},"end":{"line":64,"column":9}},"4":{"start":{"line":43,"column":8},"end":{"line":45,"column":9}},"5":{"start":{"line":44,"column":10},"end":{"line":44,"column":17}},"6":{"start":{"line":46,"column":22},"end":{"line":46,"column":38}},"7":{"start":{"line":47,"column":8},"end":{"line":50,"column":9}},"8":{"start":{"line":49,"column":10},"end":{"line":49,"column":17}},"9":{"start":{"line":51,"column":30},"end":{"line":51,"column":77}},"10":{"start":{"line":52,"column":8},"end":{"line":63,"column":9}},"11":{"start":{"line":53,"column":10},"end":{"line":62,"column":13}},"12":{"start":{"line":60,"column":14},"end":{"line":60,"column":79}},"13":{"start":{"line":71,"column":6},"end":{"line":74,"column":7}},"14":{"start":{"line":73,"column":8},"end":{"line":73,"column":15}},"15":{"start":{"line":75,"column":28},"end":{"line":75,"column":77}},"16":{"start":{"line":76,"column":6},"end":{"line":90,"column":7}},"17":{"start":{"line":77,"column":8},"end":{"line":89,"column":11}},"18":{"start":{"line":84,"column":12},"end":{"line":87,"column":15}},"19":{"start":{"line":98,"column":6},"end":{"line":101,"column":7}},"20":{"start":{"line":100,"column":8},"end":{"line":100,"column":15}},"21":{"start":{"line":102,"column":25},"end":{"line":102,"column":44}},"22":{"start":{"line":104,"column":8},"end":{"line":104,"column":73}},"23":{"start":{"line":105,"column":6},"end":{"line":119,"column":7}},"24":{"start":{"line":106,"column":8},"end":{"line":118,"column":11}},"25":{"start":{"line":113,"column":12},"end":{"line":116,"column":15}},"26":{"start":{"line":122,"column":4},"end":{"line":135,"column":6}},"27":{"start":{"line":124,"column":8},"end":{"line":126,"column":9}},"28":{"start":{"line":125,"column":10},"end":{"line":125,"column":53}},"29":{"start":{"line":127,"column":8},"end":{"line":132,"column":9}},"30":{"start":{"line":128,"column":10},"end":{"line":131,"column":12}},"31":{"start":{"line":133,"column":8},"end":{"line":133,"column":55}}},"fnMap":{"0":{"name":"(anonymous_0)","decl":{"start":{"line":37,"column":2},"end":{"line":37,"column":3}},"loc":{"start":{"line":37,"column":18},"end":{"line":136,"column":3}},"line":37},"1":{"name":"checkExtraSpacesBetweenAttrs","decl":{"start":{"line":41,"column":13},"end":{"line":41,"column":41}},"loc":{"start":{"line":41,"column":49},"end":{"line":65,"column":5}},"line":41},"2":{"name":"(anonymous_2)","decl":{"start":{"line":42,"column":20},"end":{"line":42,"column":21}},"loc":{"start":{"line":42,"column":47},"end":{"line":64,"column":7}},"line":42},"3":{"name":"(anonymous_3)","decl":{"start":{"line":59,"column":12},"end":{"line":59,"column":13}},"loc":{"start":{"line":59,"column":23},"end":{"line":61,"column":13}},"line":59},"4":{"name":"checkExtraSpaceAfter","decl":{"start":{"line":70,"column":13},"end":{"line":70,"column":33}},"loc":{"start":{"line":70,"column":54},"end":{"line":91,"column":5}},"line":70},"5":{"name":"(anonymous_5)","decl":{"start":{"line":83,"column":10},"end":{"line":83,"column":11}},"loc":{"start":{"line":83,"column":21},"end":{"line":88,"column":11}},"line":83},"6":{"name":"checkExtraSpaceBefore","decl":{"start":{"line":97,"column":13},"end":{"line":97,"column":34}},"loc":{"start":{"line":97,"column":52},"end":{"line":120,"column":5}},"line":97},"7":{"name":"(anonymous_7)","decl":{"start":{"line":112,"column":10},"end":{"line":112,"column":11}},"loc":{"start":{"line":112,"column":21},"end":{"line":117,"column":11}},"line":112},"8":{"name":"(anonymous_8)","decl":{"start":{"line":123,"column":6},"end":{"line":123,"column":7}},"loc":{"start":{"line":123,"column":16},"end":{"line":134,"column":7}},"line":123}},"branchMap":{"0":{"loc":{"start":{"line":43,"column":8},"end":{"line":45,"column":9}},"type":"if","locations":[{"start":{"line":43,"column":8},"end":{"line":45,"column":9}},{"start":{"line":43,"column":8},"end":{"line":45,"column":9}}],"line":43},"1":{"loc":{"start":{"line":47,"column":8},"end":{"line":50,"column":9}},"type":"if","locations":[{"start":{"line":47,"column":8},"end":{"line":50,"column":9}},{"start":{"line":47,"column":8},"end":{"line":50,"column":9}}],"line":47},"2":{"loc":{"start":{"line":52,"column":8},"end":{"line":63,"column":9}},"type":"if","locations":[{"start":{"line":52,"column":8},"end":{"line":63,"column":9}},{"start":{"line":52,"column":8},"end":{"line":63,"column":9}}],"line":52},"3":{"loc":{"start":{"line":71,"column":6},"end":{"line":74,"column":7}},"type":"if","locations":[{"start":{"line":71,"column":6},"end":{"line":74,"column":7}},{"start":{"line":71,"column":6},"end":{"line":74,"column":7}}],"line":71},"4":{"loc":{"start":{"line":76,"column":6},"end":{"line":90,"column":7}},"type":"if","locations":[{"start":{"line":76,"column":6},"end":{"line":90,"column":7}},{"start":{"line":76,"column":6},"end":{"line":90,"column":7}}],"line":76},"5":{"loc":{"start":{"line":98,"column":6},"end":{"line":101,"column":7}},"type":"if","locations":[{"start":{"line":98,"column":6},"end":{"line":101,"column":7}},{"start":{"line":98,"column":6},"end":{"line":101,"column":7}}],"line":98},"6":{"loc":{"start":{"line":105,"column":6},"end":{"line":119,"column":7}},"type":"if","locations":[{"start":{"line":105,"column":6},"end":{"line":119,"column":7}},{"start":{"line":105,"column":6},"end":{"line":119,"column":7}}],"line":105},"7":{"loc":{"start":{"line":124,"column":8},"end":{"line":126,"column":9}},"type":"if","locations":[{"start":{"line":124,"column":8},"end":{"line":126,"column":9}},{"start":{"line":124,"column":8},"end":{"line":126,"column":9}}],"line":124},"8":{"loc":{"start":{"line":124,"column":12},"end":{"line":124,"column":47}},"type":"binary-expr","locations":[{"start":{"line":124,"column":12},"end":{"line":124,"column":22}},{"start":{"line":124,"column":26},"end":{"line":124,"column":47}}],"line":124},"9":{"loc":{"start":{"line":127,"column":8},"end":{"line":132,"column":9}},"type":"if","locations":[{"start":{"line":127,"column":8},"end":{"line":132,"column":9}},{"start":{"line":127,"column":8},"end":{"line":132,"column":9}}],"line":127},"10":{"loc":{"start":{"line":127,"column":12},"end":{"line":127,"column":64}},"type":"binary-expr","locations":[{"start":{"line":127,"column":12},"end":{"line":127,"column":25}},{"start":{"line":127,"column":29},"end":{"line":127,"column":39}},{"start":{"line":127,"column":43},"end":{"line":127,"column":64}}],"line":127},"11":{"loc":{"start":{"line":133,"column":37},"end":{"line":133,"column":53}},"type":"binary-expr","locations":[{"start":{"line":133,"column":37},"end":{"line":133,"column":47}},{"start":{"line":133,"column":51},"end":{"line":133,"column":53}}],"line":133}},"s":{"0":3,"1":3,"2":3,"3":66,"4":28,"5":11,"6":17,"7":17,"8":2,"9":15,"10":15,"11":5,"12":5,"13":11,"14":1,"15":10,"16":10,"17":2,"18":2,"19":11,"20":1,"21":10,"22":10,"23":10,"24":1,"25":1,"26":11,"27":66,"28":11,"29":66,"30":11,"31":66},"f":{"0":11,"1":66,"2":28,"3":5,"4":11,"5":2,"6":11,"7":1,"8":66},"b":{"0":[11,17],"1":[2,15],"2":[5,10],"3":[1,10],"4":[2,8],"5":[1,10],"6":[1,9],"7":[11,55],"8":[66,33],"9":[11,55],"10":[66,33,33],"11":[66,33]},"_coverageSchema":"1a1c01bbd47fc00a2c39e90264f33305004495a9","hash":"768b8d9e8fc84f9cdc15f54030444629063f5d4a"}
,"/Users/fabianrios/Workspace/metalshub/html-eslint/packages/eslint-plugin/lib/rules/no-inline-styles.js": {"path":"/Users/fabianrios/Workspace/metalshub/html-eslint/packages/eslint-plugin/lib/rules/no-inline-styles.js","statementMap":{"0":{"start":{"line":5,"column":26},"end":{"line":5,"column":49}},"1":{"start":{"line":6,"column":22},"end":{"line":6,"column":40}},"2":{"start":{"line":8,"column":20},"end":{"line":10,"column":1}},"3":{"start":{"line":15,"column":0},"end":{"line":44,"column":2}},"4":{"start":{"line":33,"column":4},"end":{"line":42,"column":6}},"5":{"start":{"line":35,"column":8},"end":{"line":40,"column":9}},"6":{"start":{"line":36,"column":10},"end":{"line":39,"column":13}}},"fnMap":{"0":{"name":"(anonymous_0)","decl":{"start":{"line":32,"column":2},"end":{"line":32,"column":3}},"loc":{"start":{"line":32,"column":18},"end":{"line":43,"column":3}},"line":32},"1":{"name":"(anonymous_1)","decl":{"start":{"line":34,"column":6},"end":{"line":34,"column":7}},"loc":{"start":{"line":34,"column":16},"end":{"line":41,"column":7}},"line":34}},"branchMap":{"0":{"loc":{"start":{"line":35,"column":8},"end":{"line":40,"column":9}},"type":"if","locations":[{"start":{"line":35,"column":8},"end":{"line":40,"column":9}},{"start":{"line":35,"column":8},"end":{"line":40,"column":9}}],"line":35}},"s":{"0":3,"1":3,"2":3,"3":3,"4":5,"5":34,"6":5},"f":{"0":5,"1":34},"b":{"0":[5,29]},"_coverageSchema":"1a1c01bbd47fc00a2c39e90264f33305004495a9","hash":"9e29b7d28ac7e680fa277011b316e8f8fc6e4dc4"}
,"/Users/fabianrios/Workspace/metalshub/html-eslint/packages/eslint-plugin/lib/rules/no-missing-attrs.js": {"path":"/Users/fabianrios/Workspace/metalshub/html-eslint/packages/eslint-plugin/lib/rules/no-missing-attrs.js","statementMap":{"0":{"start":{"line":5,"column":26},"end":{"line":5,"column":49}},"1":{"start":{"line":6,"column":22},"end":{"line":6,"column":40}},"2":{"start":{"line":8,"column":20},"end":{"line":10,"column":1}},"3":{"start":{"line":15,"column":0},"end":{"line":71,"column":2}},"4":{"start":{"line":45,"column":29},"end":{"line":45,"column":79}},"5":{"start":{"line":46,"column":4},"end":{"line":69,"column":6}},"6":{"start":{"line":48,"column":8},"end":{"line":67,"column":9}},"7":{"start":{"line":55,"column":40},"end":{"line":59,"column":11}},"8":{"start":{"line":57,"column":14},"end":{"line":57,"column":68}},"9":{"start":{"line":60,"column":10},"end":{"line":66,"column":11}},"10":{"start":{"line":61,"column":12},"end":{"line":65,"column":15}}},"fnMap":{"0":{"name":"(anonymous_0)","decl":{"start":{"line":44,"column":2},"end":{"line":44,"column":3}},"loc":{"start":{"line":44,"column":18},"end":{"line":70,"column":3}},"line":44},"1":{"name":"(anonymous_1)","decl":{"start":{"line":47,"column":6},"end":{"line":47,"column":7}},"loc":{"start":{"line":47,"column":16},"end":{"line":68,"column":7}},"line":47},"2":{"name":"(anonymous_2)","decl":{"start":{"line":56,"column":12},"end":{"line":56,"column":13}},"loc":{"start":{"line":56,"column":22},"end":{"line":58,"column":13}},"line":56}},"branchMap":{"0":{"loc":{"start":{"line":45,"column":29},"end":{"line":45,"column":79}},"type":"binary-expr","locations":[{"start":{"line":45,"column":29},"end":{"line":45,"column":47}},{"start":{"line":45,"column":51},"end":{"line":45,"column":79}}],"line":45},"1":{"loc":{"start":{"line":48,"column":8},"end":{"line":67,"column":9}},"type":"if","locations":[{"start":{"line":48,"column":8},"end":{"line":67,"column":9}},{"start":{"line":48,"column":8},"end":{"line":67,"column":9}}],"line":48},"2":{"loc":{"start":{"line":49,"column":10},"end":{"line":52,"column":42}},"type":"binary-expr","locations":[{"start":{"line":49,"column":10},"end":{"line":49,"column":36}},{"start":{"line":50,"column":10},"end":{"line":50,"column":27}},{"start":{"line":52,"column":10},"end":{"line":52,"column":42}}],"line":49},"3":{"loc":{"start":{"line":55,"column":41},"end":{"line":55,"column":64}},"type":"binary-expr","locations":[{"start":{"line":55,"column":41},"end":{"line":55,"column":58}},{"start":{"line":55,"column":62},"end":{"line":55,"column":64}}],"line":55},"4":{"loc":{"start":{"line":60,"column":10},"end":{"line":66,"column":11}},"type":"if","locations":[{"start":{"line":60,"column":10},"end":{"line":66,"column":11}},{"start":{"line":60,"column":10},"end":{"line":66,"column":11}}],"line":60}},"s":{"0":3,"1":3,"2":3,"3":3,"4":7,"5":7,"6":29,"7":7,"8":6,"9":7,"10":3},"f":{"0":7,"1":29,"2":6},"b":{"0":[7,0],"1":[7,22],"2":[29,12,7],"3":[7,0],"4":[3,4]},"_coverageSchema":"1a1c01bbd47fc00a2c39e90264f33305004495a9","hash":"9bf5f098e2b7546b75eb1aa4e9436f4906725b53"}
,"/Users/fabianrios/Workspace/metalshub/html-eslint/packages/eslint-plugin/lib/rules/no-multiple-empty-lines.js": {"path":"/Users/fabianrios/Workspace/metalshub/html-eslint/packages/eslint-plugin/lib/rules/no-multiple-empty-lines.js","statementMap":{"0":{"start":{"line":5,"column":26},"end":{"line":5,"column":49}},"1":{"start":{"line":7,"column":20},"end":{"line":9,"column":1}},"2":{"start":{"line":14,"column":0},"end":{"line":90,"column":2}},"3":{"start":{"line":44,"column":23},"end":{"line":44,"column":46}},"4":{"start":{"line":45,"column":18},"end":{"line":45,"column":34}},"5":{"start":{"line":46,"column":16},"end":{"line":46,"column":67}},"6":{"start":{"line":47,"column":4},"end":{"line":88,"column":6}},"7":{"start":{"line":50,"column":36},"end":{"line":50,"column":38}},"8":{"start":{"line":52,"column":8},"end":{"line":56,"column":11}},"9":{"start":{"line":53,"column":10},"end":{"line":55,"column":11}},"10":{"start":{"line":54,"column":12},"end":{"line":54,"column":48}},"11":{"start":{"line":58,"column":8},"end":{"line":86,"column":11}},"12":{"start":{"line":59,"column":25},"end":{"line":59,"column":39}},"13":{"start":{"line":60,"column":10},"end":{"line":85,"column":11}},"14":{"start":{"line":61,"column":12},"end":{"line":84,"column":13}},"15":{"start":{"line":62,"column":14},"end":{"line":83,"column":17}},"16":{"start":{"line":73,"column":32},"end":{"line":76,"column":20}},"17":{"start":{"line":77,"column":30},"end":{"line":80,"column":20}},"18":{"start":{"line":81,"column":18},"end":{"line":81,"column":57}}},"fnMap":{"0":{"name":"(anonymous_0)","decl":{"start":{"line":43,"column":2},"end":{"line":43,"column":3}},"loc":{"start":{"line":43,"column":18},"end":{"line":89,"column":3}},"line":43},"1":{"name":"(anonymous_1)","decl":{"start":{"line":48,"column":6},"end":{"line":48,"column":7}},"loc":{"start":{"line":48,"column":27},"end":{"line":87,"column":7}},"line":48},"2":{"name":"(anonymous_2)","decl":{"start":{"line":52,"column":22},"end":{"line":52,"column":23}},"loc":{"start":{"line":52,"column":39},"end":{"line":56,"column":9}},"line":52},"3":{"name":"(anonymous_3)","decl":{"start":{"line":58,"column":36},"end":{"line":58,"column":37}},"loc":{"start":{"line":58,"column":61},"end":{"line":86,"column":9}},"line":58},"4":{"name":"(anonymous_4)","decl":{"start":{"line":72,"column":16},"end":{"line":72,"column":17}},"loc":{"start":{"line":72,"column":27},"end":{"line":82,"column":17}},"line":72}},"branchMap":{"0":{"loc":{"start":{"line":46,"column":16},"end":{"line":46,"column":67}},"type":"cond-expr","locations":[{"start":{"line":46,"column":41},"end":{"line":46,"column":63}},{"start":{"line":46,"column":66},"end":{"line":46,"column":67}}],"line":46},"1":{"loc":{"start":{"line":53,"column":10},"end":{"line":55,"column":11}},"type":"if","locations":[{"start":{"line":53,"column":10},"end":{"line":55,"column":11}},{"start":{"line":53,"column":10},"end":{"line":55,"column":11}}],"line":53},"2":{"loc":{"start":{"line":60,"column":10},"end":{"line":85,"column":11}},"type":"if","locations":[{"start":{"line":60,"column":10},"end":{"line":85,"column":11}},{"start":{"line":60,"column":10},"end":{"line":85,"column":11}}],"line":60},"3":{"loc":{"start":{"line":61,"column":12},"end":{"line":84,"column":13}},"type":"if","locations":[{"start":{"line":61,"column":12},"end":{"line":84,"column":13}},{"start":{"line":61,"column":12},"end":{"line":84,"column":13}}],"line":61}},"s":{"0":3,"1":3,"2":3,"3":14,"4":14,"5":14,"6":14,"7":14,"8":14,"9":62,"10":34,"11":14,"12":34,"13":34,"14":20,"15":6,"16":6,"17":6,"18":6},"f":{"0":14,"1":14,"2":62,"3":34,"4":6},"b":{"0":[8,6],"1":[34,28],"2":[20,14],"3":[6,14]},"_coverageSchema":"1a1c01bbd47fc00a2c39e90264f33305004495a9","hash":"b2cd4ff62bb3012e973088ed7e020d5b8ed86ae6"}
,"/Users/fabianrios/Workspace/metalshub/html-eslint/packages/eslint-plugin/lib/rules/no-multiple-h1.js": {"path":"/Users/fabianrios/Workspace/metalshub/html-eslint/packages/eslint-plugin/lib/rules/no-multiple-h1.js","statementMap":{"0":{"start":{"line":5,"column":26},"end":{"line":5,"column":49}},"1":{"start":{"line":7,"column":20},"end":{"line":9,"column":1}},"2":{"start":{"line":14,"column":0},"end":{"line":50,"column":2}},"3":{"start":{"line":32,"column":16},"end":{"line":32,"column":18}},"4":{"start":{"line":34,"column":4},"end":{"line":48,"column":6}},"5":{"start":{"line":36,"column":8},"end":{"line":36,"column":23}},"6":{"start":{"line":39,"column":8},"end":{"line":46,"column":9}},"7":{"start":{"line":40,"column":10},"end":{"line":45,"column":13}},"8":{"start":{"line":41,"column":12},"end":{"line":44,"column":15}}},"fnMap":{"0":{"name":"(anonymous_0)","decl":{"start":{"line":31,"column":2},"end":{"line":31,"column":3}},"loc":{"start":{"line":31,"column":18},"end":{"line":49,"column":3}},"line":31},"1":{"name":"(anonymous_1)","decl":{"start":{"line":35,"column":6},"end":{"line":35,"column":7}},"loc":{"start":{"line":35,"column":15},"end":{"line":37,"column":7}},"line":35},"2":{"name":"(anonymous_2)","decl":{"start":{"line":38,"column":6},"end":{"line":38,"column":7}},"loc":{"start":{"line":38,"column":23},"end":{"line":47,"column":7}},"line":38},"3":{"name":"(anonymous_3)","decl":{"start":{"line":40,"column":22},"end":{"line":40,"column":23}},"loc":{"start":{"line":40,"column":30},"end":{"line":45,"column":11}},"line":40}},"branchMap":{"0":{"loc":{"start":{"line":39,"column":8},"end":{"line":46,"column":9}},"type":"if","locations":[{"start":{"line":39,"column":8},"end":{"line":46,"column":9}},{"start":{"line":39,"column":8},"end":{"line":46,"column":9}}],"line":39}},"s":{"0":3,"1":3,"2":3,"3":2,"4":2,"5":3,"6":2,"7":1,"8":2},"f":{"0":2,"1":3,"2":2,"3":2},"b":{"0":[1,1]},"_coverageSchema":"1a1c01bbd47fc00a2c39e90264f33305004495a9","hash":"4218f481c0a3cf4abb937c52fb36a0bf5e0456ac"}
,"/Users/fabianrios/Workspace/metalshub/html-eslint/packages/eslint-plugin/lib/rules/no-non-scalable-viewport.js": {"path":"/Users/fabianrios/Workspace/metalshub/html-eslint/packages/eslint-plugin/lib/rules/no-non-scalable-viewport.js","statementMap":{"0":{"start":{"line":5,"column":26},"end":{"line":5,"column":49}},"1":{"start":{"line":6,"column":22},"end":{"line":6,"column":40}},"2":{"start":{"line":8,"column":20},"end":{"line":10,"column":1}},"3":{"start":{"line":15,"column":0},"end":{"line":52,"column":2}},"4":{"start":{"line":34,"column":4},"end":{"line":50,"column":6}},"5":{"start":{"line":36,"column":25},"end":{"line":36,"column":57}},"6":{"start":{"line":37,"column":28},"end":{"line":37,"column":63}},"7":{"start":{"line":38,"column":8},"end":{"line":48,"column":9}},"8":{"start":{"line":44,"column":10},"end":{"line":47,"column":13}}},"fnMap":{"0":{"name":"(anonymous_0)","decl":{"start":{"line":33,"column":2},"end":{"line":33,"column":3}},"loc":{"start":{"line":33,"column":18},"end":{"line":51,"column":3}},"line":33},"1":{"name":"(anonymous_1)","decl":{"start":{"line":35,"column":6},"end":{"line":35,"column":7}},"loc":{"start":{"line":35,"column":17},"end":{"line":49,"column":7}},"line":35}},"branchMap":{"0":{"loc":{"start":{"line":38,"column":8},"end":{"line":48,"column":9}},"type":"if","locations":[{"start":{"line":38,"column":8},"end":{"line":48,"column":9}},{"start":{"line":38,"column":8},"end":{"line":48,"column":9}}],"line":38},"1":{"loc":{"start":{"line":39,"column":10},"end":{"line":42,"column":60}},"type":"binary-expr","locations":[{"start":{"line":39,"column":10},"end":{"line":39,"column":18}},{"start":{"line":40,"column":10},"end":{"line":40,"column":21}},{"start":{"line":41,"column":10},"end":{"line":41,"column":53}},{"start":{"line":42,"column":10},"end":{"line":42,"column":60}}],"line":39}},"s":{"0":3,"1":3,"2":3,"3":3,"4":3,"5":3,"6":3,"7":3,"8":2},"f":{"0":3,"1":3},"b":{"0":[2,1],"1":[3,3,3,3]},"_coverageSchema":"1a1c01bbd47fc00a2c39e90264f33305004495a9","hash":"f503be518dd06d6a03f25d9ccf889d7518937fe2"}
,"/Users/fabianrios/Workspace/metalshub/html-eslint/packages/eslint-plugin/lib/rules/no-obsolete-tags.js": {"path":"/Users/fabianrios/Workspace/metalshub/html-eslint/packages/eslint-plugin/lib/rules/no-obsolete-tags.js","statementMap":{"0":{"start":{"line":5,"column":38},"end":{"line":5,"column":61}},"1":{"start":{"line":6,"column":26},"end":{"line":6,"column":49}},"2":{"start":{"line":8,"column":26},"end":{"line":8,"column":48}},"3":{"start":{"line":10,"column":20},"end":{"line":12,"column":1}},"4":{"start":{"line":17,"column":0},"end":{"line":53,"column":2}},"5":{"start":{"line":35,"column":4},"end":{"line":51,"column":6}},"6":{"start":{"line":37,"column":8},"end":{"line":49,"column":9}},"7":{"start":{"line":42,"column":10},"end":{"line":48,"column":13}}},"fnMap":{"0":{"name":"(anonymous_0)","decl":{"start":{"line":34,"column":2},"end":{"line":34,"column":3}},"loc":{"start":{"line":34,"column":18},"end":{"line":52,"column":3}},"line":34},"1":{"name":"(anonymous_1)","decl":{"start":{"line":36,"column":6},"end":{"line":36,"column":7}},"loc":{"start":{"line":36,"column":16},"end":{"line":50,"column":7}},"line":36}},"branchMap":{"0":{"loc":{"start":{"line":37,"column":8},"end":{"line":49,"column":9}},"type":"if","locations":[{"start":{"line":37,"column":8},"end":{"line":49,"column":9}},{"start":{"line":37,"column":8},"end":{"line":49,"column":9}}],"line":37},"1":{"loc":{"start":{"line":38,"column":10},"end":{"line":40,"column":45}},"type":"binary-expr","locations":[{"start":{"line":38,"column":10},"end":{"line":38,"column":42}},{"start":{"line":39,"column":10},"end":{"line":39,"column":22}},{"start":{"line":40,"column":10},"end":{"line":40,"column":45}}],"line":38}},"s":{"0":3,"1":3,"2":3,"3":3,"4":3,"5":29,"6":67,"7":29},"f":{"0":29,"1":67},"b":{"0":[29,38],"1":[67,38,32]},"_coverageSchema":"1a1c01bbd47fc00a2c39e90264f33305004495a9","hash":"62e6bdba7e3cd1a2bac9c62930cfc8e1d0c3d958"}
,"/Users/fabianrios/Workspace/metalshub/html-eslint/packages/eslint-plugin/lib/rules/no-positive-tabindex.js": {"path":"/Users/fabianrios/Workspace/metalshub/html-eslint/packages/eslint-plugin/lib/rules/no-positive-tabindex.js","statementMap":{"0":{"start":{"line":5,"column":26},"end":{"line":5,"column":49}},"1":{"start":{"line":6,"column":22},"end":{"line":6,"column":40}},"2":{"start":{"line":8,"column":20},"end":{"line":10,"column":1}},"3":{"start":{"line":15,"column":0},"end":{"line":45,"column":2}},"4":{"start":{"line":33,"column":4},"end":{"line":43,"column":6}},"5":{"start":{"line":35,"column":29},"end":{"line":35,"column":65}},"6":{"start":{"line":36,"column":8},"end":{"line":41,"column":9}},"7":{"start":{"line":37,"column":10},"end":{"line":40,"column":13}}},"fnMap":{"0":{"name":"(anonymous_0)","decl":{"start":{"line":32,"column":2},"end":{"line":32,"column":3}},"loc":{"start":{"line":32,"column":18},"end":{"line":44,"column":3}},"line":32},"1":{"name":"(anonymous_1)","decl":{"start":{"line":34,"column":6},"end":{"line":34,"column":7}},"loc":{"start":{"line":34,"column":16},"end":{"line":42,"column":7}},"line":34}},"branchMap":{"0":{"loc":{"start":{"line":36,"column":8},"end":{"line":41,"column":9}},"type":"if","locations":[{"start":{"line":36,"column":8},"end":{"line":41,"column":9}},{"start":{"line":36,"column":8},"end":{"line":41,"column":9}}],"line":36},"1":{"loc":{"start":{"line":36,"column":12},"end":{"line":36,"column":64}},"type":"binary-expr","locations":[{"start":{"line":36,"column":12},"end":{"line":36,"column":24}},{"start":{"line":36,"column":28},"end":{"line":36,"column":64}}],"line":36}},"s":{"0":3,"1":3,"2":3,"3":3,"4":4,"5":12,"6":12,"7":2},"f":{"0":4,"1":12},"b":{"0":[2,10],"1":[12,4]},"_coverageSchema":"1a1c01bbd47fc00a2c39e90264f33305004495a9","hash":"ec9a17652dcd02578476d6f94672b96e70bb1155"}
,"/Users/fabianrios/Workspace/metalshub/html-eslint/packages/eslint-plugin/lib/rules/no-skip-heading-levels.js": {"path":"/Users/fabianrios/Workspace/metalshub/html-eslint/packages/eslint-plugin/lib/rules/no-skip-heading-levels.js","statementMap":{"0":{"start":{"line":5,"column":26},"end":{"line":5,"column":49}},"1":{"start":{"line":7,"column":20},"end":{"line":9,"column":1}},"2":{"start":{"line":14,"column":0},"end":{"line":62,"column":2}},"3":{"start":{"line":33,"column":21},"end":{"line":33,"column":23}},"4":{"start":{"line":35,"column":4},"end":{"line":60,"column":6}},"5":{"start":{"line":37,"column":8},"end":{"line":40,"column":11}},"6":{"start":{"line":43,"column":8},"end":{"line":45,"column":9}},"7":{"start":{"line":44,"column":10},"end":{"line":44,"column":17}},"8":{"start":{"line":46,"column":8},"end":{"line":46,"column":67}},"9":{"start":{"line":46,"column":32},"end":{"line":46,"column":65}},"10":{"start":{"line":47,"column":8},"end":{"line":58,"column":11}},"11":{"start":{"line":48,"column":23},"end":{"line":48,"column":42}},"12":{"start":{"line":49,"column":10},"end":{"line":57,"column":11}},"13":{"start":{"line":50,"column":12},"end":{"line":56,"column":13}},"14":{"start":{"line":51,"column":14},"end":{"line":55,"column":17}}},"fnMap":{"0":{"name":"(anonymous_0)","decl":{"start":{"line":32,"column":2},"end":{"line":32,"column":3}},"loc":{"start":{"line":32,"column":18},"end":{"line":61,"column":3}},"line":32},"1":{"name":"(anonymous_1)","decl":{"start":{"line":36,"column":6},"end":{"line":36,"column":7}},"loc":{"start":{"line":36,"column":33},"end":{"line":41,"column":7}},"line":36},"2":{"name":"(anonymous_2)","decl":{"start":{"line":42,"column":6},"end":{"line":42,"column":7}},"loc":{"start":{"line":42,"column":23},"end":{"line":59,"column":7}},"line":42},"3":{"name":"(anonymous_3)","decl":{"start":{"line":46,"column":22},"end":{"line":46,"column":23}},"loc":{"start":{"line":46,"column":32},"end":{"line":46,"column":65}},"line":46},"4":{"name":"(anonymous_4)","decl":{"start":{"line":47,"column":25},"end":{"line":47,"column":26}},"loc":{"start":{"line":47,"column":45},"end":{"line":58,"column":9}},"line":47}},"branchMap":{"0":{"loc":{"start":{"line":43,"column":8},"end":{"line":45,"column":9}},"type":"if","locations":[{"start":{"line":43,"column":8},"end":{"line":45,"column":9}},{"start":{"line":43,"column":8},"end":{"line":45,"column":9}}],"line":43},"1":{"loc":{"start":{"line":49,"column":10},"end":{"line":57,"column":11}},"type":"if","locations":[{"start":{"line":49,"column":10},"end":{"line":57,"column":11}},{"start":{"line":49,"column":10},"end":{"line":57,"column":11}}],"line":49},"2":{"loc":{"start":{"line":50,"column":12},"end":{"line":56,"column":13}},"type":"if","locations":[{"start":{"line":50,"column":12},"end":{"line":56,"column":13}},{"start":{"line":50,"column":12},"end":{"line":56,"column":13}}],"line":50}},"s":{"0":3,"1":3,"2":3,"3":5,"4":5,"5":12,"6":5,"7":1,"8":4,"9":7,"10":4,"11":11,"12":11,"13":7,"14":1},"f":{"0":5,"1":12,"2":5,"3":7,"4":11},"b":{"0":[1,4],"1":[7,4],"2":[1,6]},"_coverageSchema":"1a1c01bbd47fc00a2c39e90264f33305004495a9","hash":"26ef582ade7f0bb1aa47a24219b114401e185629"}
,"/Users/fabianrios/Workspace/metalshub/html-eslint/packages/eslint-plugin/lib/rules/no-target-blank.js": {"path":"/Users/fabianrios/Workspace/metalshub/html-eslint/packages/eslint-plugin/lib/rules/no-target-blank.js","statementMap":{"0":{"start":{"line":5,"column":26},"end":{"line":5,"column":49}},"1":{"start":{"line":6,"column":22},"end":{"line":6,"column":40}},"2":{"start":{"line":8,"column":20},"end":{"line":10,"column":1}},"3":{"start":{"line":15,"column":0},"end":{"line":60,"column":2}},"4":{"start":{"line":39,"column":6},"end":{"line":39,"column":41}},"5":{"start":{"line":41,"column":4},"end":{"line":58,"column":6}},"6":{"start":{"line":44,"column":23},"end":{"line":44,"column":57}},"7":{"start":{"line":45,"column":8},"end":{"line":56,"column":9}},"8":{"start":{"line":46,"column":23},"end":{"line":46,"column":55}},"9":{"start":{"line":47,"column":10},"end":{"line":55,"column":11}},"10":{"start":{"line":48,"column":24},"end":{"line":48,"column":55}},"11":{"start":{"line":49,"column":12},"end":{"line":54,"column":13}},"12":{"start":{"line":50,"column":14},"end":{"line":53,"column":17}}},"fnMap":{"0":{"name":"(anonymous_0)","decl":{"start":{"line":32,"column":2},"end":{"line":32,"column":3}},"loc":{"start":{"line":32,"column":18},"end":{"line":59,"column":3}},"line":32},"1":{"name":"isExternalLink","decl":{"start":{"line":38,"column":13},"end":{"line":38,"column":27}},"loc":{"start":{"line":38,"column":34},"end":{"line":40,"column":5}},"line":38},"2":{"name":"(anonymous_2)","decl":{"start":{"line":42,"column":6},"end":{"line":42,"column":7}},"loc":{"start":{"line":42,"column":14},"end":{"line":57,"column":7}},"line":42}},"branchMap":{"0":{"loc":{"start":{"line":45,"column":8},"end":{"line":56,"column":9}},"type":"if","locations":[{"start":{"line":45,"column":8},"end":{"line":56,"column":9}},{"start":{"line":45,"column":8},"end":{"line":56,"column":9}}],"line":45},"1":{"loc":{"start":{"line":45,"column":12},"end":{"line":45,"column":47}},"type":"binary-expr","locations":[{"start":{"line":45,"column":12},"end":{"line":45,"column":18}},{"start":{"line":45,"column":22},"end":{"line":45,"column":47}}],"line":45},"2":{"loc":{"start":{"line":47,"column":10},"end":{"line":55,"column":11}},"type":"if","locations":[{"start":{"line":47,"column":10},"end":{"line":55,"column":11}},{"start":{"line":47,"column":10},"end":{"line":55,"column":11}}],"line":47},"3":{"loc":{"start":{"line":47,"column":14},"end":{"line":47,"column":48}},"type":"binary-expr","locations":[{"start":{"line":47,"column":14},"end":{"line":47,"column":18}},{"start":{"line":47,"column":22},"end":{"line":47,"column":48}}],"line":47},"4":{"loc":{"start":{"line":49,"column":12},"end":{"line":54,"column":13}},"type":"if","locations":[{"start":{"line":49,"column":12},"end":{"line":54,"column":13}},{"start":{"line":49,"column":12},"end":{"line":54,"column":13}}],"line":49},"5":{"loc":{"start":{"line":49,"column":16},"end":{"line":49,"column":57}},"type":"binary-expr","locations":[{"start":{"line":49,"column":16},"end":{"line":49,"column":20}},{"start":{"line":49,"column":24},"end":{"line":49,"column":57}}],"line":49}},"s":{"0":3,"1":3,"2":3,"3":3,"4":5,"5":5,"6":5,"7":5,"8":5,"9":5,"10":3,"11":3,"12":1},"f":{"0":5,"1":5,"2":5},"b":{"0":[5,0],"1":[5,5],"2":[3,2],"3":[5,5],"4":[1,2],"5":[3,2]},"_coverageSchema":"1a1c01bbd47fc00a2c39e90264f33305004495a9","hash":"b930ceb9fe395298a525dc9857c742381b109d9c"}
,"/Users/fabianrios/Workspace/metalshub/html-eslint/packages/eslint-plugin/lib/rules/quotes.js": {"path":"/Users/fabianrios/Workspace/metalshub/html-eslint/packages/eslint-plugin/lib/rules/quotes.js","statementMap":{"0":{"start":{"line":7,"column":26},"end":{"line":7,"column":49}},"1":{"start":{"line":9,"column":20},"end":{"line":12,"column":1}},"2":{"start":{"line":14,"column":22},"end":{"line":17,"column":1}},"3":{"start":{"line":19,"column":21},"end":{"line":19,"column":31}},"4":{"start":{"line":24,"column":0},"end":{"line":149,"column":2}},"5":{"start":{"line":50,"column":6},"end":{"line":52,"column":30}},"6":{"start":{"line":53,"column":26},"end":{"line":53,"column":77}},"7":{"start":{"line":55,"column":23},"end":{"line":55,"column":46}},"8":{"start":{"line":62,"column":6},"end":{"line":62,"column":55}},"9":{"start":{"line":70,"column":23},"end":{"line":70,"column":44}},"10":{"start":{"line":71,"column":29},"end":{"line":71,"column":64}},"11":{"start":{"line":72,"column":6},"end":{"line":72,"column":61}},"12":{"start":{"line":80,"column":37},"end":{"line":80,"column":56}},"13":{"start":{"line":81,"column":22},"end":{"line":81,"column":61}},"14":{"start":{"line":82,"column":22},"end":{"line":82,"column":57}},"15":{"start":{"line":83,"column":6},"end":{"line":83,"column":32}},"16":{"start":{"line":91,"column":21},"end":{"line":91,"column":53}},"17":{"start":{"line":92,"column":6},"end":{"line":92,"column":76}},"18":{"start":{"line":99,"column":33},"end":{"line":99,"column":48}},"19":{"start":{"line":100,"column":6},"end":{"line":140,"column":7}},"20":{"start":{"line":101,"column":8},"end":{"line":123,"column":9}},"21":{"start":{"line":102,"column":10},"end":{"line":122,"column":13}},"22":{"start":{"line":113,"column":28},"end":{"line":113,"column":47}},"23":{"start":{"line":114,"column":33},"end":{"line":114,"column":49}},"24":{"start":{"line":115,"column":32},"end":{"line":115,"column":74}},"25":{"start":{"line":117,"column":14},"end":{"line":120,"column":16}},"26":{"start":{"line":124,"column":13},"end":{"line":140,"column":7}},"27":{"start":{"line":125,"column":8},"end":{"line":139,"column":11}},"28":{"start":{"line":132,"column":26},"end":{"line":132,"column":45}},"29":{"start":{"line":133,"column":31},"end":{"line":133,"column":47}},"30":{"start":{"line":134,"column":12},"end":{"line":137,"column":14}},"31":{"start":{"line":143,"column":4},"end":{"line":147,"column":6}},"32":{"start":{"line":145,"column":8},"end":{"line":145,"column":48}}},"fnMap":{"0":{"name":"(anonymous_0)","decl":{"start":{"line":48,"column":2},"end":{"line":48,"column":3}},"loc":{"start":{"line":48,"column":18},"end":{"line":148,"column":3}},"line":48},"1":{"name":"getCodeIn","decl":{"start":{"line":61,"column":13},"end":{"line":61,"column":22}},"loc":{"start":{"line":61,"column":30},"end":{"line":63,"column":5}},"line":61},"2":{"name":"getValueRange","decl":{"start":{"line":69,"column":13},"end":{"line":69,"column":26}},"loc":{"start":{"line":69,"column":33},"end":{"line":73,"column":5}},"line":69},"3":{"name":"getQuotes","decl":{"start":{"line":79,"column":13},"end":{"line":79,"column":22}},"loc":{"start":{"line":79,"column":29},"end":{"line":84,"column":5}},"line":79},"4":{"name":"hasEqualSign","decl":{"start":{"line":90,"column":13},"end":
[...]
,"/Users/fabianrios/Workspace/metalshub/html-eslint/packages/eslint-plugin/lib/rules/require-meta-description.js": {"path":"/Users/fabianrios/Workspace/metalshub/html-eslint/packages/eslint-plugin/lib/rules/require-meta-description.js","statementMap":{"0":{"start":{"line":6,"column":38},"end":{"line":6,"column":61}},"1":{"start":{"line":7,"column":22},"end":{"line":7,"column":40}},"2":{"start":{"line":9,"column":20},"end":{"line":12,"column":1}},"3":{"start":{"line":14,"column":0},"end":{"line":69,"column":2}},"4":{"start":{"line":37,"column":4},"end":{"line":67,"column":6}},"5":{"start":{"line":42,"column":25},"end":{"line":44,"column":9}},"6":{"start":{"line":43,"column":21},"end":{"line":43,"column":51}},"7":{"start":{"line":45,"column":36},"end":{"line":48,"column":10}},"8":{"start":{"line":46,"column":27},"end":{"line":46,"column":59}},"9":{"start":{"line":47,"column":10},"end":{"line":47,"column":78}},"10":{"start":{"line":50,"column":8},"end":{"line":65,"column":9}},"11":{"start":{"line":51,"column":10},"end":{"line":54,"column":13}},"12":{"start":{"line":56,"column":10},"end":{"line":64,"column":13}},"13":{"start":{"line":57,"column":28},"end":{"line":57,"column":63}},"14":{"start":{"line":58,"column":12},"end":{"line":63,"column":13}},"15":{"start":{"line":59,"column":14},"end":{"line":62,"column":17}}},"fnMap":{"0":{"name":"(anonymous_0)","decl":{"start":{"line":36,"column":2},"end":{"line":36,"column":3}},"loc":{"start":{"line":36,"column":18},"end":{"line":68,"column":3}},"line":36},"1":{"name":"(anonymous_1)","decl":{"start":{"line":41,"column":6},"end":{"line":41,"column":7}},"loc":{"start":{"line":41,"column":17},"end":{"line":66,"column":7}},"line":41},"2":{"name":"(anonymous_2)","decl":{"start":{"line":43,"column":10},"end":{"line":43,"column":11}},"loc":{"start":{"line":43,"column":21},"end":{"line":43,"column":51}},"line":43},"3":{"name":"(anonymous_3)","decl":{"start":{"line":45,"column":52},"end":{"line":45,"column":53}},"loc":{"start":{"line":45,"column":62},"end":{"line":48,"column":9}},"line":45},"4":{"name":"(anonymous_4)","decl":{"start":{"line":56,"column":38},"end":{"line":56,"column":39}},"loc":{"start":{"line":56,"column":48},"end":{"line":64,"column":11}},"line":56}},"branchMap":{"0":{"loc":{"start":{"line":42,"column":26},"end":{"line":42,"column":47}},"type":"binary-expr","locations":[{"start":{"line":42,"column":26},"end":{"line":42,"column":41}},{"start":{"line":42,"column":45},"end":{"line":42,"column":47}}],"line":42},"1":{"loc":{"start":{"line":47,"column":17},"end":{"line":47,"column":77}},"type":"binary-expr","locations":[{"start":{"line":47,"column":17},"end":{"line":47,"column":27}},{"start":{"line":47,"column":31},"end":{"line":47,"column":77}}],"line":47},"2":{"loc":{"start":{"line":50,"column":8},"end":{"line":65,"column":9}},"type":"if","locations":[{"start":{"line":50,"column":8},"end":{"line":65,"column":9}},{"start":{"line":50,"column":8},"end":{"line":65,"column":9}}],"line":50},"3":{"loc":{"start":{"line":58,"column":12},"end":{"line":63,"column":13}},"type":"if","locations":[{"start":{"line":58,"column":12},"end":{"line":63,"column":13}},{"start":{"line":58,"column":12},"end":{"line":63,"column":13}}],"line":58},"4":{"loc":{"start":{"line":58,"column":16},"end":{"line":58,"column":56}},"type":"binary-expr","locations":[{"start":{"line":58,"column":16},"end":{"line":58,"column":24}},{"start":{"line":58,"column":28},"end":{"line":58,"column":56}}],"line":58},"5":{"loc":{"start":{"line":60,"column":22},"end":{"line":60,"column":37}},"type":"binary-expr","locations":[{"start":{"line":60,"column":22},"end":{"line":60,"column":29}},{"start":{"line":60,"column":33},"end":{"line":60,"column":37}}],"line":60}},"s":{"0":3,"1":3,"2":3,"3":3,"4":7,"5":7,"6":21,"7":7,"8":7,"9":7,"10":7,"11":1,"12":6,"13":6,"14":6,"15":4},"f":{"0":7,"1":7,"2":21,"3":7,"4":6},"b":{"0":[7,0],"1":[7,7],"2":[1,6],"3":[4,2],"4":[6,5],"5":[4,1]},"_coverageSchema":"1a1c01bbd47fc00a2c39e90264f33305004495a9","hash":"c1f5af189cc1bf32126b2d811cd44475b62a29e3"}
,"/Users/fabianrios/Workspace/metalshub/html-eslint/packages/eslint-plugin/lib/rules/require-meta-viewport.js": {"path":"/Users/fabianrios/Workspace/metalshub/html-eslint/packages/eslint-plugin/lib/rules/require-meta-viewport.js","statementMap":{"0":{"start":{"line":6,"column":38},"end":{"line":6,"column":61}},"1":{"start":{"line":7,"column":22},"end":{"line":7,"column":40}},"2":{"start":{"line":9,"column":20},"end":{"line":12,"column":1}},"3":{"start":{"line":17,"column":0},"end":{"line":73,"column":2}},"4":{"start":{"line":42,"column":6},"end":{"line":45,"column":7}},"5":{"start":{"line":43,"column":25},"end":{"line":43,"column":57}},"6":{"start":{"line":44,"column":8},"end":{"line":44,"column":73}},"7":{"start":{"line":46,"column":6},"end":{"line":46,"column":19}},"8":{"start":{"line":48,"column":4},"end":{"line":71,"column":6}},"9":{"start":{"line":50,"column":29},"end":{"line":50,"column":73}},"10":{"start":{"line":51,"column":8},"end":{"line":57,"column":9}},"11":{"start":{"line":52,"column":10},"end":{"line":55,"column":13}},"12":{"start":{"line":56,"column":10},"end":{"line":56,"column":17}},"13":{"start":{"line":58,"column":28},"end":{"line":58,"column":71}},"14":{"start":{"line":59,"column":8},"end":{"line":69,"column":9}},"15":{"start":{"line":60,"column":10},"end":{"line":63,"column":13}},"16":{"start":{"line":64,"column":15},"end":{"line":69,"column":9}},"17":{"start":{"line":65,"column":10},"end":{"line":68,"column":13}}},"fnMap":{"0":{"name":"(anonymous_0)","decl":{"start":{"line":36,"column":2},"end":{"line":36,"column":3}},"loc":{"start":{"line":36,"column":18},"end":{"line":72,"column":3}},"line":36},"1":{"name":"isMetaViewport","decl":{"start":{"line":41,"column":13},"end":{"line":41,"column":27}},"loc":{"start":{"line":41,"column":34},"end":{"line":47,"column":5}},"line":41},"2":{"name":"(anonymous_2)","decl":{"start":{"line":49,"column":6},"end":{"line":49,"column":7}},"loc":{"start":{"line":49,"column":17},"end":{"line":70,"column":7}},"line":49}},"branchMap":{"0":{"loc":{"start":{"line":42,"column":6},"end":{"line":45,"column":7}},"type":"if","locations":[{"start":{"line":42,"column":6},"end":{"line":45,"column":7}},{"start":{"line":42,"column":6},"end":{"line":45,"column":7}}],"line":42},"1":{"loc":{"start":{"line":44,"column":15},"end":{"line":44,"column":72}},"type":"binary-expr","locations":[{"start":{"line":44,"column":15},"end":{"line":44,"column":25}},{"start":{"line":44,"column":29},"end":{"line":44,"column":72}}],"line":44},"2":{"loc":{"start":{"line":50,"column":30},"end":{"line":50,"column":51}},"type":"binary-expr","locations":[{"start":{"line":50,"column":30},"end":{"line":50,"column":45}},{"start":{"line":50,"column":49},"end":{"line":50,"column":51}}],"line":50},"3":{"loc":{"start":{"line":51,"column":8},"end":{"line":57,"column":9}},"type":"if","locations":[{"start":{"line":51,"column":8},"end":{"line":57,"column":9}},{"start":{"line":51,"column":8},"end":{"line":57,"column":9}}],"line":51},"4":{"loc":{"start":{"line":59,"column":8},"end":{"line":69,"column":9}},"type":"if","locations":[{"start":{"line":59,"column":8},"end":{"line":69,"column":9}},{"start":{"line":59,"column":8},"end":{"line":69,"column":9}}],"line":59},"5":{"loc":{"start":{"line":64,"column":15},"end":{"line":69,"column":9}},"type":"if","locations":[{"start":{"line":64,"column":15},"end":{"line":69,"column":9}},{"start":{"line":64,"column":15},"end":{"line":69,"column":9}}],"line":64}},"s":{"0":3,"1":3,"2":3,"3":3,"4":13,"5":4,"6":4,"7":9,"8":5,"9":5,"10":5,"11":3,"12":3,"13":2,"14":2,"15":0,"16":2,"17":1},"f":{"0":5,"1":13,"2":5},"b":{"0":[4,9],"1":[4,3],"2":[5,0],"3":[3,2],"4":[0,2],"5":[1,1]},"_coverageSchema":"1a1c01bbd47fc00a2c39e90264f33305004495a9","hash":"e0f83c11b733db576bd5e2f55b03e198804cf21a"}
,"/Users/fabianrios/Workspace/metalshub/html-eslint/packages/eslint-plugin/lib/rules/require-title.js": {"path":"/Users/fabianrios/Workspace/metalshub/html-eslint/packages/eslint-plugin/lib/rules/require-title.js","statementMap":{"0":{"start":{"line":5,"column":38},"end":{"line":5,"column":61}},"1":{"start":{"line":6,"column":22},"end":{"line":6,"column":40}},"2":{"start":{"line":8,"column":20},"end":{"line":11,"column":1}},"3":{"start":{"line":16,"column":0},"end":{"line":59,"column":2}},"4":{"start":{"line":35,"column":4},"end":{"line":57,"column":6}},"5":{"start":{"line":37,"column":25},"end":{"line":39,"column":9}},"6":{"start":{"line":38,"column":20},"end":{"line":38,"column":50}},"7":{"start":{"line":41,"column":8},"end":{"line":55,"column":9}},"8":{"start":{"line":42,"column":10},"end":{"line":45,"column":13}},"9":{"start":{"line":46,"column":15},"end":{"line":55,"column":9}},"10":{"start":{"line":48,"column":22},"end":{"line":48,"column":80}},"11":{"start":{"line":51,"column":10},"end":{"line":54,"column":13}}},"fnMap":{"0":{"name":"(anonymous_0)","decl":{"start":{"line":34,"column":2},"end":{"line":34,"column":3}},"loc":{"start":{"line":34,"column":18},"end":{"line":58,"column":3}},"line":34},"1":{"name":"(anonymous_1)","decl":{"start":{"line":36,"column":6},"end":{"line":36,"column":7}},"loc":{"start":{"line":36,"column":17},"end":{"line":56,"column":7}},"line":36},"2":{"name":"(anonymous_2)","decl":{"start":{"line":38,"column":10},"end":{"line":38,"column":11}},"loc":{"start":{"line":38,"column":20},"end":{"line":38,"column":50}},"line":38},"3":{"name":"(anonymous_3)","decl":{"start":{"line":48,"column":12},"end":{"line":48,"column":13}},"loc":{"start":{"line":48,"column":22},"end":{"line":48,"column":80}},"line":48}},"branchMap":{"0":{"loc":{"start":{"line":37,"column":26},"end":{"line":37,"column":47}},"type":"binary-expr","locations":[{"start":{"line":37,"column":26},"end":{"line":37,"column":41}},{"start":{"line":37,"column":45},"end":{"line":37,"column":47}}],"line":37},"1":{"loc":{"start":{"line":41,"column":8},"end":{"line":55,"column":9}},"type":"if","locations":[{"start":{"line":41,"column":8},"end":{"line":55,"column":9}},{"start":{"line":41,"column":8},"end":{"line":55,"column":9}}],"line":41},"2":{"loc":{"start":{"line":46,"column":15},"end":{"line":55,"column":9}},"type":"if","locations":[{"start":{"line":46,"column":15},"end":{"line":55,"column":9}},{"start":{"line":46,"column":15},"end":{"line":55,"column":9}}],"line":46},"3":{"loc":{"start":{"line":47,"column":12},"end":{"line":47,"column":37}},"type":"binary-expr","locations":[{"start":{"line":47,"column":12},"end":{"line":47,"column":31}},{"start":{"line":47,"column":35},"end":{"line":47,"column":37}}],"line":47},"4":{"loc":{"start":{"line":48,"column":22},"end":{"line":48,"column":80}},"type":"binary-expr","locations":[{"start":{"line":48,"column":22},"end":{"line":48,"column":48}},{"start":{"line":48,"column":52},"end":{"line":48,"column":80}}],"line":48}},"s":{"0":3,"1":3,"2":3,"3":3,"4":4,"5":4,"6":7,"7":4,"8":1,"9":3,"10":2,"11":2},"f":{"0":4,"1":4,"2":7,"3":2},"b":{"0":[4,0],"1":[1,3],"2":[2,1],"3":[3,0],"4":[2,2]},"_coverageSchema":"1a1c01bbd47fc00a2c39e90264f33305004495a9","hash":"dcee7d13027e05e48e170ce472c5b4839f5e5cb8"}
,"/Users/fabianrios/Workspace/metalshub/html-eslint/packages/eslint-plugin/lib/rules/utils/index.js": {"path":"/Users/fabianrios/Workspace/metalshub/html-eslint/packages/eslint-plugin/lib/rules/utils/index.js","statementMap":{"0":{"start":{"line":1,"column":18},"end":{"line":1,"column":41}},"1":{"start":{"line":2,"column":20},"end":{"line":2,"column":45}},"2":{"start":{"line":4,"column":0},"end":{"line":7,"column":2}}},"fnMap":{},"branchMap":{},"s":{"0":20,"1":20,"2":20},"f":{},"b":{},"_coverageSchema":"1a1c01bbd47fc00a2c39e90264f33305004495a9","hash":"ce29bc6f2f4e07871d9bb69b3932537a08236572"}
,"/Users/fabianrios/Workspace/metalshub/html-eslint/packages/eslint-plugin/lib/rules/utils/naming-utils.js": {"path":"/Users/fabianrios/Workspace/metalshub/html-eslint/packages/eslint-plugin/lib/rules/utils/naming-utils.js","statementMap":{"0":{"start":{"line":2,"column":25},"end":{"line":2,"column":58}},"1":{"start":{"line":3,"column":25},"end":{"line":3,"column":58}},"2":{"start":{"line":4,"column":26},"end":{"line":4,"column":47}},"3":{"start":{"line":5,"column":25},"end":{"line":5,"column":46}},"4":{"start":{"line":7,"column":0},"end":{"line":43,"column":2}},"5":{"start":{"line":14,"column":4},"end":{"line":14,"column":39}},"6":{"start":{"line":23,"column":4},"end":{"line":23,"column":39}},"7":{"start":{"line":32,"column":4},"end":{"line":32,"column":40}},"8":{"start":{"line":41,"column":4},"end":{"line":41,"column":39}}},"fnMap":{"0":{"name":"(anonymous_0)","decl":{"start":{"line":13,"column":2},"end":{"line":13,"column":3}},"loc":{"start":{"line":13,"column":20},"end":{"line":15,"column":3}},"line":13},"1":{"name":"(anonymous_1)","decl":{"start":{"line":22,"column":2},"end":{"line":22,"column":3}},"loc":{"start":{"line":22,"column":20},"end":{"line":24,"column":3}},"line":22},"2":{"name":"(anonymous_2)","decl":{"start":{"line":31,"column":2},"end":{"line":31,"column":3}},"loc":{"start":{"line":31,"column":21},"end":{"line":33,"column":3}},"line":31},"3":{"name":"(anonymous_3)","decl":{"start":{"line":40,"column":2},"end":{"line":40,"column":3}},"loc":{"start":{"line":40,"column":20},"end":{"line":42,"column":3}},"line":40}},"branchMap":{},"s":{"0":20,"1":20,"2":20,"3":20,"4":20,"5":1,"6":2,"7":2,"8":1},"f":{"0":1,"1":2,"2":2,"3":1},"b":{},"_coverageSchema":"1a1c01bbd47fc00a2c39e90264f33305004495a9","hash":"bad126601b2d23256729227b40fd6ecddbacf6f1"}
,"/Users/fabianrios/Workspace/metalshub/html-eslint/packages/eslint-plugin/lib/rules/utils/node-utils.js": {"path":"/Users/fabianrios/Workspace/metalshub/html-eslint/packages/eslint-plugin/lib/rules/utils/node-utils.js","statementMap":{"0":{"start":{"line":11,"column":0},"end":{"line":60,"column":2}},"1":{"start":{"line":19,"column":4},"end":{"line":23,"column":18}},"2":{"start":{"line":21,"column":20},"end":{"line":21,"column":66}},"3":{"start":{"line":32,"column":4},"end":{"line":32,"column":75}},"4":{"start":{"line":32,"column":55},"end":{"line":32,"column":73}},"5":{"start":{"line":40,"column":4},"end":{"line":40,"column":53}},"6":{"start":{"line":49,"column":4},"end":{"line":49,"column":78}},"7":{"start":{"line":58,"column":4},"end":{"line":58,"column":47}}},"fnMap":{"0":{"name":"(anonymous_0)","decl":{"start":{"line":18,"column":2},"end":{"line":18,"column":3}},"loc":{"start":{"line":18,"column":23},"end":{"line":24,"column":3}},"line":18},"1":{"name":"(anonymous_1)","decl":{"start":{"line":21,"column":10},"end":{"line":21,"column":11}},"loc":{"start":{"line":21,"column":20},"end":{"line":21,"column":66}},"line":21},"2":{"name":"(anonymous_2)","decl":{"start":{"line":31,"column":2},"end":{"line":31,"column":3}},"loc":{"start":{"line":31,"column":22},"end":{"line":33,"column":3}},"line":31},"3":{"name":"(anonymous_3)","decl":{"start":{"line":32,"column":45},"end":{"line":32,"column":46}},"loc":{"start":{"line":32,"column":55},"end":{"line":32,"column":73}},"line":32},"4":{"name":"(anonymous_4)","decl":{"start":{"line":39,"column":2},"end":{"line":39,"column":3}},"loc":{"start":{"line":39,"column":31},"end":{"line":41,"column":3}},"line":39},"5":{"name":"(anonymous_5)","decl":{"start":{"line":48,"column":2},"end":{"line":48,"column":3}},"loc":{"start":{"line":48,"column":19},"end":{"line":50,"column":3}},"line":48},"6":{"name":"(anonymous_6)","decl":{"start":{"line":57,"column":2},"end":{"line":57,"column":3}},"loc":{"start":{"line":57,"column":22},"end":{"line":59,"column":3}},"line":57}},"branchMap":{"0":{"loc":{"start":{"line":19,"column":11},"end":{"line":23,"column":17}},"type":"cond-expr","locations":[{"start":{"line":20,"column":8},"end":{"line":22,"column":9}},{"start":{"line":23,"column":8},"end":{"line":23,"column":17}}],"line":19},"1":{"loc":{"start":{"line":20,"column":9},"end":{"line":20,"column":25}},"type":"binary-expr","locations":[{"start":{"line":20,"column":9},"end":{"line":20,"column":19}},{"start":{"line":20,"column":23},"end":{"line":20,"column":25}}],"line":20},"2":{"loc":{"start":{"line":32,"column":11},"end":{"line":32,"column":74}},"type":"binary-expr","locations":[{"start":{"line":32,"column":11},"end":{"line":32,"column":17}},{"start":{"line":32,"column":21},"end":{"line":32,"column":74}}],"line":32},"3":{"loc":{"start":{"line":32,"column":22},"end":{"line":32,"column":38}},"type":"binary-expr","locations":[{"start":{"line":32,"column":22},"end":{"line":32,"column":32}},{"start":{"line":32,"column":36},"end":{"line":32,"column":38}}],"line":32},"4":{"loc":{"start":{"line":49,"column":14},"end":{"line":49,"column":76}},"type":"binary-expr","locations":[{"start":{"line":49,"column":14},"end":{"line":49,"column":18}},{"start":{"line":49,"column":22},"end":{"line":49,"column":42}},{"start":{"line":49,"column":46},"end":{"line":49,"column":76}}],"line":49},"5":{"loc":{"start":{"line":58,"column":14},"end":{"line":58,"column":45}},"type":"binary-expr","locations":[{"start":{"line":58,"column":14},"end":{"line":58,"column":18}},{"start":{"line":58,"column":22},"end":{"line":58,"column":45}}],"line":58}},"s":{"0":20,"1":129,"2":105,"3":34,"4":9,"5":0,"6":531,"7":251},"f":{"0":129,"1":105,"2":34,"3":9,"4":0,"5":531,"6":251},"b":{"0":[129,0],"1":[129,37],"2":[34,34],"3":[34,22],"4":[531,531,263],"5":[251,251]},"_coverageSchema":"1a1c01bbd47fc00a2c39e90264f33305004495a9","hash":"eff53f421ceb10a53b7e1c7fd7b41d58dfad6135"}
,"/Users/fabianrios/Workspace/metalshub/html-eslint/packages/eslint-plugin/tests/rule-tester.js": {"path":"/Users/fabianrios/Workspace/metalshub/html-eslint/packages/eslint-plugin/tests/rule-tester.js","statementMap":{"0":{"start":{"line":1,"column":41},"end":{"line":1,"column":58}},"1":{"start":{"line":3,"column":18},"end":{"line":3,"column":29}},"2":{"start":{"line":7,"column":4},"end":{"line":7,"column":19}},"3":{"start":{"line":10,"column":4},"end":{"line":19,"column":7}},"4":{"start":{"line":11,"column":40},"end":{"line":14,"column":7}},"5":{"start":{"line":15,"column":44},"end":{"line":18,"column":7}},"6":{"start":{"line":23,"column":0},"end":{"line":27,"column":2}},"7":{"start":{"line":24,"column":2},"end":{"line":26,"column":5}}},"fnMap":{"0":{"name":"(anonymous_0)","decl":{"start":{"line":6,"column":2},"end":{"line":6,"column":3}},"loc":{"start":{"line":6,"column":23},"end":{"line":8,"column":3}},"line":6},"1":{"name":"(anonymous_1)","decl":{"start":{"line":9,"column":2},"end":{"line":9,"column":3}},"loc":{"start":{"line":9,"column":25},"end":{"line":20,"column":3}},"line":9},"2":{"name":"(anonymous_2)","decl":{"start":{"line":11,"column":29},"end":{"line":11,"column":30}},"loc":{"start":{"line":11,"column":40},"end":{"line":14,"column":7}},"line":11},"3":{"name":"(anonymous_3)","decl":{"start":{"line":15,"column":33},"end":{"line":15,"column":34}},"loc":{"start":{"line":15,"column":44},"end":{"line":18,"column":7}},"line":15},"4":{"name":"createRuleTester","decl":{"start":{"line":23,"column":26},"end":{"line":23,"column":42}},"loc":{"start":{"line":23,"column":45},"end":{"line":27,"column":1}},"line":23}},"branchMap":{},"s":{"0":30,"1":30,"2":30,"3":30,"4":88,"5":138,"6":30,"7":30},"f":{"0":30,"1":30,"2":88,"3":138,"4":30},"b":{},"_coverageSchema":"1a1c01bbd47fc00a2c39e90264f33305004495a9","hash":"ddf8a1f3d30f6f25a7b5a617e9ad5efd6cca965d"}
}
