TN:
SF:lib/configs/recommended.js
FNF:0
FNH:0
DA:1,1
LF:1
LH:1
BRF:0
BRH:0
end_of_record
TN:
SF:lib/constants/index.js
FNF:0
FNH:0
DA:1,32
DA:2,32
DA:3,32
DA:4,32
DA:6,32
LF:5
LH:5
BRF:0
BRH:0
end_of_record
TN:
SF:lib/constants/node-types.js
FNF:0
FNH:0
DA:1,32
LF:1
LH:1
BRF:0
BRH:0
end_of_record
TN:
SF:lib/constants/obsolete-tags.js
FNF:0
FNH:0
DA:3,32
LF:1
LH:1
BRF:0
BRH:0
end_of_record
TN:
SF:lib/constants/rule-category.js
FNF:0
FNH:0
DA:1,32
LF:1
LH:1
BRF:0
BRH:0
end_of_record
TN:
SF:lib/constants/void-elements.js
FNF:0
FNH:0
DA:2,32
LF:1
LH:1
BRF:0
BRH:0
end_of_record
TN:
SF:lib/rules/element-newline.js
FN:37,(anonymous_0)
FN:38,checkSiblings
FN:40,(anonymous_2)
FN:41,(anonymous_3)
FN:49,(anonymous_4)
FN:62,checkChild
FN:64,(anonymous_6)
FN:74,(anonymous_7)
FN:89,(anonymous_8)
FN:103,(anonymous_9)
FN:119,isOnTheSameLine
FNF:11
FNH:11
FNDA:22,(anonymous_0)
FNDA:102,checkSiblings
FNDA:128,(anonymous_2)
FNDA:80,(anonymous_3)
FNDA:10,(anonymous_4)
FNDA:102,checkChild
FNDA:128,(anonymous_6)
FNDA:12,(anonymous_7)
FNDA:12,(anonymous_8)
FNDA:150,(anonymous_9)
FNDA:92,isOnTheSameLine
DA:7,3
DA:9,3
DA:14,3
DA:39,102
DA:40,128
DA:42,80
DA:43,80
DA:44,24
DA:45,10
DA:50,10
DA:63,102
DA:64,128
DA:66,102
DA:67,102
DA:68,102
DA:69,56
DA:70,12
DA:75,12
DA:76,12
DA:78,0
DA:83,102
DA:84,56
DA:85,12
DA:90,12
DA:91,12
DA:93,0
DA:99,22
DA:104,150
DA:105,102
DA:106,102
DA:120,92
DA:122,92
DA:124,14
DA:126,78
DA:128,0
LF:35
LH:32
BRDA:40,0,0,128
BRDA:40,0,1,80
BRDA:43,1,0,24
BRDA:43,1,1,56
BRDA:44,2,0,10
BRDA:44,2,1,14
BRDA:63,3,0,102
BRDA:63,3,1,11
BRDA:64,4,0,128
BRDA:64,4,1,128
BRDA:68,5,0,56
BRDA:68,5,1,46
BRDA:69,6,0,12
BRDA:69,6,1,44
BRDA:69,7,0,56
BRDA:69,7,1,34
BRDA:75,8,0,12
BRDA:75,8,1,0
BRDA:83,9,0,56
BRDA:83,9,1,46
BRDA:84,10,0,12
BRDA:84,10,1,44
BRDA:84,11,0,56
BRDA:84,11,1,34
BRDA:90,12,0,12
BRDA:90,12,1,0
BRDA:104,13,0,102
BRDA:104,13,1,48
BRDA:105,14,0,102
BRDA:105,14,1,11
BRDA:120,15,0,92
BRDA:120,15,1,0
BRDA:120,16,0,92
BRDA:120,16,1,92
BRDA:122,17,0,14
BRDA:122,17,1,78
BRF:36
BRH:33
end_of_record
TN:
SF:lib/rules/id-naming-convention.js
FN:51,(anonymous_0)
FN:60,(anonymous_1)
FNF:2
FNH:2
FNDA:6,(anonymous_0)
FNDA:18,(anonymous_1)
DA:5,3
DA:6,3
DA:8,3
DA:12,3
DA:19,3
DA:29,3
DA:53,6
DA:57,6
DA:59,6
DA:61,18
DA:62,18
DA:63,2
LF:12
LH:12
BRDA:53,0,0,6
BRDA:53,0,1,0
BRDA:53,1,0,6
BRDA:53,1,1,6
BRDA:62,2,0,2
BRDA:62,2,1,16
BRDA:62,3,0,18
BRDA:62,3,1,6
BRDA:62,3,2,6
BRF:9
BRH:8
end_of_record
TN:
SF:lib/rules/indent.js
FN:69,(anonymous_0)
FN:79,getLineCodeBefore
FN:89,checkIndent
FN:122,(anonymous_3)
FN:136,checkAttrsIndent
FN:137,(anonymous_5)
FN:143,checkEndOfStartTag
FN:170,(anonymous_7)
FN:185,(anonymous_8)
FN:202,(anonymous_9)
FN:212,(anonymous_10)
FN:230,getIndentTypeAndSize
FN:247,(anonymous_12)
FN:251,(anonymous_13)
FN:255,(anonymous_14)
FN:259,(anonymous_15)
FNF:16
FNH:16
FNDA:61,(anonymous_0)
FNDA:667,getLineCodeBefore
FNDA:667,checkIndent
FNDA:87,(anonymous_3)
FNDA:179,checkAttrsIndent
FNDA:42,(anonymous_5)
FNDA:188,checkEndOfStartTag
FNDA:539,(anonymous_7)
FNDA:452,(anonymous_8)
FNDA:587,(anonymous_9)
FNDA:539,(anonymous_10)
FNDA:61,getIndentTypeAndSize
FNDA:61,(anonymous_12)
FNDA:749,(anonymous_13)
FNDA:749,(anonymous_14)
FNDA:412,(anonymous_15)
DA:16,3
DA:17,3
DA:20,3
DA:25,3
DA:30,3
DA:40,3
DA:70,61
DA:71,61
DA:72,61
DA:74,61
DA:80,667
DA:90,667
DA:91,667
DA:92,412
DA:93,412
DA:94,412
DA:95,87
DA:98,87
DA:99,87
DA:101,87
DA:103,87
DA:104,69
DA:106,87
DA:107,3
DA:109,87
DA:110,18
DA:115,87
DA:123,87
DA:137,179
DA:144,188
DA:145,188
DA:146,188
DA:147,188
DA:148,188
DA:149,188
DA:165,61
DA:166,61
DA:171,539
DA:172,13
DA:173,13
DA:175,526
DA:176,26
DA:179,500
DA:181,500
DA:182,179
DA:185,500
DA:186,452
DA:187,201
DA:189,452
DA:190,200
DA:194,500
DA:199,258
DA:200,249
DA:202,258
DA:203,587
DA:204,36
DA:207,258
DA:208,249
DA:213,539
DA:214,13
DA:215,13
DA:217,526
DA:218,26
DA:220,500
DA:222,500
DA:223,188
DA:234,61
DA:235,61
DA:236,61
DA:237,6
DA:238,5
DA:240,1
DA:243,61
DA:248,61
DA:252,749
DA:256,749
DA:260,412
LF:77
LH:77
BRDA:74,0,0,56
BRDA:74,0,1,5
BRDA:91,1,0,412
BRDA:91,1,1,255
BRDA:94,2,0,87
BRDA:94,2,1,325
BRDA:96,3,0,83
BRDA:96,3,1,4
BRDA:98,4,0,87
BRDA:98,4,1,84
BRDA:99,5,0,87
BRDA:99,5,1,69
BRDA:103,6,0,69
BRDA:103,6,1,18
BRDA:103,7,0,87
BRDA:103,7,1,84
BRDA:106,8,0,3
BRDA:106,8,1,84
BRDA:109,9,0,18
BRDA:109,9,1,69
BRDA:110,10,0,3
BRDA:110,10,1,15
BRDA:116,11,0,87
BRDA:116,11,1,77
BRDA:171,12,0,13
BRDA:171,12,1,526
BRDA:175,13,0,26
BRDA:175,13,1,500
BRDA:181,14,0,179
BRDA:181,14,1,321
BRDA:185,15,0,500
BRDA:185,15,1,260
BRDA:186,16,0,201
BRDA:186,16,1,251
BRDA:189,17,0,200
BRDA:189,17,1,252
BRDA:194,18,0,258
BRDA:194,18,1,242
BRDA:195,19,0,500
BRDA:195,19,1,251
BRDA:195,19,2,258
BRDA:195,19,3,258
BRDA:199,20,0,249
BRDA:199,20,1,9
BRDA:203,21,0,36
BRDA:203,21,1,551
BRDA:207,22,0,249
BRDA:207,22,1,9
BRDA:213,23,0,13
BRDA:213,23,1,526
BRDA:217,24,0,26
BRDA:217,24,1,500
BRDA:222,25,0,188
BRDA:222,25,1,312
BRDA:236,26,0,6
BRDA:236,26,1,55
BRDA:237,27,0,5
BRDA:237,27,1,1
BRF:58
BRH:58
end_of_record
TN:
SF:lib/rules/index.js
FNF:0
FNH:0
DA:1,2
DA:2,2
DA:3,2
DA:4,2
DA:5,2
DA:6,2
DA:7,2
DA:8,2
DA:9,2
DA:10,2
DA:11,2
DA:12,2
DA:13,2
DA:14,2
DA:15,2
DA:16,2
DA:17,2
DA:18,2
DA:19,2
DA:20,2
DA:21,2
DA:22,2
DA:23,2
DA:24,2
DA:25,2
DA:26,2
DA:27,2
DA:28,2
DA:29,2
DA:30,2
DA:32,2
LF:31
LH:31
BRF:0
BRH:0
end_of_record
TN:
SF:lib/rules/no-abstract-roles.js
FN:47,(anonymous_0)
FN:49,(anonymous_1)
FNF:2
FNH:2
FNDA:2,(anonymous_0)
FNDA:5,(anonymous_1)
DA:5,3
DA:6,3
DA:8,3
DA:12,3
DA:30,3
DA:48,2
DA:50,5
DA:51,5
DA:52,2
DA:53,1
LF:10
LH:10
BRDA:51,0,0,2
BRDA:51,0,1,3
BRDA:52,1,0,1
BRDA:52,1,1,1
BRF:4
BRH:4
end_of_record
TN:
SF:lib/rules/no-accesskey-attrs.js
FN:32,(anonymous_0)
FN:34,(anonymous_1)
FNF:2
FNH:2
FNDA:2,(anonymous_0)
FNDA:4,(anonymous_1)
DA:5,3
DA:6,3
DA:8,3
DA:15,3
DA:33,2
DA:35,4
DA:36,4
DA:37,1
LF:8
LH:8
BRDA:36,0,0,1
BRDA:36,0,1,3
BRF:2
BRH:2
end_of_record
TN:
SF:lib/rules/no-aria-hidden-body.js
FN:33,(anonymous_0)
FN:35,(anonymous_1)
FNF:2
FNH:2
FNDA:5,(anonymous_0)
FNDA:4,(anonymous_1)
DA:5,3
DA:6,3
DA:8,3
DA:15,3
DA:34,5
DA:36,4
DA:37,4
DA:38,2
LF:8
LH:8
BRDA:37,0,0,2
BRDA:37,0,1,2
BRDA:37,1,0,4
BRDA:37,1,1,3
BRF:4
BRH:4
end_of_record
TN:
SF:lib/rules/no-duplicate-attrs.js
FN:32,(anonymous_0)
FN:34,(anonymous_1)
FN:37,(anonymous_2)
FNF:3
FNH:3
FNDA:7,(anonymous_0)
FNDA:30,(anonymous_1)
FNDA:16,(anonymous_2)
DA:5,3
DA:7,3
DA:14,3
DA:33,7
DA:35,30
DA:36,10
DA:37,10
DA:38,16
DA:39,4
DA:47,12
LF:10
LH:10
BRDA:35,0,0,10
BRDA:35,0,1,20
BRDA:38,1,0,4
BRDA:38,1,1,12
BRF:4
BRH:4
end_of_record
TN:
SF:lib/rules/no-duplicate-id.js
FN:32,(anonymous_0)
FN:35,(anonymous_1)
FN:45,(anonymous_2)
FN:46,(anonymous_3)
FN:48,(anonymous_4)
FNF:5
FNH:5
FNDA:3,(anonymous_0)
FNDA:24,(anonymous_1)
FNDA:3,(anonymous_2)
FNDA:4,(anonymous_3)
FNDA:4,(anonymous_4)
DA:5,3
DA:6,3
DA:8,3
DA:15,3
DA:33,3
DA:34,3
DA:36,24
DA:37,24
DA:38,6
DA:39,4
DA:41,6
DA:42,6
DA:46,3
DA:47,4
DA:48,2
DA:49,4
LF:16
LH:16
BRDA:37,0,0,6
BRDA:37,0,1,18
BRDA:38,1,0,4
BRDA:38,1,1,2
BRDA:47,2,0,2
BRDA:47,2,1,2
BRDA:47,3,0,4
BRDA:47,3,1,4
BRF:8
BRH:8
end_of_record
TN:
SF:lib/rules/no-extra-spacing-attrs.js
FN:37,(anonymous_0)
FN:41,checkExtraSpacesBetweenAttrs
FN:42,(anonymous_2)
FN:59,(anonymous_3)
FN:70,checkExtraSpaceAfter
FN:83,(anonymous_5)
FN:97,checkExtraSpaceBefore
FN:112,(anonymous_7)
FN:123,(anonymous_8)
FNF:9
FNH:9
FNDA:11,(anonymous_0)
FNDA:66,checkExtraSpacesBetweenAttrs
FNDA:28,(anonymous_2)
FNDA:5,(anonymous_3)
FNDA:11,checkExtraSpaceAfter
FNDA:2,(anonymous_5)
FNDA:11,checkExtraSpaceBefore
FNDA:1,(anonymous_7)
FNDA:66,(anonymous_8)
DA:8,3
DA:10,3
DA:19,3
DA:42,66
DA:43,28
DA:44,11
DA:46,17
DA:47,17
DA:49,2
DA:51,15
DA:52,15
DA:53,5
DA:60,5
DA:71,11
DA:73,1
DA:75,10
DA:76,10
DA:77,2
DA:84,2
DA:98,11
DA:100,1
DA:102,10
DA:104,10
DA:105,10
DA:106,1
DA:113,1
DA:122,11
DA:124,66
DA:125,11
DA:127,66
DA:128,11
DA:133,66
LF:32
LH:32
BRDA:43,0,0,11
BRDA:43,0,1,17
BRDA:47,1,0,2
BRDA:47,1,1,15
BRDA:52,2,0,5
BRDA:52,2,1,10
BRDA:71,3,0,1
BRDA:71,3,1,10
BRDA:76,4,0,2
BRDA:76,4,1,8
BRDA:98,5,0,1
BRDA:98,5,1,10
BRDA:105,6,0,1
BRDA:105,6,1,9
BRDA:124,7,0,11
BRDA:124,7,1,55
BRDA:124,8,0,66
BRDA:124,8,1,33
BRDA:127,9,0,11
BRDA:127,9,1,55
BRDA:127,10,0,66
BRDA:127,10,1,33
BRDA:127,10,2,33
BRDA:133,11,0,66
BRDA:133,11,1,33
BRF:25
BRH:25
end_of_record
TN:
SF:lib/rules/no-inline-styles.js
FN:32,(anonymous_0)
FN:34,(anonymous_1)
FNF:2
FNH:2
FNDA:5,(anonymous_0)
FNDA:34,(anonymous_1)
DA:5,3
DA:6,3
DA:8,3
DA:15,3
DA:33,5
DA:35,34
DA:36,5
LF:7
LH:7
BRDA:35,0,0,5
BRDA:35,0,1,29
BRF:2
BRH:2
end_of_record
TN:
SF:lib/rules/no-missing-attrs.js
FN:44,(anonymous_0)
FN:48,(anonymous_1)
FN:58,(anonymous_2)
FNF:3
FNH:3
FNDA:8,(anonymous_0)
FNDA:32,(anonymous_1)
FNDA:6,(anonymous_2)
DA:5,3
DA:6,3
DA:8,3
DA:15,3
DA:45,8
DA:46,8
DA:47,8
DA:49,32
DA:57,7
DA:59,6
DA:62,7
DA:63,3
LF:12
LH:12
BRDA:45,0,0,8
BRDA:45,0,1,0
BRDA:49,1,0,7
BRDA:49,1,1,25
BRDA:50,2,0,32
BRDA:50,2,1,13
BRDA:50,2,2,8
BRDA:50,2,3,8
BRDA:57,3,0,7
BRDA:57,3,1,0
BRDA:62,4,0,3
BRDA:62,4,1,4
BRF:12
BRH:10
end_of_record
TN:
SF:lib/rules/no-multiple-empty-lines.js
FN:43,(anonymous_0)
FN:48,(anonymous_1)
FN:52,(anonymous_2)
FN:58,(anonymous_3)
FN:72,(anonymous_4)
FNF:5
FNH:5
FNDA:14,(anonymous_0)
FNDA:14,(anonymous_1)
FNDA:62,(anonymous_2)
FNDA:34,(anonymous_3)
FNDA:6,(anonymous_4)
DA:5,3
DA:7,3
DA:14,3
DA:44,14
DA:45,14
DA:46,14
DA:47,14
DA:50,14
DA:52,14
DA:53,62
DA:54,34
DA:58,14
DA:59,34
DA:60,34
DA:61,20
DA:62,6
DA:73,6
DA:77,6
DA:81,6
LF:19
LH:19
BRDA:46,0,0,8
BRDA:46,0,1,6
BRDA:53,1,0,34
BRDA:53,1,1,28
BRDA:60,2,0,20
BRDA:60,2,1,14
BRDA:61,3,0,6
BRDA:61,3,1,14
BRF:8
BRH:8
end_of_record
TN:
SF:lib/rules/no-multiple-h1.js
FN:31,(anonymous_0)
FN:35,(anonymous_1)
FN:38,(anonymous_2)
FN:40,(anonymous_3)
FNF:4
FNH:4
FNDA:2,(anonymous_0)
FNDA:3,(anonymous_1)
FNDA:2,(anonymous_2)
FNDA:2,(anonymous_3)
DA:5,3
DA:7,3
DA:14,3
DA:32,2
DA:34,2
DA:36,3
DA:39,2
DA:40,1
DA:41,2
LF:9
LH:9
BRDA:39,0,0,1
BRDA:39,0,1,1
BRF:2
BRH:2
end_of_record
TN:
SF:lib/rules/no-non-scalable-viewport.js
FN:33,(anonymous_0)
FN:35,(anonymous_1)
FNF:2
FNH:2
FNDA:3,(anonymous_0)
FNDA:3,(anonymous_1)
DA:5,3
DA:6,3
DA:8,3
DA:15,3
DA:34,3
DA:36,3
DA:37,3
DA:38,3
DA:44,2
LF:9
LH:9
BRDA:38,0,0,2
BRDA:38,0,1,1
BRDA:39,1,0,3
BRDA:39,1,1,3
BRDA:39,1,2,3
BRDA:39,1,3,3
BRF:6
BRH:6
end_of_record
TN:
SF:lib/rules/no-obsolete-tags.js
FN:34,(anonymous_0)
FN:36,(anonymous_1)
FNF:2
FNH:2
FNDA:29,(anonymous_0)
FNDA:67,(anonymous_1)
DA:5,3
DA:6,3
DA:8,3
DA:10,3
DA:17,3
DA:35,29
DA:37,67
DA:42,29
LF:8
LH:8
BRDA:37,0,0,29
BRDA:37,0,1,38
BRDA:38,1,0,67
BRDA:38,1,1,38
BRDA:38,1,2,32
BRF:5
BRH:5
end_of_record
TN:
SF:lib/rules/no-positive-tabindex.js
FN:32,(anonymous_0)
FN:34,(anonymous_1)
FNF:2
FNH:2
FNDA:4,(anonymous_0)
FNDA:12,(anonymous_1)
DA:5,3
DA:6,3
DA:8,3
DA:15,3
DA:33,4
DA:35,12
DA:36,12
DA:37,2
LF:8
LH:8
BRDA:36,0,0,2
BRDA:36,0,1,10
BRDA:36,1,0,12
BRDA:36,1,1,4
BRF:4
BRH:4
end_of_record
TN:
SF:lib/rules/no-skip-heading-levels.js
FN:32,(anonymous_0)
FN:36,(anonymous_1)
FN:42,(anonymous_2)
FN:46,(anonymous_3)
FN:47,(anonymous_4)
FNF:5
FNH:5
FNDA:5,(anonymous_0)
FNDA:12,(anonymous_1)
FNDA:5,(anonymous_2)
FNDA:7,(anonymous_3)
FNDA:11,(anonymous_4)
DA:5,3
DA:7,3
DA:14,3
DA:33,5
DA:35,5
DA:37,12
DA:43,5
DA:44,1
DA:46,7
DA:47,4
DA:48,11
DA:49,11
DA:50,7
DA:51,1
LF:14
LH:14
BRDA:43,0,0,1
BRDA:43,0,1,4
BRDA:49,1,0,7
BRDA:49,1,1,4
BRDA:50,2,0,1
BRDA:50,2,1,6
BRF:6
BRH:6
end_of_record
TN:
SF:lib/rules/no-target-blank.js
FN:32,(anonymous_0)
FN:38,isExternalLink
FN:42,(anonymous_2)
FNF:3
FNH:3
FNDA:5,(anonymous_0)
FNDA:5,isExternalLink
FNDA:5,(anonymous_2)
DA:5,3
DA:6,3
DA:8,3
DA:15,3
DA:39,5
DA:41,5
DA:44,5
DA:45,5
DA:46,5
DA:47,5
DA:48,3
DA:49,3
DA:50,1
LF:13
LH:13
BRDA:45,0,0,5
BRDA:45,0,1,0
BRDA:45,1,0,5
BRDA:45,1,1,5
BRDA:47,2,0,3
BRDA:47,2,1,2
BRDA:47,3,0,5
BRDA:47,3,1,5
BRDA:49,4,0,1
BRDA:49,4,1,2
BRDA:49,5,0,3
BRDA:49,5,1,2
BRF:12
BRH:11
end_of_record
TN:
SF:lib/rules/quotes.js
FN:48,(anonymous_0)
FN:61,getCodeIn
FN:69,getValueRange
FN:79,getQuotes
FN:90,hasEqualSign
FN:98,checkQuotes
FN:112,(anonymous_6)
FN:131,(anonymous_7)
FN:144,(anonymous_8)
FNF:9
FNH:9
FNDA:29,(anonymous_0)
FNDA:118,getCodeIn
FNDA:41,getValueRange
FNDA:31,getQuotes
FNDA:5,hasEqualSign
FNDA:31,checkQuotes
FNDA:7,(anonymous_6)
FNDA:3,(anonymous_7)
FNDA:59,(anonymous_8)
DA:7,3
DA:9,3
DA:14,3
DA:19,3
DA:24,3
DA:50,29
DA:53,29
DA:55,29
DA:62,118
DA:70,41
DA:71,41
DA:72,41
DA:80,31
DA:81,31
DA:82,31
DA:83,31
DA:91,5
DA:92,5
DA:99,31
DA:100,31
DA:101,26
DA:102,7
DA:113,7
DA:114,7
DA:115,7
DA:117,7
DA:124,5
DA:125,3
DA:132,3
DA:133,3
DA:134,3
DA:143,29
DA:145,59
LF:33
LH:33
BRDA:50,0,0,8
BRDA:50,0,1,21
BRDA:50,1,0,29
BRDA:50,1,1,29
BRDA:53,2,0,25
BRDA:53,2,1,4
BRDA:71,3,0,2
BRDA:71,4,0,41
BRDA:71,4,1,2
BRDA:100,5,0,26
BRDA:100,5,1,5
BRDA:101,6,0,7
BRDA:101,6,1,19
BRDA:101,7,0,26
BRDA:101,7,1,26
BRDA:108,8,0,1
BRDA:108,8,1,6
BRDA:124,9,0,3
BRDA:124,9,1,2
BRDA:145,10,0,59
BRDA:145,10,1,30
BRF:21
BRH:21
end_of_record
TN:
SF:lib/rules/require-button-type.js
FN:37,(anonymous_0)
FN:39,(anonymous_1)
FNF:2
FNH:2
FNDA:5,(anonymous_0)
FNDA:5,(anonymous_1)
DA:5,3
DA:6,3
DA:8,3
DA:13,3
DA:18,3
DA:38,5
DA:40,5
DA:41,5
DA:42,1
DA:46,4
DA:47,1
LF:11
LH:11
BRDA:41,0,0,1
BRDA:41,0,1,4
BRDA:43,1,0,1
BRDA:43,1,1,0
BRDA:46,2,0,1
BRDA:46,2,1,3
BRF:6
BRH:5
end_of_record
TN:
SF:lib/rules/require-closing-tags.js
FN:47,(anonymous_0)
FN:54,getCodeIn
FN:58,checkClosingTag
FN:70,checkSelfClosing
FN:82,(anonymous_4)
FN:97,(anonymous_5)
FN:108,(anonymous_6)
FNF:7
FNH:7
FNDA:7,(anonymous_0)
FNDA:5,getCodeIn
FNDA:2,checkClosingTag
FNDA:5,checkSelfClosing
FNDA:1,(anonymous_4)
FNDA:1,(anonymous_5)
FNDA:14,(anonymous_6)
DA:5,3
DA:7,3
DA:9,3
DA:18,3
DA:49,7
DA:53,7
DA:55,5
DA:59,2
DA:60,1
DA:71,5
DA:72,5
DA:73,5
DA:75,5
DA:76,1
DA:83,1
DA:90,5
DA:91,1
DA:98,1
DA:107,7
DA:109,14
DA:110,7
DA:111,5
DA:113,2
LF:23
LH:23
BRDA:49,0,0,4
BRDA:49,0,1,3
BRDA:49,1,0,7
BRDA:49,1,1,7
BRDA:59,2,0,1
BRDA:59,2,1,1
BRDA:59,3,0,2
BRDA:59,3,1,2
BRDA:75,4,0,1
BRDA:75,4,1,4
BRDA:75,5,0,5
BRDA:75,5,1,2
BRDA:90,6,0,1
BRDA:90,6,1,4
BRDA:90,7,0,5
BRDA:90,7,1,3
BRDA:109,8,0,7
BRDA:109,8,1,7
BRDA:110,9,0,5
BRDA:110,9,1,2
BRF:20
BRH:20
end_of_record
TN:
SF:lib/rules/require-doctype.js
FN:31,(anonymous_0)
FN:34,(anonymous_1)
FN:37,(anonymous_2)
FN:42,(anonymous_3)
FNF:4
FNH:4
FNDA:7,(anonymous_0)
FNDA:4,(anonymous_1)
FNDA:7,(anonymous_2)
FNDA:3,(anonymous_3)
DA:5,3
DA:7,3
DA:14,3
DA:32,7
DA:33,7
DA:35,4
DA:38,7
DA:39,3
DA:43,3
LF:9
LH:9
BRDA:38,0,0,3
BRDA:38,0,1,4
BRF:2
BRH:2
end_of_record
TN:
SF:lib/rules/require-frame-title.js
FN:34,(anonymous_0)
FN:36,(anonymous_1)
FNF:2
FNH:2
FNDA:8,(anonymous_0)
FNDA:9,(anonymous_1)
DA:5,3
DA:6,3
DA:8,3
DA:16,3
DA:35,8
DA:37,9
DA:38,9
DA:39,2
DA:44,7
DA:45,4
LF:10
LH:10
BRDA:38,0,0,2
BRDA:38,0,1,7
BRDA:44,1,0,4
BRDA:44,1,1,3
BRF:4
BRH:4
end_of_record
TN:
SF:lib/rules/require-img-alt.js
FN:32,(anonymous_0)
FN:34,(anonymous_1)
FN:51,hasAltAttrAndValue
FN:52,(anonymous_3)
FNF:4
FNH:4
FNDA:7,(anonymous_0)
FNDA:7,(anonymous_1)
FNDA:7,hasAltAttrAndValue
FNDA:11,(anonymous_3)
DA:6,3
DA:8,3
DA:15,3
DA:33,7
DA:35,7
DA:36,5
DA:52,7
DA:53,11
LF:8
LH:8
BRDA:35,0,0,5
BRDA:35,0,1,2
BRDA:52,1,0,7
BRDA:52,1,1,0
BRDA:53,2,0,11
BRDA:53,2,1,4
BRF:6
BRH:5
end_of_record
TN:
SF:lib/rules/require-lang.js
FN:34,(anonymous_0)
FN:36,(anonymous_1)
FNF:2
FNH:2
FNDA:4,(anonymous_0)
FNDA:4,(anonymous_1)
DA:5,3
DA:6,3
DA:8,3
DA:16,3
DA:35,4
DA:37,4
DA:38,4
DA:39,1
DA:43,3
DA:44,2
LF:10
LH:10
BRDA:38,0,0,1
BRDA:38,0,1,3
BRDA:43,1,0,2
BRDA:43,1,1,1
BRF:4
BRH:4
end_of_record
TN:
SF:lib/rules/require-li-container.js
FN:34,(anonymous_0)
FN:36,(anonymous_1)
FNF:2
FNH:2
FNDA:5,(anonymous_0)
FNDA:5,(anonymous_1)
DA:5,3
DA:7,3
DA:11,3
DA:16,3
DA:35,5
DA:37,5
DA:38,0
DA:42,5
DA:43,2
LF:9
LH:8
BRDA:37,0,0,0
BRDA:37,0,1,5
BRDA:42,1,0,2
BRDA:42,1,1,3
BRDA:42,2,0,5
BRDA:42,2,1,0
BRF:6
BRH:4
end_of_record
TN:
SF:lib/rules/require-meta-charset.js
FN:35,(anonymous_0)
FN:40,(anonymous_1)
FN:41,(anonymous_2)
FNF:3
FNH:3
FNDA:6,(anonymous_0)
FNDA:5,(anonymous_1)
FNDA:13,(anonymous_2)
DA:6,3
DA:7,3
DA:9,3
DA:14,3
DA:36,6
DA:41,5
DA:42,13
DA:47,5
DA:48,3
DA:52,3
DA:54,2
DA:55,2
DA:56,1
LF:13
LH:13
BRDA:41,0,0,5
BRDA:41,0,1,0
BRDA:43,1,0,13
BRDA:43,1,1,4
BRDA:47,2,0,3
BRDA:47,2,1,2
BRDA:55,3,0,1
BRDA:55,3,1,1
BRDA:55,4,0,2
BRDA:55,4,1,2
BRF:10
BRH:9
end_of_record
TN:
SF:lib/rules/require-meta-description.js
FN:36,(anonymous_0)
FN:41,(anonymous_1)
FN:43,(anonymous_2)
FN:45,(anonymous_3)
FN:56,(anonymous_4)
FNF:5
FNH:5
FNDA:7,(anonymous_0)
FNDA:7,(anonymous_1)
FNDA:21,(anonymous_2)
FNDA:7,(anonymous_3)
FNDA:6,(anonymous_4)
DA:6,3
DA:7,3
DA:9,3
DA:14,3
DA:37,7
DA:42,7
DA:43,21
DA:45,7
DA:46,7
DA:47,7
DA:50,7
DA:51,1
DA:56,6
DA:57,6
DA:58,6
DA:59,4
LF:16
LH:16
BRDA:42,0,0,7
BRDA:42,0,1,0
BRDA:47,1,0,7
BRDA:47,1,1,7
BRDA:50,2,0,1
BRDA:50,2,1,6
BRDA:58,3,0,4
BRDA:58,3,1,2
BRDA:58,4,0,6
BRDA:58,4,1,5
BRDA:60,5,0,4
BRDA:60,5,1,1
BRF:12
BRH:11
end_of_record
TN:
SF:lib/rules/require-meta-viewport.js
FN:36,(anonymous_0)
FN:41,isMetaViewport
FN:49,(anonymous_2)
FNF:3
FNH:3
FNDA:5,(anonymous_0)
FNDA:13,isMetaViewport
FNDA:5,(anonymous_2)
DA:6,3
DA:7,3
DA:9,3
DA:17,3
DA:42,13
DA:43,4
DA:44,4
DA:46,9
DA:48,5
DA:50,5
DA:51,5
DA:52,3
DA:56,3
DA:58,2
DA:59,2
DA:60,0
DA:64,2
DA:65,1
LF:18
LH:17
BRDA:42,0,0,4
BRDA:42,0,1,9
BRDA:44,1,0,4
BRDA:44,1,1,3
BRDA:50,2,0,5
BRDA:50,2,1,0
BRDA:51,3,0,3
BRDA:51,3,1,2
BRDA:59,4,0,0
BRDA:59,4,1,2
BRDA:64,5,0,1
BRDA:64,5,1,1
BRF:12
BRH:10
end_of_record
TN:
SF:lib/rules/require-title.js
FN:34,(anonymous_0)
FN:36,(anonymous_1)
FN:38,(anonymous_2)
FN:48,(anonymous_3)
FNF:4
FNH:4
FNDA:4,(anonymous_0)
FNDA:4,(anonymous_1)
FNDA:7,(anonymous_2)
FNDA:2,(anonymous_3)
DA:5,3
DA:6,3
DA:8,3
DA:16,3
DA:35,4
DA:37,4
DA:38,7
DA:41,4
DA:42,1
DA:46,3
DA:48,2
DA:51,2
LF:12
LH:12
BRDA:37,0,0,4
BRDA:37,0,1,0
BRDA:41,1,0,1
BRDA:41,1,1,3
BRDA:46,2,0,2
BRDA:46,2,1,1
BRDA:47,3,0,3
BRDA:47,3,1,0
BRDA:48,4,0,2
BRDA:48,4,1,2
BRF:10
BRH:8
end_of_record
TN:
SF:lib/rules/utils/index.js
FNF:0
FNH:0
DA:1,20
DA:2,20
DA:4,20
LF:3
LH:3
BRF:0
BRH:0
end_of_record
TN:
SF:lib/rules/utils/naming-utils.js
FN:13,(anonymous_0)
FN:22,(anonymous_1)
FN:31,(anonymous_2)
FN:40,(anonymous_3)
FNF:4
FNH:4
FNDA:1,(anonymous_0)
FNDA:2,(anonymous_1)
FNDA:2,(anonymous_2)
FNDA:1,(anonymous_3)
DA:2,20
DA:3,20
DA:4,20
DA:5,20
DA:7,20
DA:14,1
DA:23,2
DA:32,2
DA:41,1
LF:9
LH:9
BRF:0
BRH:0
end_of_record
TN:
SF:lib/rules/utils/node-utils.js
FN:18,(anonymous_0)
FN:21,(anonymous_1)
FN:31,(anonymous_2)
FN:32,(anonymous_3)
FN:39,(anonymous_4)
FN:48,(anonymous_5)
FN:57,(anonymous_6)
FNF:7
FNH:6
FNDA:129,(anonymous_0)
FNDA:105,(anonymous_1)
FNDA:34,(anonymous_2)
FNDA:9,(anonymous_3)
FNDA:0,(anonymous_4)
FNDA:534,(anonymous_5)
FNDA:251,(anonymous_6)
DA:11,20
DA:19,129
DA:21,105
DA:32,34
DA:40,0
DA:49,534
DA:58,251
LF:7
LH:6
BRDA:19,0,0,129
BRDA:19,0,1,0
BRDA:20,1,0,129
BRDA:20,1,1,37
BRDA:32,2,0,34
BRDA:32,2,1,34
BRDA:32,3,0,34
BRDA:32,3,1,22
BRDA:49,4,0,534
BRDA:49,4,1,534
BRDA:49,4,2,264
BRDA:58,5,0,251
BRDA:58,5,1,251
BRF:13
BRH:12
end_of_record
TN:
SF:tests/rule-tester.js
FN:6,(anonymous_0)
FN:9,(anonymous_1)
FN:11,(anonymous_2)
FN:15,(anonymous_3)
FN:23,createRuleTester
FNF:5
FNH:5
FNDA:30,(anonymous_0)
FNDA:30,(anonymous_1)
FNDA:89,(anonymous_2)
FNDA:138,(anonymous_3)
FNDA:30,createRuleTester
DA:1,30
DA:3,30
DA:7,30
DA:10,30
DA:11,89
DA:15,138
DA:23,30
DA:24,30
LF:8
LH:8
BRF:0
BRH:0
end_of_record
